[2025-03-28T05:09:43.287+0000] {processor.py:161} INFO - Started process (PID=169) to work on /opt/airflow/dags/f1_ingestion_dag.py
[2025-03-28T05:09:43.288+0000] {processor.py:830} INFO - Processing file /opt/airflow/dags/f1_ingestion_dag.py for tasks to queue
[2025-03-28T05:09:43.290+0000] {logging_mixin.py:188} INFO - [2025-03-28T05:09:43.289+0000] {dagbag.py:538} INFO - Filling up the DagBag from /opt/airflow/dags/f1_ingestion_dag.py
[2025-03-28T05:09:43.340+0000] {processor.py:840} INFO - DAG(s) 'f1_ingestion_dag' retrieved from /opt/airflow/dags/f1_ingestion_dag.py
[2025-03-28T05:09:43.518+0000] {logging_mixin.py:188} INFO - [2025-03-28T05:09:43.517+0000] {override.py:1769} INFO - Created Permission View: can delete on DAG:f1_ingestion_dag
[2025-03-28T05:09:43.523+0000] {logging_mixin.py:188} INFO - [2025-03-28T05:09:43.523+0000] {override.py:1769} INFO - Created Permission View: can read on DAG:f1_ingestion_dag
[2025-03-28T05:09:43.526+0000] {logging_mixin.py:188} INFO - [2025-03-28T05:09:43.525+0000] {override.py:1769} INFO - Created Permission View: can edit on DAG:f1_ingestion_dag
[2025-03-28T05:09:43.526+0000] {logging_mixin.py:188} INFO - [2025-03-28T05:09:43.526+0000] {dag.py:3036} INFO - Sync 1 DAGs
[2025-03-28T05:09:43.532+0000] {logging_mixin.py:188} INFO - [2025-03-28T05:09:43.532+0000] {dag.py:3058} INFO - Creating ORM DAG for f1_ingestion_dag
[2025-03-28T05:09:43.533+0000] {logging_mixin.py:188} INFO - [2025-03-28T05:09:43.533+0000] {dag.py:3823} INFO - Setting next_dagrun for f1_ingestion_dag to None, run_after=None
[2025-03-28T05:09:43.541+0000] {processor.py:183} INFO - Processing /opt/airflow/dags/f1_ingestion_dag.py took 0.259 seconds
[2025-03-28T05:10:13.605+0000] {processor.py:161} INFO - Started process (PID=174) to work on /opt/airflow/dags/f1_ingestion_dag.py
[2025-03-28T05:10:13.606+0000] {processor.py:830} INFO - Processing file /opt/airflow/dags/f1_ingestion_dag.py for tasks to queue
[2025-03-28T05:10:13.607+0000] {logging_mixin.py:188} INFO - [2025-03-28T05:10:13.606+0000] {dagbag.py:538} INFO - Filling up the DagBag from /opt/airflow/dags/f1_ingestion_dag.py
[2025-03-28T05:10:13.618+0000] {processor.py:840} INFO - DAG(s) 'f1_ingestion_dag' retrieved from /opt/airflow/dags/f1_ingestion_dag.py
[2025-03-28T05:10:13.639+0000] {logging_mixin.py:188} INFO - [2025-03-28T05:10:13.639+0000] {dag.py:3036} INFO - Sync 1 DAGs
[2025-03-28T05:10:13.646+0000] {logging_mixin.py:188} INFO - [2025-03-28T05:10:13.646+0000] {dag.py:3823} INFO - Setting next_dagrun for f1_ingestion_dag to None, run_after=None
[2025-03-28T05:10:13.655+0000] {processor.py:183} INFO - Processing /opt/airflow/dags/f1_ingestion_dag.py took 0.055 seconds
[2025-03-28T05:10:43.991+0000] {processor.py:161} INFO - Started process (PID=179) to work on /opt/airflow/dags/f1_ingestion_dag.py
[2025-03-28T05:10:43.992+0000] {processor.py:830} INFO - Processing file /opt/airflow/dags/f1_ingestion_dag.py for tasks to queue
[2025-03-28T05:10:43.994+0000] {logging_mixin.py:188} INFO - [2025-03-28T05:10:43.993+0000] {dagbag.py:538} INFO - Filling up the DagBag from /opt/airflow/dags/f1_ingestion_dag.py
[2025-03-28T05:10:44.012+0000] {processor.py:840} INFO - DAG(s) 'f1_ingestion_dag' retrieved from /opt/airflow/dags/f1_ingestion_dag.py
[2025-03-28T05:10:44.053+0000] {logging_mixin.py:188} INFO - [2025-03-28T05:10:44.053+0000] {dag.py:3036} INFO - Sync 1 DAGs
[2025-03-28T05:10:44.065+0000] {logging_mixin.py:188} INFO - [2025-03-28T05:10:44.065+0000] {dag.py:3823} INFO - Setting next_dagrun for f1_ingestion_dag to None, run_after=None
[2025-03-28T05:10:44.078+0000] {processor.py:183} INFO - Processing /opt/airflow/dags/f1_ingestion_dag.py took 0.093 seconds
[2025-03-28T05:11:14.322+0000] {processor.py:161} INFO - Started process (PID=184) to work on /opt/airflow/dags/f1_ingestion_dag.py
[2025-03-28T05:11:14.323+0000] {processor.py:830} INFO - Processing file /opt/airflow/dags/f1_ingestion_dag.py for tasks to queue
[2025-03-28T05:11:14.323+0000] {logging_mixin.py:188} INFO - [2025-03-28T05:11:14.323+0000] {dagbag.py:538} INFO - Filling up the DagBag from /opt/airflow/dags/f1_ingestion_dag.py
[2025-03-28T05:11:14.335+0000] {processor.py:840} INFO - DAG(s) 'f1_ingestion_dag' retrieved from /opt/airflow/dags/f1_ingestion_dag.py
[2025-03-28T05:11:14.356+0000] {logging_mixin.py:188} INFO - [2025-03-28T05:11:14.356+0000] {dag.py:3036} INFO - Sync 1 DAGs
[2025-03-28T05:11:14.364+0000] {logging_mixin.py:188} INFO - [2025-03-28T05:11:14.363+0000] {dag.py:3823} INFO - Setting next_dagrun for f1_ingestion_dag to None, run_after=None
[2025-03-28T05:11:14.374+0000] {processor.py:183} INFO - Processing /opt/airflow/dags/f1_ingestion_dag.py took 0.056 seconds
[2025-03-28T05:12:02.552+0000] {processor.py:161} INFO - Started process (PID=168) to work on /opt/airflow/dags/f1_ingestion_dag.py
[2025-03-28T05:12:02.554+0000] {processor.py:830} INFO - Processing file /opt/airflow/dags/f1_ingestion_dag.py for tasks to queue
[2025-03-28T05:12:02.557+0000] {logging_mixin.py:188} INFO - [2025-03-28T05:12:02.557+0000] {dagbag.py:538} INFO - Filling up the DagBag from /opt/airflow/dags/f1_ingestion_dag.py
[2025-03-28T05:12:02.582+0000] {processor.py:840} INFO - DAG(s) 'f1_ingestion_dag' retrieved from /opt/airflow/dags/f1_ingestion_dag.py
[2025-03-28T05:12:02.603+0000] {logging_mixin.py:188} INFO - [2025-03-28T05:12:02.603+0000] {dag.py:3036} INFO - Sync 1 DAGs
[2025-03-28T05:12:02.612+0000] {logging_mixin.py:188} INFO - [2025-03-28T05:12:02.612+0000] {dag.py:3823} INFO - Setting next_dagrun for f1_ingestion_dag to None, run_after=None
[2025-03-28T05:12:02.622+0000] {processor.py:183} INFO - Processing /opt/airflow/dags/f1_ingestion_dag.py took 0.073 seconds
[2025-03-28T05:12:32.851+0000] {processor.py:161} INFO - Started process (PID=174) to work on /opt/airflow/dags/f1_ingestion_dag.py
[2025-03-28T05:12:32.852+0000] {processor.py:830} INFO - Processing file /opt/airflow/dags/f1_ingestion_dag.py for tasks to queue
[2025-03-28T05:12:32.854+0000] {logging_mixin.py:188} INFO - [2025-03-28T05:12:32.853+0000] {dagbag.py:538} INFO - Filling up the DagBag from /opt/airflow/dags/f1_ingestion_dag.py
[2025-03-28T05:12:32.880+0000] {processor.py:840} INFO - DAG(s) 'f1_ingestion_dag' retrieved from /opt/airflow/dags/f1_ingestion_dag.py
[2025-03-28T05:12:33.117+0000] {logging_mixin.py:188} INFO - [2025-03-28T05:12:33.117+0000] {dag.py:3036} INFO - Sync 1 DAGs
[2025-03-28T05:12:33.126+0000] {logging_mixin.py:188} INFO - [2025-03-28T05:12:33.126+0000] {dag.py:3823} INFO - Setting next_dagrun for f1_ingestion_dag to None, run_after=None
[2025-03-28T05:12:33.139+0000] {processor.py:183} INFO - Processing /opt/airflow/dags/f1_ingestion_dag.py took 0.294 seconds
[2025-03-28T05:13:03.213+0000] {processor.py:161} INFO - Started process (PID=179) to work on /opt/airflow/dags/f1_ingestion_dag.py
[2025-03-28T05:13:03.215+0000] {processor.py:830} INFO - Processing file /opt/airflow/dags/f1_ingestion_dag.py for tasks to queue
[2025-03-28T05:13:03.217+0000] {logging_mixin.py:188} INFO - [2025-03-28T05:13:03.216+0000] {dagbag.py:538} INFO - Filling up the DagBag from /opt/airflow/dags/f1_ingestion_dag.py
[2025-03-28T05:13:03.258+0000] {processor.py:840} INFO - DAG(s) 'f1_ingestion_dag' retrieved from /opt/airflow/dags/f1_ingestion_dag.py
[2025-03-28T05:13:03.305+0000] {logging_mixin.py:188} INFO - [2025-03-28T05:13:03.305+0000] {dag.py:3036} INFO - Sync 1 DAGs
[2025-03-28T05:13:03.324+0000] {logging_mixin.py:188} INFO - [2025-03-28T05:13:03.323+0000] {dag.py:3823} INFO - Setting next_dagrun for f1_ingestion_dag to None, run_after=None
[2025-03-28T05:13:03.338+0000] {processor.py:183} INFO - Processing /opt/airflow/dags/f1_ingestion_dag.py took 0.134 seconds
[2025-03-28T05:13:33.588+0000] {processor.py:161} INFO - Started process (PID=184) to work on /opt/airflow/dags/f1_ingestion_dag.py
[2025-03-28T05:13:33.589+0000] {processor.py:830} INFO - Processing file /opt/airflow/dags/f1_ingestion_dag.py for tasks to queue
[2025-03-28T05:13:33.590+0000] {logging_mixin.py:188} INFO - [2025-03-28T05:13:33.590+0000] {dagbag.py:538} INFO - Filling up the DagBag from /opt/airflow/dags/f1_ingestion_dag.py
[2025-03-28T05:13:33.606+0000] {processor.py:840} INFO - DAG(s) 'f1_ingestion_dag' retrieved from /opt/airflow/dags/f1_ingestion_dag.py
[2025-03-28T05:13:33.636+0000] {logging_mixin.py:188} INFO - [2025-03-28T05:13:33.636+0000] {dag.py:3036} INFO - Sync 1 DAGs
[2025-03-28T05:13:33.646+0000] {logging_mixin.py:188} INFO - [2025-03-28T05:13:33.646+0000] {dag.py:3823} INFO - Setting next_dagrun for f1_ingestion_dag to None, run_after=None
[2025-03-28T05:13:33.657+0000] {processor.py:183} INFO - Processing /opt/airflow/dags/f1_ingestion_dag.py took 0.074 seconds
[2025-03-28T05:14:04.114+0000] {processor.py:161} INFO - Started process (PID=189) to work on /opt/airflow/dags/f1_ingestion_dag.py
[2025-03-28T05:14:04.116+0000] {processor.py:830} INFO - Processing file /opt/airflow/dags/f1_ingestion_dag.py for tasks to queue
[2025-03-28T05:14:04.118+0000] {logging_mixin.py:188} INFO - [2025-03-28T05:14:04.117+0000] {dagbag.py:538} INFO - Filling up the DagBag from /opt/airflow/dags/f1_ingestion_dag.py
[2025-03-28T05:14:04.145+0000] {processor.py:840} INFO - DAG(s) 'f1_ingestion_dag' retrieved from /opt/airflow/dags/f1_ingestion_dag.py
[2025-03-28T05:14:04.194+0000] {logging_mixin.py:188} INFO - [2025-03-28T05:14:04.194+0000] {dag.py:3036} INFO - Sync 1 DAGs
[2025-03-28T05:14:04.211+0000] {logging_mixin.py:188} INFO - [2025-03-28T05:14:04.211+0000] {dag.py:3823} INFO - Setting next_dagrun for f1_ingestion_dag to None, run_after=None
[2025-03-28T05:14:04.227+0000] {processor.py:183} INFO - Processing /opt/airflow/dags/f1_ingestion_dag.py took 0.121 seconds
[2025-03-28T05:14:34.436+0000] {processor.py:161} INFO - Started process (PID=194) to work on /opt/airflow/dags/f1_ingestion_dag.py
[2025-03-28T05:14:34.437+0000] {processor.py:830} INFO - Processing file /opt/airflow/dags/f1_ingestion_dag.py for tasks to queue
[2025-03-28T05:14:34.438+0000] {logging_mixin.py:188} INFO - [2025-03-28T05:14:34.438+0000] {dagbag.py:538} INFO - Filling up the DagBag from /opt/airflow/dags/f1_ingestion_dag.py
[2025-03-28T05:14:34.450+0000] {processor.py:840} INFO - DAG(s) 'f1_ingestion_dag' retrieved from /opt/airflow/dags/f1_ingestion_dag.py
[2025-03-28T05:14:34.479+0000] {logging_mixin.py:188} INFO - [2025-03-28T05:14:34.479+0000] {dag.py:3036} INFO - Sync 1 DAGs
[2025-03-28T05:14:34.490+0000] {logging_mixin.py:188} INFO - [2025-03-28T05:14:34.490+0000] {dag.py:3823} INFO - Setting next_dagrun for f1_ingestion_dag to None, run_after=None
[2025-03-28T05:14:34.506+0000] {processor.py:183} INFO - Processing /opt/airflow/dags/f1_ingestion_dag.py took 0.075 seconds
[2025-03-28T05:15:04.912+0000] {processor.py:161} INFO - Started process (PID=199) to work on /opt/airflow/dags/f1_ingestion_dag.py
[2025-03-28T05:15:04.913+0000] {processor.py:830} INFO - Processing file /opt/airflow/dags/f1_ingestion_dag.py for tasks to queue
[2025-03-28T05:15:04.915+0000] {logging_mixin.py:188} INFO - [2025-03-28T05:15:04.914+0000] {dagbag.py:538} INFO - Filling up the DagBag from /opt/airflow/dags/f1_ingestion_dag.py
[2025-03-28T05:15:04.936+0000] {processor.py:840} INFO - DAG(s) 'f1_ingestion_dag' retrieved from /opt/airflow/dags/f1_ingestion_dag.py
[2025-03-28T05:15:04.989+0000] {logging_mixin.py:188} INFO - [2025-03-28T05:15:04.989+0000] {dag.py:3036} INFO - Sync 1 DAGs
[2025-03-28T05:15:05.006+0000] {logging_mixin.py:188} INFO - [2025-03-28T05:15:05.005+0000] {dag.py:3823} INFO - Setting next_dagrun for f1_ingestion_dag to None, run_after=None
[2025-03-28T05:15:05.023+0000] {processor.py:183} INFO - Processing /opt/airflow/dags/f1_ingestion_dag.py took 0.117 seconds
[2025-03-28T05:15:35.262+0000] {processor.py:161} INFO - Started process (PID=204) to work on /opt/airflow/dags/f1_ingestion_dag.py
[2025-03-28T05:15:35.263+0000] {processor.py:830} INFO - Processing file /opt/airflow/dags/f1_ingestion_dag.py for tasks to queue
[2025-03-28T05:15:35.265+0000] {logging_mixin.py:188} INFO - [2025-03-28T05:15:35.265+0000] {dagbag.py:538} INFO - Filling up the DagBag from /opt/airflow/dags/f1_ingestion_dag.py
[2025-03-28T05:15:35.279+0000] {processor.py:840} INFO - DAG(s) 'f1_ingestion_dag' retrieved from /opt/airflow/dags/f1_ingestion_dag.py
[2025-03-28T05:15:35.319+0000] {logging_mixin.py:188} INFO - [2025-03-28T05:15:35.318+0000] {dag.py:3036} INFO - Sync 1 DAGs
[2025-03-28T05:15:35.330+0000] {logging_mixin.py:188} INFO - [2025-03-28T05:15:35.330+0000] {dag.py:3823} INFO - Setting next_dagrun for f1_ingestion_dag to None, run_after=None
[2025-03-28T05:15:35.342+0000] {processor.py:183} INFO - Processing /opt/airflow/dags/f1_ingestion_dag.py took 0.084 seconds
[2025-03-28T05:16:05.589+0000] {processor.py:161} INFO - Started process (PID=209) to work on /opt/airflow/dags/f1_ingestion_dag.py
[2025-03-28T05:16:05.590+0000] {processor.py:830} INFO - Processing file /opt/airflow/dags/f1_ingestion_dag.py for tasks to queue
[2025-03-28T05:16:05.591+0000] {logging_mixin.py:188} INFO - [2025-03-28T05:16:05.591+0000] {dagbag.py:538} INFO - Filling up the DagBag from /opt/airflow/dags/f1_ingestion_dag.py
[2025-03-28T05:16:05.605+0000] {processor.py:840} INFO - DAG(s) 'f1_ingestion_dag' retrieved from /opt/airflow/dags/f1_ingestion_dag.py
[2025-03-28T05:16:05.635+0000] {logging_mixin.py:188} INFO - [2025-03-28T05:16:05.635+0000] {dag.py:3036} INFO - Sync 1 DAGs
[2025-03-28T05:16:05.646+0000] {logging_mixin.py:188} INFO - [2025-03-28T05:16:05.646+0000] {dag.py:3823} INFO - Setting next_dagrun for f1_ingestion_dag to None, run_after=None
[2025-03-28T05:16:05.659+0000] {processor.py:183} INFO - Processing /opt/airflow/dags/f1_ingestion_dag.py took 0.075 seconds
[2025-03-28T05:16:35.870+0000] {processor.py:161} INFO - Started process (PID=214) to work on /opt/airflow/dags/f1_ingestion_dag.py
[2025-03-28T05:16:35.871+0000] {processor.py:830} INFO - Processing file /opt/airflow/dags/f1_ingestion_dag.py for tasks to queue
[2025-03-28T05:16:35.872+0000] {logging_mixin.py:188} INFO - [2025-03-28T05:16:35.872+0000] {dagbag.py:538} INFO - Filling up the DagBag from /opt/airflow/dags/f1_ingestion_dag.py
[2025-03-28T05:16:35.883+0000] {processor.py:840} INFO - DAG(s) 'f1_ingestion_dag' retrieved from /opt/airflow/dags/f1_ingestion_dag.py
[2025-03-28T05:16:35.913+0000] {logging_mixin.py:188} INFO - [2025-03-28T05:16:35.913+0000] {dag.py:3036} INFO - Sync 1 DAGs
[2025-03-28T05:16:35.924+0000] {logging_mixin.py:188} INFO - [2025-03-28T05:16:35.924+0000] {dag.py:3823} INFO - Setting next_dagrun for f1_ingestion_dag to None, run_after=None
[2025-03-28T05:16:35.940+0000] {processor.py:183} INFO - Processing /opt/airflow/dags/f1_ingestion_dag.py took 0.074 seconds
[2025-03-28T05:17:06.280+0000] {processor.py:161} INFO - Started process (PID=219) to work on /opt/airflow/dags/f1_ingestion_dag.py
[2025-03-28T05:17:06.281+0000] {processor.py:830} INFO - Processing file /opt/airflow/dags/f1_ingestion_dag.py for tasks to queue
[2025-03-28T05:17:06.283+0000] {logging_mixin.py:188} INFO - [2025-03-28T05:17:06.282+0000] {dagbag.py:538} INFO - Filling up the DagBag from /opt/airflow/dags/f1_ingestion_dag.py
[2025-03-28T05:17:06.302+0000] {processor.py:840} INFO - DAG(s) 'f1_ingestion_dag' retrieved from /opt/airflow/dags/f1_ingestion_dag.py
[2025-03-28T05:17:06.338+0000] {logging_mixin.py:188} INFO - [2025-03-28T05:17:06.337+0000] {dag.py:3036} INFO - Sync 1 DAGs
[2025-03-28T05:17:06.351+0000] {logging_mixin.py:188} INFO - [2025-03-28T05:17:06.351+0000] {dag.py:3823} INFO - Setting next_dagrun for f1_ingestion_dag to None, run_after=None
[2025-03-28T05:17:06.366+0000] {processor.py:183} INFO - Processing /opt/airflow/dags/f1_ingestion_dag.py took 0.094 seconds
[2025-03-28T05:17:36.588+0000] {processor.py:161} INFO - Started process (PID=224) to work on /opt/airflow/dags/f1_ingestion_dag.py
[2025-03-28T05:17:36.589+0000] {processor.py:830} INFO - Processing file /opt/airflow/dags/f1_ingestion_dag.py for tasks to queue
[2025-03-28T05:17:36.590+0000] {logging_mixin.py:188} INFO - [2025-03-28T05:17:36.589+0000] {dagbag.py:538} INFO - Filling up the DagBag from /opt/airflow/dags/f1_ingestion_dag.py
[2025-03-28T05:17:36.604+0000] {processor.py:840} INFO - DAG(s) 'f1_ingestion_dag' retrieved from /opt/airflow/dags/f1_ingestion_dag.py
[2025-03-28T05:17:36.626+0000] {logging_mixin.py:188} INFO - [2025-03-28T05:17:36.626+0000] {dag.py:3036} INFO - Sync 1 DAGs
[2025-03-28T05:17:36.636+0000] {logging_mixin.py:188} INFO - [2025-03-28T05:17:36.636+0000] {dag.py:3823} INFO - Setting next_dagrun for f1_ingestion_dag to None, run_after=None
[2025-03-28T05:17:36.648+0000] {processor.py:183} INFO - Processing /opt/airflow/dags/f1_ingestion_dag.py took 0.064 seconds
[2025-03-28T05:18:06.949+0000] {processor.py:161} INFO - Started process (PID=229) to work on /opt/airflow/dags/f1_ingestion_dag.py
[2025-03-28T05:18:06.950+0000] {processor.py:830} INFO - Processing file /opt/airflow/dags/f1_ingestion_dag.py for tasks to queue
[2025-03-28T05:18:06.951+0000] {logging_mixin.py:188} INFO - [2025-03-28T05:18:06.951+0000] {dagbag.py:538} INFO - Filling up the DagBag from /opt/airflow/dags/f1_ingestion_dag.py
[2025-03-28T05:18:06.960+0000] {processor.py:840} INFO - DAG(s) 'f1_ingestion_dag' retrieved from /opt/airflow/dags/f1_ingestion_dag.py
[2025-03-28T05:18:06.979+0000] {logging_mixin.py:188} INFO - [2025-03-28T05:18:06.979+0000] {dag.py:3036} INFO - Sync 1 DAGs
[2025-03-28T05:18:06.985+0000] {logging_mixin.py:188} INFO - [2025-03-28T05:18:06.985+0000] {dag.py:3823} INFO - Setting next_dagrun for f1_ingestion_dag to None, run_after=None
[2025-03-28T05:18:06.995+0000] {processor.py:183} INFO - Processing /opt/airflow/dags/f1_ingestion_dag.py took 0.049 seconds
[2025-03-28T05:18:37.271+0000] {processor.py:161} INFO - Started process (PID=234) to work on /opt/airflow/dags/f1_ingestion_dag.py
[2025-03-28T05:18:37.272+0000] {processor.py:830} INFO - Processing file /opt/airflow/dags/f1_ingestion_dag.py for tasks to queue
[2025-03-28T05:18:37.273+0000] {logging_mixin.py:188} INFO - [2025-03-28T05:18:37.273+0000] {dagbag.py:538} INFO - Filling up the DagBag from /opt/airflow/dags/f1_ingestion_dag.py
[2025-03-28T05:18:37.286+0000] {processor.py:840} INFO - DAG(s) 'f1_ingestion_dag' retrieved from /opt/airflow/dags/f1_ingestion_dag.py
[2025-03-28T05:18:37.307+0000] {logging_mixin.py:188} INFO - [2025-03-28T05:18:37.307+0000] {dag.py:3036} INFO - Sync 1 DAGs
[2025-03-28T05:18:37.315+0000] {logging_mixin.py:188} INFO - [2025-03-28T05:18:37.315+0000] {dag.py:3823} INFO - Setting next_dagrun for f1_ingestion_dag to None, run_after=None
[2025-03-28T05:18:37.326+0000] {processor.py:183} INFO - Processing /opt/airflow/dags/f1_ingestion_dag.py took 0.059 seconds
[2025-03-28T05:19:07.641+0000] {processor.py:161} INFO - Started process (PID=239) to work on /opt/airflow/dags/f1_ingestion_dag.py
[2025-03-28T05:19:07.642+0000] {processor.py:830} INFO - Processing file /opt/airflow/dags/f1_ingestion_dag.py for tasks to queue
[2025-03-28T05:19:07.643+0000] {logging_mixin.py:188} INFO - [2025-03-28T05:19:07.643+0000] {dagbag.py:538} INFO - Filling up the DagBag from /opt/airflow/dags/f1_ingestion_dag.py
[2025-03-28T05:19:07.667+0000] {processor.py:840} INFO - DAG(s) 'f1_ingestion_dag' retrieved from /opt/airflow/dags/f1_ingestion_dag.py
[2025-03-28T05:19:07.716+0000] {logging_mixin.py:188} INFO - [2025-03-28T05:19:07.715+0000] {dag.py:3036} INFO - Sync 1 DAGs
[2025-03-28T05:19:07.740+0000] {logging_mixin.py:188} INFO - [2025-03-28T05:19:07.740+0000] {dag.py:3823} INFO - Setting next_dagrun for f1_ingestion_dag to None, run_after=None
[2025-03-28T05:19:07.753+0000] {processor.py:183} INFO - Processing /opt/airflow/dags/f1_ingestion_dag.py took 0.120 seconds
[2025-03-28T05:19:37.969+0000] {processor.py:161} INFO - Started process (PID=244) to work on /opt/airflow/dags/f1_ingestion_dag.py
[2025-03-28T05:19:37.970+0000] {processor.py:830} INFO - Processing file /opt/airflow/dags/f1_ingestion_dag.py for tasks to queue
[2025-03-28T05:19:37.971+0000] {logging_mixin.py:188} INFO - [2025-03-28T05:19:37.971+0000] {dagbag.py:538} INFO - Filling up the DagBag from /opt/airflow/dags/f1_ingestion_dag.py
[2025-03-28T05:19:37.982+0000] {processor.py:840} INFO - DAG(s) 'f1_ingestion_dag' retrieved from /opt/airflow/dags/f1_ingestion_dag.py
[2025-03-28T05:19:38.014+0000] {logging_mixin.py:188} INFO - [2025-03-28T05:19:38.014+0000] {dag.py:3036} INFO - Sync 1 DAGs
[2025-03-28T05:19:38.023+0000] {logging_mixin.py:188} INFO - [2025-03-28T05:19:38.022+0000] {dag.py:3823} INFO - Setting next_dagrun for f1_ingestion_dag to None, run_after=None
[2025-03-28T05:19:38.034+0000] {processor.py:183} INFO - Processing /opt/airflow/dags/f1_ingestion_dag.py took 0.073 seconds
[2025-03-28T05:20:08.388+0000] {processor.py:161} INFO - Started process (PID=249) to work on /opt/airflow/dags/f1_ingestion_dag.py
[2025-03-28T05:20:08.388+0000] {processor.py:830} INFO - Processing file /opt/airflow/dags/f1_ingestion_dag.py for tasks to queue
[2025-03-28T05:20:08.389+0000] {logging_mixin.py:188} INFO - [2025-03-28T05:20:08.389+0000] {dagbag.py:538} INFO - Filling up the DagBag from /opt/airflow/dags/f1_ingestion_dag.py
[2025-03-28T05:20:08.400+0000] {processor.py:840} INFO - DAG(s) 'f1_ingestion_dag' retrieved from /opt/airflow/dags/f1_ingestion_dag.py
[2025-03-28T05:20:08.425+0000] {logging_mixin.py:188} INFO - [2025-03-28T05:20:08.425+0000] {dag.py:3036} INFO - Sync 1 DAGs
[2025-03-28T05:20:08.435+0000] {logging_mixin.py:188} INFO - [2025-03-28T05:20:08.435+0000] {dag.py:3823} INFO - Setting next_dagrun for f1_ingestion_dag to None, run_after=None
[2025-03-28T05:20:08.445+0000] {processor.py:183} INFO - Processing /opt/airflow/dags/f1_ingestion_dag.py took 0.063 seconds
[2025-03-28T05:20:38.742+0000] {processor.py:161} INFO - Started process (PID=254) to work on /opt/airflow/dags/f1_ingestion_dag.py
[2025-03-28T05:20:38.743+0000] {processor.py:830} INFO - Processing file /opt/airflow/dags/f1_ingestion_dag.py for tasks to queue
[2025-03-28T05:20:38.744+0000] {logging_mixin.py:188} INFO - [2025-03-28T05:20:38.744+0000] {dagbag.py:538} INFO - Filling up the DagBag from /opt/airflow/dags/f1_ingestion_dag.py
[2025-03-28T05:20:38.759+0000] {processor.py:840} INFO - DAG(s) 'f1_ingestion_dag' retrieved from /opt/airflow/dags/f1_ingestion_dag.py
[2025-03-28T05:20:38.789+0000] {logging_mixin.py:188} INFO - [2025-03-28T05:20:38.789+0000] {dag.py:3036} INFO - Sync 1 DAGs
[2025-03-28T05:20:38.800+0000] {logging_mixin.py:188} INFO - [2025-03-28T05:20:38.800+0000] {dag.py:3823} INFO - Setting next_dagrun for f1_ingestion_dag to None, run_after=None
[2025-03-28T05:20:38.811+0000] {processor.py:183} INFO - Processing /opt/airflow/dags/f1_ingestion_dag.py took 0.074 seconds
[2025-03-28T05:21:09.109+0000] {processor.py:161} INFO - Started process (PID=259) to work on /opt/airflow/dags/f1_ingestion_dag.py
[2025-03-28T05:21:09.110+0000] {processor.py:830} INFO - Processing file /opt/airflow/dags/f1_ingestion_dag.py for tasks to queue
[2025-03-28T05:21:09.111+0000] {logging_mixin.py:188} INFO - [2025-03-28T05:21:09.111+0000] {dagbag.py:538} INFO - Filling up the DagBag from /opt/airflow/dags/f1_ingestion_dag.py
[2025-03-28T05:21:09.122+0000] {processor.py:840} INFO - DAG(s) 'f1_ingestion_dag' retrieved from /opt/airflow/dags/f1_ingestion_dag.py
[2025-03-28T05:21:09.145+0000] {logging_mixin.py:188} INFO - [2025-03-28T05:21:09.144+0000] {dag.py:3036} INFO - Sync 1 DAGs
[2025-03-28T05:21:09.152+0000] {logging_mixin.py:188} INFO - [2025-03-28T05:21:09.152+0000] {dag.py:3823} INFO - Setting next_dagrun for f1_ingestion_dag to None, run_after=None
[2025-03-28T05:21:09.163+0000] {processor.py:183} INFO - Processing /opt/airflow/dags/f1_ingestion_dag.py took 0.059 seconds
[2025-03-28T05:21:39.471+0000] {processor.py:161} INFO - Started process (PID=264) to work on /opt/airflow/dags/f1_ingestion_dag.py
[2025-03-28T05:21:39.472+0000] {processor.py:830} INFO - Processing file /opt/airflow/dags/f1_ingestion_dag.py for tasks to queue
[2025-03-28T05:21:39.474+0000] {logging_mixin.py:188} INFO - [2025-03-28T05:21:39.473+0000] {dagbag.py:538} INFO - Filling up the DagBag from /opt/airflow/dags/f1_ingestion_dag.py
[2025-03-28T05:21:39.489+0000] {processor.py:840} INFO - DAG(s) 'f1_ingestion_dag' retrieved from /opt/airflow/dags/f1_ingestion_dag.py
[2025-03-28T05:21:39.520+0000] {logging_mixin.py:188} INFO - [2025-03-28T05:21:39.520+0000] {dag.py:3036} INFO - Sync 1 DAGs
[2025-03-28T05:21:39.532+0000] {logging_mixin.py:188} INFO - [2025-03-28T05:21:39.532+0000] {dag.py:3823} INFO - Setting next_dagrun for f1_ingestion_dag to None, run_after=None
[2025-03-28T05:21:39.550+0000] {processor.py:183} INFO - Processing /opt/airflow/dags/f1_ingestion_dag.py took 0.083 seconds
[2025-03-28T05:22:09.854+0000] {processor.py:161} INFO - Started process (PID=269) to work on /opt/airflow/dags/f1_ingestion_dag.py
[2025-03-28T05:22:09.855+0000] {processor.py:830} INFO - Processing file /opt/airflow/dags/f1_ingestion_dag.py for tasks to queue
[2025-03-28T05:22:09.856+0000] {logging_mixin.py:188} INFO - [2025-03-28T05:22:09.855+0000] {dagbag.py:538} INFO - Filling up the DagBag from /opt/airflow/dags/f1_ingestion_dag.py
[2025-03-28T05:22:09.873+0000] {processor.py:840} INFO - DAG(s) 'f1_ingestion_dag' retrieved from /opt/airflow/dags/f1_ingestion_dag.py
[2025-03-28T05:22:09.910+0000] {logging_mixin.py:188} INFO - [2025-03-28T05:22:09.909+0000] {dag.py:3036} INFO - Sync 1 DAGs
[2025-03-28T05:22:09.922+0000] {logging_mixin.py:188} INFO - [2025-03-28T05:22:09.921+0000] {dag.py:3823} INFO - Setting next_dagrun for f1_ingestion_dag to None, run_after=None
[2025-03-28T05:22:09.934+0000] {processor.py:183} INFO - Processing /opt/airflow/dags/f1_ingestion_dag.py took 0.085 seconds
[2025-03-28T05:22:40.219+0000] {processor.py:161} INFO - Started process (PID=274) to work on /opt/airflow/dags/f1_ingestion_dag.py
[2025-03-28T05:22:40.220+0000] {processor.py:830} INFO - Processing file /opt/airflow/dags/f1_ingestion_dag.py for tasks to queue
[2025-03-28T05:22:40.221+0000] {logging_mixin.py:188} INFO - [2025-03-28T05:22:40.220+0000] {dagbag.py:538} INFO - Filling up the DagBag from /opt/airflow/dags/f1_ingestion_dag.py
[2025-03-28T05:22:40.230+0000] {processor.py:840} INFO - DAG(s) 'f1_ingestion_dag' retrieved from /opt/airflow/dags/f1_ingestion_dag.py
[2025-03-28T05:22:40.251+0000] {logging_mixin.py:188} INFO - [2025-03-28T05:22:40.251+0000] {dag.py:3036} INFO - Sync 1 DAGs
[2025-03-28T05:22:40.258+0000] {logging_mixin.py:188} INFO - [2025-03-28T05:22:40.258+0000] {dag.py:3823} INFO - Setting next_dagrun for f1_ingestion_dag to None, run_after=None
[2025-03-28T05:22:40.268+0000] {processor.py:183} INFO - Processing /opt/airflow/dags/f1_ingestion_dag.py took 0.052 seconds
[2025-03-28T05:23:10.627+0000] {processor.py:161} INFO - Started process (PID=279) to work on /opt/airflow/dags/f1_ingestion_dag.py
[2025-03-28T05:23:10.628+0000] {processor.py:830} INFO - Processing file /opt/airflow/dags/f1_ingestion_dag.py for tasks to queue
[2025-03-28T05:23:10.629+0000] {logging_mixin.py:188} INFO - [2025-03-28T05:23:10.629+0000] {dagbag.py:538} INFO - Filling up the DagBag from /opt/airflow/dags/f1_ingestion_dag.py
[2025-03-28T05:23:10.645+0000] {processor.py:840} INFO - DAG(s) 'f1_ingestion_dag' retrieved from /opt/airflow/dags/f1_ingestion_dag.py
[2025-03-28T05:23:10.680+0000] {logging_mixin.py:188} INFO - [2025-03-28T05:23:10.680+0000] {dag.py:3036} INFO - Sync 1 DAGs
[2025-03-28T05:23:10.692+0000] {logging_mixin.py:188} INFO - [2025-03-28T05:23:10.692+0000] {dag.py:3823} INFO - Setting next_dagrun for f1_ingestion_dag to None, run_after=None
[2025-03-28T05:23:10.706+0000] {processor.py:183} INFO - Processing /opt/airflow/dags/f1_ingestion_dag.py took 0.083 seconds
[2025-03-28T05:23:41.064+0000] {processor.py:161} INFO - Started process (PID=284) to work on /opt/airflow/dags/f1_ingestion_dag.py
[2025-03-28T05:23:41.067+0000] {processor.py:830} INFO - Processing file /opt/airflow/dags/f1_ingestion_dag.py for tasks to queue
[2025-03-28T05:23:41.068+0000] {logging_mixin.py:188} INFO - [2025-03-28T05:23:41.068+0000] {dagbag.py:538} INFO - Filling up the DagBag from /opt/airflow/dags/f1_ingestion_dag.py
[2025-03-28T05:23:41.088+0000] {processor.py:840} INFO - DAG(s) 'f1_ingestion_dag' retrieved from /opt/airflow/dags/f1_ingestion_dag.py
[2025-03-28T05:23:41.131+0000] {logging_mixin.py:188} INFO - [2025-03-28T05:23:41.131+0000] {dag.py:3036} INFO - Sync 1 DAGs
[2025-03-28T05:23:41.146+0000] {logging_mixin.py:188} INFO - [2025-03-28T05:23:41.146+0000] {dag.py:3823} INFO - Setting next_dagrun for f1_ingestion_dag to None, run_after=None
[2025-03-28T05:23:41.162+0000] {processor.py:183} INFO - Processing /opt/airflow/dags/f1_ingestion_dag.py took 0.132 seconds
[2025-03-28T05:24:11.503+0000] {processor.py:161} INFO - Started process (PID=289) to work on /opt/airflow/dags/f1_ingestion_dag.py
[2025-03-28T05:24:11.504+0000] {processor.py:830} INFO - Processing file /opt/airflow/dags/f1_ingestion_dag.py for tasks to queue
[2025-03-28T05:24:11.504+0000] {logging_mixin.py:188} INFO - [2025-03-28T05:24:11.504+0000] {dagbag.py:538} INFO - Filling up the DagBag from /opt/airflow/dags/f1_ingestion_dag.py
[2025-03-28T05:24:11.514+0000] {processor.py:840} INFO - DAG(s) 'f1_ingestion_dag' retrieved from /opt/airflow/dags/f1_ingestion_dag.py
[2025-03-28T05:24:11.538+0000] {logging_mixin.py:188} INFO - [2025-03-28T05:24:11.538+0000] {dag.py:3036} INFO - Sync 1 DAGs
[2025-03-28T05:24:11.546+0000] {logging_mixin.py:188} INFO - [2025-03-28T05:24:11.546+0000] {dag.py:3823} INFO - Setting next_dagrun for f1_ingestion_dag to None, run_after=None
[2025-03-28T05:24:11.556+0000] {processor.py:183} INFO - Processing /opt/airflow/dags/f1_ingestion_dag.py took 0.059 seconds
[2025-03-28T05:24:41.875+0000] {processor.py:161} INFO - Started process (PID=294) to work on /opt/airflow/dags/f1_ingestion_dag.py
[2025-03-28T05:24:41.876+0000] {processor.py:830} INFO - Processing file /opt/airflow/dags/f1_ingestion_dag.py for tasks to queue
[2025-03-28T05:24:41.877+0000] {logging_mixin.py:188} INFO - [2025-03-28T05:24:41.877+0000] {dagbag.py:538} INFO - Filling up the DagBag from /opt/airflow/dags/f1_ingestion_dag.py
[2025-03-28T05:24:41.888+0000] {processor.py:840} INFO - DAG(s) 'f1_ingestion_dag' retrieved from /opt/airflow/dags/f1_ingestion_dag.py
[2025-03-28T05:24:41.914+0000] {logging_mixin.py:188} INFO - [2025-03-28T05:24:41.913+0000] {dag.py:3036} INFO - Sync 1 DAGs
[2025-03-28T05:24:41.923+0000] {logging_mixin.py:188} INFO - [2025-03-28T05:24:41.923+0000] {dag.py:3823} INFO - Setting next_dagrun for f1_ingestion_dag to None, run_after=None
[2025-03-28T05:24:41.933+0000] {processor.py:183} INFO - Processing /opt/airflow/dags/f1_ingestion_dag.py took 0.062 seconds
[2025-03-28T05:25:12.269+0000] {processor.py:161} INFO - Started process (PID=299) to work on /opt/airflow/dags/f1_ingestion_dag.py
[2025-03-28T05:25:12.270+0000] {processor.py:830} INFO - Processing file /opt/airflow/dags/f1_ingestion_dag.py for tasks to queue
[2025-03-28T05:25:12.272+0000] {logging_mixin.py:188} INFO - [2025-03-28T05:25:12.271+0000] {dagbag.py:538} INFO - Filling up the DagBag from /opt/airflow/dags/f1_ingestion_dag.py
[2025-03-28T05:25:12.288+0000] {processor.py:840} INFO - DAG(s) 'f1_ingestion_dag' retrieved from /opt/airflow/dags/f1_ingestion_dag.py
[2025-03-28T05:25:12.320+0000] {logging_mixin.py:188} INFO - [2025-03-28T05:25:12.320+0000] {dag.py:3036} INFO - Sync 1 DAGs
[2025-03-28T05:25:12.332+0000] {logging_mixin.py:188} INFO - [2025-03-28T05:25:12.331+0000] {dag.py:3823} INFO - Setting next_dagrun for f1_ingestion_dag to None, run_after=None
[2025-03-28T05:25:12.344+0000] {processor.py:183} INFO - Processing /opt/airflow/dags/f1_ingestion_dag.py took 0.080 seconds
[2025-03-28T05:25:42.682+0000] {processor.py:161} INFO - Started process (PID=304) to work on /opt/airflow/dags/f1_ingestion_dag.py
[2025-03-28T05:25:42.683+0000] {processor.py:830} INFO - Processing file /opt/airflow/dags/f1_ingestion_dag.py for tasks to queue
[2025-03-28T05:25:42.684+0000] {logging_mixin.py:188} INFO - [2025-03-28T05:25:42.684+0000] {dagbag.py:538} INFO - Filling up the DagBag from /opt/airflow/dags/f1_ingestion_dag.py
[2025-03-28T05:25:42.697+0000] {processor.py:840} INFO - DAG(s) 'f1_ingestion_dag' retrieved from /opt/airflow/dags/f1_ingestion_dag.py
[2025-03-28T05:25:42.719+0000] {logging_mixin.py:188} INFO - [2025-03-28T05:25:42.719+0000] {dag.py:3036} INFO - Sync 1 DAGs
[2025-03-28T05:25:42.728+0000] {logging_mixin.py:188} INFO - [2025-03-28T05:25:42.728+0000] {dag.py:3823} INFO - Setting next_dagrun for f1_ingestion_dag to None, run_after=None
[2025-03-28T05:25:42.738+0000] {processor.py:183} INFO - Processing /opt/airflow/dags/f1_ingestion_dag.py took 0.060 seconds
[2025-03-28T05:26:13.062+0000] {processor.py:161} INFO - Started process (PID=309) to work on /opt/airflow/dags/f1_ingestion_dag.py
[2025-03-28T05:26:13.063+0000] {processor.py:830} INFO - Processing file /opt/airflow/dags/f1_ingestion_dag.py for tasks to queue
[2025-03-28T05:26:13.064+0000] {logging_mixin.py:188} INFO - [2025-03-28T05:26:13.063+0000] {dagbag.py:538} INFO - Filling up the DagBag from /opt/airflow/dags/f1_ingestion_dag.py
[2025-03-28T05:26:13.078+0000] {processor.py:840} INFO - DAG(s) 'f1_ingestion_dag' retrieved from /opt/airflow/dags/f1_ingestion_dag.py
[2025-03-28T05:26:13.112+0000] {logging_mixin.py:188} INFO - [2025-03-28T05:26:13.111+0000] {dag.py:3036} INFO - Sync 1 DAGs
[2025-03-28T05:26:13.124+0000] {logging_mixin.py:188} INFO - [2025-03-28T05:26:13.124+0000] {dag.py:3823} INFO - Setting next_dagrun for f1_ingestion_dag to None, run_after=None
[2025-03-28T05:26:13.139+0000] {processor.py:183} INFO - Processing /opt/airflow/dags/f1_ingestion_dag.py took 0.083 seconds
[2025-03-28T05:26:43.392+0000] {processor.py:161} INFO - Started process (PID=314) to work on /opt/airflow/dags/f1_ingestion_dag.py
[2025-03-28T05:26:43.394+0000] {processor.py:830} INFO - Processing file /opt/airflow/dags/f1_ingestion_dag.py for tasks to queue
[2025-03-28T05:26:43.395+0000] {logging_mixin.py:188} INFO - [2025-03-28T05:26:43.394+0000] {dagbag.py:538} INFO - Filling up the DagBag from /opt/airflow/dags/f1_ingestion_dag.py
[2025-03-28T05:26:43.416+0000] {processor.py:840} INFO - DAG(s) 'f1_ingestion_dag' retrieved from /opt/airflow/dags/f1_ingestion_dag.py
[2025-03-28T05:26:43.452+0000] {logging_mixin.py:188} INFO - [2025-03-28T05:26:43.452+0000] {dag.py:3036} INFO - Sync 1 DAGs
[2025-03-28T05:26:43.465+0000] {logging_mixin.py:188} INFO - [2025-03-28T05:26:43.465+0000] {dag.py:3823} INFO - Setting next_dagrun for f1_ingestion_dag to None, run_after=None
[2025-03-28T05:26:43.487+0000] {processor.py:183} INFO - Processing /opt/airflow/dags/f1_ingestion_dag.py took 0.112 seconds
[2025-03-28T05:27:13.769+0000] {processor.py:161} INFO - Started process (PID=319) to work on /opt/airflow/dags/f1_ingestion_dag.py
[2025-03-28T05:27:13.771+0000] {processor.py:830} INFO - Processing file /opt/airflow/dags/f1_ingestion_dag.py for tasks to queue
[2025-03-28T05:27:13.774+0000] {logging_mixin.py:188} INFO - [2025-03-28T05:27:13.772+0000] {dagbag.py:538} INFO - Filling up the DagBag from /opt/airflow/dags/f1_ingestion_dag.py
[2025-03-28T05:27:13.802+0000] {processor.py:840} INFO - DAG(s) 'f1_ingestion_dag' retrieved from /opt/airflow/dags/f1_ingestion_dag.py
[2025-03-28T05:27:13.852+0000] {logging_mixin.py:188} INFO - [2025-03-28T05:27:13.852+0000] {dag.py:3036} INFO - Sync 1 DAGs
[2025-03-28T05:27:13.869+0000] {logging_mixin.py:188} INFO - [2025-03-28T05:27:13.869+0000] {dag.py:3823} INFO - Setting next_dagrun for f1_ingestion_dag to None, run_after=None
[2025-03-28T05:27:13.886+0000] {processor.py:183} INFO - Processing /opt/airflow/dags/f1_ingestion_dag.py took 0.125 seconds
[2025-03-28T05:27:44.082+0000] {processor.py:161} INFO - Started process (PID=324) to work on /opt/airflow/dags/f1_ingestion_dag.py
[2025-03-28T05:27:44.082+0000] {processor.py:830} INFO - Processing file /opt/airflow/dags/f1_ingestion_dag.py for tasks to queue
[2025-03-28T05:27:44.083+0000] {logging_mixin.py:188} INFO - [2025-03-28T05:27:44.083+0000] {dagbag.py:538} INFO - Filling up the DagBag from /opt/airflow/dags/f1_ingestion_dag.py
[2025-03-28T05:27:44.093+0000] {processor.py:840} INFO - DAG(s) 'f1_ingestion_dag' retrieved from /opt/airflow/dags/f1_ingestion_dag.py
[2025-03-28T05:27:44.123+0000] {logging_mixin.py:188} INFO - [2025-03-28T05:27:44.123+0000] {dag.py:3036} INFO - Sync 1 DAGs
[2025-03-28T05:27:44.134+0000] {logging_mixin.py:188} INFO - [2025-03-28T05:27:44.134+0000] {dag.py:3823} INFO - Setting next_dagrun for f1_ingestion_dag to None, run_after=None
[2025-03-28T05:27:44.146+0000] {processor.py:183} INFO - Processing /opt/airflow/dags/f1_ingestion_dag.py took 0.069 seconds
[2025-03-28T05:28:14.499+0000] {processor.py:161} INFO - Started process (PID=329) to work on /opt/airflow/dags/f1_ingestion_dag.py
[2025-03-28T05:28:14.500+0000] {processor.py:830} INFO - Processing file /opt/airflow/dags/f1_ingestion_dag.py for tasks to queue
[2025-03-28T05:28:14.501+0000] {logging_mixin.py:188} INFO - [2025-03-28T05:28:14.500+0000] {dagbag.py:538} INFO - Filling up the DagBag from /opt/airflow/dags/f1_ingestion_dag.py
[2025-03-28T05:28:14.510+0000] {processor.py:840} INFO - DAG(s) 'f1_ingestion_dag' retrieved from /opt/airflow/dags/f1_ingestion_dag.py
[2025-03-28T05:28:14.531+0000] {logging_mixin.py:188} INFO - [2025-03-28T05:28:14.531+0000] {dag.py:3036} INFO - Sync 1 DAGs
[2025-03-28T05:28:14.539+0000] {logging_mixin.py:188} INFO - [2025-03-28T05:28:14.539+0000] {dag.py:3823} INFO - Setting next_dagrun for f1_ingestion_dag to None, run_after=None
[2025-03-28T05:28:14.549+0000] {processor.py:183} INFO - Processing /opt/airflow/dags/f1_ingestion_dag.py took 0.054 seconds
[2025-03-28T05:28:44.807+0000] {processor.py:161} INFO - Started process (PID=334) to work on /opt/airflow/dags/f1_ingestion_dag.py
[2025-03-28T05:28:44.808+0000] {processor.py:830} INFO - Processing file /opt/airflow/dags/f1_ingestion_dag.py for tasks to queue
[2025-03-28T05:28:44.809+0000] {logging_mixin.py:188} INFO - [2025-03-28T05:28:44.808+0000] {dagbag.py:538} INFO - Filling up the DagBag from /opt/airflow/dags/f1_ingestion_dag.py
[2025-03-28T05:28:44.818+0000] {processor.py:840} INFO - DAG(s) 'f1_ingestion_dag' retrieved from /opt/airflow/dags/f1_ingestion_dag.py
[2025-03-28T05:28:44.838+0000] {logging_mixin.py:188} INFO - [2025-03-28T05:28:44.838+0000] {dag.py:3036} INFO - Sync 1 DAGs
[2025-03-28T05:28:44.845+0000] {logging_mixin.py:188} INFO - [2025-03-28T05:28:44.845+0000] {dag.py:3823} INFO - Setting next_dagrun for f1_ingestion_dag to None, run_after=None
[2025-03-28T05:28:44.856+0000] {processor.py:183} INFO - Processing /opt/airflow/dags/f1_ingestion_dag.py took 0.052 seconds
[2025-03-28T05:29:15.151+0000] {processor.py:161} INFO - Started process (PID=339) to work on /opt/airflow/dags/f1_ingestion_dag.py
[2025-03-28T05:29:15.152+0000] {processor.py:830} INFO - Processing file /opt/airflow/dags/f1_ingestion_dag.py for tasks to queue
[2025-03-28T05:29:15.154+0000] {logging_mixin.py:188} INFO - [2025-03-28T05:29:15.153+0000] {dagbag.py:538} INFO - Filling up the DagBag from /opt/airflow/dags/f1_ingestion_dag.py
[2025-03-28T05:29:15.201+0000] {processor.py:840} INFO - DAG(s) 'f1_ingestion_dag' retrieved from /opt/airflow/dags/f1_ingestion_dag.py
[2025-03-28T05:29:15.260+0000] {logging_mixin.py:188} INFO - [2025-03-28T05:29:15.260+0000] {dag.py:3036} INFO - Sync 1 DAGs
[2025-03-28T05:29:15.276+0000] {logging_mixin.py:188} INFO - [2025-03-28T05:29:15.275+0000] {dag.py:3823} INFO - Setting next_dagrun for f1_ingestion_dag to None, run_after=None
[2025-03-28T05:29:15.292+0000] {processor.py:183} INFO - Processing /opt/airflow/dags/f1_ingestion_dag.py took 0.149 seconds
[2025-03-28T05:29:45.495+0000] {processor.py:161} INFO - Started process (PID=344) to work on /opt/airflow/dags/f1_ingestion_dag.py
[2025-03-28T05:29:45.495+0000] {processor.py:830} INFO - Processing file /opt/airflow/dags/f1_ingestion_dag.py for tasks to queue
[2025-03-28T05:29:45.496+0000] {logging_mixin.py:188} INFO - [2025-03-28T05:29:45.496+0000] {dagbag.py:538} INFO - Filling up the DagBag from /opt/airflow/dags/f1_ingestion_dag.py
[2025-03-28T05:29:45.505+0000] {processor.py:840} INFO - DAG(s) 'f1_ingestion_dag' retrieved from /opt/airflow/dags/f1_ingestion_dag.py
[2025-03-28T05:29:45.530+0000] {logging_mixin.py:188} INFO - [2025-03-28T05:29:45.530+0000] {dag.py:3036} INFO - Sync 1 DAGs
[2025-03-28T05:29:45.538+0000] {logging_mixin.py:188} INFO - [2025-03-28T05:29:45.537+0000] {dag.py:3823} INFO - Setting next_dagrun for f1_ingestion_dag to None, run_after=None
[2025-03-28T05:29:45.548+0000] {processor.py:183} INFO - Processing /opt/airflow/dags/f1_ingestion_dag.py took 0.057 seconds
[2025-03-28T05:30:15.915+0000] {processor.py:161} INFO - Started process (PID=349) to work on /opt/airflow/dags/f1_ingestion_dag.py
[2025-03-28T05:30:15.916+0000] {processor.py:830} INFO - Processing file /opt/airflow/dags/f1_ingestion_dag.py for tasks to queue
[2025-03-28T05:30:15.917+0000] {logging_mixin.py:188} INFO - [2025-03-28T05:30:15.917+0000] {dagbag.py:538} INFO - Filling up the DagBag from /opt/airflow/dags/f1_ingestion_dag.py
[2025-03-28T05:30:15.935+0000] {processor.py:840} INFO - DAG(s) 'f1_ingestion_dag' retrieved from /opt/airflow/dags/f1_ingestion_dag.py
[2025-03-28T05:30:15.965+0000] {logging_mixin.py:188} INFO - [2025-03-28T05:30:15.965+0000] {dag.py:3036} INFO - Sync 1 DAGs
[2025-03-28T05:30:15.977+0000] {logging_mixin.py:188} INFO - [2025-03-28T05:30:15.976+0000] {dag.py:3823} INFO - Setting next_dagrun for f1_ingestion_dag to None, run_after=None
[2025-03-28T05:30:15.990+0000] {processor.py:183} INFO - Processing /opt/airflow/dags/f1_ingestion_dag.py took 0.081 seconds
[2025-03-28T05:30:46.260+0000] {processor.py:161} INFO - Started process (PID=354) to work on /opt/airflow/dags/f1_ingestion_dag.py
[2025-03-28T05:30:46.261+0000] {processor.py:830} INFO - Processing file /opt/airflow/dags/f1_ingestion_dag.py for tasks to queue
[2025-03-28T05:30:46.262+0000] {logging_mixin.py:188} INFO - [2025-03-28T05:30:46.261+0000] {dagbag.py:538} INFO - Filling up the DagBag from /opt/airflow/dags/f1_ingestion_dag.py
[2025-03-28T05:30:46.271+0000] {processor.py:840} INFO - DAG(s) 'f1_ingestion_dag' retrieved from /opt/airflow/dags/f1_ingestion_dag.py
[2025-03-28T05:30:46.292+0000] {logging_mixin.py:188} INFO - [2025-03-28T05:30:46.292+0000] {dag.py:3036} INFO - Sync 1 DAGs
[2025-03-28T05:30:46.299+0000] {logging_mixin.py:188} INFO - [2025-03-28T05:30:46.299+0000] {dag.py:3823} INFO - Setting next_dagrun for f1_ingestion_dag to None, run_after=None
[2025-03-28T05:30:46.309+0000] {processor.py:183} INFO - Processing /opt/airflow/dags/f1_ingestion_dag.py took 0.052 seconds
[2025-03-28T05:31:16.578+0000] {processor.py:161} INFO - Started process (PID=359) to work on /opt/airflow/dags/f1_ingestion_dag.py
[2025-03-28T05:31:16.579+0000] {processor.py:830} INFO - Processing file /opt/airflow/dags/f1_ingestion_dag.py for tasks to queue
[2025-03-28T05:31:16.581+0000] {logging_mixin.py:188} INFO - [2025-03-28T05:31:16.580+0000] {dagbag.py:538} INFO - Filling up the DagBag from /opt/airflow/dags/f1_ingestion_dag.py
[2025-03-28T05:31:16.595+0000] {processor.py:840} INFO - DAG(s) 'f1_ingestion_dag' retrieved from /opt/airflow/dags/f1_ingestion_dag.py
[2025-03-28T05:31:16.616+0000] {logging_mixin.py:188} INFO - [2025-03-28T05:31:16.616+0000] {dag.py:3036} INFO - Sync 1 DAGs
[2025-03-28T05:31:16.625+0000] {logging_mixin.py:188} INFO - [2025-03-28T05:31:16.624+0000] {dag.py:3823} INFO - Setting next_dagrun for f1_ingestion_dag to None, run_after=None
[2025-03-28T05:31:16.635+0000] {processor.py:183} INFO - Processing /opt/airflow/dags/f1_ingestion_dag.py took 0.064 seconds
[2025-03-28T05:31:46.865+0000] {processor.py:161} INFO - Started process (PID=364) to work on /opt/airflow/dags/f1_ingestion_dag.py
[2025-03-28T05:31:46.865+0000] {processor.py:830} INFO - Processing file /opt/airflow/dags/f1_ingestion_dag.py for tasks to queue
[2025-03-28T05:31:46.866+0000] {logging_mixin.py:188} INFO - [2025-03-28T05:31:46.866+0000] {dagbag.py:538} INFO - Filling up the DagBag from /opt/airflow/dags/f1_ingestion_dag.py
[2025-03-28T05:31:46.875+0000] {processor.py:840} INFO - DAG(s) 'f1_ingestion_dag' retrieved from /opt/airflow/dags/f1_ingestion_dag.py
[2025-03-28T05:31:46.898+0000] {logging_mixin.py:188} INFO - [2025-03-28T05:31:46.898+0000] {dag.py:3036} INFO - Sync 1 DAGs
[2025-03-28T05:31:46.908+0000] {logging_mixin.py:188} INFO - [2025-03-28T05:31:46.908+0000] {dag.py:3823} INFO - Setting next_dagrun for f1_ingestion_dag to None, run_after=None
[2025-03-28T05:31:46.919+0000] {processor.py:183} INFO - Processing /opt/airflow/dags/f1_ingestion_dag.py took 0.058 seconds
[2025-03-28T05:32:17.170+0000] {processor.py:161} INFO - Started process (PID=369) to work on /opt/airflow/dags/f1_ingestion_dag.py
[2025-03-28T05:32:17.171+0000] {processor.py:830} INFO - Processing file /opt/airflow/dags/f1_ingestion_dag.py for tasks to queue
[2025-03-28T05:32:17.172+0000] {logging_mixin.py:188} INFO - [2025-03-28T05:32:17.172+0000] {dagbag.py:538} INFO - Filling up the DagBag from /opt/airflow/dags/f1_ingestion_dag.py
[2025-03-28T05:32:17.179+0000] {processor.py:840} INFO - DAG(s) 'f1_ingestion_dag' retrieved from /opt/airflow/dags/f1_ingestion_dag.py
[2025-03-28T05:32:17.202+0000] {logging_mixin.py:188} INFO - [2025-03-28T05:32:17.202+0000] {dag.py:3036} INFO - Sync 1 DAGs
[2025-03-28T05:32:17.209+0000] {logging_mixin.py:188} INFO - [2025-03-28T05:32:17.209+0000] {dag.py:3823} INFO - Setting next_dagrun for f1_ingestion_dag to None, run_after=None
[2025-03-28T05:32:17.222+0000] {processor.py:183} INFO - Processing /opt/airflow/dags/f1_ingestion_dag.py took 0.055 seconds
[2025-03-28T05:32:47.556+0000] {processor.py:161} INFO - Started process (PID=374) to work on /opt/airflow/dags/f1_ingestion_dag.py
[2025-03-28T05:32:47.557+0000] {processor.py:830} INFO - Processing file /opt/airflow/dags/f1_ingestion_dag.py for tasks to queue
[2025-03-28T05:32:47.558+0000] {logging_mixin.py:188} INFO - [2025-03-28T05:32:47.558+0000] {dagbag.py:538} INFO - Filling up the DagBag from /opt/airflow/dags/f1_ingestion_dag.py
[2025-03-28T05:32:47.568+0000] {processor.py:840} INFO - DAG(s) 'f1_ingestion_dag' retrieved from /opt/airflow/dags/f1_ingestion_dag.py
[2025-03-28T05:32:47.590+0000] {logging_mixin.py:188} INFO - [2025-03-28T05:32:47.590+0000] {dag.py:3036} INFO - Sync 1 DAGs
[2025-03-28T05:32:47.597+0000] {logging_mixin.py:188} INFO - [2025-03-28T05:32:47.597+0000] {dag.py:3823} INFO - Setting next_dagrun for f1_ingestion_dag to None, run_after=None
[2025-03-28T05:32:47.608+0000] {processor.py:183} INFO - Processing /opt/airflow/dags/f1_ingestion_dag.py took 0.055 seconds
[2025-03-28T05:33:18.042+0000] {processor.py:161} INFO - Started process (PID=379) to work on /opt/airflow/dags/f1_ingestion_dag.py
[2025-03-28T05:33:18.044+0000] {processor.py:830} INFO - Processing file /opt/airflow/dags/f1_ingestion_dag.py for tasks to queue
[2025-03-28T05:33:18.045+0000] {logging_mixin.py:188} INFO - [2025-03-28T05:33:18.044+0000] {dagbag.py:538} INFO - Filling up the DagBag from /opt/airflow/dags/f1_ingestion_dag.py
[2025-03-28T05:33:18.063+0000] {processor.py:840} INFO - DAG(s) 'f1_ingestion_dag' retrieved from /opt/airflow/dags/f1_ingestion_dag.py
[2025-03-28T05:33:18.114+0000] {logging_mixin.py:188} INFO - [2025-03-28T05:33:18.113+0000] {dag.py:3036} INFO - Sync 1 DAGs
[2025-03-28T05:33:18.127+0000] {logging_mixin.py:188} INFO - [2025-03-28T05:33:18.127+0000] {dag.py:3823} INFO - Setting next_dagrun for f1_ingestion_dag to None, run_after=None
[2025-03-28T05:33:18.142+0000] {processor.py:183} INFO - Processing /opt/airflow/dags/f1_ingestion_dag.py took 0.104 seconds
[2025-03-28T05:33:48.289+0000] {processor.py:161} INFO - Started process (PID=384) to work on /opt/airflow/dags/f1_ingestion_dag.py
[2025-03-28T05:33:48.291+0000] {processor.py:830} INFO - Processing file /opt/airflow/dags/f1_ingestion_dag.py for tasks to queue
[2025-03-28T05:33:48.293+0000] {logging_mixin.py:188} INFO - [2025-03-28T05:33:48.292+0000] {dagbag.py:538} INFO - Filling up the DagBag from /opt/airflow/dags/f1_ingestion_dag.py
[2025-03-28T05:33:48.324+0000] {processor.py:840} INFO - DAG(s) 'f1_ingestion_dag' retrieved from /opt/airflow/dags/f1_ingestion_dag.py
[2025-03-28T05:33:48.363+0000] {logging_mixin.py:188} INFO - [2025-03-28T05:33:48.363+0000] {dag.py:3036} INFO - Sync 1 DAGs
[2025-03-28T05:33:48.376+0000] {logging_mixin.py:188} INFO - [2025-03-28T05:33:48.376+0000] {dag.py:3823} INFO - Setting next_dagrun for f1_ingestion_dag to None, run_after=None
[2025-03-28T05:33:48.389+0000] {processor.py:183} INFO - Processing /opt/airflow/dags/f1_ingestion_dag.py took 0.107 seconds
[2025-03-28T05:34:18.613+0000] {processor.py:161} INFO - Started process (PID=389) to work on /opt/airflow/dags/f1_ingestion_dag.py
[2025-03-28T05:34:18.614+0000] {processor.py:830} INFO - Processing file /opt/airflow/dags/f1_ingestion_dag.py for tasks to queue
[2025-03-28T05:34:18.615+0000] {logging_mixin.py:188} INFO - [2025-03-28T05:34:18.615+0000] {dagbag.py:538} INFO - Filling up the DagBag from /opt/airflow/dags/f1_ingestion_dag.py
[2025-03-28T05:34:18.625+0000] {processor.py:840} INFO - DAG(s) 'f1_ingestion_dag' retrieved from /opt/airflow/dags/f1_ingestion_dag.py
[2025-03-28T05:34:18.649+0000] {logging_mixin.py:188} INFO - [2025-03-28T05:34:18.649+0000] {dag.py:3036} INFO - Sync 1 DAGs
[2025-03-28T05:34:18.656+0000] {logging_mixin.py:188} INFO - [2025-03-28T05:34:18.656+0000] {dag.py:3823} INFO - Setting next_dagrun for f1_ingestion_dag to None, run_after=None
[2025-03-28T05:34:18.667+0000] {processor.py:183} INFO - Processing /opt/airflow/dags/f1_ingestion_dag.py took 0.057 seconds
[2025-03-28T05:34:49.092+0000] {processor.py:161} INFO - Started process (PID=394) to work on /opt/airflow/dags/f1_ingestion_dag.py
[2025-03-28T05:34:49.093+0000] {processor.py:830} INFO - Processing file /opt/airflow/dags/f1_ingestion_dag.py for tasks to queue
[2025-03-28T05:34:49.095+0000] {logging_mixin.py:188} INFO - [2025-03-28T05:34:49.094+0000] {dagbag.py:538} INFO - Filling up the DagBag from /opt/airflow/dags/f1_ingestion_dag.py
[2025-03-28T05:34:49.110+0000] {processor.py:840} INFO - DAG(s) 'f1_ingestion_dag' retrieved from /opt/airflow/dags/f1_ingestion_dag.py
[2025-03-28T05:34:49.139+0000] {logging_mixin.py:188} INFO - [2025-03-28T05:34:49.139+0000] {dag.py:3036} INFO - Sync 1 DAGs
[2025-03-28T05:34:49.150+0000] {logging_mixin.py:188} INFO - [2025-03-28T05:34:49.150+0000] {dag.py:3823} INFO - Setting next_dagrun for f1_ingestion_dag to None, run_after=None
[2025-03-28T05:34:49.161+0000] {processor.py:183} INFO - Processing /opt/airflow/dags/f1_ingestion_dag.py took 0.075 seconds
[2025-03-28T05:35:19.442+0000] {processor.py:161} INFO - Started process (PID=399) to work on /opt/airflow/dags/f1_ingestion_dag.py
[2025-03-28T05:35:19.443+0000] {processor.py:830} INFO - Processing file /opt/airflow/dags/f1_ingestion_dag.py for tasks to queue
[2025-03-28T05:35:19.444+0000] {logging_mixin.py:188} INFO - [2025-03-28T05:35:19.443+0000] {dagbag.py:538} INFO - Filling up the DagBag from /opt/airflow/dags/f1_ingestion_dag.py
[2025-03-28T05:35:19.452+0000] {processor.py:840} INFO - DAG(s) 'f1_ingestion_dag' retrieved from /opt/airflow/dags/f1_ingestion_dag.py
[2025-03-28T05:35:19.472+0000] {logging_mixin.py:188} INFO - [2025-03-28T05:35:19.472+0000] {dag.py:3036} INFO - Sync 1 DAGs
[2025-03-28T05:35:19.481+0000] {logging_mixin.py:188} INFO - [2025-03-28T05:35:19.481+0000] {dag.py:3823} INFO - Setting next_dagrun for f1_ingestion_dag to None, run_after=None
[2025-03-28T05:35:19.490+0000] {processor.py:183} INFO - Processing /opt/airflow/dags/f1_ingestion_dag.py took 0.052 seconds
[2025-03-28T05:35:49.785+0000] {processor.py:161} INFO - Started process (PID=404) to work on /opt/airflow/dags/f1_ingestion_dag.py
[2025-03-28T05:35:49.787+0000] {processor.py:830} INFO - Processing file /opt/airflow/dags/f1_ingestion_dag.py for tasks to queue
[2025-03-28T05:35:49.788+0000] {logging_mixin.py:188} INFO - [2025-03-28T05:35:49.787+0000] {dagbag.py:538} INFO - Filling up the DagBag from /opt/airflow/dags/f1_ingestion_dag.py
[2025-03-28T05:35:49.803+0000] {processor.py:840} INFO - DAG(s) 'f1_ingestion_dag' retrieved from /opt/airflow/dags/f1_ingestion_dag.py
[2025-03-28T05:35:49.834+0000] {logging_mixin.py:188} INFO - [2025-03-28T05:35:49.834+0000] {dag.py:3036} INFO - Sync 1 DAGs
[2025-03-28T05:35:49.845+0000] {logging_mixin.py:188} INFO - [2025-03-28T05:35:49.845+0000] {dag.py:3823} INFO - Setting next_dagrun for f1_ingestion_dag to None, run_after=None
[2025-03-28T05:35:49.857+0000] {processor.py:183} INFO - Processing /opt/airflow/dags/f1_ingestion_dag.py took 0.078 seconds
[2025-03-28T05:36:20.120+0000] {processor.py:161} INFO - Started process (PID=409) to work on /opt/airflow/dags/f1_ingestion_dag.py
[2025-03-28T05:36:20.121+0000] {processor.py:830} INFO - Processing file /opt/airflow/dags/f1_ingestion_dag.py for tasks to queue
[2025-03-28T05:36:20.122+0000] {logging_mixin.py:188} INFO - [2025-03-28T05:36:20.122+0000] {dagbag.py:538} INFO - Filling up the DagBag from /opt/airflow/dags/f1_ingestion_dag.py
[2025-03-28T05:36:20.133+0000] {processor.py:840} INFO - DAG(s) 'f1_ingestion_dag' retrieved from /opt/airflow/dags/f1_ingestion_dag.py
[2025-03-28T05:36:20.157+0000] {logging_mixin.py:188} INFO - [2025-03-28T05:36:20.157+0000] {dag.py:3036} INFO - Sync 1 DAGs
[2025-03-28T05:36:20.168+0000] {logging_mixin.py:188} INFO - [2025-03-28T05:36:20.167+0000] {dag.py:3823} INFO - Setting next_dagrun for f1_ingestion_dag to None, run_after=None
[2025-03-28T05:36:20.180+0000] {processor.py:183} INFO - Processing /opt/airflow/dags/f1_ingestion_dag.py took 0.063 seconds
[2025-03-28T05:36:50.476+0000] {processor.py:161} INFO - Started process (PID=414) to work on /opt/airflow/dags/f1_ingestion_dag.py
[2025-03-28T05:36:50.477+0000] {processor.py:830} INFO - Processing file /opt/airflow/dags/f1_ingestion_dag.py for tasks to queue
[2025-03-28T05:36:50.479+0000] {logging_mixin.py:188} INFO - [2025-03-28T05:36:50.478+0000] {dagbag.py:538} INFO - Filling up the DagBag from /opt/airflow/dags/f1_ingestion_dag.py
[2025-03-28T05:36:50.493+0000] {processor.py:840} INFO - DAG(s) 'f1_ingestion_dag' retrieved from /opt/airflow/dags/f1_ingestion_dag.py
[2025-03-28T05:36:50.517+0000] {logging_mixin.py:188} INFO - [2025-03-28T05:36:50.517+0000] {dag.py:3036} INFO - Sync 1 DAGs
[2025-03-28T05:36:50.527+0000] {logging_mixin.py:188} INFO - [2025-03-28T05:36:50.527+0000] {dag.py:3823} INFO - Setting next_dagrun for f1_ingestion_dag to None, run_after=None
[2025-03-28T05:36:50.538+0000] {processor.py:183} INFO - Processing /opt/airflow/dags/f1_ingestion_dag.py took 0.067 seconds
[2025-03-28T05:37:20.799+0000] {processor.py:161} INFO - Started process (PID=419) to work on /opt/airflow/dags/f1_ingestion_dag.py
[2025-03-28T05:37:20.799+0000] {processor.py:830} INFO - Processing file /opt/airflow/dags/f1_ingestion_dag.py for tasks to queue
[2025-03-28T05:37:20.800+0000] {logging_mixin.py:188} INFO - [2025-03-28T05:37:20.800+0000] {dagbag.py:538} INFO - Filling up the DagBag from /opt/airflow/dags/f1_ingestion_dag.py
[2025-03-28T05:37:20.809+0000] {processor.py:840} INFO - DAG(s) 'f1_ingestion_dag' retrieved from /opt/airflow/dags/f1_ingestion_dag.py
[2025-03-28T05:37:20.829+0000] {logging_mixin.py:188} INFO - [2025-03-28T05:37:20.829+0000] {dag.py:3036} INFO - Sync 1 DAGs
[2025-03-28T05:37:20.836+0000] {logging_mixin.py:188} INFO - [2025-03-28T05:37:20.836+0000] {dag.py:3823} INFO - Setting next_dagrun for f1_ingestion_dag to None, run_after=None
[2025-03-28T05:37:20.845+0000] {processor.py:183} INFO - Processing /opt/airflow/dags/f1_ingestion_dag.py took 0.049 seconds
[2025-03-28T05:37:51.081+0000] {processor.py:161} INFO - Started process (PID=424) to work on /opt/airflow/dags/f1_ingestion_dag.py
[2025-03-28T05:37:51.082+0000] {processor.py:830} INFO - Processing file /opt/airflow/dags/f1_ingestion_dag.py for tasks to queue
[2025-03-28T05:37:51.083+0000] {logging_mixin.py:188} INFO - [2025-03-28T05:37:51.082+0000] {dagbag.py:538} INFO - Filling up the DagBag from /opt/airflow/dags/f1_ingestion_dag.py
[2025-03-28T05:37:51.093+0000] {processor.py:840} INFO - DAG(s) 'f1_ingestion_dag' retrieved from /opt/airflow/dags/f1_ingestion_dag.py
[2025-03-28T05:37:51.113+0000] {logging_mixin.py:188} INFO - [2025-03-28T05:37:51.113+0000] {dag.py:3036} INFO - Sync 1 DAGs
[2025-03-28T05:37:51.120+0000] {logging_mixin.py:188} INFO - [2025-03-28T05:37:51.120+0000] {dag.py:3823} INFO - Setting next_dagrun for f1_ingestion_dag to None, run_after=None
[2025-03-28T05:37:51.130+0000] {processor.py:183} INFO - Processing /opt/airflow/dags/f1_ingestion_dag.py took 0.053 seconds
[2025-03-28T05:38:21.374+0000] {processor.py:161} INFO - Started process (PID=429) to work on /opt/airflow/dags/f1_ingestion_dag.py
[2025-03-28T05:38:21.375+0000] {processor.py:830} INFO - Processing file /opt/airflow/dags/f1_ingestion_dag.py for tasks to queue
[2025-03-28T05:38:21.376+0000] {logging_mixin.py:188} INFO - [2025-03-28T05:38:21.375+0000] {dagbag.py:538} INFO - Filling up the DagBag from /opt/airflow/dags/f1_ingestion_dag.py
[2025-03-28T05:38:21.385+0000] {processor.py:840} INFO - DAG(s) 'f1_ingestion_dag' retrieved from /opt/airflow/dags/f1_ingestion_dag.py
[2025-03-28T05:38:21.405+0000] {logging_mixin.py:188} INFO - [2025-03-28T05:38:21.405+0000] {dag.py:3036} INFO - Sync 1 DAGs
[2025-03-28T05:38:21.412+0000] {logging_mixin.py:188} INFO - [2025-03-28T05:38:21.412+0000] {dag.py:3823} INFO - Setting next_dagrun for f1_ingestion_dag to None, run_after=None
[2025-03-28T05:38:21.421+0000] {processor.py:183} INFO - Processing /opt/airflow/dags/f1_ingestion_dag.py took 0.051 seconds
[2025-03-28T05:38:51.702+0000] {processor.py:161} INFO - Started process (PID=434) to work on /opt/airflow/dags/f1_ingestion_dag.py
[2025-03-28T05:38:51.703+0000] {processor.py:830} INFO - Processing file /opt/airflow/dags/f1_ingestion_dag.py for tasks to queue
[2025-03-28T05:38:51.704+0000] {logging_mixin.py:188} INFO - [2025-03-28T05:38:51.704+0000] {dagbag.py:538} INFO - Filling up the DagBag from /opt/airflow/dags/f1_ingestion_dag.py
[2025-03-28T05:38:51.720+0000] {processor.py:840} INFO - DAG(s) 'f1_ingestion_dag' retrieved from /opt/airflow/dags/f1_ingestion_dag.py
[2025-03-28T05:38:51.746+0000] {logging_mixin.py:188} INFO - [2025-03-28T05:38:51.746+0000] {dag.py:3036} INFO - Sync 1 DAGs
[2025-03-28T05:38:51.756+0000] {logging_mixin.py:188} INFO - [2025-03-28T05:38:51.755+0000] {dag.py:3823} INFO - Setting next_dagrun for f1_ingestion_dag to None, run_after=None
[2025-03-28T05:38:51.767+0000] {processor.py:183} INFO - Processing /opt/airflow/dags/f1_ingestion_dag.py took 0.070 seconds
[2025-03-28T05:39:22.110+0000] {processor.py:161} INFO - Started process (PID=439) to work on /opt/airflow/dags/f1_ingestion_dag.py
[2025-03-28T05:39:22.111+0000] {processor.py:830} INFO - Processing file /opt/airflow/dags/f1_ingestion_dag.py for tasks to queue
[2025-03-28T05:39:22.112+0000] {logging_mixin.py:188} INFO - [2025-03-28T05:39:22.112+0000] {dagbag.py:538} INFO - Filling up the DagBag from /opt/airflow/dags/f1_ingestion_dag.py
[2025-03-28T05:39:22.122+0000] {processor.py:840} INFO - DAG(s) 'f1_ingestion_dag' retrieved from /opt/airflow/dags/f1_ingestion_dag.py
[2025-03-28T05:39:22.145+0000] {logging_mixin.py:188} INFO - [2025-03-28T05:39:22.145+0000] {dag.py:3036} INFO - Sync 1 DAGs
[2025-03-28T05:39:22.154+0000] {logging_mixin.py:188} INFO - [2025-03-28T05:39:22.154+0000] {dag.py:3823} INFO - Setting next_dagrun for f1_ingestion_dag to None, run_after=None
[2025-03-28T05:39:22.164+0000] {processor.py:183} INFO - Processing /opt/airflow/dags/f1_ingestion_dag.py took 0.058 seconds
[2025-03-28T05:39:52.490+0000] {processor.py:161} INFO - Started process (PID=444) to work on /opt/airflow/dags/f1_ingestion_dag.py
[2025-03-28T05:39:52.491+0000] {processor.py:830} INFO - Processing file /opt/airflow/dags/f1_ingestion_dag.py for tasks to queue
[2025-03-28T05:39:52.492+0000] {logging_mixin.py:188} INFO - [2025-03-28T05:39:52.491+0000] {dagbag.py:538} INFO - Filling up the DagBag from /opt/airflow/dags/f1_ingestion_dag.py
[2025-03-28T05:39:52.506+0000] {processor.py:840} INFO - DAG(s) 'f1_ingestion_dag' retrieved from /opt/airflow/dags/f1_ingestion_dag.py
[2025-03-28T05:39:52.536+0000] {logging_mixin.py:188} INFO - [2025-03-28T05:39:52.536+0000] {dag.py:3036} INFO - Sync 1 DAGs
[2025-03-28T05:39:52.547+0000] {logging_mixin.py:188} INFO - [2025-03-28T05:39:52.547+0000] {dag.py:3823} INFO - Setting next_dagrun for f1_ingestion_dag to None, run_after=None
[2025-03-28T05:39:52.557+0000] {processor.py:183} INFO - Processing /opt/airflow/dags/f1_ingestion_dag.py took 0.074 seconds
[2025-03-28T05:40:22.934+0000] {processor.py:161} INFO - Started process (PID=449) to work on /opt/airflow/dags/f1_ingestion_dag.py
[2025-03-28T05:40:22.935+0000] {processor.py:830} INFO - Processing file /opt/airflow/dags/f1_ingestion_dag.py for tasks to queue
[2025-03-28T05:40:22.936+0000] {logging_mixin.py:188} INFO - [2025-03-28T05:40:22.935+0000] {dagbag.py:538} INFO - Filling up the DagBag from /opt/airflow/dags/f1_ingestion_dag.py
[2025-03-28T05:40:22.952+0000] {processor.py:840} INFO - DAG(s) 'f1_ingestion_dag' retrieved from /opt/airflow/dags/f1_ingestion_dag.py
[2025-03-28T05:40:22.984+0000] {logging_mixin.py:188} INFO - [2025-03-28T05:40:22.983+0000] {dag.py:3036} INFO - Sync 1 DAGs
[2025-03-28T05:40:22.995+0000] {logging_mixin.py:188} INFO - [2025-03-28T05:40:22.995+0000] {dag.py:3823} INFO - Setting next_dagrun for f1_ingestion_dag to None, run_after=None
[2025-03-28T05:40:23.008+0000] {processor.py:183} INFO - Processing /opt/airflow/dags/f1_ingestion_dag.py took 0.082 seconds
[2025-03-28T05:40:53.290+0000] {processor.py:161} INFO - Started process (PID=454) to work on /opt/airflow/dags/f1_ingestion_dag.py
[2025-03-28T05:40:53.291+0000] {processor.py:830} INFO - Processing file /opt/airflow/dags/f1_ingestion_dag.py for tasks to queue
[2025-03-28T05:40:53.293+0000] {logging_mixin.py:188} INFO - [2025-03-28T05:40:53.293+0000] {dagbag.py:538} INFO - Filling up the DagBag from /opt/airflow/dags/f1_ingestion_dag.py
[2025-03-28T05:40:53.304+0000] {processor.py:840} INFO - DAG(s) 'f1_ingestion_dag' retrieved from /opt/airflow/dags/f1_ingestion_dag.py
[2025-03-28T05:40:53.331+0000] {logging_mixin.py:188} INFO - [2025-03-28T05:40:53.331+0000] {dag.py:3036} INFO - Sync 1 DAGs
[2025-03-28T05:40:53.339+0000] {logging_mixin.py:188} INFO - [2025-03-28T05:40:53.339+0000] {dag.py:3823} INFO - Setting next_dagrun for f1_ingestion_dag to None, run_after=None
[2025-03-28T05:40:53.349+0000] {processor.py:183} INFO - Processing /opt/airflow/dags/f1_ingestion_dag.py took 0.065 seconds
[2025-03-28T05:41:23.751+0000] {processor.py:161} INFO - Started process (PID=459) to work on /opt/airflow/dags/f1_ingestion_dag.py
[2025-03-28T05:41:23.752+0000] {processor.py:830} INFO - Processing file /opt/airflow/dags/f1_ingestion_dag.py for tasks to queue
[2025-03-28T05:41:23.753+0000] {logging_mixin.py:188} INFO - [2025-03-28T05:41:23.752+0000] {dagbag.py:538} INFO - Filling up the DagBag from /opt/airflow/dags/f1_ingestion_dag.py
[2025-03-28T05:41:23.767+0000] {processor.py:840} INFO - DAG(s) 'f1_ingestion_dag' retrieved from /opt/airflow/dags/f1_ingestion_dag.py
[2025-03-28T05:41:23.797+0000] {logging_mixin.py:188} INFO - [2025-03-28T05:41:23.797+0000] {dag.py:3036} INFO - Sync 1 DAGs
[2025-03-28T05:41:23.808+0000] {logging_mixin.py:188} INFO - [2025-03-28T05:41:23.807+0000] {dag.py:3823} INFO - Setting next_dagrun for f1_ingestion_dag to None, run_after=None
[2025-03-28T05:41:23.819+0000] {processor.py:183} INFO - Processing /opt/airflow/dags/f1_ingestion_dag.py took 0.074 seconds
[2025-03-28T05:41:54.151+0000] {processor.py:161} INFO - Started process (PID=464) to work on /opt/airflow/dags/f1_ingestion_dag.py
[2025-03-28T05:41:54.152+0000] {processor.py:830} INFO - Processing file /opt/airflow/dags/f1_ingestion_dag.py for tasks to queue
[2025-03-28T05:41:54.153+0000] {logging_mixin.py:188} INFO - [2025-03-28T05:41:54.153+0000] {dagbag.py:538} INFO - Filling up the DagBag from /opt/airflow/dags/f1_ingestion_dag.py
[2025-03-28T05:41:54.166+0000] {processor.py:840} INFO - DAG(s) 'f1_ingestion_dag' retrieved from /opt/airflow/dags/f1_ingestion_dag.py
[2025-03-28T05:41:54.202+0000] {logging_mixin.py:188} INFO - [2025-03-28T05:41:54.202+0000] {dag.py:3036} INFO - Sync 1 DAGs
[2025-03-28T05:41:54.213+0000] {logging_mixin.py:188} INFO - [2025-03-28T05:41:54.212+0000] {dag.py:3823} INFO - Setting next_dagrun for f1_ingestion_dag to None, run_after=None
[2025-03-28T05:41:54.229+0000] {processor.py:183} INFO - Processing /opt/airflow/dags/f1_ingestion_dag.py took 0.081 seconds
[2025-03-28T05:42:24.520+0000] {processor.py:161} INFO - Started process (PID=469) to work on /opt/airflow/dags/f1_ingestion_dag.py
[2025-03-28T05:42:24.521+0000] {processor.py:830} INFO - Processing file /opt/airflow/dags/f1_ingestion_dag.py for tasks to queue
[2025-03-28T05:42:24.522+0000] {logging_mixin.py:188} INFO - [2025-03-28T05:42:24.522+0000] {dagbag.py:538} INFO - Filling up the DagBag from /opt/airflow/dags/f1_ingestion_dag.py
[2025-03-28T05:42:24.536+0000] {processor.py:840} INFO - DAG(s) 'f1_ingestion_dag' retrieved from /opt/airflow/dags/f1_ingestion_dag.py
[2025-03-28T05:42:24.564+0000] {logging_mixin.py:188} INFO - [2025-03-28T05:42:24.564+0000] {dag.py:3036} INFO - Sync 1 DAGs
[2025-03-28T05:42:24.574+0000] {logging_mixin.py:188} INFO - [2025-03-28T05:42:24.574+0000] {dag.py:3823} INFO - Setting next_dagrun for f1_ingestion_dag to None, run_after=None
[2025-03-28T05:42:24.585+0000] {processor.py:183} INFO - Processing /opt/airflow/dags/f1_ingestion_dag.py took 0.070 seconds
[2025-03-28T05:42:54.922+0000] {processor.py:161} INFO - Started process (PID=474) to work on /opt/airflow/dags/f1_ingestion_dag.py
[2025-03-28T05:42:54.924+0000] {processor.py:830} INFO - Processing file /opt/airflow/dags/f1_ingestion_dag.py for tasks to queue
[2025-03-28T05:42:54.925+0000] {logging_mixin.py:188} INFO - [2025-03-28T05:42:54.925+0000] {dagbag.py:538} INFO - Filling up the DagBag from /opt/airflow/dags/f1_ingestion_dag.py
[2025-03-28T05:42:54.945+0000] {processor.py:840} INFO - DAG(s) 'f1_ingestion_dag' retrieved from /opt/airflow/dags/f1_ingestion_dag.py
[2025-03-28T05:42:54.989+0000] {logging_mixin.py:188} INFO - [2025-03-28T05:42:54.988+0000] {dag.py:3036} INFO - Sync 1 DAGs
[2025-03-28T05:42:55.019+0000] {logging_mixin.py:188} INFO - [2025-03-28T05:42:55.019+0000] {dag.py:3823} INFO - Setting next_dagrun for f1_ingestion_dag to None, run_after=None
[2025-03-28T05:42:55.039+0000] {processor.py:183} INFO - Processing /opt/airflow/dags/f1_ingestion_dag.py took 0.123 seconds
[2025-03-28T05:43:25.218+0000] {processor.py:161} INFO - Started process (PID=479) to work on /opt/airflow/dags/f1_ingestion_dag.py
[2025-03-28T05:43:25.219+0000] {processor.py:830} INFO - Processing file /opt/airflow/dags/f1_ingestion_dag.py for tasks to queue
[2025-03-28T05:43:25.221+0000] {logging_mixin.py:188} INFO - [2025-03-28T05:43:25.220+0000] {dagbag.py:538} INFO - Filling up the DagBag from /opt/airflow/dags/f1_ingestion_dag.py
[2025-03-28T05:43:25.235+0000] {processor.py:840} INFO - DAG(s) 'f1_ingestion_dag' retrieved from /opt/airflow/dags/f1_ingestion_dag.py
[2025-03-28T05:43:25.265+0000] {logging_mixin.py:188} INFO - [2025-03-28T05:43:25.265+0000] {dag.py:3036} INFO - Sync 1 DAGs
[2025-03-28T05:43:25.275+0000] {logging_mixin.py:188} INFO - [2025-03-28T05:43:25.275+0000] {dag.py:3823} INFO - Setting next_dagrun for f1_ingestion_dag to None, run_after=None
[2025-03-28T05:43:25.285+0000] {processor.py:183} INFO - Processing /opt/airflow/dags/f1_ingestion_dag.py took 0.071 seconds
[2025-03-28T05:43:55.493+0000] {processor.py:161} INFO - Started process (PID=484) to work on /opt/airflow/dags/f1_ingestion_dag.py
[2025-03-28T05:43:55.494+0000] {processor.py:830} INFO - Processing file /opt/airflow/dags/f1_ingestion_dag.py for tasks to queue
[2025-03-28T05:43:55.495+0000] {logging_mixin.py:188} INFO - [2025-03-28T05:43:55.494+0000] {dagbag.py:538} INFO - Filling up the DagBag from /opt/airflow/dags/f1_ingestion_dag.py
[2025-03-28T05:43:55.506+0000] {processor.py:840} INFO - DAG(s) 'f1_ingestion_dag' retrieved from /opt/airflow/dags/f1_ingestion_dag.py
[2025-03-28T05:43:55.529+0000] {logging_mixin.py:188} INFO - [2025-03-28T05:43:55.529+0000] {dag.py:3036} INFO - Sync 1 DAGs
[2025-03-28T05:43:55.541+0000] {logging_mixin.py:188} INFO - [2025-03-28T05:43:55.540+0000] {dag.py:3823} INFO - Setting next_dagrun for f1_ingestion_dag to None, run_after=None
[2025-03-28T05:43:55.554+0000] {processor.py:183} INFO - Processing /opt/airflow/dags/f1_ingestion_dag.py took 0.065 seconds
[2025-03-28T05:44:25.852+0000] {processor.py:161} INFO - Started process (PID=489) to work on /opt/airflow/dags/f1_ingestion_dag.py
[2025-03-28T05:44:25.854+0000] {processor.py:830} INFO - Processing file /opt/airflow/dags/f1_ingestion_dag.py for tasks to queue
[2025-03-28T05:44:25.855+0000] {logging_mixin.py:188} INFO - [2025-03-28T05:44:25.854+0000] {dagbag.py:538} INFO - Filling up the DagBag from /opt/airflow/dags/f1_ingestion_dag.py
[2025-03-28T05:44:25.875+0000] {processor.py:840} INFO - DAG(s) 'f1_ingestion_dag' retrieved from /opt/airflow/dags/f1_ingestion_dag.py
[2025-03-28T05:44:25.935+0000] {logging_mixin.py:188} INFO - [2025-03-28T05:44:25.935+0000] {dag.py:3036} INFO - Sync 1 DAGs
[2025-03-28T05:44:25.952+0000] {logging_mixin.py:188} INFO - [2025-03-28T05:44:25.952+0000] {dag.py:3823} INFO - Setting next_dagrun for f1_ingestion_dag to None, run_after=None
[2025-03-28T05:44:25.970+0000] {processor.py:183} INFO - Processing /opt/airflow/dags/f1_ingestion_dag.py took 0.123 seconds
[2025-03-28T05:44:56.292+0000] {processor.py:161} INFO - Started process (PID=494) to work on /opt/airflow/dags/f1_ingestion_dag.py
[2025-03-28T05:44:56.293+0000] {processor.py:830} INFO - Processing file /opt/airflow/dags/f1_ingestion_dag.py for tasks to queue
[2025-03-28T05:44:56.295+0000] {logging_mixin.py:188} INFO - [2025-03-28T05:44:56.294+0000] {dagbag.py:538} INFO - Filling up the DagBag from /opt/airflow/dags/f1_ingestion_dag.py
[2025-03-28T05:44:56.331+0000] {processor.py:840} INFO - DAG(s) 'f1_ingestion_dag' retrieved from /opt/airflow/dags/f1_ingestion_dag.py
[2025-03-28T05:44:56.370+0000] {logging_mixin.py:188} INFO - [2025-03-28T05:44:56.370+0000] {dag.py:3036} INFO - Sync 1 DAGs
[2025-03-28T05:44:56.381+0000] {logging_mixin.py:188} INFO - [2025-03-28T05:44:56.381+0000] {dag.py:3823} INFO - Setting next_dagrun for f1_ingestion_dag to None, run_after=None
[2025-03-28T05:44:56.394+0000] {processor.py:183} INFO - Processing /opt/airflow/dags/f1_ingestion_dag.py took 0.110 seconds
