[2025-03-28T04:34:39.329+0000] {manager.py:469} INFO - Processing files using up to 2 processes at a time 
[2025-03-28T04:34:39.329+0000] {manager.py:470} INFO - Process each file at most once every 30 seconds
[2025-03-28T04:34:39.329+0000] {manager.py:471} INFO - Checking for new files in /opt/airflow/dags every 300 seconds
[2025-03-28T04:34:39.330+0000] {manager.py:738} INFO - Searching for files in /opt/airflow/dags
[2025-03-28T04:34:39.331+0000] {manager.py:741} INFO - There are 0 files in /opt/airflow/dags
[2025-03-28T04:39:39.901+0000] {manager.py:738} INFO - Searching for files in /opt/airflow/dags
[2025-03-28T04:39:39.907+0000] {manager.py:741} INFO - There are 0 files in /opt/airflow/dags
[2025-03-28T04:44:40.240+0000] {manager.py:738} INFO - Searching for files in /opt/airflow/dags
[2025-03-28T04:44:40.248+0000] {manager.py:741} INFO - There are 0 files in /opt/airflow/dags
[2025-03-28T04:49:41.233+0000] {manager.py:738} INFO - Searching for files in /opt/airflow/dags
[2025-03-28T04:49:41.241+0000] {manager.py:741} INFO - There are 0 files in /opt/airflow/dags
[2025-03-28T04:54:41.381+0000] {manager.py:738} INFO - Searching for files in /opt/airflow/dags
[2025-03-28T04:54:41.388+0000] {manager.py:741} INFO - There are 0 files in /opt/airflow/dags
[2025-03-28T04:59:42.126+0000] {manager.py:738} INFO - Searching for files in /opt/airflow/dags
[2025-03-28T04:59:42.138+0000] {manager.py:741} INFO - There are 0 files in /opt/airflow/dags
[2025-03-28T05:04:43.104+0000] {manager.py:738} INFO - Searching for files in /opt/airflow/dags
[2025-03-28T05:04:43.108+0000] {manager.py:741} INFO - There are 0 files in /opt/airflow/dags
[2025-03-28T05:09:43.210+0000] {manager.py:738} INFO - Searching for files in /opt/airflow/dags
[2025-03-28T05:09:43.222+0000] {manager.py:741} INFO - There are 1 files in /opt/airflow/dags
[2025-03-28T05:09:43.278+0000] {manager.py:879} INFO - 
================================================================================
DAG File Processing Stats

File Path                                PID  Runtime      # DAGs    # Errors  Last Runtime    Last Run
-------------------------------------  -----  ---------  --------  ----------  --------------  ----------
/opt/airflow/dags/f1_ingestion_dag.py    169  0.02s             0           0
================================================================================
[2025-03-28T05:10:13.594+0000] {manager.py:879} INFO - 
================================================================================
DAG File Processing Stats

File Path                                PID  Runtime      # DAGs    # Errors  Last Runtime    Last Run
-------------------------------------  -----  ---------  --------  ----------  --------------  -------------------
/opt/airflow/dags/f1_ingestion_dag.py    174  0.01s             1           0  0.30s           2025-03-28T05:09:43
================================================================================
[2025-03-28T05:10:43.975+0000] {manager.py:879} INFO - 
================================================================================
DAG File Processing Stats

File Path                                PID  Runtime      # DAGs    # Errors  Last Runtime    Last Run
-------------------------------------  -----  ---------  --------  ----------  --------------  -------------------
/opt/airflow/dags/f1_ingestion_dag.py    179  0.03s             1           0  0.07s           2025-03-28T05:10:13
================================================================================
[2025-03-28T05:11:14.311+0000] {manager.py:879} INFO - 
================================================================================
DAG File Processing Stats

File Path                                PID  Runtime      # DAGs    # Errors  Last Runtime    Last Run
-------------------------------------  -----  ---------  --------  ----------  --------------  -------------------
/opt/airflow/dags/f1_ingestion_dag.py    184  0.01s             1           0  0.14s           2025-03-28T05:10:44
================================================================================
[2025-03-28T05:11:40.551+0000] {manager.py:451} INFO - Exiting gracefully upon receiving signal 15
[2025-03-28T05:12:02.509+0000] {manager.py:469} INFO - Processing files using up to 2 processes at a time 
[2025-03-28T05:12:02.511+0000] {manager.py:470} INFO - Process each file at most once every 30 seconds
[2025-03-28T05:12:02.511+0000] {manager.py:471} INFO - Checking for new files in /opt/airflow/dags every 300 seconds
[2025-03-28T05:12:02.512+0000] {manager.py:738} INFO - Searching for files in /opt/airflow/dags
[2025-03-28T05:12:02.514+0000] {manager.py:741} INFO - There are 1 files in /opt/airflow/dags
[2025-03-28T05:12:02.567+0000] {manager.py:879} INFO - 
================================================================================
DAG File Processing Stats

File Path                                PID  Runtime      # DAGs    # Errors  Last Runtime    Last Run
-------------------------------------  -----  ---------  --------  ----------  --------------  ----------
/opt/airflow/dags/f1_ingestion_dag.py    168  0.03s             0           0
================================================================================
[2025-03-28T05:12:32.839+0000] {manager.py:879} INFO - 
================================================================================
DAG File Processing Stats

File Path                                PID  Runtime      # DAGs    # Errors  Last Runtime    Last Run
-------------------------------------  -----  ---------  --------  ----------  --------------  -------------------
/opt/airflow/dags/f1_ingestion_dag.py    174  0.02s             1           0  0.09s           2025-03-28T05:12:02
================================================================================
[2025-03-28T05:13:03.195+0000] {manager.py:879} INFO - 
================================================================================
DAG File Processing Stats

File Path                                PID  Runtime      # DAGs    # Errors  Last Runtime    Last Run
-------------------------------------  -----  ---------  --------  ----------  --------------  -------------------
/opt/airflow/dags/f1_ingestion_dag.py    179  0.02s             1           0  0.33s           2025-03-28T05:12:33
================================================================================
[2025-03-28T05:13:33.575+0000] {manager.py:879} INFO - 
================================================================================
DAG File Processing Stats

File Path                                PID  Runtime      # DAGs    # Errors  Last Runtime    Last Run
-------------------------------------  -----  ---------  --------  ----------  --------------  -------------------
/opt/airflow/dags/f1_ingestion_dag.py    184  0.01s             1           0  0.18s           2025-03-28T05:13:03
================================================================================
[2025-03-28T05:14:04.096+0000] {manager.py:879} INFO - 
================================================================================
DAG File Processing Stats

File Path                                PID  Runtime      # DAGs    # Errors  Last Runtime    Last Run
-------------------------------------  -----  ---------  --------  ----------  --------------  -------------------
/opt/airflow/dags/f1_ingestion_dag.py    189  0.02s             1           0  0.10s           2025-03-28T05:13:33
================================================================================
[2025-03-28T05:14:34.426+0000] {manager.py:879} INFO - 
================================================================================
DAG File Processing Stats

File Path                                PID  Runtime      # DAGs    # Errors  Last Runtime    Last Run
-------------------------------------  -----  ---------  --------  ----------  --------------  -------------------
/opt/airflow/dags/f1_ingestion_dag.py    194  0.01s             1           0  0.16s           2025-03-28T05:14:04
================================================================================
[2025-03-28T05:15:04.880+0000] {manager.py:879} INFO - 
================================================================================
DAG File Processing Stats

File Path                                PID  Runtime      # DAGs    # Errors  Last Runtime    Last Run
-------------------------------------  -----  ---------  --------  ----------  --------------  -------------------
/opt/airflow/dags/f1_ingestion_dag.py    199  0.03s             1           0  0.10s           2025-03-28T05:14:34
================================================================================
[2025-03-28T05:15:35.250+0000] {manager.py:879} INFO - 
================================================================================
DAG File Processing Stats

File Path                                PID  Runtime      # DAGs    # Errors  Last Runtime    Last Run
-------------------------------------  -----  ---------  --------  ----------  --------------  -------------------
/opt/airflow/dags/f1_ingestion_dag.py    204  0.01s             1           0  0.18s           2025-03-28T05:15:05
================================================================================
[2025-03-28T05:16:05.578+0000] {manager.py:879} INFO - 
================================================================================
DAG File Processing Stats

File Path                                PID  Runtime      # DAGs    # Errors  Last Runtime    Last Run
-------------------------------------  -----  ---------  --------  ----------  --------------  -------------------
/opt/airflow/dags/f1_ingestion_dag.py    209  0.01s             1           0  0.11s           2025-03-28T05:15:35
================================================================================
[2025-03-28T05:16:35.858+0000] {manager.py:879} INFO - 
================================================================================
DAG File Processing Stats

File Path                                PID  Runtime      # DAGs    # Errors  Last Runtime    Last Run
-------------------------------------  -----  ---------  --------  ----------  --------------  -------------------
/opt/airflow/dags/f1_ingestion_dag.py    214  0.01s             1           0  0.10s           2025-03-28T05:16:05
================================================================================
[2025-03-28T05:17:03.166+0000] {manager.py:738} INFO - Searching for files in /opt/airflow/dags
[2025-03-28T05:17:03.178+0000] {manager.py:741} INFO - There are 1 files in /opt/airflow/dags
[2025-03-28T05:17:06.260+0000] {manager.py:879} INFO - 
================================================================================
DAG File Processing Stats

File Path                                PID  Runtime      # DAGs    # Errors  Last Runtime    Last Run
-------------------------------------  -----  ---------  --------  ----------  --------------  -------------------
/opt/airflow/dags/f1_ingestion_dag.py    219  0.02s             1           0  0.09s           2025-03-28T05:16:35
================================================================================
[2025-03-28T05:17:36.578+0000] {manager.py:879} INFO - 
================================================================================
DAG File Processing Stats

File Path                                PID  Runtime      # DAGs    # Errors  Last Runtime    Last Run
-------------------------------------  -----  ---------  --------  ----------  --------------  -------------------
/opt/airflow/dags/f1_ingestion_dag.py    224  0.01s             1           0  0.13s           2025-03-28T05:17:06
================================================================================
[2025-03-28T05:18:06.939+0000] {manager.py:879} INFO - 
================================================================================
DAG File Processing Stats

File Path                                PID  Runtime      # DAGs    # Errors  Last Runtime    Last Run
-------------------------------------  -----  ---------  --------  ----------  --------------  -------------------
/opt/airflow/dags/f1_ingestion_dag.py    229  0.01s             1           0  0.08s           2025-03-28T05:17:36
================================================================================
[2025-03-28T05:18:37.258+0000] {manager.py:879} INFO - 
================================================================================
DAG File Processing Stats

File Path                                PID  Runtime      # DAGs    # Errors  Last Runtime    Last Run
-------------------------------------  -----  ---------  --------  ----------  --------------  -------------------
/opt/airflow/dags/f1_ingestion_dag.py    234  0.01s             1           0  0.07s           2025-03-28T05:18:06
================================================================================
[2025-03-28T05:19:07.627+0000] {manager.py:879} INFO - 
================================================================================
DAG File Processing Stats

File Path                                PID  Runtime      # DAGs    # Errors  Last Runtime    Last Run
-------------------------------------  -----  ---------  --------  ----------  --------------  -------------------
/opt/airflow/dags/f1_ingestion_dag.py    239  0.01s             1           0  0.08s           2025-03-28T05:18:37
================================================================================
[2025-03-28T05:19:37.953+0000] {manager.py:879} INFO - 
================================================================================
DAG File Processing Stats

File Path                                PID  Runtime      # DAGs    # Errors  Last Runtime    Last Run
-------------------------------------  -----  ---------  --------  ----------  --------------  -------------------
/opt/airflow/dags/f1_ingestion_dag.py    244  0.01s             1           0  0.14s           2025-03-28T05:19:07
================================================================================
[2025-03-28T05:20:08.373+0000] {manager.py:879} INFO - 
================================================================================
DAG File Processing Stats

File Path                                PID  Runtime      # DAGs    # Errors  Last Runtime    Last Run
-------------------------------------  -----  ---------  --------  ----------  --------------  -------------------
/opt/airflow/dags/f1_ingestion_dag.py    249  0.01s             1           0  0.09s           2025-03-28T05:19:38
================================================================================
[2025-03-28T05:20:38.730+0000] {manager.py:879} INFO - 
================================================================================
DAG File Processing Stats

File Path                                PID  Runtime      # DAGs    # Errors  Last Runtime    Last Run
-------------------------------------  -----  ---------  --------  ----------  --------------  -------------------
/opt/airflow/dags/f1_ingestion_dag.py    254  0.01s             1           0  0.09s           2025-03-28T05:20:08
================================================================================
[2025-03-28T05:21:09.095+0000] {manager.py:879} INFO - 
================================================================================
DAG File Processing Stats

File Path                                PID  Runtime      # DAGs    # Errors  Last Runtime    Last Run
-------------------------------------  -----  ---------  --------  ----------  --------------  -------------------
/opt/airflow/dags/f1_ingestion_dag.py    259  0.01s             1           0  0.10s           2025-03-28T05:20:38
================================================================================
[2025-03-28T05:21:39.459+0000] {manager.py:879} INFO - 
================================================================================
DAG File Processing Stats

File Path                                PID  Runtime      # DAGs    # Errors  Last Runtime    Last Run
-------------------------------------  -----  ---------  --------  ----------  --------------  -------------------
/opt/airflow/dags/f1_ingestion_dag.py    264  0.01s             1           0  0.08s           2025-03-28T05:21:09
================================================================================
[2025-03-28T05:22:03.728+0000] {manager.py:738} INFO - Searching for files in /opt/airflow/dags
[2025-03-28T05:22:03.740+0000] {manager.py:741} INFO - There are 1 files in /opt/airflow/dags
[2025-03-28T05:22:09.839+0000] {manager.py:879} INFO - 
================================================================================
DAG File Processing Stats

File Path                                PID  Runtime      # DAGs    # Errors  Last Runtime    Last Run
-------------------------------------  -----  ---------  --------  ----------  --------------  -------------------
/opt/airflow/dags/f1_ingestion_dag.py    269  0.02s             1           0  0.11s           2025-03-28T05:21:39
================================================================================
[2025-03-28T05:22:40.210+0000] {manager.py:879} INFO - 
================================================================================
DAG File Processing Stats

File Path                                PID  Runtime      # DAGs    # Errors  Last Runtime    Last Run
-------------------------------------  -----  ---------  --------  ----------  --------------  -------------------
/opt/airflow/dags/f1_ingestion_dag.py    274  0.00s             1           0  0.12s           2025-03-28T05:22:09
================================================================================
[2025-03-28T05:23:10.612+0000] {manager.py:879} INFO - 
================================================================================
DAG File Processing Stats

File Path                                PID  Runtime      # DAGs    # Errors  Last Runtime    Last Run
-------------------------------------  -----  ---------  --------  ----------  --------------  -------------------
/opt/airflow/dags/f1_ingestion_dag.py    279  0.01s             1           0  0.07s           2025-03-28T05:22:40
================================================================================
[2025-03-28T05:23:41.021+0000] {manager.py:879} INFO - 
================================================================================
DAG File Processing Stats

File Path                                PID  Runtime      # DAGs    # Errors  Last Runtime    Last Run
-------------------------------------  -----  ---------  --------  ----------  --------------  -------------------
/opt/airflow/dags/f1_ingestion_dag.py    284  0.02s             1           0  0.11s           2025-03-28T05:23:10
================================================================================
[2025-03-28T05:24:11.488+0000] {manager.py:879} INFO - 
================================================================================
DAG File Processing Stats

File Path                                PID  Runtime      # DAGs    # Errors  Last Runtime    Last Run
-------------------------------------  -----  ---------  --------  ----------  --------------  -------------------
/opt/airflow/dags/f1_ingestion_dag.py    289  0.01s             1           0  0.17s           2025-03-28T05:23:41
================================================================================
[2025-03-28T05:24:41.861+0000] {manager.py:879} INFO - 
================================================================================
DAG File Processing Stats

File Path                                PID  Runtime      # DAGs    # Errors  Last Runtime    Last Run
-------------------------------------  -----  ---------  --------  ----------  --------------  -------------------
/opt/airflow/dags/f1_ingestion_dag.py    294  0.01s             1           0  0.08s           2025-03-28T05:24:11
================================================================================
[2025-03-28T05:25:12.248+0000] {manager.py:879} INFO - 
================================================================================
DAG File Processing Stats

File Path                                PID  Runtime      # DAGs    # Errors  Last Runtime    Last Run
-------------------------------------  -----  ---------  --------  ----------  --------------  -------------------
/opt/airflow/dags/f1_ingestion_dag.py    299  0.01s             1           0  0.08s           2025-03-28T05:24:41
================================================================================
[2025-03-28T05:25:42.672+0000] {manager.py:879} INFO - 
================================================================================
DAG File Processing Stats

File Path                                PID  Runtime      # DAGs    # Errors  Last Runtime    Last Run
-------------------------------------  -----  ---------  --------  ----------  --------------  -------------------
/opt/airflow/dags/f1_ingestion_dag.py    304  0.01s             1           0  0.11s           2025-03-28T05:25:12
================================================================================
[2025-03-28T05:26:13.048+0000] {manager.py:879} INFO - 
================================================================================
DAG File Processing Stats

File Path                                PID  Runtime      # DAGs    # Errors  Last Runtime    Last Run
-------------------------------------  -----  ---------  --------  ----------  --------------  -------------------
/opt/airflow/dags/f1_ingestion_dag.py    309  0.01s             1           0  0.08s           2025-03-28T05:25:42
================================================================================
[2025-03-28T05:26:43.357+0000] {manager.py:879} INFO - 
================================================================================
DAG File Processing Stats

File Path                                PID  Runtime      # DAGs    # Errors  Last Runtime    Last Run
-------------------------------------  -----  ---------  --------  ----------  --------------  -------------------
/opt/airflow/dags/f1_ingestion_dag.py    314  0.01s             1           0  0.11s           2025-03-28T05:26:13
================================================================================
[2025-03-28T05:27:04.605+0000] {manager.py:738} INFO - Searching for files in /opt/airflow/dags
[2025-03-28T05:27:04.618+0000] {manager.py:741} INFO - There are 1 files in /opt/airflow/dags
[2025-03-28T05:27:13.753+0000] {manager.py:879} INFO - 
================================================================================
DAG File Processing Stats

File Path                                PID  Runtime      # DAGs    # Errors  Last Runtime    Last Run
-------------------------------------  -----  ---------  --------  ----------  --------------  -------------------
/opt/airflow/dags/f1_ingestion_dag.py    319  0.02s             1           0  0.15s           2025-03-28T05:26:43
================================================================================
[2025-03-28T05:27:44.072+0000] {manager.py:879} INFO - 
================================================================================
DAG File Processing Stats

File Path                                PID  Runtime      # DAGs    # Errors  Last Runtime    Last Run
-------------------------------------  -----  ---------  --------  ----------  --------------  -------------------
/opt/airflow/dags/f1_ingestion_dag.py    324  0.00s             1           0  0.16s           2025-03-28T05:27:13
================================================================================
[2025-03-28T05:28:14.487+0000] {manager.py:879} INFO - 
================================================================================
DAG File Processing Stats

File Path                                PID  Runtime      # DAGs    # Errors  Last Runtime    Last Run
-------------------------------------  -----  ---------  --------  ----------  --------------  -------------------
/opt/airflow/dags/f1_ingestion_dag.py    329  0.01s             1           0  0.09s           2025-03-28T05:27:44
================================================================================
[2025-03-28T05:28:44.798+0000] {manager.py:879} INFO - 
================================================================================
DAG File Processing Stats

File Path                                PID  Runtime      # DAGs    # Errors  Last Runtime    Last Run
-------------------------------------  -----  ---------  --------  ----------  --------------  -------------------
/opt/airflow/dags/f1_ingestion_dag.py    334  0.01s             1           0  0.08s           2025-03-28T05:28:14
================================================================================
[2025-03-28T05:29:15.129+0000] {manager.py:879} INFO - 
================================================================================
DAG File Processing Stats

File Path                                PID  Runtime      # DAGs    # Errors  Last Runtime    Last Run
-------------------------------------  -----  ---------  --------  ----------  --------------  -------------------
/opt/airflow/dags/f1_ingestion_dag.py    339  0.01s             1           0  0.07s           2025-03-28T05:28:44
================================================================================
[2025-03-28T05:29:45.487+0000] {manager.py:879} INFO - 
================================================================================
DAG File Processing Stats

File Path                                PID  Runtime      # DAGs    # Errors  Last Runtime    Last Run
-------------------------------------  -----  ---------  --------  ----------  --------------  -------------------
/opt/airflow/dags/f1_ingestion_dag.py    344  0.01s             1           0  0.19s           2025-03-28T05:29:15
================================================================================
[2025-03-28T05:30:15.901+0000] {manager.py:879} INFO - 
================================================================================
DAG File Processing Stats

File Path                                PID  Runtime      # DAGs    # Errors  Last Runtime    Last Run
-------------------------------------  -----  ---------  --------  ----------  --------------  -------------------
/opt/airflow/dags/f1_ingestion_dag.py    349  0.01s             1           0  0.07s           2025-03-28T05:29:45
================================================================================
[2025-03-28T05:30:46.251+0000] {manager.py:879} INFO - 
================================================================================
DAG File Processing Stats

File Path                                PID  Runtime      # DAGs    # Errors  Last Runtime    Last Run
-------------------------------------  -----  ---------  --------  ----------  --------------  -------------------
/opt/airflow/dags/f1_ingestion_dag.py    354  0.01s             1           0  0.11s           2025-03-28T05:30:15
================================================================================
[2025-03-28T05:31:16.563+0000] {manager.py:879} INFO - 
================================================================================
DAG File Processing Stats

File Path                                PID  Runtime      # DAGs    # Errors  Last Runtime    Last Run
-------------------------------------  -----  ---------  --------  ----------  --------------  -------------------
/opt/airflow/dags/f1_ingestion_dag.py    359  0.01s             1           0  0.07s           2025-03-28T05:30:46
================================================================================
[2025-03-28T05:31:46.857+0000] {manager.py:879} INFO - 
================================================================================
DAG File Processing Stats

File Path                                PID  Runtime      # DAGs    # Errors  Last Runtime    Last Run
-------------------------------------  -----  ---------  --------  ----------  --------------  -------------------
/opt/airflow/dags/f1_ingestion_dag.py    364  0.01s             1           0  0.09s           2025-03-28T05:31:16
================================================================================
[2025-03-28T05:32:05.011+0000] {manager.py:738} INFO - Searching for files in /opt/airflow/dags
[2025-03-28T05:32:05.015+0000] {manager.py:741} INFO - There are 1 files in /opt/airflow/dags
[2025-03-28T05:32:17.161+0000] {manager.py:879} INFO - 
================================================================================
DAG File Processing Stats

File Path                                PID  Runtime      # DAGs    # Errors  Last Runtime    Last Run
-------------------------------------  -----  ---------  --------  ----------  --------------  -------------------
/opt/airflow/dags/f1_ingestion_dag.py    369  0.00s             1           0  0.07s           2025-03-28T05:31:46
================================================================================
[2025-03-28T05:32:47.544+0000] {manager.py:879} INFO - 
================================================================================
DAG File Processing Stats

File Path                                PID  Runtime      # DAGs    # Errors  Last Runtime    Last Run
-------------------------------------  -----  ---------  --------  ----------  --------------  -------------------
/opt/airflow/dags/f1_ingestion_dag.py    374  0.01s             1           0  0.07s           2025-03-28T05:32:17
================================================================================
[2025-03-28T05:33:17.955+0000] {manager.py:879} INFO - 
================================================================================
DAG File Processing Stats

File Path                                PID  Runtime      # DAGs    # Errors  Last Runtime    Last Run
-------------------------------------  -----  ---------  --------  ----------  --------------  -------------------
/opt/airflow/dags/f1_ingestion_dag.py    379  0.04s             1           0  0.08s           2025-03-28T05:32:47
================================================================================
[2025-03-28T05:33:48.274+0000] {manager.py:879} INFO - 
================================================================================
DAG File Processing Stats

File Path                                PID  Runtime      # DAGs    # Errors  Last Runtime    Last Run
-------------------------------------  -----  ---------  --------  ----------  --------------  -------------------
/opt/airflow/dags/f1_ingestion_dag.py    384  0.01s             1           0  0.23s           2025-03-28T05:33:18
================================================================================
[2025-03-28T05:34:18.605+0000] {manager.py:879} INFO - 
================================================================================
DAG File Processing Stats

File Path                                PID  Runtime      # DAGs    # Errors  Last Runtime    Last Run
-------------------------------------  -----  ---------  --------  ----------  --------------  -------------------
/opt/airflow/dags/f1_ingestion_dag.py    389  0.01s             1           0  0.14s           2025-03-28T05:33:48
================================================================================
[2025-03-28T05:34:49.077+0000] {manager.py:879} INFO - 
================================================================================
DAG File Processing Stats

File Path                                PID  Runtime      # DAGs    # Errors  Last Runtime    Last Run
-------------------------------------  -----  ---------  --------  ----------  --------------  -------------------
/opt/airflow/dags/f1_ingestion_dag.py    394  0.01s             1           0  0.07s           2025-03-28T05:34:18
================================================================================
[2025-03-28T05:35:19.430+0000] {manager.py:879} INFO - 
================================================================================
DAG File Processing Stats

File Path                                PID  Runtime      # DAGs    # Errors  Last Runtime    Last Run
-------------------------------------  -----  ---------  --------  ----------  --------------  -------------------
/opt/airflow/dags/f1_ingestion_dag.py    399  0.01s             1           0  0.10s           2025-03-28T05:34:49
================================================================================
[2025-03-28T05:35:49.771+0000] {manager.py:879} INFO - 
================================================================================
DAG File Processing Stats

File Path                                PID  Runtime      # DAGs    # Errors  Last Runtime    Last Run
-------------------------------------  -----  ---------  --------  ----------  --------------  -------------------
/opt/airflow/dags/f1_ingestion_dag.py    404  0.01s             1           0  0.08s           2025-03-28T05:35:19
================================================================================
[2025-03-28T05:36:20.113+0000] {manager.py:879} INFO - 
================================================================================
DAG File Processing Stats

File Path                                PID  Runtime      # DAGs    # Errors  Last Runtime    Last Run
-------------------------------------  -----  ---------  --------  ----------  --------------  -------------------
/opt/airflow/dags/f1_ingestion_dag.py    409  0.01s             1           0  0.10s           2025-03-28T05:35:49
================================================================================
[2025-03-28T05:36:50.465+0000] {manager.py:879} INFO - 
================================================================================
DAG File Processing Stats

File Path                                PID  Runtime      # DAGs    # Errors  Last Runtime    Last Run
-------------------------------------  -----  ---------  --------  ----------  --------------  -------------------
/opt/airflow/dags/f1_ingestion_dag.py    414  0.01s             1           0  0.08s           2025-03-28T05:36:20
================================================================================
[2025-03-28T05:37:05.619+0000] {manager.py:738} INFO - Searching for files in /opt/airflow/dags
[2025-03-28T05:37:05.626+0000] {manager.py:741} INFO - There are 1 files in /opt/airflow/dags
[2025-03-28T05:37:20.789+0000] {manager.py:879} INFO - 
================================================================================
DAG File Processing Stats

File Path                                PID  Runtime      # DAGs    # Errors  Last Runtime    Last Run
-------------------------------------  -----  ---------  --------  ----------  --------------  -------------------
/opt/airflow/dags/f1_ingestion_dag.py    419  0.01s             1           0  0.09s           2025-03-28T05:36:50
================================================================================
[2025-03-28T05:37:51.071+0000] {manager.py:879} INFO - 
================================================================================
DAG File Processing Stats

File Path                                PID  Runtime      # DAGs    # Errors  Last Runtime    Last Run
-------------------------------------  -----  ---------  --------  ----------  --------------  -------------------
/opt/airflow/dags/f1_ingestion_dag.py    424  0.01s             1           0  0.07s           2025-03-28T05:37:20
================================================================================
[2025-03-28T05:38:21.366+0000] {manager.py:879} INFO - 
================================================================================
DAG File Processing Stats

File Path                                PID  Runtime      # DAGs    # Errors  Last Runtime    Last Run
-------------------------------------  -----  ---------  --------  ----------  --------------  -------------------
/opt/airflow/dags/f1_ingestion_dag.py    429  0.01s             1           0  0.07s           2025-03-28T05:37:51
================================================================================
[2025-03-28T05:38:51.685+0000] {manager.py:879} INFO - 
================================================================================
DAG File Processing Stats

File Path                                PID  Runtime      # DAGs    # Errors  Last Runtime    Last Run
-------------------------------------  -----  ---------  --------  ----------  --------------  -------------------
/opt/airflow/dags/f1_ingestion_dag.py    434  0.01s             1           0  0.07s           2025-03-28T05:38:21
================================================================================
[2025-03-28T05:39:22.099+0000] {manager.py:879} INFO - 
================================================================================
DAG File Processing Stats

File Path                                PID  Runtime      # DAGs    # Errors  Last Runtime    Last Run
-------------------------------------  -----  ---------  --------  ----------  --------------  -------------------
/opt/airflow/dags/f1_ingestion_dag.py    439  0.01s             1           0  0.10s           2025-03-28T05:38:51
================================================================================
[2025-03-28T05:39:52.477+0000] {manager.py:879} INFO - 
================================================================================
DAG File Processing Stats

File Path                                PID  Runtime      # DAGs    # Errors  Last Runtime    Last Run
-------------------------------------  -----  ---------  --------  ----------  --------------  -------------------
/opt/airflow/dags/f1_ingestion_dag.py    444  0.01s             1           0  0.08s           2025-03-28T05:39:22
================================================================================
[2025-03-28T05:40:22.916+0000] {manager.py:879} INFO - 
================================================================================
DAG File Processing Stats

File Path                                PID  Runtime      # DAGs    # Errors  Last Runtime    Last Run
-------------------------------------  -----  ---------  --------  ----------  --------------  -------------------
/opt/airflow/dags/f1_ingestion_dag.py    449  0.01s             1           0  0.10s           2025-03-28T05:39:52
================================================================================
[2025-03-28T05:40:53.277+0000] {manager.py:879} INFO - 
================================================================================
DAG File Processing Stats

File Path                                PID  Runtime      # DAGs    # Errors  Last Runtime    Last Run
-------------------------------------  -----  ---------  --------  ----------  --------------  -------------------
/opt/airflow/dags/f1_ingestion_dag.py    454  0.01s             1           0  0.11s           2025-03-28T05:40:23
================================================================================
[2025-03-28T05:41:23.736+0000] {manager.py:879} INFO - 
================================================================================
DAG File Processing Stats

File Path                                PID  Runtime      # DAGs    # Errors  Last Runtime    Last Run
-------------------------------------  -----  ---------  --------  ----------  --------------  -------------------
/opt/airflow/dags/f1_ingestion_dag.py    459  0.01s             1           0  0.09s           2025-03-28T05:40:53
================================================================================
[2025-03-28T05:41:54.139+0000] {manager.py:879} INFO - 
================================================================================
DAG File Processing Stats

File Path                                PID  Runtime      # DAGs    # Errors  Last Runtime    Last Run
-------------------------------------  -----  ---------  --------  ----------  --------------  -------------------
/opt/airflow/dags/f1_ingestion_dag.py    464  0.02s             1           0  0.10s           2025-03-28T05:41:23
================================================================================
[2025-03-28T05:42:06.285+0000] {manager.py:738} INFO - Searching for files in /opt/airflow/dags
[2025-03-28T05:42:06.292+0000] {manager.py:741} INFO - There are 1 files in /opt/airflow/dags
[2025-03-28T05:42:24.509+0000] {manager.py:879} INFO - 
================================================================================
DAG File Processing Stats

File Path                                PID  Runtime      # DAGs    # Errors  Last Runtime    Last Run
-------------------------------------  -----  ---------  --------  ----------  --------------  -------------------
/opt/airflow/dags/f1_ingestion_dag.py    469  0.01s             1           0  0.12s           2025-03-28T05:41:54
================================================================================
[2025-03-28T05:42:54.890+0000] {manager.py:879} INFO - 
================================================================================
DAG File Processing Stats

File Path                                PID  Runtime      # DAGs    # Errors  Last Runtime    Last Run
-------------------------------------  -----  ---------  --------  ----------  --------------  -------------------
/opt/airflow/dags/f1_ingestion_dag.py    474  0.02s             1           0  0.09s           2025-03-28T05:42:24
================================================================================
[2025-03-28T05:43:25.208+0000] {manager.py:879} INFO - 
================================================================================
DAG File Processing Stats

File Path                                PID  Runtime      # DAGs    # Errors  Last Runtime    Last Run
-------------------------------------  -----  ---------  --------  ----------  --------------  -------------------
/opt/airflow/dags/f1_ingestion_dag.py    479  0.01s             1           0  0.18s           2025-03-28T05:42:55
================================================================================
[2025-03-28T05:43:55.486+0000] {manager.py:879} INFO - 
================================================================================
DAG File Processing Stats

File Path                                PID  Runtime      # DAGs    # Errors  Last Runtime    Last Run
-------------------------------------  -----  ---------  --------  ----------  --------------  -------------------
/opt/airflow/dags/f1_ingestion_dag.py    484  0.01s             1           0  0.09s           2025-03-28T05:43:25
================================================================================
[2025-03-28T05:44:25.837+0000] {manager.py:879} INFO - 
================================================================================
DAG File Processing Stats

File Path                                PID  Runtime      # DAGs    # Errors  Last Runtime    Last Run
-------------------------------------  -----  ---------  --------  ----------  --------------  -------------------
/opt/airflow/dags/f1_ingestion_dag.py    489  0.01s             1           0  0.08s           2025-03-28T05:43:55
================================================================================
[2025-03-28T05:44:56.277+0000] {manager.py:879} INFO - 
================================================================================
DAG File Processing Stats

File Path                                PID  Runtime      # DAGs    # Errors  Last Runtime    Last Run
-------------------------------------  -----  ---------  --------  ----------  --------------  -------------------
/opt/airflow/dags/f1_ingestion_dag.py    494  0.01s             1           0  0.15s           2025-03-28T05:44:25
================================================================================
