[2025-03-24T16:33:57.221-0700] {processor.py:186} INFO - Started process (PID=2732) to work on /Users/jingwenxu/anaconda3/lib/python3.11/site-packages/airflow/example_dags/plugins/decreasing_priority_weight_strategy.py
[2025-03-24T16:33:57.222-0700] {processor.py:914} INFO - Processing file /Users/jingwenxu/anaconda3/lib/python3.11/site-packages/airflow/example_dags/plugins/decreasing_priority_weight_strategy.py for tasks to queue
[2025-03-24T16:33:57.223-0700] {logging_mixin.py:190} INFO - [2025-03-24T16:33:57.222-0700] {dagbag.py:588} INFO - Filling up the DagBag from /Users/jingwenxu/anaconda3/lib/python3.11/site-packages/airflow/example_dags/plugins/decreasing_priority_weight_strategy.py
[2025-03-24T16:33:57.223-0700] {processor.py:927} WARNING - No viable dags retrieved from /Users/jingwenxu/anaconda3/lib/python3.11/site-packages/airflow/example_dags/plugins/decreasing_priority_weight_strategy.py
[2025-03-24T16:33:57.267-0700] {processor.py:208} INFO - Processing /Users/jingwenxu/anaconda3/lib/python3.11/site-packages/airflow/example_dags/plugins/decreasing_priority_weight_strategy.py took 0.048 seconds
[2025-03-24T16:36:14.832-0700] {processor.py:186} INFO - Started process (PID=3227) to work on /Users/jingwenxu/anaconda3/lib/python3.11/site-packages/airflow/example_dags/plugins/decreasing_priority_weight_strategy.py
[2025-03-24T16:36:14.834-0700] {processor.py:914} INFO - Processing file /Users/jingwenxu/anaconda3/lib/python3.11/site-packages/airflow/example_dags/plugins/decreasing_priority_weight_strategy.py for tasks to queue
[2025-03-24T16:36:14.835-0700] {logging_mixin.py:190} INFO - [2025-03-24T16:36:14.834-0700] {dagbag.py:588} INFO - Filling up the DagBag from /Users/jingwenxu/anaconda3/lib/python3.11/site-packages/airflow/example_dags/plugins/decreasing_priority_weight_strategy.py
[2025-03-24T16:36:14.836-0700] {processor.py:927} WARNING - No viable dags retrieved from /Users/jingwenxu/anaconda3/lib/python3.11/site-packages/airflow/example_dags/plugins/decreasing_priority_weight_strategy.py
[2025-03-24T16:36:14.875-0700] {processor.py:208} INFO - Processing /Users/jingwenxu/anaconda3/lib/python3.11/site-packages/airflow/example_dags/plugins/decreasing_priority_weight_strategy.py took 0.045 seconds
[2025-03-24T16:37:52.520-0700] {processor.py:186} INFO - Started process (PID=3552) to work on /Users/jingwenxu/anaconda3/lib/python3.11/site-packages/airflow/example_dags/plugins/decreasing_priority_weight_strategy.py
[2025-03-24T16:37:52.521-0700] {processor.py:914} INFO - Processing file /Users/jingwenxu/anaconda3/lib/python3.11/site-packages/airflow/example_dags/plugins/decreasing_priority_weight_strategy.py for tasks to queue
[2025-03-24T16:37:52.522-0700] {logging_mixin.py:190} INFO - [2025-03-24T16:37:52.522-0700] {dagbag.py:588} INFO - Filling up the DagBag from /Users/jingwenxu/anaconda3/lib/python3.11/site-packages/airflow/example_dags/plugins/decreasing_priority_weight_strategy.py
[2025-03-24T16:37:52.523-0700] {processor.py:927} WARNING - No viable dags retrieved from /Users/jingwenxu/anaconda3/lib/python3.11/site-packages/airflow/example_dags/plugins/decreasing_priority_weight_strategy.py
[2025-03-24T16:37:52.566-0700] {processor.py:208} INFO - Processing /Users/jingwenxu/anaconda3/lib/python3.11/site-packages/airflow/example_dags/plugins/decreasing_priority_weight_strategy.py took 0.048 seconds
[2025-03-24T16:39:30.279-0700] {processor.py:186} INFO - Started process (PID=3899) to work on /Users/jingwenxu/anaconda3/lib/python3.11/site-packages/airflow/example_dags/plugins/decreasing_priority_weight_strategy.py
[2025-03-24T16:39:30.280-0700] {processor.py:914} INFO - Processing file /Users/jingwenxu/anaconda3/lib/python3.11/site-packages/airflow/example_dags/plugins/decreasing_priority_weight_strategy.py for tasks to queue
[2025-03-24T16:39:30.281-0700] {logging_mixin.py:190} INFO - [2025-03-24T16:39:30.280-0700] {dagbag.py:588} INFO - Filling up the DagBag from /Users/jingwenxu/anaconda3/lib/python3.11/site-packages/airflow/example_dags/plugins/decreasing_priority_weight_strategy.py
[2025-03-24T16:39:30.281-0700] {processor.py:927} WARNING - No viable dags retrieved from /Users/jingwenxu/anaconda3/lib/python3.11/site-packages/airflow/example_dags/plugins/decreasing_priority_weight_strategy.py
[2025-03-24T16:39:30.322-0700] {processor.py:208} INFO - Processing /Users/jingwenxu/anaconda3/lib/python3.11/site-packages/airflow/example_dags/plugins/decreasing_priority_weight_strategy.py took 0.045 seconds
[2025-03-24T16:41:07.101-0700] {processor.py:186} INFO - Started process (PID=4301) to work on /Users/jingwenxu/anaconda3/lib/python3.11/site-packages/airflow/example_dags/plugins/decreasing_priority_weight_strategy.py
[2025-03-24T16:41:07.103-0700] {processor.py:914} INFO - Processing file /Users/jingwenxu/anaconda3/lib/python3.11/site-packages/airflow/example_dags/plugins/decreasing_priority_weight_strategy.py for tasks to queue
[2025-03-24T16:41:07.104-0700] {logging_mixin.py:190} INFO - [2025-03-24T16:41:07.103-0700] {dagbag.py:588} INFO - Filling up the DagBag from /Users/jingwenxu/anaconda3/lib/python3.11/site-packages/airflow/example_dags/plugins/decreasing_priority_weight_strategy.py
[2025-03-24T16:41:07.104-0700] {processor.py:927} WARNING - No viable dags retrieved from /Users/jingwenxu/anaconda3/lib/python3.11/site-packages/airflow/example_dags/plugins/decreasing_priority_weight_strategy.py
[2025-03-24T16:41:07.144-0700] {processor.py:208} INFO - Processing /Users/jingwenxu/anaconda3/lib/python3.11/site-packages/airflow/example_dags/plugins/decreasing_priority_weight_strategy.py took 0.044 seconds
[2025-03-24T16:42:47.606-0700] {processor.py:186} INFO - Started process (PID=4648) to work on /Users/jingwenxu/anaconda3/lib/python3.11/site-packages/airflow/example_dags/plugins/decreasing_priority_weight_strategy.py
[2025-03-24T16:42:47.607-0700] {processor.py:914} INFO - Processing file /Users/jingwenxu/anaconda3/lib/python3.11/site-packages/airflow/example_dags/plugins/decreasing_priority_weight_strategy.py for tasks to queue
[2025-03-24T16:42:47.608-0700] {logging_mixin.py:190} INFO - [2025-03-24T16:42:47.608-0700] {dagbag.py:588} INFO - Filling up the DagBag from /Users/jingwenxu/anaconda3/lib/python3.11/site-packages/airflow/example_dags/plugins/decreasing_priority_weight_strategy.py
[2025-03-24T16:42:47.609-0700] {processor.py:927} WARNING - No viable dags retrieved from /Users/jingwenxu/anaconda3/lib/python3.11/site-packages/airflow/example_dags/plugins/decreasing_priority_weight_strategy.py
[2025-03-24T16:42:47.648-0700] {processor.py:208} INFO - Processing /Users/jingwenxu/anaconda3/lib/python3.11/site-packages/airflow/example_dags/plugins/decreasing_priority_weight_strategy.py took 0.044 seconds
[2025-03-24T16:44:26.918-0700] {processor.py:186} INFO - Started process (PID=4976) to work on /Users/jingwenxu/anaconda3/lib/python3.11/site-packages/airflow/example_dags/plugins/decreasing_priority_weight_strategy.py
[2025-03-24T16:44:26.920-0700] {processor.py:914} INFO - Processing file /Users/jingwenxu/anaconda3/lib/python3.11/site-packages/airflow/example_dags/plugins/decreasing_priority_weight_strategy.py for tasks to queue
[2025-03-24T16:44:26.921-0700] {logging_mixin.py:190} INFO - [2025-03-24T16:44:26.920-0700] {dagbag.py:588} INFO - Filling up the DagBag from /Users/jingwenxu/anaconda3/lib/python3.11/site-packages/airflow/example_dags/plugins/decreasing_priority_weight_strategy.py
[2025-03-24T16:44:26.922-0700] {processor.py:927} WARNING - No viable dags retrieved from /Users/jingwenxu/anaconda3/lib/python3.11/site-packages/airflow/example_dags/plugins/decreasing_priority_weight_strategy.py
[2025-03-24T16:44:26.961-0700] {processor.py:208} INFO - Processing /Users/jingwenxu/anaconda3/lib/python3.11/site-packages/airflow/example_dags/plugins/decreasing_priority_weight_strategy.py took 0.045 seconds
[2025-03-24T16:46:06.717-0700] {processor.py:186} INFO - Started process (PID=5320) to work on /Users/jingwenxu/anaconda3/lib/python3.11/site-packages/airflow/example_dags/plugins/decreasing_priority_weight_strategy.py
[2025-03-24T16:46:06.719-0700] {processor.py:914} INFO - Processing file /Users/jingwenxu/anaconda3/lib/python3.11/site-packages/airflow/example_dags/plugins/decreasing_priority_weight_strategy.py for tasks to queue
[2025-03-24T16:46:06.719-0700] {logging_mixin.py:190} INFO - [2025-03-24T16:46:06.719-0700] {dagbag.py:588} INFO - Filling up the DagBag from /Users/jingwenxu/anaconda3/lib/python3.11/site-packages/airflow/example_dags/plugins/decreasing_priority_weight_strategy.py
[2025-03-24T16:46:06.720-0700] {processor.py:927} WARNING - No viable dags retrieved from /Users/jingwenxu/anaconda3/lib/python3.11/site-packages/airflow/example_dags/plugins/decreasing_priority_weight_strategy.py
[2025-03-24T16:46:06.759-0700] {processor.py:208} INFO - Processing /Users/jingwenxu/anaconda3/lib/python3.11/site-packages/airflow/example_dags/plugins/decreasing_priority_weight_strategy.py took 0.044 seconds
[2025-03-24T16:47:44.290-0700] {processor.py:186} INFO - Started process (PID=5648) to work on /Users/jingwenxu/anaconda3/lib/python3.11/site-packages/airflow/example_dags/plugins/decreasing_priority_weight_strategy.py
[2025-03-24T16:47:44.291-0700] {processor.py:914} INFO - Processing file /Users/jingwenxu/anaconda3/lib/python3.11/site-packages/airflow/example_dags/plugins/decreasing_priority_weight_strategy.py for tasks to queue
[2025-03-24T16:47:44.292-0700] {logging_mixin.py:190} INFO - [2025-03-24T16:47:44.292-0700] {dagbag.py:588} INFO - Filling up the DagBag from /Users/jingwenxu/anaconda3/lib/python3.11/site-packages/airflow/example_dags/plugins/decreasing_priority_weight_strategy.py
[2025-03-24T16:47:44.293-0700] {processor.py:927} WARNING - No viable dags retrieved from /Users/jingwenxu/anaconda3/lib/python3.11/site-packages/airflow/example_dags/plugins/decreasing_priority_weight_strategy.py
[2025-03-24T16:47:44.333-0700] {processor.py:208} INFO - Processing /Users/jingwenxu/anaconda3/lib/python3.11/site-packages/airflow/example_dags/plugins/decreasing_priority_weight_strategy.py took 0.045 seconds
[2025-03-24T16:49:25.258-0700] {processor.py:186} INFO - Started process (PID=6012) to work on /Users/jingwenxu/anaconda3/lib/python3.11/site-packages/airflow/example_dags/plugins/decreasing_priority_weight_strategy.py
[2025-03-24T16:49:25.259-0700] {processor.py:914} INFO - Processing file /Users/jingwenxu/anaconda3/lib/python3.11/site-packages/airflow/example_dags/plugins/decreasing_priority_weight_strategy.py for tasks to queue
[2025-03-24T16:49:25.260-0700] {logging_mixin.py:190} INFO - [2025-03-24T16:49:25.260-0700] {dagbag.py:588} INFO - Filling up the DagBag from /Users/jingwenxu/anaconda3/lib/python3.11/site-packages/airflow/example_dags/plugins/decreasing_priority_weight_strategy.py
[2025-03-24T16:49:25.261-0700] {processor.py:927} WARNING - No viable dags retrieved from /Users/jingwenxu/anaconda3/lib/python3.11/site-packages/airflow/example_dags/plugins/decreasing_priority_weight_strategy.py
[2025-03-24T16:49:25.301-0700] {processor.py:208} INFO - Processing /Users/jingwenxu/anaconda3/lib/python3.11/site-packages/airflow/example_dags/plugins/decreasing_priority_weight_strategy.py took 0.045 seconds
[2025-03-24T16:51:05.451-0700] {processor.py:186} INFO - Started process (PID=6366) to work on /Users/jingwenxu/anaconda3/lib/python3.11/site-packages/airflow/example_dags/plugins/decreasing_priority_weight_strategy.py
[2025-03-24T16:51:05.452-0700] {processor.py:914} INFO - Processing file /Users/jingwenxu/anaconda3/lib/python3.11/site-packages/airflow/example_dags/plugins/decreasing_priority_weight_strategy.py for tasks to queue
[2025-03-24T16:51:05.453-0700] {logging_mixin.py:190} INFO - [2025-03-24T16:51:05.453-0700] {dagbag.py:588} INFO - Filling up the DagBag from /Users/jingwenxu/anaconda3/lib/python3.11/site-packages/airflow/example_dags/plugins/decreasing_priority_weight_strategy.py
[2025-03-24T16:51:05.454-0700] {processor.py:927} WARNING - No viable dags retrieved from /Users/jingwenxu/anaconda3/lib/python3.11/site-packages/airflow/example_dags/plugins/decreasing_priority_weight_strategy.py
[2025-03-24T16:51:05.494-0700] {processor.py:208} INFO - Processing /Users/jingwenxu/anaconda3/lib/python3.11/site-packages/airflow/example_dags/plugins/decreasing_priority_weight_strategy.py took 0.045 seconds
[2025-03-24T16:52:43.891-0700] {processor.py:186} INFO - Started process (PID=6686) to work on /Users/jingwenxu/anaconda3/lib/python3.11/site-packages/airflow/example_dags/plugins/decreasing_priority_weight_strategy.py
[2025-03-24T16:52:43.893-0700] {processor.py:914} INFO - Processing file /Users/jingwenxu/anaconda3/lib/python3.11/site-packages/airflow/example_dags/plugins/decreasing_priority_weight_strategy.py for tasks to queue
[2025-03-24T16:52:43.893-0700] {logging_mixin.py:190} INFO - [2025-03-24T16:52:43.893-0700] {dagbag.py:588} INFO - Filling up the DagBag from /Users/jingwenxu/anaconda3/lib/python3.11/site-packages/airflow/example_dags/plugins/decreasing_priority_weight_strategy.py
[2025-03-24T16:52:43.894-0700] {processor.py:927} WARNING - No viable dags retrieved from /Users/jingwenxu/anaconda3/lib/python3.11/site-packages/airflow/example_dags/plugins/decreasing_priority_weight_strategy.py
[2025-03-24T16:52:43.938-0700] {processor.py:208} INFO - Processing /Users/jingwenxu/anaconda3/lib/python3.11/site-packages/airflow/example_dags/plugins/decreasing_priority_weight_strategy.py took 0.049 seconds
