[2025-03-24T16:33:55.348-0700] {processor.py:186} INFO - Started process (PID=2724) to work on /Users/jingwenxu/anaconda3/lib/python3.11/site-packages/airflow/example_dags/plugins/event_listener.py
[2025-03-24T16:33:55.349-0700] {processor.py:914} INFO - Processing file /Users/jingwenxu/anaconda3/lib/python3.11/site-packages/airflow/example_dags/plugins/event_listener.py for tasks to queue
[2025-03-24T16:33:55.350-0700] {logging_mixin.py:190} INFO - [2025-03-24T16:33:55.350-0700] {dagbag.py:588} INFO - Filling up the DagBag from /Users/jingwenxu/anaconda3/lib/python3.11/site-packages/airflow/example_dags/plugins/event_listener.py
[2025-03-24T16:33:55.350-0700] {processor.py:927} WARNING - No viable dags retrieved from /Users/jingwenxu/anaconda3/lib/python3.11/site-packages/airflow/example_dags/plugins/event_listener.py
[2025-03-24T16:33:55.387-0700] {processor.py:208} INFO - Processing /Users/jingwenxu/anaconda3/lib/python3.11/site-packages/airflow/example_dags/plugins/event_listener.py took 0.041 seconds
[2025-03-24T16:36:13.148-0700] {processor.py:186} INFO - Started process (PID=3220) to work on /Users/jingwenxu/anaconda3/lib/python3.11/site-packages/airflow/example_dags/plugins/event_listener.py
[2025-03-24T16:36:13.150-0700] {processor.py:914} INFO - Processing file /Users/jingwenxu/anaconda3/lib/python3.11/site-packages/airflow/example_dags/plugins/event_listener.py for tasks to queue
[2025-03-24T16:36:13.151-0700] {logging_mixin.py:190} INFO - [2025-03-24T16:36:13.151-0700] {dagbag.py:588} INFO - Filling up the DagBag from /Users/jingwenxu/anaconda3/lib/python3.11/site-packages/airflow/example_dags/plugins/event_listener.py
[2025-03-24T16:36:13.152-0700] {processor.py:927} WARNING - No viable dags retrieved from /Users/jingwenxu/anaconda3/lib/python3.11/site-packages/airflow/example_dags/plugins/event_listener.py
[2025-03-24T16:36:13.191-0700] {processor.py:208} INFO - Processing /Users/jingwenxu/anaconda3/lib/python3.11/site-packages/airflow/example_dags/plugins/event_listener.py took 0.044 seconds
[2025-03-24T16:37:50.223-0700] {processor.py:186} INFO - Started process (PID=3545) to work on /Users/jingwenxu/anaconda3/lib/python3.11/site-packages/airflow/example_dags/plugins/event_listener.py
[2025-03-24T16:37:50.225-0700] {processor.py:914} INFO - Processing file /Users/jingwenxu/anaconda3/lib/python3.11/site-packages/airflow/example_dags/plugins/event_listener.py for tasks to queue
[2025-03-24T16:37:50.225-0700] {logging_mixin.py:190} INFO - [2025-03-24T16:37:50.225-0700] {dagbag.py:588} INFO - Filling up the DagBag from /Users/jingwenxu/anaconda3/lib/python3.11/site-packages/airflow/example_dags/plugins/event_listener.py
[2025-03-24T16:37:50.226-0700] {processor.py:927} WARNING - No viable dags retrieved from /Users/jingwenxu/anaconda3/lib/python3.11/site-packages/airflow/example_dags/plugins/event_listener.py
[2025-03-24T16:37:50.267-0700] {processor.py:208} INFO - Processing /Users/jingwenxu/anaconda3/lib/python3.11/site-packages/airflow/example_dags/plugins/event_listener.py took 0.046 seconds
[2025-03-24T16:39:28.593-0700] {processor.py:186} INFO - Started process (PID=3892) to work on /Users/jingwenxu/anaconda3/lib/python3.11/site-packages/airflow/example_dags/plugins/event_listener.py
[2025-03-24T16:39:28.594-0700] {processor.py:914} INFO - Processing file /Users/jingwenxu/anaconda3/lib/python3.11/site-packages/airflow/example_dags/plugins/event_listener.py for tasks to queue
[2025-03-24T16:39:28.595-0700] {logging_mixin.py:190} INFO - [2025-03-24T16:39:28.595-0700] {dagbag.py:588} INFO - Filling up the DagBag from /Users/jingwenxu/anaconda3/lib/python3.11/site-packages/airflow/example_dags/plugins/event_listener.py
[2025-03-24T16:39:28.596-0700] {processor.py:927} WARNING - No viable dags retrieved from /Users/jingwenxu/anaconda3/lib/python3.11/site-packages/airflow/example_dags/plugins/event_listener.py
[2025-03-24T16:39:28.636-0700] {processor.py:208} INFO - Processing /Users/jingwenxu/anaconda3/lib/python3.11/site-packages/airflow/example_dags/plugins/event_listener.py took 0.045 seconds
[2025-03-24T16:41:05.401-0700] {processor.py:186} INFO - Started process (PID=4293) to work on /Users/jingwenxu/anaconda3/lib/python3.11/site-packages/airflow/example_dags/plugins/event_listener.py
[2025-03-24T16:41:05.403-0700] {processor.py:914} INFO - Processing file /Users/jingwenxu/anaconda3/lib/python3.11/site-packages/airflow/example_dags/plugins/event_listener.py for tasks to queue
[2025-03-24T16:41:05.404-0700] {logging_mixin.py:190} INFO - [2025-03-24T16:41:05.404-0700] {dagbag.py:588} INFO - Filling up the DagBag from /Users/jingwenxu/anaconda3/lib/python3.11/site-packages/airflow/example_dags/plugins/event_listener.py
[2025-03-24T16:41:05.405-0700] {processor.py:927} WARNING - No viable dags retrieved from /Users/jingwenxu/anaconda3/lib/python3.11/site-packages/airflow/example_dags/plugins/event_listener.py
[2025-03-24T16:41:05.446-0700] {processor.py:208} INFO - Processing /Users/jingwenxu/anaconda3/lib/python3.11/site-packages/airflow/example_dags/plugins/event_listener.py took 0.046 seconds
[2025-03-24T16:42:45.155-0700] {processor.py:186} INFO - Started process (PID=4640) to work on /Users/jingwenxu/anaconda3/lib/python3.11/site-packages/airflow/example_dags/plugins/event_listener.py
[2025-03-24T16:42:45.156-0700] {processor.py:914} INFO - Processing file /Users/jingwenxu/anaconda3/lib/python3.11/site-packages/airflow/example_dags/plugins/event_listener.py for tasks to queue
[2025-03-24T16:42:45.157-0700] {logging_mixin.py:190} INFO - [2025-03-24T16:42:45.157-0700] {dagbag.py:588} INFO - Filling up the DagBag from /Users/jingwenxu/anaconda3/lib/python3.11/site-packages/airflow/example_dags/plugins/event_listener.py
[2025-03-24T16:42:45.158-0700] {processor.py:927} WARNING - No viable dags retrieved from /Users/jingwenxu/anaconda3/lib/python3.11/site-packages/airflow/example_dags/plugins/event_listener.py
[2025-03-24T16:42:45.201-0700] {processor.py:208} INFO - Processing /Users/jingwenxu/anaconda3/lib/python3.11/site-packages/airflow/example_dags/plugins/event_listener.py took 0.048 seconds
[2025-03-24T16:44:24.553-0700] {processor.py:186} INFO - Started process (PID=4964) to work on /Users/jingwenxu/anaconda3/lib/python3.11/site-packages/airflow/example_dags/plugins/event_listener.py
[2025-03-24T16:44:24.554-0700] {processor.py:914} INFO - Processing file /Users/jingwenxu/anaconda3/lib/python3.11/site-packages/airflow/example_dags/plugins/event_listener.py for tasks to queue
[2025-03-24T16:44:24.555-0700] {logging_mixin.py:190} INFO - [2025-03-24T16:44:24.555-0700] {dagbag.py:588} INFO - Filling up the DagBag from /Users/jingwenxu/anaconda3/lib/python3.11/site-packages/airflow/example_dags/plugins/event_listener.py
[2025-03-24T16:44:24.556-0700] {processor.py:927} WARNING - No viable dags retrieved from /Users/jingwenxu/anaconda3/lib/python3.11/site-packages/airflow/example_dags/plugins/event_listener.py
[2025-03-24T16:44:24.596-0700] {processor.py:208} INFO - Processing /Users/jingwenxu/anaconda3/lib/python3.11/site-packages/airflow/example_dags/plugins/event_listener.py took 0.045 seconds
[2025-03-24T16:46:04.860-0700] {processor.py:186} INFO - Started process (PID=5318) to work on /Users/jingwenxu/anaconda3/lib/python3.11/site-packages/airflow/example_dags/plugins/event_listener.py
[2025-03-24T16:46:04.861-0700] {processor.py:914} INFO - Processing file /Users/jingwenxu/anaconda3/lib/python3.11/site-packages/airflow/example_dags/plugins/event_listener.py for tasks to queue
[2025-03-24T16:46:04.862-0700] {logging_mixin.py:190} INFO - [2025-03-24T16:46:04.862-0700] {dagbag.py:588} INFO - Filling up the DagBag from /Users/jingwenxu/anaconda3/lib/python3.11/site-packages/airflow/example_dags/plugins/event_listener.py
[2025-03-24T16:46:04.862-0700] {processor.py:927} WARNING - No viable dags retrieved from /Users/jingwenxu/anaconda3/lib/python3.11/site-packages/airflow/example_dags/plugins/event_listener.py
[2025-03-24T16:46:04.902-0700] {processor.py:208} INFO - Processing /Users/jingwenxu/anaconda3/lib/python3.11/site-packages/airflow/example_dags/plugins/event_listener.py took 0.043 seconds
[2025-03-24T16:47:42.703-0700] {processor.py:186} INFO - Started process (PID=5646) to work on /Users/jingwenxu/anaconda3/lib/python3.11/site-packages/airflow/example_dags/plugins/event_listener.py
[2025-03-24T16:47:42.704-0700] {processor.py:914} INFO - Processing file /Users/jingwenxu/anaconda3/lib/python3.11/site-packages/airflow/example_dags/plugins/event_listener.py for tasks to queue
[2025-03-24T16:47:42.705-0700] {logging_mixin.py:190} INFO - [2025-03-24T16:47:42.705-0700] {dagbag.py:588} INFO - Filling up the DagBag from /Users/jingwenxu/anaconda3/lib/python3.11/site-packages/airflow/example_dags/plugins/event_listener.py
[2025-03-24T16:47:42.706-0700] {processor.py:927} WARNING - No viable dags retrieved from /Users/jingwenxu/anaconda3/lib/python3.11/site-packages/airflow/example_dags/plugins/event_listener.py
[2025-03-24T16:47:42.746-0700] {processor.py:208} INFO - Processing /Users/jingwenxu/anaconda3/lib/python3.11/site-packages/airflow/example_dags/plugins/event_listener.py took 0.046 seconds
[2025-03-24T16:49:23.739-0700] {processor.py:186} INFO - Started process (PID=6001) to work on /Users/jingwenxu/anaconda3/lib/python3.11/site-packages/airflow/example_dags/plugins/event_listener.py
[2025-03-24T16:49:23.740-0700] {processor.py:914} INFO - Processing file /Users/jingwenxu/anaconda3/lib/python3.11/site-packages/airflow/example_dags/plugins/event_listener.py for tasks to queue
[2025-03-24T16:49:23.741-0700] {logging_mixin.py:190} INFO - [2025-03-24T16:49:23.741-0700] {dagbag.py:588} INFO - Filling up the DagBag from /Users/jingwenxu/anaconda3/lib/python3.11/site-packages/airflow/example_dags/plugins/event_listener.py
[2025-03-24T16:49:23.742-0700] {processor.py:927} WARNING - No viable dags retrieved from /Users/jingwenxu/anaconda3/lib/python3.11/site-packages/airflow/example_dags/plugins/event_listener.py
[2025-03-24T16:49:23.781-0700] {processor.py:208} INFO - Processing /Users/jingwenxu/anaconda3/lib/python3.11/site-packages/airflow/example_dags/plugins/event_listener.py took 0.045 seconds
[2025-03-24T16:51:03.834-0700] {processor.py:186} INFO - Started process (PID=6359) to work on /Users/jingwenxu/anaconda3/lib/python3.11/site-packages/airflow/example_dags/plugins/event_listener.py
[2025-03-24T16:51:03.835-0700] {processor.py:914} INFO - Processing file /Users/jingwenxu/anaconda3/lib/python3.11/site-packages/airflow/example_dags/plugins/event_listener.py for tasks to queue
[2025-03-24T16:51:03.836-0700] {logging_mixin.py:190} INFO - [2025-03-24T16:51:03.836-0700] {dagbag.py:588} INFO - Filling up the DagBag from /Users/jingwenxu/anaconda3/lib/python3.11/site-packages/airflow/example_dags/plugins/event_listener.py
[2025-03-24T16:51:03.836-0700] {processor.py:927} WARNING - No viable dags retrieved from /Users/jingwenxu/anaconda3/lib/python3.11/site-packages/airflow/example_dags/plugins/event_listener.py
[2025-03-24T16:51:03.876-0700] {processor.py:208} INFO - Processing /Users/jingwenxu/anaconda3/lib/python3.11/site-packages/airflow/example_dags/plugins/event_listener.py took 0.044 seconds
[2025-03-24T16:52:42.226-0700] {processor.py:186} INFO - Started process (PID=6679) to work on /Users/jingwenxu/anaconda3/lib/python3.11/site-packages/airflow/example_dags/plugins/event_listener.py
[2025-03-24T16:52:42.227-0700] {processor.py:914} INFO - Processing file /Users/jingwenxu/anaconda3/lib/python3.11/site-packages/airflow/example_dags/plugins/event_listener.py for tasks to queue
[2025-03-24T16:52:42.228-0700] {logging_mixin.py:190} INFO - [2025-03-24T16:52:42.228-0700] {dagbag.py:588} INFO - Filling up the DagBag from /Users/jingwenxu/anaconda3/lib/python3.11/site-packages/airflow/example_dags/plugins/event_listener.py
[2025-03-24T16:52:42.229-0700] {processor.py:927} WARNING - No viable dags retrieved from /Users/jingwenxu/anaconda3/lib/python3.11/site-packages/airflow/example_dags/plugins/event_listener.py
[2025-03-24T16:52:42.274-0700] {processor.py:208} INFO - Processing /Users/jingwenxu/anaconda3/lib/python3.11/site-packages/airflow/example_dags/plugins/event_listener.py took 0.050 seconds
