[2025-03-24T16:33:53.170-0700] {processor.py:186} INFO - Started process (PID=2714) to work on /Users/jingwenxu/anaconda3/lib/python3.11/site-packages/airflow/example_dags/plugins/listener_plugin.py
[2025-03-24T16:33:53.171-0700] {processor.py:914} INFO - Processing file /Users/jingwenxu/anaconda3/lib/python3.11/site-packages/airflow/example_dags/plugins/listener_plugin.py for tasks to queue
[2025-03-24T16:33:53.171-0700] {logging_mixin.py:190} INFO - [2025-03-24T16:33:53.171-0700] {dagbag.py:588} INFO - Filling up the DagBag from /Users/jingwenxu/anaconda3/lib/python3.11/site-packages/airflow/example_dags/plugins/listener_plugin.py
[2025-03-24T16:33:53.172-0700] {processor.py:927} WARNING - No viable dags retrieved from /Users/jingwenxu/anaconda3/lib/python3.11/site-packages/airflow/example_dags/plugins/listener_plugin.py
[2025-03-24T16:33:53.211-0700] {processor.py:208} INFO - Processing /Users/jingwenxu/anaconda3/lib/python3.11/site-packages/airflow/example_dags/plugins/listener_plugin.py took 0.043 seconds
[2025-03-24T16:36:10.890-0700] {processor.py:186} INFO - Started process (PID=3213) to work on /Users/jingwenxu/anaconda3/lib/python3.11/site-packages/airflow/example_dags/plugins/listener_plugin.py
[2025-03-24T16:36:10.891-0700] {processor.py:914} INFO - Processing file /Users/jingwenxu/anaconda3/lib/python3.11/site-packages/airflow/example_dags/plugins/listener_plugin.py for tasks to queue
[2025-03-24T16:36:10.892-0700] {logging_mixin.py:190} INFO - [2025-03-24T16:36:10.891-0700] {dagbag.py:588} INFO - Filling up the DagBag from /Users/jingwenxu/anaconda3/lib/python3.11/site-packages/airflow/example_dags/plugins/listener_plugin.py
[2025-03-24T16:36:10.893-0700] {processor.py:927} WARNING - No viable dags retrieved from /Users/jingwenxu/anaconda3/lib/python3.11/site-packages/airflow/example_dags/plugins/listener_plugin.py
[2025-03-24T16:36:10.933-0700] {processor.py:208} INFO - Processing /Users/jingwenxu/anaconda3/lib/python3.11/site-packages/airflow/example_dags/plugins/listener_plugin.py took 0.044 seconds
[2025-03-24T16:37:48.631-0700] {processor.py:186} INFO - Started process (PID=3543) to work on /Users/jingwenxu/anaconda3/lib/python3.11/site-packages/airflow/example_dags/plugins/listener_plugin.py
[2025-03-24T16:37:48.633-0700] {processor.py:914} INFO - Processing file /Users/jingwenxu/anaconda3/lib/python3.11/site-packages/airflow/example_dags/plugins/listener_plugin.py for tasks to queue
[2025-03-24T16:37:48.634-0700] {logging_mixin.py:190} INFO - [2025-03-24T16:37:48.634-0700] {dagbag.py:588} INFO - Filling up the DagBag from /Users/jingwenxu/anaconda3/lib/python3.11/site-packages/airflow/example_dags/plugins/listener_plugin.py
[2025-03-24T16:37:48.635-0700] {processor.py:927} WARNING - No viable dags retrieved from /Users/jingwenxu/anaconda3/lib/python3.11/site-packages/airflow/example_dags/plugins/listener_plugin.py
[2025-03-24T16:37:48.675-0700] {processor.py:208} INFO - Processing /Users/jingwenxu/anaconda3/lib/python3.11/site-packages/airflow/example_dags/plugins/listener_plugin.py took 0.045 seconds
[2025-03-24T16:39:26.232-0700] {processor.py:186} INFO - Started process (PID=3885) to work on /Users/jingwenxu/anaconda3/lib/python3.11/site-packages/airflow/example_dags/plugins/listener_plugin.py
[2025-03-24T16:39:26.234-0700] {processor.py:914} INFO - Processing file /Users/jingwenxu/anaconda3/lib/python3.11/site-packages/airflow/example_dags/plugins/listener_plugin.py for tasks to queue
[2025-03-24T16:39:26.235-0700] {logging_mixin.py:190} INFO - [2025-03-24T16:39:26.235-0700] {dagbag.py:588} INFO - Filling up the DagBag from /Users/jingwenxu/anaconda3/lib/python3.11/site-packages/airflow/example_dags/plugins/listener_plugin.py
[2025-03-24T16:39:26.237-0700] {processor.py:927} WARNING - No viable dags retrieved from /Users/jingwenxu/anaconda3/lib/python3.11/site-packages/airflow/example_dags/plugins/listener_plugin.py
[2025-03-24T16:39:26.277-0700] {processor.py:208} INFO - Processing /Users/jingwenxu/anaconda3/lib/python3.11/site-packages/airflow/example_dags/plugins/listener_plugin.py took 0.047 seconds
[2025-03-24T16:41:03.104-0700] {processor.py:186} INFO - Started process (PID=4286) to work on /Users/jingwenxu/anaconda3/lib/python3.11/site-packages/airflow/example_dags/plugins/listener_plugin.py
[2025-03-24T16:41:03.105-0700] {processor.py:914} INFO - Processing file /Users/jingwenxu/anaconda3/lib/python3.11/site-packages/airflow/example_dags/plugins/listener_plugin.py for tasks to queue
[2025-03-24T16:41:03.106-0700] {logging_mixin.py:190} INFO - [2025-03-24T16:41:03.106-0700] {dagbag.py:588} INFO - Filling up the DagBag from /Users/jingwenxu/anaconda3/lib/python3.11/site-packages/airflow/example_dags/plugins/listener_plugin.py
[2025-03-24T16:41:03.107-0700] {processor.py:927} WARNING - No viable dags retrieved from /Users/jingwenxu/anaconda3/lib/python3.11/site-packages/airflow/example_dags/plugins/listener_plugin.py
[2025-03-24T16:41:03.147-0700] {processor.py:208} INFO - Processing /Users/jingwenxu/anaconda3/lib/python3.11/site-packages/airflow/example_dags/plugins/listener_plugin.py took 0.045 seconds
[2025-03-24T16:42:42.779-0700] {processor.py:186} INFO - Started process (PID=4633) to work on /Users/jingwenxu/anaconda3/lib/python3.11/site-packages/airflow/example_dags/plugins/listener_plugin.py
[2025-03-24T16:42:42.780-0700] {processor.py:914} INFO - Processing file /Users/jingwenxu/anaconda3/lib/python3.11/site-packages/airflow/example_dags/plugins/listener_plugin.py for tasks to queue
[2025-03-24T16:42:42.781-0700] {logging_mixin.py:190} INFO - [2025-03-24T16:42:42.781-0700] {dagbag.py:588} INFO - Filling up the DagBag from /Users/jingwenxu/anaconda3/lib/python3.11/site-packages/airflow/example_dags/plugins/listener_plugin.py
[2025-03-24T16:42:42.783-0700] {processor.py:927} WARNING - No viable dags retrieved from /Users/jingwenxu/anaconda3/lib/python3.11/site-packages/airflow/example_dags/plugins/listener_plugin.py
[2025-03-24T16:42:42.831-0700] {processor.py:208} INFO - Processing /Users/jingwenxu/anaconda3/lib/python3.11/site-packages/airflow/example_dags/plugins/listener_plugin.py took 0.054 seconds
[2025-03-24T16:44:22.177-0700] {processor.py:186} INFO - Started process (PID=4957) to work on /Users/jingwenxu/anaconda3/lib/python3.11/site-packages/airflow/example_dags/plugins/listener_plugin.py
[2025-03-24T16:44:22.179-0700] {processor.py:914} INFO - Processing file /Users/jingwenxu/anaconda3/lib/python3.11/site-packages/airflow/example_dags/plugins/listener_plugin.py for tasks to queue
[2025-03-24T16:44:22.180-0700] {logging_mixin.py:190} INFO - [2025-03-24T16:44:22.179-0700] {dagbag.py:588} INFO - Filling up the DagBag from /Users/jingwenxu/anaconda3/lib/python3.11/site-packages/airflow/example_dags/plugins/listener_plugin.py
[2025-03-24T16:44:22.181-0700] {processor.py:927} WARNING - No viable dags retrieved from /Users/jingwenxu/anaconda3/lib/python3.11/site-packages/airflow/example_dags/plugins/listener_plugin.py
[2025-03-24T16:44:22.226-0700] {processor.py:208} INFO - Processing /Users/jingwenxu/anaconda3/lib/python3.11/site-packages/airflow/example_dags/plugins/listener_plugin.py took 0.050 seconds
[2025-03-24T16:46:02.727-0700] {processor.py:186} INFO - Started process (PID=5311) to work on /Users/jingwenxu/anaconda3/lib/python3.11/site-packages/airflow/example_dags/plugins/listener_plugin.py
[2025-03-24T16:46:02.728-0700] {processor.py:914} INFO - Processing file /Users/jingwenxu/anaconda3/lib/python3.11/site-packages/airflow/example_dags/plugins/listener_plugin.py for tasks to queue
[2025-03-24T16:46:02.729-0700] {logging_mixin.py:190} INFO - [2025-03-24T16:46:02.729-0700] {dagbag.py:588} INFO - Filling up the DagBag from /Users/jingwenxu/anaconda3/lib/python3.11/site-packages/airflow/example_dags/plugins/listener_plugin.py
[2025-03-24T16:46:02.731-0700] {processor.py:927} WARNING - No viable dags retrieved from /Users/jingwenxu/anaconda3/lib/python3.11/site-packages/airflow/example_dags/plugins/listener_plugin.py
[2025-03-24T16:46:02.770-0700] {processor.py:208} INFO - Processing /Users/jingwenxu/anaconda3/lib/python3.11/site-packages/airflow/example_dags/plugins/listener_plugin.py took 0.045 seconds
[2025-03-24T16:47:40.350-0700] {processor.py:186} INFO - Started process (PID=5634) to work on /Users/jingwenxu/anaconda3/lib/python3.11/site-packages/airflow/example_dags/plugins/listener_plugin.py
[2025-03-24T16:47:40.352-0700] {processor.py:914} INFO - Processing file /Users/jingwenxu/anaconda3/lib/python3.11/site-packages/airflow/example_dags/plugins/listener_plugin.py for tasks to queue
[2025-03-24T16:47:40.353-0700] {logging_mixin.py:190} INFO - [2025-03-24T16:47:40.353-0700] {dagbag.py:588} INFO - Filling up the DagBag from /Users/jingwenxu/anaconda3/lib/python3.11/site-packages/airflow/example_dags/plugins/listener_plugin.py
[2025-03-24T16:47:40.355-0700] {processor.py:927} WARNING - No viable dags retrieved from /Users/jingwenxu/anaconda3/lib/python3.11/site-packages/airflow/example_dags/plugins/listener_plugin.py
[2025-03-24T16:47:40.394-0700] {processor.py:208} INFO - Processing /Users/jingwenxu/anaconda3/lib/python3.11/site-packages/airflow/example_dags/plugins/listener_plugin.py took 0.046 seconds
[2025-03-24T16:49:21.271-0700] {processor.py:186} INFO - Started process (PID=5994) to work on /Users/jingwenxu/anaconda3/lib/python3.11/site-packages/airflow/example_dags/plugins/listener_plugin.py
[2025-03-24T16:49:21.272-0700] {processor.py:914} INFO - Processing file /Users/jingwenxu/anaconda3/lib/python3.11/site-packages/airflow/example_dags/plugins/listener_plugin.py for tasks to queue
[2025-03-24T16:49:21.272-0700] {logging_mixin.py:190} INFO - [2025-03-24T16:49:21.272-0700] {dagbag.py:588} INFO - Filling up the DagBag from /Users/jingwenxu/anaconda3/lib/python3.11/site-packages/airflow/example_dags/plugins/listener_plugin.py
[2025-03-24T16:49:21.275-0700] {processor.py:927} WARNING - No viable dags retrieved from /Users/jingwenxu/anaconda3/lib/python3.11/site-packages/airflow/example_dags/plugins/listener_plugin.py
[2025-03-24T16:49:21.318-0700] {processor.py:208} INFO - Processing /Users/jingwenxu/anaconda3/lib/python3.11/site-packages/airflow/example_dags/plugins/listener_plugin.py took 0.049 seconds
[2025-03-24T16:51:01.440-0700] {processor.py:186} INFO - Started process (PID=6352) to work on /Users/jingwenxu/anaconda3/lib/python3.11/site-packages/airflow/example_dags/plugins/listener_plugin.py
[2025-03-24T16:51:01.441-0700] {processor.py:914} INFO - Processing file /Users/jingwenxu/anaconda3/lib/python3.11/site-packages/airflow/example_dags/plugins/listener_plugin.py for tasks to queue
[2025-03-24T16:51:01.442-0700] {logging_mixin.py:190} INFO - [2025-03-24T16:51:01.442-0700] {dagbag.py:588} INFO - Filling up the DagBag from /Users/jingwenxu/anaconda3/lib/python3.11/site-packages/airflow/example_dags/plugins/listener_plugin.py
[2025-03-24T16:51:01.444-0700] {processor.py:927} WARNING - No viable dags retrieved from /Users/jingwenxu/anaconda3/lib/python3.11/site-packages/airflow/example_dags/plugins/listener_plugin.py
[2025-03-24T16:51:01.486-0700] {processor.py:208} INFO - Processing /Users/jingwenxu/anaconda3/lib/python3.11/site-packages/airflow/example_dags/plugins/listener_plugin.py took 0.048 seconds
[2025-03-24T16:52:39.908-0700] {processor.py:186} INFO - Started process (PID=6672) to work on /Users/jingwenxu/anaconda3/lib/python3.11/site-packages/airflow/example_dags/plugins/listener_plugin.py
[2025-03-24T16:52:39.909-0700] {processor.py:914} INFO - Processing file /Users/jingwenxu/anaconda3/lib/python3.11/site-packages/airflow/example_dags/plugins/listener_plugin.py for tasks to queue
[2025-03-24T16:52:39.910-0700] {logging_mixin.py:190} INFO - [2025-03-24T16:52:39.910-0700] {dagbag.py:588} INFO - Filling up the DagBag from /Users/jingwenxu/anaconda3/lib/python3.11/site-packages/airflow/example_dags/plugins/listener_plugin.py
[2025-03-24T16:52:39.911-0700] {processor.py:927} WARNING - No viable dags retrieved from /Users/jingwenxu/anaconda3/lib/python3.11/site-packages/airflow/example_dags/plugins/listener_plugin.py
[2025-03-24T16:52:39.950-0700] {processor.py:208} INFO - Processing /Users/jingwenxu/anaconda3/lib/python3.11/site-packages/airflow/example_dags/plugins/listener_plugin.py took 0.044 seconds
