[2025-03-24T16:33:50.498-0700] {processor.py:186} INFO - Started process (PID=2707) to work on /Users/jingwenxu/anaconda3/lib/python3.11/site-packages/airflow/example_dags/plugins/workday.py
[2025-03-24T16:33:50.499-0700] {processor.py:914} INFO - Processing file /Users/jingwenxu/anaconda3/lib/python3.11/site-packages/airflow/example_dags/plugins/workday.py for tasks to queue
[2025-03-24T16:33:50.499-0700] {logging_mixin.py:190} INFO - [2025-03-24T16:33:50.499-0700] {dagbag.py:588} INFO - Filling up the DagBag from /Users/jingwenxu/anaconda3/lib/python3.11/site-packages/airflow/example_dags/plugins/workday.py
[2025-03-24T16:33:50.665-0700] {logging_mixin.py:190} INFO - [2025-03-24T16:33:50.665-0700] {utils.py:161} INFO - NumExpr defaulting to 10 threads.
[2025-03-24T16:33:50.815-0700] {processor.py:927} WARNING - No viable dags retrieved from /Users/jingwenxu/anaconda3/lib/python3.11/site-packages/airflow/example_dags/plugins/workday.py
[2025-03-24T16:33:50.854-0700] {processor.py:208} INFO - Processing /Users/jingwenxu/anaconda3/lib/python3.11/site-packages/airflow/example_dags/plugins/workday.py took 0.358 seconds
[2025-03-24T16:36:08.130-0700] {processor.py:186} INFO - Started process (PID=3201) to work on /Users/jingwenxu/anaconda3/lib/python3.11/site-packages/airflow/example_dags/plugins/workday.py
[2025-03-24T16:36:08.131-0700] {processor.py:914} INFO - Processing file /Users/jingwenxu/anaconda3/lib/python3.11/site-packages/airflow/example_dags/plugins/workday.py for tasks to queue
[2025-03-24T16:36:08.132-0700] {logging_mixin.py:190} INFO - [2025-03-24T16:36:08.132-0700] {dagbag.py:588} INFO - Filling up the DagBag from /Users/jingwenxu/anaconda3/lib/python3.11/site-packages/airflow/example_dags/plugins/workday.py
[2025-03-24T16:36:08.330-0700] {logging_mixin.py:190} INFO - [2025-03-24T16:36:08.330-0700] {utils.py:161} INFO - NumExpr defaulting to 10 threads.
[2025-03-24T16:36:08.504-0700] {processor.py:927} WARNING - No viable dags retrieved from /Users/jingwenxu/anaconda3/lib/python3.11/site-packages/airflow/example_dags/plugins/workday.py
[2025-03-24T16:36:08.542-0700] {processor.py:208} INFO - Processing /Users/jingwenxu/anaconda3/lib/python3.11/site-packages/airflow/example_dags/plugins/workday.py took 0.415 seconds
[2025-03-24T16:37:46.270-0700] {processor.py:186} INFO - Started process (PID=3531) to work on /Users/jingwenxu/anaconda3/lib/python3.11/site-packages/airflow/example_dags/plugins/workday.py
[2025-03-24T16:37:46.271-0700] {processor.py:914} INFO - Processing file /Users/jingwenxu/anaconda3/lib/python3.11/site-packages/airflow/example_dags/plugins/workday.py for tasks to queue
[2025-03-24T16:37:46.272-0700] {logging_mixin.py:190} INFO - [2025-03-24T16:37:46.272-0700] {dagbag.py:588} INFO - Filling up the DagBag from /Users/jingwenxu/anaconda3/lib/python3.11/site-packages/airflow/example_dags/plugins/workday.py
[2025-03-24T16:37:46.443-0700] {logging_mixin.py:190} INFO - [2025-03-24T16:37:46.443-0700] {utils.py:161} INFO - NumExpr defaulting to 10 threads.
[2025-03-24T16:37:46.624-0700] {processor.py:927} WARNING - No viable dags retrieved from /Users/jingwenxu/anaconda3/lib/python3.11/site-packages/airflow/example_dags/plugins/workday.py
[2025-03-24T16:37:46.662-0700] {processor.py:208} INFO - Processing /Users/jingwenxu/anaconda3/lib/python3.11/site-packages/airflow/example_dags/plugins/workday.py took 0.394 seconds
[2025-03-24T16:39:23.544-0700] {processor.py:186} INFO - Started process (PID=3878) to work on /Users/jingwenxu/anaconda3/lib/python3.11/site-packages/airflow/example_dags/plugins/workday.py
[2025-03-24T16:39:23.545-0700] {processor.py:914} INFO - Processing file /Users/jingwenxu/anaconda3/lib/python3.11/site-packages/airflow/example_dags/plugins/workday.py for tasks to queue
[2025-03-24T16:39:23.546-0700] {logging_mixin.py:190} INFO - [2025-03-24T16:39:23.546-0700] {dagbag.py:588} INFO - Filling up the DagBag from /Users/jingwenxu/anaconda3/lib/python3.11/site-packages/airflow/example_dags/plugins/workday.py
[2025-03-24T16:39:23.712-0700] {logging_mixin.py:190} INFO - [2025-03-24T16:39:23.712-0700] {utils.py:161} INFO - NumExpr defaulting to 10 threads.
[2025-03-24T16:39:23.893-0700] {processor.py:927} WARNING - No viable dags retrieved from /Users/jingwenxu/anaconda3/lib/python3.11/site-packages/airflow/example_dags/plugins/workday.py
[2025-03-24T16:39:23.931-0700] {processor.py:208} INFO - Processing /Users/jingwenxu/anaconda3/lib/python3.11/site-packages/airflow/example_dags/plugins/workday.py took 0.389 seconds
[2025-03-24T16:41:00.452-0700] {processor.py:186} INFO - Started process (PID=4279) to work on /Users/jingwenxu/anaconda3/lib/python3.11/site-packages/airflow/example_dags/plugins/workday.py
[2025-03-24T16:41:00.454-0700] {processor.py:914} INFO - Processing file /Users/jingwenxu/anaconda3/lib/python3.11/site-packages/airflow/example_dags/plugins/workday.py for tasks to queue
[2025-03-24T16:41:00.454-0700] {logging_mixin.py:190} INFO - [2025-03-24T16:41:00.454-0700] {dagbag.py:588} INFO - Filling up the DagBag from /Users/jingwenxu/anaconda3/lib/python3.11/site-packages/airflow/example_dags/plugins/workday.py
[2025-03-24T16:41:00.614-0700] {logging_mixin.py:190} INFO - [2025-03-24T16:41:00.614-0700] {utils.py:161} INFO - NumExpr defaulting to 10 threads.
[2025-03-24T16:41:00.776-0700] {processor.py:927} WARNING - No viable dags retrieved from /Users/jingwenxu/anaconda3/lib/python3.11/site-packages/airflow/example_dags/plugins/workday.py
[2025-03-24T16:41:00.814-0700] {processor.py:208} INFO - Processing /Users/jingwenxu/anaconda3/lib/python3.11/site-packages/airflow/example_dags/plugins/workday.py took 0.364 seconds
[2025-03-24T16:42:39.818-0700] {processor.py:186} INFO - Started process (PID=4615) to work on /Users/jingwenxu/anaconda3/lib/python3.11/site-packages/airflow/example_dags/plugins/workday.py
[2025-03-24T16:42:39.819-0700] {processor.py:914} INFO - Processing file /Users/jingwenxu/anaconda3/lib/python3.11/site-packages/airflow/example_dags/plugins/workday.py for tasks to queue
[2025-03-24T16:42:39.820-0700] {logging_mixin.py:190} INFO - [2025-03-24T16:42:39.820-0700] {dagbag.py:588} INFO - Filling up the DagBag from /Users/jingwenxu/anaconda3/lib/python3.11/site-packages/airflow/example_dags/plugins/workday.py
[2025-03-24T16:42:40.067-0700] {logging_mixin.py:190} INFO - [2025-03-24T16:42:40.064-0700] {utils.py:161} INFO - NumExpr defaulting to 10 threads.
[2025-03-24T16:42:40.246-0700] {processor.py:927} WARNING - No viable dags retrieved from /Users/jingwenxu/anaconda3/lib/python3.11/site-packages/airflow/example_dags/plugins/workday.py
[2025-03-24T16:42:40.364-0700] {processor.py:208} INFO - Processing /Users/jingwenxu/anaconda3/lib/python3.11/site-packages/airflow/example_dags/plugins/workday.py took 0.547 seconds
[2025-03-24T16:44:20.244-0700] {processor.py:186} INFO - Started process (PID=4950) to work on /Users/jingwenxu/anaconda3/lib/python3.11/site-packages/airflow/example_dags/plugins/workday.py
[2025-03-24T16:44:20.246-0700] {processor.py:914} INFO - Processing file /Users/jingwenxu/anaconda3/lib/python3.11/site-packages/airflow/example_dags/plugins/workday.py for tasks to queue
[2025-03-24T16:44:20.246-0700] {logging_mixin.py:190} INFO - [2025-03-24T16:44:20.246-0700] {dagbag.py:588} INFO - Filling up the DagBag from /Users/jingwenxu/anaconda3/lib/python3.11/site-packages/airflow/example_dags/plugins/workday.py
[2025-03-24T16:44:20.419-0700] {logging_mixin.py:190} INFO - [2025-03-24T16:44:20.418-0700] {utils.py:161} INFO - NumExpr defaulting to 10 threads.
[2025-03-24T16:44:20.613-0700] {processor.py:927} WARNING - No viable dags retrieved from /Users/jingwenxu/anaconda3/lib/python3.11/site-packages/airflow/example_dags/plugins/workday.py
[2025-03-24T16:44:20.653-0700] {processor.py:208} INFO - Processing /Users/jingwenxu/anaconda3/lib/python3.11/site-packages/airflow/example_dags/plugins/workday.py took 0.410 seconds
[2025-03-24T16:45:59.919-0700] {processor.py:186} INFO - Started process (PID=5298) to work on /Users/jingwenxu/anaconda3/lib/python3.11/site-packages/airflow/example_dags/plugins/workday.py
[2025-03-24T16:45:59.920-0700] {processor.py:914} INFO - Processing file /Users/jingwenxu/anaconda3/lib/python3.11/site-packages/airflow/example_dags/plugins/workday.py for tasks to queue
[2025-03-24T16:45:59.920-0700] {logging_mixin.py:190} INFO - [2025-03-24T16:45:59.920-0700] {dagbag.py:588} INFO - Filling up the DagBag from /Users/jingwenxu/anaconda3/lib/python3.11/site-packages/airflow/example_dags/plugins/workday.py
[2025-03-24T16:46:00.137-0700] {logging_mixin.py:190} INFO - [2025-03-24T16:46:00.137-0700] {utils.py:161} INFO - NumExpr defaulting to 10 threads.
[2025-03-24T16:46:00.334-0700] {processor.py:927} WARNING - No viable dags retrieved from /Users/jingwenxu/anaconda3/lib/python3.11/site-packages/airflow/example_dags/plugins/workday.py
[2025-03-24T16:46:00.373-0700] {processor.py:208} INFO - Processing /Users/jingwenxu/anaconda3/lib/python3.11/site-packages/airflow/example_dags/plugins/workday.py took 0.456 seconds
[2025-03-24T16:47:37.472-0700] {processor.py:186} INFO - Started process (PID=5627) to work on /Users/jingwenxu/anaconda3/lib/python3.11/site-packages/airflow/example_dags/plugins/workday.py
[2025-03-24T16:47:37.473-0700] {processor.py:914} INFO - Processing file /Users/jingwenxu/anaconda3/lib/python3.11/site-packages/airflow/example_dags/plugins/workday.py for tasks to queue
[2025-03-24T16:47:37.474-0700] {logging_mixin.py:190} INFO - [2025-03-24T16:47:37.474-0700] {dagbag.py:588} INFO - Filling up the DagBag from /Users/jingwenxu/anaconda3/lib/python3.11/site-packages/airflow/example_dags/plugins/workday.py
[2025-03-24T16:47:37.690-0700] {logging_mixin.py:190} INFO - [2025-03-24T16:47:37.689-0700] {utils.py:161} INFO - NumExpr defaulting to 10 threads.
[2025-03-24T16:47:37.885-0700] {processor.py:927} WARNING - No viable dags retrieved from /Users/jingwenxu/anaconda3/lib/python3.11/site-packages/airflow/example_dags/plugins/workday.py
[2025-03-24T16:47:37.925-0700] {processor.py:208} INFO - Processing /Users/jingwenxu/anaconda3/lib/python3.11/site-packages/airflow/example_dags/plugins/workday.py took 0.455 seconds
[2025-03-24T16:49:18.443-0700] {processor.py:186} INFO - Started process (PID=5982) to work on /Users/jingwenxu/anaconda3/lib/python3.11/site-packages/airflow/example_dags/plugins/workday.py
[2025-03-24T16:49:18.444-0700] {processor.py:914} INFO - Processing file /Users/jingwenxu/anaconda3/lib/python3.11/site-packages/airflow/example_dags/plugins/workday.py for tasks to queue
[2025-03-24T16:49:18.445-0700] {logging_mixin.py:190} INFO - [2025-03-24T16:49:18.445-0700] {dagbag.py:588} INFO - Filling up the DagBag from /Users/jingwenxu/anaconda3/lib/python3.11/site-packages/airflow/example_dags/plugins/workday.py
[2025-03-24T16:49:18.651-0700] {logging_mixin.py:190} INFO - [2025-03-24T16:49:18.651-0700] {utils.py:161} INFO - NumExpr defaulting to 10 threads.
[2025-03-24T16:49:18.844-0700] {processor.py:927} WARNING - No viable dags retrieved from /Users/jingwenxu/anaconda3/lib/python3.11/site-packages/airflow/example_dags/plugins/workday.py
[2025-03-24T16:49:18.882-0700] {processor.py:208} INFO - Processing /Users/jingwenxu/anaconda3/lib/python3.11/site-packages/airflow/example_dags/plugins/workday.py took 0.441 seconds
[2025-03-24T16:50:58.696-0700] {processor.py:186} INFO - Started process (PID=6340) to work on /Users/jingwenxu/anaconda3/lib/python3.11/site-packages/airflow/example_dags/plugins/workday.py
[2025-03-24T16:50:58.697-0700] {processor.py:914} INFO - Processing file /Users/jingwenxu/anaconda3/lib/python3.11/site-packages/airflow/example_dags/plugins/workday.py for tasks to queue
[2025-03-24T16:50:58.698-0700] {logging_mixin.py:190} INFO - [2025-03-24T16:50:58.698-0700] {dagbag.py:588} INFO - Filling up the DagBag from /Users/jingwenxu/anaconda3/lib/python3.11/site-packages/airflow/example_dags/plugins/workday.py
[2025-03-24T16:50:58.867-0700] {logging_mixin.py:190} INFO - [2025-03-24T16:50:58.867-0700] {utils.py:161} INFO - NumExpr defaulting to 10 threads.
[2025-03-24T16:50:59.050-0700] {processor.py:927} WARNING - No viable dags retrieved from /Users/jingwenxu/anaconda3/lib/python3.11/site-packages/airflow/example_dags/plugins/workday.py
[2025-03-24T16:50:59.089-0700] {processor.py:208} INFO - Processing /Users/jingwenxu/anaconda3/lib/python3.11/site-packages/airflow/example_dags/plugins/workday.py took 0.395 seconds
[2025-03-24T16:52:37.239-0700] {processor.py:186} INFO - Started process (PID=6665) to work on /Users/jingwenxu/anaconda3/lib/python3.11/site-packages/airflow/example_dags/plugins/workday.py
[2025-03-24T16:52:37.240-0700] {processor.py:914} INFO - Processing file /Users/jingwenxu/anaconda3/lib/python3.11/site-packages/airflow/example_dags/plugins/workday.py for tasks to queue
[2025-03-24T16:52:37.241-0700] {logging_mixin.py:190} INFO - [2025-03-24T16:52:37.241-0700] {dagbag.py:588} INFO - Filling up the DagBag from /Users/jingwenxu/anaconda3/lib/python3.11/site-packages/airflow/example_dags/plugins/workday.py
[2025-03-24T16:52:37.387-0700] {logging_mixin.py:190} INFO - [2025-03-24T16:52:37.386-0700] {utils.py:161} INFO - NumExpr defaulting to 10 threads.
[2025-03-24T16:52:37.540-0700] {processor.py:927} WARNING - No viable dags retrieved from /Users/jingwenxu/anaconda3/lib/python3.11/site-packages/airflow/example_dags/plugins/workday.py
[2025-03-24T16:52:37.578-0700] {processor.py:208} INFO - Processing /Users/jingwenxu/anaconda3/lib/python3.11/site-packages/airflow/example_dags/plugins/workday.py took 0.341 seconds
