[2025-03-24T16:33:48.868-0700] {processor.py:186} INFO - Started process (PID=2699) to work on /Users/jingwenxu/anaconda3/lib/python3.11/site-packages/airflow/example_dags/subdags/subdag.py
[2025-03-24T16:33:48.869-0700] {processor.py:914} INFO - Processing file /Users/jingwenxu/anaconda3/lib/python3.11/site-packages/airflow/example_dags/subdags/subdag.py for tasks to queue
[2025-03-24T16:33:48.869-0700] {logging_mixin.py:190} INFO - [2025-03-24T16:33:48.869-0700] {dagbag.py:588} INFO - Filling up the DagBag from /Users/jingwenxu/anaconda3/lib/python3.11/site-packages/airflow/example_dags/subdags/subdag.py
[2025-03-24T16:33:48.870-0700] {processor.py:927} WARNING - No viable dags retrieved from /Users/jingwenxu/anaconda3/lib/python3.11/site-packages/airflow/example_dags/subdags/subdag.py
[2025-03-24T16:33:48.914-0700] {processor.py:208} INFO - Processing /Users/jingwenxu/anaconda3/lib/python3.11/site-packages/airflow/example_dags/subdags/subdag.py took 0.048 seconds
[2025-03-24T16:36:06.681-0700] {processor.py:186} INFO - Started process (PID=3199) to work on /Users/jingwenxu/anaconda3/lib/python3.11/site-packages/airflow/example_dags/subdags/subdag.py
[2025-03-24T16:36:06.682-0700] {processor.py:914} INFO - Processing file /Users/jingwenxu/anaconda3/lib/python3.11/site-packages/airflow/example_dags/subdags/subdag.py for tasks to queue
[2025-03-24T16:36:06.682-0700] {logging_mixin.py:190} INFO - [2025-03-24T16:36:06.682-0700] {dagbag.py:588} INFO - Filling up the DagBag from /Users/jingwenxu/anaconda3/lib/python3.11/site-packages/airflow/example_dags/subdags/subdag.py
[2025-03-24T16:36:06.684-0700] {processor.py:927} WARNING - No viable dags retrieved from /Users/jingwenxu/anaconda3/lib/python3.11/site-packages/airflow/example_dags/subdags/subdag.py
[2025-03-24T16:36:06.725-0700] {processor.py:208} INFO - Processing /Users/jingwenxu/anaconda3/lib/python3.11/site-packages/airflow/example_dags/subdags/subdag.py took 0.046 seconds
[2025-03-24T16:37:43.834-0700] {processor.py:186} INFO - Started process (PID=3523) to work on /Users/jingwenxu/anaconda3/lib/python3.11/site-packages/airflow/example_dags/subdags/subdag.py
[2025-03-24T16:37:43.835-0700] {processor.py:914} INFO - Processing file /Users/jingwenxu/anaconda3/lib/python3.11/site-packages/airflow/example_dags/subdags/subdag.py for tasks to queue
[2025-03-24T16:37:43.836-0700] {logging_mixin.py:190} INFO - [2025-03-24T16:37:43.836-0700] {dagbag.py:588} INFO - Filling up the DagBag from /Users/jingwenxu/anaconda3/lib/python3.11/site-packages/airflow/example_dags/subdags/subdag.py
[2025-03-24T16:37:43.837-0700] {processor.py:927} WARNING - No viable dags retrieved from /Users/jingwenxu/anaconda3/lib/python3.11/site-packages/airflow/example_dags/subdags/subdag.py
[2025-03-24T16:37:43.896-0700] {processor.py:208} INFO - Processing /Users/jingwenxu/anaconda3/lib/python3.11/site-packages/airflow/example_dags/subdags/subdag.py took 0.064 seconds
[2025-03-24T16:39:21.467-0700] {processor.py:186} INFO - Started process (PID=3871) to work on /Users/jingwenxu/anaconda3/lib/python3.11/site-packages/airflow/example_dags/subdags/subdag.py
[2025-03-24T16:39:21.469-0700] {processor.py:914} INFO - Processing file /Users/jingwenxu/anaconda3/lib/python3.11/site-packages/airflow/example_dags/subdags/subdag.py for tasks to queue
[2025-03-24T16:39:21.470-0700] {logging_mixin.py:190} INFO - [2025-03-24T16:39:21.469-0700] {dagbag.py:588} INFO - Filling up the DagBag from /Users/jingwenxu/anaconda3/lib/python3.11/site-packages/airflow/example_dags/subdags/subdag.py
[2025-03-24T16:39:21.471-0700] {processor.py:927} WARNING - No viable dags retrieved from /Users/jingwenxu/anaconda3/lib/python3.11/site-packages/airflow/example_dags/subdags/subdag.py
[2025-03-24T16:39:21.511-0700] {processor.py:208} INFO - Processing /Users/jingwenxu/anaconda3/lib/python3.11/site-packages/airflow/example_dags/subdags/subdag.py took 0.046 seconds
[2025-03-24T16:40:58.740-0700] {processor.py:186} INFO - Started process (PID=4272) to work on /Users/jingwenxu/anaconda3/lib/python3.11/site-packages/airflow/example_dags/subdags/subdag.py
[2025-03-24T16:40:58.741-0700] {processor.py:914} INFO - Processing file /Users/jingwenxu/anaconda3/lib/python3.11/site-packages/airflow/example_dags/subdags/subdag.py for tasks to queue
[2025-03-24T16:40:58.742-0700] {logging_mixin.py:190} INFO - [2025-03-24T16:40:58.742-0700] {dagbag.py:588} INFO - Filling up the DagBag from /Users/jingwenxu/anaconda3/lib/python3.11/site-packages/airflow/example_dags/subdags/subdag.py
[2025-03-24T16:40:58.743-0700] {processor.py:927} WARNING - No viable dags retrieved from /Users/jingwenxu/anaconda3/lib/python3.11/site-packages/airflow/example_dags/subdags/subdag.py
[2025-03-24T16:40:58.784-0700] {processor.py:208} INFO - Processing /Users/jingwenxu/anaconda3/lib/python3.11/site-packages/airflow/example_dags/subdags/subdag.py took 0.046 seconds
[2025-03-24T16:42:37.443-0700] {processor.py:186} INFO - Started process (PID=4606) to work on /Users/jingwenxu/anaconda3/lib/python3.11/site-packages/airflow/example_dags/subdags/subdag.py
[2025-03-24T16:42:37.444-0700] {processor.py:914} INFO - Processing file /Users/jingwenxu/anaconda3/lib/python3.11/site-packages/airflow/example_dags/subdags/subdag.py for tasks to queue
[2025-03-24T16:42:37.445-0700] {logging_mixin.py:190} INFO - [2025-03-24T16:42:37.445-0700] {dagbag.py:588} INFO - Filling up the DagBag from /Users/jingwenxu/anaconda3/lib/python3.11/site-packages/airflow/example_dags/subdags/subdag.py
[2025-03-24T16:42:37.447-0700] {processor.py:927} WARNING - No viable dags retrieved from /Users/jingwenxu/anaconda3/lib/python3.11/site-packages/airflow/example_dags/subdags/subdag.py
[2025-03-24T16:42:37.492-0700] {processor.py:208} INFO - Processing /Users/jingwenxu/anaconda3/lib/python3.11/site-packages/airflow/example_dags/subdags/subdag.py took 0.052 seconds
[2025-03-24T16:44:17.907-0700] {processor.py:186} INFO - Started process (PID=4943) to work on /Users/jingwenxu/anaconda3/lib/python3.11/site-packages/airflow/example_dags/subdags/subdag.py
[2025-03-24T16:44:17.909-0700] {processor.py:914} INFO - Processing file /Users/jingwenxu/anaconda3/lib/python3.11/site-packages/airflow/example_dags/subdags/subdag.py for tasks to queue
[2025-03-24T16:44:17.910-0700] {logging_mixin.py:190} INFO - [2025-03-24T16:44:17.910-0700] {dagbag.py:588} INFO - Filling up the DagBag from /Users/jingwenxu/anaconda3/lib/python3.11/site-packages/airflow/example_dags/subdags/subdag.py
[2025-03-24T16:44:17.911-0700] {processor.py:927} WARNING - No viable dags retrieved from /Users/jingwenxu/anaconda3/lib/python3.11/site-packages/airflow/example_dags/subdags/subdag.py
[2025-03-24T16:44:17.950-0700] {processor.py:208} INFO - Processing /Users/jingwenxu/anaconda3/lib/python3.11/site-packages/airflow/example_dags/subdags/subdag.py took 0.045 seconds
[2025-03-24T16:45:57.600-0700] {processor.py:186} INFO - Started process (PID=5290) to work on /Users/jingwenxu/anaconda3/lib/python3.11/site-packages/airflow/example_dags/subdags/subdag.py
[2025-03-24T16:45:57.600-0700] {processor.py:914} INFO - Processing file /Users/jingwenxu/anaconda3/lib/python3.11/site-packages/airflow/example_dags/subdags/subdag.py for tasks to queue
[2025-03-24T16:45:57.601-0700] {logging_mixin.py:190} INFO - [2025-03-24T16:45:57.601-0700] {dagbag.py:588} INFO - Filling up the DagBag from /Users/jingwenxu/anaconda3/lib/python3.11/site-packages/airflow/example_dags/subdags/subdag.py
[2025-03-24T16:45:57.602-0700] {processor.py:927} WARNING - No viable dags retrieved from /Users/jingwenxu/anaconda3/lib/python3.11/site-packages/airflow/example_dags/subdags/subdag.py
[2025-03-24T16:45:57.642-0700] {processor.py:208} INFO - Processing /Users/jingwenxu/anaconda3/lib/python3.11/site-packages/airflow/example_dags/subdags/subdag.py took 0.044 seconds
[2025-03-24T16:47:35.790-0700] {processor.py:186} INFO - Started process (PID=5620) to work on /Users/jingwenxu/anaconda3/lib/python3.11/site-packages/airflow/example_dags/subdags/subdag.py
[2025-03-24T16:47:35.792-0700] {processor.py:914} INFO - Processing file /Users/jingwenxu/anaconda3/lib/python3.11/site-packages/airflow/example_dags/subdags/subdag.py for tasks to queue
[2025-03-24T16:47:35.793-0700] {logging_mixin.py:190} INFO - [2025-03-24T16:47:35.792-0700] {dagbag.py:588} INFO - Filling up the DagBag from /Users/jingwenxu/anaconda3/lib/python3.11/site-packages/airflow/example_dags/subdags/subdag.py
[2025-03-24T16:47:35.794-0700] {processor.py:927} WARNING - No viable dags retrieved from /Users/jingwenxu/anaconda3/lib/python3.11/site-packages/airflow/example_dags/subdags/subdag.py
[2025-03-24T16:47:35.833-0700] {processor.py:208} INFO - Processing /Users/jingwenxu/anaconda3/lib/python3.11/site-packages/airflow/example_dags/subdags/subdag.py took 0.045 seconds
[2025-03-24T16:49:16.076-0700] {processor.py:186} INFO - Started process (PID=5975) to work on /Users/jingwenxu/anaconda3/lib/python3.11/site-packages/airflow/example_dags/subdags/subdag.py
[2025-03-24T16:49:16.077-0700] {processor.py:914} INFO - Processing file /Users/jingwenxu/anaconda3/lib/python3.11/site-packages/airflow/example_dags/subdags/subdag.py for tasks to queue
[2025-03-24T16:49:16.078-0700] {logging_mixin.py:190} INFO - [2025-03-24T16:49:16.078-0700] {dagbag.py:588} INFO - Filling up the DagBag from /Users/jingwenxu/anaconda3/lib/python3.11/site-packages/airflow/example_dags/subdags/subdag.py
[2025-03-24T16:49:16.079-0700] {processor.py:927} WARNING - No viable dags retrieved from /Users/jingwenxu/anaconda3/lib/python3.11/site-packages/airflow/example_dags/subdags/subdag.py
[2025-03-24T16:49:16.118-0700] {processor.py:208} INFO - Processing /Users/jingwenxu/anaconda3/lib/python3.11/site-packages/airflow/example_dags/subdags/subdag.py took 0.045 seconds
[2025-03-24T16:50:56.324-0700] {processor.py:186} INFO - Started process (PID=6333) to work on /Users/jingwenxu/anaconda3/lib/python3.11/site-packages/airflow/example_dags/subdags/subdag.py
[2025-03-24T16:50:56.325-0700] {processor.py:914} INFO - Processing file /Users/jingwenxu/anaconda3/lib/python3.11/site-packages/airflow/example_dags/subdags/subdag.py for tasks to queue
[2025-03-24T16:50:56.326-0700] {logging_mixin.py:190} INFO - [2025-03-24T16:50:56.326-0700] {dagbag.py:588} INFO - Filling up the DagBag from /Users/jingwenxu/anaconda3/lib/python3.11/site-packages/airflow/example_dags/subdags/subdag.py
[2025-03-24T16:50:56.328-0700] {processor.py:927} WARNING - No viable dags retrieved from /Users/jingwenxu/anaconda3/lib/python3.11/site-packages/airflow/example_dags/subdags/subdag.py
[2025-03-24T16:50:56.372-0700] {processor.py:208} INFO - Processing /Users/jingwenxu/anaconda3/lib/python3.11/site-packages/airflow/example_dags/subdags/subdag.py took 0.050 seconds
[2025-03-24T16:52:35.509-0700] {processor.py:186} INFO - Started process (PID=6658) to work on /Users/jingwenxu/anaconda3/lib/python3.11/site-packages/airflow/example_dags/subdags/subdag.py
[2025-03-24T16:52:35.511-0700] {processor.py:914} INFO - Processing file /Users/jingwenxu/anaconda3/lib/python3.11/site-packages/airflow/example_dags/subdags/subdag.py for tasks to queue
[2025-03-24T16:52:35.511-0700] {logging_mixin.py:190} INFO - [2025-03-24T16:52:35.511-0700] {dagbag.py:588} INFO - Filling up the DagBag from /Users/jingwenxu/anaconda3/lib/python3.11/site-packages/airflow/example_dags/subdags/subdag.py
[2025-03-24T16:52:35.513-0700] {processor.py:927} WARNING - No viable dags retrieved from /Users/jingwenxu/anaconda3/lib/python3.11/site-packages/airflow/example_dags/subdags/subdag.py
[2025-03-24T16:52:35.552-0700] {processor.py:208} INFO - Processing /Users/jingwenxu/anaconda3/lib/python3.11/site-packages/airflow/example_dags/subdags/subdag.py took 0.045 seconds
