[2025-03-24T16:33:46.423-0700] {processor.py:186} INFO - Started process (PID=2689) to work on /Users/jingwenxu/Downloads/f1_de_pipeline/dags/f1_ingestion_dag.py
[2025-03-24T16:33:46.423-0700] {processor.py:914} INFO - Processing file /Users/jingwenxu/Downloads/f1_de_pipeline/dags/f1_ingestion_dag.py for tasks to queue
[2025-03-24T16:33:46.424-0700] {logging_mixin.py:190} INFO - [2025-03-24T16:33:46.424-0700] {dagbag.py:588} INFO - Filling up the DagBag from /Users/jingwenxu/Downloads/f1_de_pipeline/dags/f1_ingestion_dag.py
[2025-03-24T16:33:46.431-0700] {processor.py:925} INFO - DAG(s) 'f1_ingestion_dag' retrieved from /Users/jingwenxu/Downloads/f1_de_pipeline/dags/f1_ingestion_dag.py
[2025-03-24T16:33:46.525-0700] {logging_mixin.py:190} INFO - [2025-03-24T16:33:46.524-0700] {override.py:1930} INFO - Created Permission View: can read on DAG:f1_ingestion_dag
[2025-03-24T16:33:46.528-0700] {logging_mixin.py:190} INFO - [2025-03-24T16:33:46.528-0700] {override.py:1930} INFO - Created Permission View: can delete on DAG:f1_ingestion_dag
[2025-03-24T16:33:46.531-0700] {logging_mixin.py:190} INFO - [2025-03-24T16:33:46.531-0700] {override.py:1930} INFO - Created Permission View: can edit on DAG:f1_ingestion_dag
[2025-03-24T16:33:46.534-0700] {logging_mixin.py:190} INFO - [2025-03-24T16:33:46.534-0700] {override.py:1930} INFO - Created Permission View: can read on DAG Run:f1_ingestion_dag
[2025-03-24T16:33:46.536-0700] {logging_mixin.py:190} INFO - [2025-03-24T16:33:46.536-0700] {override.py:1930} INFO - Created Permission View: menu access on DAG Run:f1_ingestion_dag
[2025-03-24T16:33:46.539-0700] {logging_mixin.py:190} INFO - [2025-03-24T16:33:46.538-0700] {override.py:1930} INFO - Created Permission View: can create on DAG Run:f1_ingestion_dag
[2025-03-24T16:33:46.541-0700] {logging_mixin.py:190} INFO - [2025-03-24T16:33:46.541-0700] {override.py:1930} INFO - Created Permission View: can delete on DAG Run:f1_ingestion_dag
[2025-03-24T16:33:46.541-0700] {logging_mixin.py:190} INFO - [2025-03-24T16:33:46.541-0700] {dag.py:3239} INFO - Sync 1 DAGs
[2025-03-24T16:33:46.546-0700] {logging_mixin.py:190} INFO - [2025-03-24T16:33:46.545-0700] {dag.py:3262} INFO - Creating ORM DAG for f1_ingestion_dag
[2025-03-24T16:33:46.546-0700] {logging_mixin.py:190} INFO - [2025-03-24T16:33:46.546-0700] {dag.py:4180} INFO - Setting next_dagrun for f1_ingestion_dag to None, run_after=None
[2025-03-24T16:33:46.552-0700] {processor.py:208} INFO - Processing /Users/jingwenxu/Downloads/f1_de_pipeline/dags/f1_ingestion_dag.py took 0.131 seconds
[2025-03-24T16:36:04.224-0700] {processor.py:186} INFO - Started process (PID=3187) to work on /Users/jingwenxu/Downloads/f1_de_pipeline/dags/f1_ingestion_dag.py
[2025-03-24T16:36:04.225-0700] {processor.py:914} INFO - Processing file /Users/jingwenxu/Downloads/f1_de_pipeline/dags/f1_ingestion_dag.py for tasks to queue
[2025-03-24T16:36:04.225-0700] {logging_mixin.py:190} INFO - [2025-03-24T16:36:04.225-0700] {dagbag.py:588} INFO - Filling up the DagBag from /Users/jingwenxu/Downloads/f1_de_pipeline/dags/f1_ingestion_dag.py
[2025-03-24T16:36:04.231-0700] {processor.py:925} INFO - DAG(s) 'f1_ingestion_dag' retrieved from /Users/jingwenxu/Downloads/f1_de_pipeline/dags/f1_ingestion_dag.py
[2025-03-24T16:36:04.278-0700] {logging_mixin.py:190} INFO - [2025-03-24T16:36:04.278-0700] {dag.py:3239} INFO - Sync 1 DAGs
[2025-03-24T16:36:04.284-0700] {logging_mixin.py:190} INFO - [2025-03-24T16:36:04.284-0700] {dag.py:4180} INFO - Setting next_dagrun for f1_ingestion_dag to None, run_after=None
[2025-03-24T16:36:04.295-0700] {processor.py:208} INFO - Processing /Users/jingwenxu/Downloads/f1_de_pipeline/dags/f1_ingestion_dag.py took 0.073 seconds
[2025-03-24T16:37:42.074-0700] {processor.py:186} INFO - Started process (PID=3516) to work on /Users/jingwenxu/Downloads/f1_de_pipeline/dags/f1_ingestion_dag.py
[2025-03-24T16:37:42.076-0700] {processor.py:914} INFO - Processing file /Users/jingwenxu/Downloads/f1_de_pipeline/dags/f1_ingestion_dag.py for tasks to queue
[2025-03-24T16:37:42.076-0700] {logging_mixin.py:190} INFO - [2025-03-24T16:37:42.076-0700] {dagbag.py:588} INFO - Filling up the DagBag from /Users/jingwenxu/Downloads/f1_de_pipeline/dags/f1_ingestion_dag.py
[2025-03-24T16:37:42.082-0700] {processor.py:925} INFO - DAG(s) 'f1_ingestion_dag' retrieved from /Users/jingwenxu/Downloads/f1_de_pipeline/dags/f1_ingestion_dag.py
[2025-03-24T16:37:42.124-0700] {logging_mixin.py:190} INFO - [2025-03-24T16:37:42.124-0700] {dag.py:3239} INFO - Sync 1 DAGs
[2025-03-24T16:37:42.129-0700] {logging_mixin.py:190} INFO - [2025-03-24T16:37:42.129-0700] {dag.py:4180} INFO - Setting next_dagrun for f1_ingestion_dag to None, run_after=None
[2025-03-24T16:37:42.137-0700] {processor.py:208} INFO - Processing /Users/jingwenxu/Downloads/f1_de_pipeline/dags/f1_ingestion_dag.py took 0.065 seconds
[2025-03-24T16:39:19.159-0700] {processor.py:186} INFO - Started process (PID=3864) to work on /Users/jingwenxu/Downloads/f1_de_pipeline/dags/f1_ingestion_dag.py
[2025-03-24T16:39:19.160-0700] {processor.py:914} INFO - Processing file /Users/jingwenxu/Downloads/f1_de_pipeline/dags/f1_ingestion_dag.py for tasks to queue
[2025-03-24T16:39:19.161-0700] {logging_mixin.py:190} INFO - [2025-03-24T16:39:19.161-0700] {dagbag.py:588} INFO - Filling up the DagBag from /Users/jingwenxu/Downloads/f1_de_pipeline/dags/f1_ingestion_dag.py
[2025-03-24T16:39:19.166-0700] {processor.py:925} INFO - DAG(s) 'f1_ingestion_dag' retrieved from /Users/jingwenxu/Downloads/f1_de_pipeline/dags/f1_ingestion_dag.py
[2025-03-24T16:39:19.209-0700] {logging_mixin.py:190} INFO - [2025-03-24T16:39:19.209-0700] {dag.py:3239} INFO - Sync 1 DAGs
[2025-03-24T16:39:19.214-0700] {logging_mixin.py:190} INFO - [2025-03-24T16:39:19.214-0700] {dag.py:4180} INFO - Setting next_dagrun for f1_ingestion_dag to None, run_after=None
[2025-03-24T16:39:19.223-0700] {processor.py:208} INFO - Processing /Users/jingwenxu/Downloads/f1_de_pipeline/dags/f1_ingestion_dag.py took 0.066 seconds
[2025-03-24T16:40:56.441-0700] {processor.py:186} INFO - Started process (PID=4264) to work on /Users/jingwenxu/Downloads/f1_de_pipeline/dags/f1_ingestion_dag.py
[2025-03-24T16:40:56.443-0700] {processor.py:914} INFO - Processing file /Users/jingwenxu/Downloads/f1_de_pipeline/dags/f1_ingestion_dag.py for tasks to queue
[2025-03-24T16:40:56.443-0700] {logging_mixin.py:190} INFO - [2025-03-24T16:40:56.443-0700] {dagbag.py:588} INFO - Filling up the DagBag from /Users/jingwenxu/Downloads/f1_de_pipeline/dags/f1_ingestion_dag.py
[2025-03-24T16:40:56.449-0700] {processor.py:925} INFO - DAG(s) 'f1_ingestion_dag' retrieved from /Users/jingwenxu/Downloads/f1_de_pipeline/dags/f1_ingestion_dag.py
[2025-03-24T16:40:56.492-0700] {logging_mixin.py:190} INFO - [2025-03-24T16:40:56.492-0700] {dag.py:3239} INFO - Sync 1 DAGs
[2025-03-24T16:40:56.497-0700] {logging_mixin.py:190} INFO - [2025-03-24T16:40:56.497-0700] {dag.py:4180} INFO - Setting next_dagrun for f1_ingestion_dag to None, run_after=None
[2025-03-24T16:40:56.505-0700] {processor.py:208} INFO - Processing /Users/jingwenxu/Downloads/f1_de_pipeline/dags/f1_ingestion_dag.py took 0.065 seconds
[2025-03-24T16:42:34.729-0700] {processor.py:186} INFO - Started process (PID=4597) to work on /Users/jingwenxu/Downloads/f1_de_pipeline/dags/f1_ingestion_dag.py
[2025-03-24T16:42:34.731-0700] {processor.py:914} INFO - Processing file /Users/jingwenxu/Downloads/f1_de_pipeline/dags/f1_ingestion_dag.py for tasks to queue
[2025-03-24T16:42:34.731-0700] {logging_mixin.py:190} INFO - [2025-03-24T16:42:34.731-0700] {dagbag.py:588} INFO - Filling up the DagBag from /Users/jingwenxu/Downloads/f1_de_pipeline/dags/f1_ingestion_dag.py
[2025-03-24T16:42:34.738-0700] {processor.py:925} INFO - DAG(s) 'f1_ingestion_dag' retrieved from /Users/jingwenxu/Downloads/f1_de_pipeline/dags/f1_ingestion_dag.py
[2025-03-24T16:42:34.806-0700] {logging_mixin.py:190} INFO - [2025-03-24T16:42:34.806-0700] {dag.py:3239} INFO - Sync 1 DAGs
[2025-03-24T16:42:34.813-0700] {logging_mixin.py:190} INFO - [2025-03-24T16:42:34.813-0700] {dag.py:4180} INFO - Setting next_dagrun for f1_ingestion_dag to None, run_after=None
[2025-03-24T16:42:34.826-0700] {processor.py:208} INFO - Processing /Users/jingwenxu/Downloads/f1_de_pipeline/dags/f1_ingestion_dag.py took 0.101 seconds
[2025-03-24T16:44:15.777-0700] {processor.py:186} INFO - Started process (PID=4936) to work on /Users/jingwenxu/Downloads/f1_de_pipeline/dags/f1_ingestion_dag.py
[2025-03-24T16:44:15.778-0700] {processor.py:914} INFO - Processing file /Users/jingwenxu/Downloads/f1_de_pipeline/dags/f1_ingestion_dag.py for tasks to queue
[2025-03-24T16:44:15.779-0700] {logging_mixin.py:190} INFO - [2025-03-24T16:44:15.779-0700] {dagbag.py:588} INFO - Filling up the DagBag from /Users/jingwenxu/Downloads/f1_de_pipeline/dags/f1_ingestion_dag.py
[2025-03-24T16:44:15.784-0700] {processor.py:925} INFO - DAG(s) 'f1_ingestion_dag' retrieved from /Users/jingwenxu/Downloads/f1_de_pipeline/dags/f1_ingestion_dag.py
[2025-03-24T16:44:15.833-0700] {logging_mixin.py:190} INFO - [2025-03-24T16:44:15.832-0700] {dag.py:3239} INFO - Sync 1 DAGs
[2025-03-24T16:44:15.838-0700] {logging_mixin.py:190} INFO - [2025-03-24T16:44:15.838-0700] {dag.py:4180} INFO - Setting next_dagrun for f1_ingestion_dag to None, run_after=None
[2025-03-24T16:44:15.847-0700] {processor.py:208} INFO - Processing /Users/jingwenxu/Downloads/f1_de_pipeline/dags/f1_ingestion_dag.py took 0.072 seconds
[2025-03-24T16:45:55.155-0700] {processor.py:186} INFO - Started process (PID=5279) to work on /Users/jingwenxu/Downloads/f1_de_pipeline/dags/f1_ingestion_dag.py
[2025-03-24T16:45:55.156-0700] {processor.py:914} INFO - Processing file /Users/jingwenxu/Downloads/f1_de_pipeline/dags/f1_ingestion_dag.py for tasks to queue
[2025-03-24T16:45:55.157-0700] {logging_mixin.py:190} INFO - [2025-03-24T16:45:55.157-0700] {dagbag.py:588} INFO - Filling up the DagBag from /Users/jingwenxu/Downloads/f1_de_pipeline/dags/f1_ingestion_dag.py
[2025-03-24T16:45:55.162-0700] {processor.py:925} INFO - DAG(s) 'f1_ingestion_dag' retrieved from /Users/jingwenxu/Downloads/f1_de_pipeline/dags/f1_ingestion_dag.py
[2025-03-24T16:45:55.209-0700] {logging_mixin.py:190} INFO - [2025-03-24T16:45:55.209-0700] {dag.py:3239} INFO - Sync 1 DAGs
[2025-03-24T16:45:55.215-0700] {logging_mixin.py:190} INFO - [2025-03-24T16:45:55.215-0700] {dag.py:4180} INFO - Setting next_dagrun for f1_ingestion_dag to None, run_after=None
[2025-03-24T16:45:55.224-0700] {processor.py:208} INFO - Processing /Users/jingwenxu/Downloads/f1_de_pipeline/dags/f1_ingestion_dag.py took 0.071 seconds
[2025-03-24T16:47:33.441-0700] {processor.py:186} INFO - Started process (PID=5613) to work on /Users/jingwenxu/Downloads/f1_de_pipeline/dags/f1_ingestion_dag.py
[2025-03-24T16:47:33.442-0700] {processor.py:914} INFO - Processing file /Users/jingwenxu/Downloads/f1_de_pipeline/dags/f1_ingestion_dag.py for tasks to queue
[2025-03-24T16:47:33.442-0700] {logging_mixin.py:190} INFO - [2025-03-24T16:47:33.442-0700] {dagbag.py:588} INFO - Filling up the DagBag from /Users/jingwenxu/Downloads/f1_de_pipeline/dags/f1_ingestion_dag.py
[2025-03-24T16:47:33.447-0700] {processor.py:925} INFO - DAG(s) 'f1_ingestion_dag' retrieved from /Users/jingwenxu/Downloads/f1_de_pipeline/dags/f1_ingestion_dag.py
[2025-03-24T16:47:33.490-0700] {logging_mixin.py:190} INFO - [2025-03-24T16:47:33.489-0700] {dag.py:3239} INFO - Sync 1 DAGs
[2025-03-24T16:47:33.494-0700] {logging_mixin.py:190} INFO - [2025-03-24T16:47:33.494-0700] {dag.py:4180} INFO - Setting next_dagrun for f1_ingestion_dag to None, run_after=None
[2025-03-24T16:47:33.502-0700] {processor.py:208} INFO - Processing /Users/jingwenxu/Downloads/f1_de_pipeline/dags/f1_ingestion_dag.py took 0.064 seconds
[2025-03-24T16:49:13.705-0700] {processor.py:186} INFO - Started process (PID=5968) to work on /Users/jingwenxu/Downloads/f1_de_pipeline/dags/f1_ingestion_dag.py
[2025-03-24T16:49:13.707-0700] {processor.py:914} INFO - Processing file /Users/jingwenxu/Downloads/f1_de_pipeline/dags/f1_ingestion_dag.py for tasks to queue
[2025-03-24T16:49:13.707-0700] {logging_mixin.py:190} INFO - [2025-03-24T16:49:13.707-0700] {dagbag.py:588} INFO - Filling up the DagBag from /Users/jingwenxu/Downloads/f1_de_pipeline/dags/f1_ingestion_dag.py
[2025-03-24T16:49:13.713-0700] {processor.py:925} INFO - DAG(s) 'f1_ingestion_dag' retrieved from /Users/jingwenxu/Downloads/f1_de_pipeline/dags/f1_ingestion_dag.py
[2025-03-24T16:49:13.758-0700] {logging_mixin.py:190} INFO - [2025-03-24T16:49:13.758-0700] {dag.py:3239} INFO - Sync 1 DAGs
[2025-03-24T16:49:13.763-0700] {logging_mixin.py:190} INFO - [2025-03-24T16:49:13.763-0700] {dag.py:4180} INFO - Setting next_dagrun for f1_ingestion_dag to None, run_after=None
[2025-03-24T16:49:13.772-0700] {processor.py:208} INFO - Processing /Users/jingwenxu/Downloads/f1_de_pipeline/dags/f1_ingestion_dag.py took 0.068 seconds
[2025-03-24T16:50:53.937-0700] {processor.py:186} INFO - Started process (PID=6326) to work on /Users/jingwenxu/Downloads/f1_de_pipeline/dags/f1_ingestion_dag.py
[2025-03-24T16:50:53.939-0700] {processor.py:914} INFO - Processing file /Users/jingwenxu/Downloads/f1_de_pipeline/dags/f1_ingestion_dag.py for tasks to queue
[2025-03-24T16:50:53.940-0700] {logging_mixin.py:190} INFO - [2025-03-24T16:50:53.940-0700] {dagbag.py:588} INFO - Filling up the DagBag from /Users/jingwenxu/Downloads/f1_de_pipeline/dags/f1_ingestion_dag.py
[2025-03-24T16:50:53.945-0700] {processor.py:925} INFO - DAG(s) 'f1_ingestion_dag' retrieved from /Users/jingwenxu/Downloads/f1_de_pipeline/dags/f1_ingestion_dag.py
[2025-03-24T16:50:53.987-0700] {logging_mixin.py:190} INFO - [2025-03-24T16:50:53.987-0700] {dag.py:3239} INFO - Sync 1 DAGs
[2025-03-24T16:50:53.993-0700] {logging_mixin.py:190} INFO - [2025-03-24T16:50:53.993-0700] {dag.py:4180} INFO - Setting next_dagrun for f1_ingestion_dag to None, run_after=None
[2025-03-24T16:50:54.001-0700] {processor.py:208} INFO - Processing /Users/jingwenxu/Downloads/f1_de_pipeline/dags/f1_ingestion_dag.py took 0.065 seconds
[2025-03-24T16:52:33.244-0700] {processor.py:186} INFO - Started process (PID=6651) to work on /Users/jingwenxu/Downloads/f1_de_pipeline/dags/f1_ingestion_dag.py
[2025-03-24T16:52:33.245-0700] {processor.py:914} INFO - Processing file /Users/jingwenxu/Downloads/f1_de_pipeline/dags/f1_ingestion_dag.py for tasks to queue
[2025-03-24T16:52:33.246-0700] {logging_mixin.py:190} INFO - [2025-03-24T16:52:33.246-0700] {dagbag.py:588} INFO - Filling up the DagBag from /Users/jingwenxu/Downloads/f1_de_pipeline/dags/f1_ingestion_dag.py
[2025-03-24T16:52:33.251-0700] {processor.py:925} INFO - DAG(s) 'f1_ingestion_dag' retrieved from /Users/jingwenxu/Downloads/f1_de_pipeline/dags/f1_ingestion_dag.py
[2025-03-24T16:52:33.293-0700] {logging_mixin.py:190} INFO - [2025-03-24T16:52:33.293-0700] {dag.py:3239} INFO - Sync 1 DAGs
[2025-03-24T16:52:33.298-0700] {logging_mixin.py:190} INFO - [2025-03-24T16:52:33.298-0700] {dag.py:4180} INFO - Setting next_dagrun for f1_ingestion_dag to None, run_after=None
[2025-03-24T16:52:33.306-0700] {processor.py:208} INFO - Processing /Users/jingwenxu/Downloads/f1_de_pipeline/dags/f1_ingestion_dag.py took 0.064 seconds
