[2025-03-24T16:36:00.287-0700] {processor.py:186} INFO - Started process (PID=3178) to work on /Users/jingwenxu/anaconda3/lib/python3.11/site-packages/airflow/example_dags/example_bash_operator.py
[2025-03-24T16:36:00.288-0700] {processor.py:914} INFO - Processing file /Users/jingwenxu/anaconda3/lib/python3.11/site-packages/airflow/example_dags/example_bash_operator.py for tasks to queue
[2025-03-24T16:36:00.289-0700] {logging_mixin.py:190} INFO - [2025-03-24T16:36:00.289-0700] {dagbag.py:588} INFO - Filling up the DagBag from /Users/jingwenxu/anaconda3/lib/python3.11/site-packages/airflow/example_dags/example_bash_operator.py
[2025-03-24T16:36:00.298-0700] {processor.py:925} INFO - DAG(s) 'example_bash_operator' retrieved from /Users/jingwenxu/anaconda3/lib/python3.11/site-packages/airflow/example_dags/example_bash_operator.py
[2025-03-24T16:36:00.389-0700] {logging_mixin.py:190} INFO - [2025-03-24T16:36:00.388-0700] {override.py:1930} INFO - Created Permission View: can read on DAG:example_bash_operator
[2025-03-24T16:36:00.393-0700] {logging_mixin.py:190} INFO - [2025-03-24T16:36:00.392-0700] {override.py:1930} INFO - Created Permission View: can delete on DAG:example_bash_operator
[2025-03-24T16:36:00.395-0700] {logging_mixin.py:190} INFO - [2025-03-24T16:36:00.395-0700] {override.py:1930} INFO - Created Permission View: can edit on DAG:example_bash_operator
[2025-03-24T16:36:00.398-0700] {logging_mixin.py:190} INFO - [2025-03-24T16:36:00.398-0700] {override.py:1930} INFO - Created Permission View: can create on DAG Run:example_bash_operator
[2025-03-24T16:36:00.401-0700] {logging_mixin.py:190} INFO - [2025-03-24T16:36:00.401-0700] {override.py:1930} INFO - Created Permission View: can read on DAG Run:example_bash_operator
[2025-03-24T16:36:00.403-0700] {logging_mixin.py:190} INFO - [2025-03-24T16:36:00.403-0700] {override.py:1930} INFO - Created Permission View: can delete on DAG Run:example_bash_operator
[2025-03-24T16:36:00.405-0700] {logging_mixin.py:190} INFO - [2025-03-24T16:36:00.405-0700] {override.py:1930} INFO - Created Permission View: menu access on DAG Run:example_bash_operator
[2025-03-24T16:36:00.406-0700] {logging_mixin.py:190} INFO - [2025-03-24T16:36:00.406-0700] {dag.py:3239} INFO - Sync 1 DAGs
[2025-03-24T16:36:00.410-0700] {logging_mixin.py:190} INFO - [2025-03-24T16:36:00.410-0700] {dag.py:3262} INFO - Creating ORM DAG for example_bash_operator
[2025-03-24T16:36:00.414-0700] {logging_mixin.py:190} INFO - [2025-03-24T16:36:00.414-0700] {dag.py:4180} INFO - Setting next_dagrun for example_bash_operator to 2025-03-23 00:00:00+00:00, run_after=2025-03-24 00:00:00+00:00
[2025-03-24T16:36:00.422-0700] {processor.py:208} INFO - Processing /Users/jingwenxu/anaconda3/lib/python3.11/site-packages/airflow/example_dags/example_bash_operator.py took 0.136 seconds
[2025-03-24T16:39:15.426-0700] {processor.py:186} INFO - Started process (PID=3850) to work on /Users/jingwenxu/anaconda3/lib/python3.11/site-packages/airflow/example_dags/example_bash_operator.py
[2025-03-24T16:39:15.428-0700] {processor.py:914} INFO - Processing file /Users/jingwenxu/anaconda3/lib/python3.11/site-packages/airflow/example_dags/example_bash_operator.py for tasks to queue
[2025-03-24T16:39:15.429-0700] {logging_mixin.py:190} INFO - [2025-03-24T16:39:15.429-0700] {dagbag.py:588} INFO - Filling up the DagBag from /Users/jingwenxu/anaconda3/lib/python3.11/site-packages/airflow/example_dags/example_bash_operator.py
[2025-03-24T16:39:15.436-0700] {processor.py:925} INFO - DAG(s) 'example_bash_operator' retrieved from /Users/jingwenxu/anaconda3/lib/python3.11/site-packages/airflow/example_dags/example_bash_operator.py
[2025-03-24T16:39:15.487-0700] {logging_mixin.py:190} INFO - [2025-03-24T16:39:15.487-0700] {dag.py:3239} INFO - Sync 1 DAGs
[2025-03-24T16:39:15.496-0700] {logging_mixin.py:190} INFO - [2025-03-24T16:39:15.496-0700] {dag.py:4180} INFO - Setting next_dagrun for example_bash_operator to 2025-03-23 00:00:00+00:00, run_after=2025-03-24 00:00:00+00:00
[2025-03-24T16:39:15.506-0700] {processor.py:208} INFO - Processing /Users/jingwenxu/anaconda3/lib/python3.11/site-packages/airflow/example_dags/example_bash_operator.py took 0.081 seconds
[2025-03-24T16:42:30.063-0700] {processor.py:186} INFO - Started process (PID=4579) to work on /Users/jingwenxu/anaconda3/lib/python3.11/site-packages/airflow/example_dags/example_bash_operator.py
[2025-03-24T16:42:30.064-0700] {processor.py:914} INFO - Processing file /Users/jingwenxu/anaconda3/lib/python3.11/site-packages/airflow/example_dags/example_bash_operator.py for tasks to queue
[2025-03-24T16:42:30.064-0700] {logging_mixin.py:190} INFO - [2025-03-24T16:42:30.064-0700] {dagbag.py:588} INFO - Filling up the DagBag from /Users/jingwenxu/anaconda3/lib/python3.11/site-packages/airflow/example_dags/example_bash_operator.py
[2025-03-24T16:42:30.073-0700] {processor.py:925} INFO - DAG(s) 'example_bash_operator' retrieved from /Users/jingwenxu/anaconda3/lib/python3.11/site-packages/airflow/example_dags/example_bash_operator.py
[2025-03-24T16:42:30.120-0700] {logging_mixin.py:190} INFO - [2025-03-24T16:42:30.120-0700] {dag.py:3239} INFO - Sync 1 DAGs
[2025-03-24T16:42:30.131-0700] {logging_mixin.py:190} INFO - [2025-03-24T16:42:30.131-0700] {dag.py:4180} INFO - Setting next_dagrun for example_bash_operator to 2025-03-23 00:00:00+00:00, run_after=2025-03-24 00:00:00+00:00
[2025-03-24T16:42:30.140-0700] {processor.py:208} INFO - Processing /Users/jingwenxu/anaconda3/lib/python3.11/site-packages/airflow/example_dags/example_bash_operator.py took 0.079 seconds
[2025-03-24T16:45:52.140-0700] {processor.py:186} INFO - Started process (PID=5269) to work on /Users/jingwenxu/anaconda3/lib/python3.11/site-packages/airflow/example_dags/example_bash_operator.py
[2025-03-24T16:45:52.141-0700] {processor.py:914} INFO - Processing file /Users/jingwenxu/anaconda3/lib/python3.11/site-packages/airflow/example_dags/example_bash_operator.py for tasks to queue
[2025-03-24T16:45:52.142-0700] {logging_mixin.py:190} INFO - [2025-03-24T16:45:52.142-0700] {dagbag.py:588} INFO - Filling up the DagBag from /Users/jingwenxu/anaconda3/lib/python3.11/site-packages/airflow/example_dags/example_bash_operator.py
[2025-03-24T16:45:52.150-0700] {processor.py:925} INFO - DAG(s) 'example_bash_operator' retrieved from /Users/jingwenxu/anaconda3/lib/python3.11/site-packages/airflow/example_dags/example_bash_operator.py
[2025-03-24T16:45:52.196-0700] {logging_mixin.py:190} INFO - [2025-03-24T16:45:52.196-0700] {dag.py:3239} INFO - Sync 1 DAGs
[2025-03-24T16:45:52.204-0700] {logging_mixin.py:190} INFO - [2025-03-24T16:45:52.204-0700] {dag.py:4180} INFO - Setting next_dagrun for example_bash_operator to 2025-03-23 00:00:00+00:00, run_after=2025-03-24 00:00:00+00:00
[2025-03-24T16:45:52.213-0700] {processor.py:208} INFO - Processing /Users/jingwenxu/anaconda3/lib/python3.11/site-packages/airflow/example_dags/example_bash_operator.py took 0.074 seconds
[2025-03-24T16:49:09.686-0700] {processor.py:186} INFO - Started process (PID=5953) to work on /Users/jingwenxu/anaconda3/lib/python3.11/site-packages/airflow/example_dags/example_bash_operator.py
[2025-03-24T16:49:09.688-0700] {processor.py:914} INFO - Processing file /Users/jingwenxu/anaconda3/lib/python3.11/site-packages/airflow/example_dags/example_bash_operator.py for tasks to queue
[2025-03-24T16:49:09.688-0700] {logging_mixin.py:190} INFO - [2025-03-24T16:49:09.688-0700] {dagbag.py:588} INFO - Filling up the DagBag from /Users/jingwenxu/anaconda3/lib/python3.11/site-packages/airflow/example_dags/example_bash_operator.py
[2025-03-24T16:49:09.697-0700] {processor.py:925} INFO - DAG(s) 'example_bash_operator' retrieved from /Users/jingwenxu/anaconda3/lib/python3.11/site-packages/airflow/example_dags/example_bash_operator.py
[2025-03-24T16:49:09.744-0700] {logging_mixin.py:190} INFO - [2025-03-24T16:49:09.743-0700] {dag.py:3239} INFO - Sync 1 DAGs
[2025-03-24T16:49:09.752-0700] {logging_mixin.py:190} INFO - [2025-03-24T16:49:09.752-0700] {dag.py:4180} INFO - Setting next_dagrun for example_bash_operator to 2025-03-23 00:00:00+00:00, run_after=2025-03-24 00:00:00+00:00
[2025-03-24T16:49:09.760-0700] {processor.py:208} INFO - Processing /Users/jingwenxu/anaconda3/lib/python3.11/site-packages/airflow/example_dags/example_bash_operator.py took 0.076 seconds
[2025-03-24T16:52:29.531-0700] {processor.py:186} INFO - Started process (PID=6637) to work on /Users/jingwenxu/anaconda3/lib/python3.11/site-packages/airflow/example_dags/example_bash_operator.py
[2025-03-24T16:52:29.532-0700] {processor.py:914} INFO - Processing file /Users/jingwenxu/anaconda3/lib/python3.11/site-packages/airflow/example_dags/example_bash_operator.py for tasks to queue
[2025-03-24T16:52:29.533-0700] {logging_mixin.py:190} INFO - [2025-03-24T16:52:29.533-0700] {dagbag.py:588} INFO - Filling up the DagBag from /Users/jingwenxu/anaconda3/lib/python3.11/site-packages/airflow/example_dags/example_bash_operator.py
[2025-03-24T16:52:29.541-0700] {processor.py:925} INFO - DAG(s) 'example_bash_operator' retrieved from /Users/jingwenxu/anaconda3/lib/python3.11/site-packages/airflow/example_dags/example_bash_operator.py
[2025-03-24T16:52:29.586-0700] {logging_mixin.py:190} INFO - [2025-03-24T16:52:29.586-0700] {dag.py:3239} INFO - Sync 1 DAGs
[2025-03-24T16:52:29.594-0700] {logging_mixin.py:190} INFO - [2025-03-24T16:52:29.594-0700] {dag.py:4180} INFO - Setting next_dagrun for example_bash_operator to 2025-03-23 00:00:00+00:00, run_after=2025-03-24 00:00:00+00:00
[2025-03-24T16:52:29.603-0700] {processor.py:208} INFO - Processing /Users/jingwenxu/anaconda3/lib/python3.11/site-packages/airflow/example_dags/example_bash_operator.py took 0.073 seconds
