[2025-03-24T16:35:06.558-0700] {processor.py:186} INFO - Started process (PID=2964) to work on /Users/jingwenxu/anaconda3/lib/python3.11/site-packages/airflow/example_dags/example_outlet_event_extra.py
[2025-03-24T16:35:06.559-0700] {processor.py:914} INFO - Processing file /Users/jingwenxu/anaconda3/lib/python3.11/site-packages/airflow/example_dags/example_outlet_event_extra.py for tasks to queue
[2025-03-24T16:35:06.559-0700] {logging_mixin.py:190} INFO - [2025-03-24T16:35:06.559-0700] {dagbag.py:588} INFO - Filling up the DagBag from /Users/jingwenxu/anaconda3/lib/python3.11/site-packages/airflow/example_dags/example_outlet_event_extra.py
[2025-03-24T16:35:06.608-0700] {processor.py:925} INFO - DAG(s) 'dataset_with_extra_from_classic_operator', 'dataset_with_extra_by_yield', 'dataset_with_extra_by_context' retrieved from /Users/jingwenxu/anaconda3/lib/python3.11/site-packages/airflow/example_dags/example_outlet_event_extra.py
[2025-03-24T16:35:06.689-0700] {logging_mixin.py:190} INFO - [2025-03-24T16:35:06.688-0700] {override.py:1930} INFO - Created Permission View: can read on DAG:dataset_with_extra_from_classic_operator
[2025-03-24T16:35:06.693-0700] {logging_mixin.py:190} INFO - [2025-03-24T16:35:06.693-0700] {override.py:1930} INFO - Created Permission View: can delete on DAG:dataset_with_extra_from_classic_operator
[2025-03-24T16:35:06.695-0700] {logging_mixin.py:190} INFO - [2025-03-24T16:35:06.695-0700] {override.py:1930} INFO - Created Permission View: can edit on DAG:dataset_with_extra_from_classic_operator
[2025-03-24T16:35:06.698-0700] {logging_mixin.py:190} INFO - [2025-03-24T16:35:06.698-0700] {override.py:1930} INFO - Created Permission View: menu access on DAG Run:dataset_with_extra_from_classic_operator
[2025-03-24T16:35:06.700-0700] {logging_mixin.py:190} INFO - [2025-03-24T16:35:06.700-0700] {override.py:1930} INFO - Created Permission View: can create on DAG Run:dataset_with_extra_from_classic_operator
[2025-03-24T16:35:06.703-0700] {logging_mixin.py:190} INFO - [2025-03-24T16:35:06.702-0700] {override.py:1930} INFO - Created Permission View: can read on DAG Run:dataset_with_extra_from_classic_operator
[2025-03-24T16:35:06.705-0700] {logging_mixin.py:190} INFO - [2025-03-24T16:35:06.704-0700] {override.py:1930} INFO - Created Permission View: can delete on DAG Run:dataset_with_extra_from_classic_operator
[2025-03-24T16:35:06.709-0700] {logging_mixin.py:190} INFO - [2025-03-24T16:35:06.709-0700] {override.py:1930} INFO - Created Permission View: can read on DAG:dataset_with_extra_by_yield
[2025-03-24T16:35:06.711-0700] {logging_mixin.py:190} INFO - [2025-03-24T16:35:06.711-0700] {override.py:1930} INFO - Created Permission View: can delete on DAG:dataset_with_extra_by_yield
[2025-03-24T16:35:06.714-0700] {logging_mixin.py:190} INFO - [2025-03-24T16:35:06.713-0700] {override.py:1930} INFO - Created Permission View: can edit on DAG:dataset_with_extra_by_yield
[2025-03-24T16:35:06.716-0700] {logging_mixin.py:190} INFO - [2025-03-24T16:35:06.716-0700] {override.py:1930} INFO - Created Permission View: menu access on DAG Run:dataset_with_extra_by_yield
[2025-03-24T16:35:06.719-0700] {logging_mixin.py:190} INFO - [2025-03-24T16:35:06.718-0700] {override.py:1930} INFO - Created Permission View: can create on DAG Run:dataset_with_extra_by_yield
[2025-03-24T16:35:06.721-0700] {logging_mixin.py:190} INFO - [2025-03-24T16:35:06.721-0700] {override.py:1930} INFO - Created Permission View: can read on DAG Run:dataset_with_extra_by_yield
[2025-03-24T16:35:06.723-0700] {logging_mixin.py:190} INFO - [2025-03-24T16:35:06.723-0700] {override.py:1930} INFO - Created Permission View: can delete on DAG Run:dataset_with_extra_by_yield
[2025-03-24T16:35:06.727-0700] {logging_mixin.py:190} INFO - [2025-03-24T16:35:06.727-0700] {override.py:1930} INFO - Created Permission View: can read on DAG:dataset_with_extra_by_context
[2025-03-24T16:35:06.729-0700] {logging_mixin.py:190} INFO - [2025-03-24T16:35:06.729-0700] {override.py:1930} INFO - Created Permission View: can delete on DAG:dataset_with_extra_by_context
[2025-03-24T16:35:06.731-0700] {logging_mixin.py:190} INFO - [2025-03-24T16:35:06.731-0700] {override.py:1930} INFO - Created Permission View: can edit on DAG:dataset_with_extra_by_context
[2025-03-24T16:35:06.734-0700] {logging_mixin.py:190} INFO - [2025-03-24T16:35:06.734-0700] {override.py:1930} INFO - Created Permission View: menu access on DAG Run:dataset_with_extra_by_context
[2025-03-24T16:35:06.736-0700] {logging_mixin.py:190} INFO - [2025-03-24T16:35:06.736-0700] {override.py:1930} INFO - Created Permission View: can create on DAG Run:dataset_with_extra_by_context
[2025-03-24T16:35:06.738-0700] {logging_mixin.py:190} INFO - [2025-03-24T16:35:06.738-0700] {override.py:1930} INFO - Created Permission View: can read on DAG Run:dataset_with_extra_by_context
[2025-03-24T16:35:06.740-0700] {logging_mixin.py:190} INFO - [2025-03-24T16:35:06.740-0700] {override.py:1930} INFO - Created Permission View: can delete on DAG Run:dataset_with_extra_by_context
[2025-03-24T16:35:06.741-0700] {logging_mixin.py:190} INFO - [2025-03-24T16:35:06.741-0700] {dag.py:3239} INFO - Sync 3 DAGs
[2025-03-24T16:35:06.745-0700] {logging_mixin.py:190} INFO - [2025-03-24T16:35:06.745-0700] {dag.py:3262} INFO - Creating ORM DAG for dataset_with_extra_from_classic_operator
[2025-03-24T16:35:06.746-0700] {logging_mixin.py:190} INFO - [2025-03-24T16:35:06.746-0700] {dag.py:3262} INFO - Creating ORM DAG for dataset_with_extra_by_yield
[2025-03-24T16:35:06.746-0700] {logging_mixin.py:190} INFO - [2025-03-24T16:35:06.746-0700] {dag.py:3262} INFO - Creating ORM DAG for dataset_with_extra_by_context
[2025-03-24T16:35:06.750-0700] {logging_mixin.py:190} INFO - [2025-03-24T16:35:06.750-0700] {dag.py:4180} INFO - Setting next_dagrun for dataset_with_extra_by_context to 2025-03-23 00:00:00+00:00, run_after=2025-03-24 00:00:00+00:00
[2025-03-24T16:35:06.750-0700] {logging_mixin.py:190} INFO - [2025-03-24T16:35:06.750-0700] {dag.py:4180} INFO - Setting next_dagrun for dataset_with_extra_by_yield to 2025-03-23 00:00:00+00:00, run_after=2025-03-24 00:00:00+00:00
[2025-03-24T16:35:06.751-0700] {logging_mixin.py:190} INFO - [2025-03-24T16:35:06.751-0700] {dag.py:4180} INFO - Setting next_dagrun for dataset_with_extra_from_classic_operator to 2025-03-23 00:00:00+00:00, run_after=2025-03-24 00:00:00+00:00
[2025-03-24T16:35:06.978-0700] {logging_mixin.py:190} INFO - [2025-03-24T16:35:06.978-0700] {utils.py:161} INFO - NumExpr defaulting to 10 threads.
[2025-03-24T16:35:07.094-0700] {processor.py:208} INFO - Processing /Users/jingwenxu/anaconda3/lib/python3.11/site-packages/airflow/example_dags/example_outlet_event_extra.py took 0.538 seconds
[2025-03-24T16:37:18.357-0700] {processor.py:186} INFO - Started process (PID=3439) to work on /Users/jingwenxu/anaconda3/lib/python3.11/site-packages/airflow/example_dags/example_outlet_event_extra.py
[2025-03-24T16:37:18.358-0700] {processor.py:914} INFO - Processing file /Users/jingwenxu/anaconda3/lib/python3.11/site-packages/airflow/example_dags/example_outlet_event_extra.py for tasks to queue
[2025-03-24T16:37:18.359-0700] {logging_mixin.py:190} INFO - [2025-03-24T16:37:18.359-0700] {dagbag.py:588} INFO - Filling up the DagBag from /Users/jingwenxu/anaconda3/lib/python3.11/site-packages/airflow/example_dags/example_outlet_event_extra.py
[2025-03-24T16:37:18.414-0700] {processor.py:925} INFO - DAG(s) 'dataset_with_extra_by_yield', 'dataset_with_extra_from_classic_operator', 'dataset_with_extra_by_context' retrieved from /Users/jingwenxu/anaconda3/lib/python3.11/site-packages/airflow/example_dags/example_outlet_event_extra.py
[2025-03-24T16:37:18.458-0700] {logging_mixin.py:190} INFO - [2025-03-24T16:37:18.458-0700] {dag.py:3239} INFO - Sync 3 DAGs
[2025-03-24T16:37:18.467-0700] {logging_mixin.py:190} INFO - [2025-03-24T16:37:18.467-0700] {dag.py:4180} INFO - Setting next_dagrun for dataset_with_extra_by_context to 2025-03-23 00:00:00+00:00, run_after=2025-03-24 00:00:00+00:00
[2025-03-24T16:37:18.469-0700] {logging_mixin.py:190} INFO - [2025-03-24T16:37:18.469-0700] {dag.py:4180} INFO - Setting next_dagrun for dataset_with_extra_by_yield to 2025-03-23 00:00:00+00:00, run_after=2025-03-24 00:00:00+00:00
[2025-03-24T16:37:18.470-0700] {logging_mixin.py:190} INFO - [2025-03-24T16:37:18.470-0700] {dag.py:4180} INFO - Setting next_dagrun for dataset_with_extra_from_classic_operator to 2025-03-23 00:00:00+00:00, run_after=2025-03-24 00:00:00+00:00
[2025-03-24T16:37:18.479-0700] {processor.py:208} INFO - Processing /Users/jingwenxu/anaconda3/lib/python3.11/site-packages/airflow/example_dags/example_outlet_event_extra.py took 0.123 seconds
[2025-03-24T16:40:32.630-0700] {processor.py:186} INFO - Started process (PID=4184) to work on /Users/jingwenxu/anaconda3/lib/python3.11/site-packages/airflow/example_dags/example_outlet_event_extra.py
[2025-03-24T16:40:32.632-0700] {processor.py:914} INFO - Processing file /Users/jingwenxu/anaconda3/lib/python3.11/site-packages/airflow/example_dags/example_outlet_event_extra.py for tasks to queue
[2025-03-24T16:40:32.633-0700] {logging_mixin.py:190} INFO - [2025-03-24T16:40:32.633-0700] {dagbag.py:588} INFO - Filling up the DagBag from /Users/jingwenxu/anaconda3/lib/python3.11/site-packages/airflow/example_dags/example_outlet_event_extra.py
[2025-03-24T16:40:32.683-0700] {processor.py:925} INFO - DAG(s) 'dataset_with_extra_by_yield', 'dataset_with_extra_from_classic_operator', 'dataset_with_extra_by_context' retrieved from /Users/jingwenxu/anaconda3/lib/python3.11/site-packages/airflow/example_dags/example_outlet_event_extra.py
[2025-03-24T16:40:32.729-0700] {logging_mixin.py:190} INFO - [2025-03-24T16:40:32.729-0700] {dag.py:3239} INFO - Sync 3 DAGs
[2025-03-24T16:40:32.740-0700] {logging_mixin.py:190} INFO - [2025-03-24T16:40:32.740-0700] {dag.py:4180} INFO - Setting next_dagrun for dataset_with_extra_by_context to 2025-03-23 00:00:00+00:00, run_after=2025-03-24 00:00:00+00:00
[2025-03-24T16:40:32.742-0700] {logging_mixin.py:190} INFO - [2025-03-24T16:40:32.742-0700] {dag.py:4180} INFO - Setting next_dagrun for dataset_with_extra_by_yield to 2025-03-23 00:00:00+00:00, run_after=2025-03-24 00:00:00+00:00
[2025-03-24T16:40:32.743-0700] {logging_mixin.py:190} INFO - [2025-03-24T16:40:32.743-0700] {dag.py:4180} INFO - Setting next_dagrun for dataset_with_extra_from_classic_operator to 2025-03-23 00:00:00+00:00, run_after=2025-03-24 00:00:00+00:00
[2025-03-24T16:40:32.755-0700] {processor.py:208} INFO - Processing /Users/jingwenxu/anaconda3/lib/python3.11/site-packages/airflow/example_dags/example_outlet_event_extra.py took 0.126 seconds
[2025-03-24T16:43:50.755-0700] {processor.py:186} INFO - Started process (PID=4858) to work on /Users/jingwenxu/anaconda3/lib/python3.11/site-packages/airflow/example_dags/example_outlet_event_extra.py
[2025-03-24T16:43:50.756-0700] {processor.py:914} INFO - Processing file /Users/jingwenxu/anaconda3/lib/python3.11/site-packages/airflow/example_dags/example_outlet_event_extra.py for tasks to queue
[2025-03-24T16:43:50.757-0700] {logging_mixin.py:190} INFO - [2025-03-24T16:43:50.757-0700] {dagbag.py:588} INFO - Filling up the DagBag from /Users/jingwenxu/anaconda3/lib/python3.11/site-packages/airflow/example_dags/example_outlet_event_extra.py
[2025-03-24T16:43:50.807-0700] {processor.py:925} INFO - DAG(s) 'dataset_with_extra_by_context', 'dataset_with_extra_by_yield', 'dataset_with_extra_from_classic_operator' retrieved from /Users/jingwenxu/anaconda3/lib/python3.11/site-packages/airflow/example_dags/example_outlet_event_extra.py
[2025-03-24T16:43:50.852-0700] {logging_mixin.py:190} INFO - [2025-03-24T16:43:50.851-0700] {dag.py:3239} INFO - Sync 3 DAGs
[2025-03-24T16:43:50.861-0700] {logging_mixin.py:190} INFO - [2025-03-24T16:43:50.861-0700] {dag.py:4180} INFO - Setting next_dagrun for dataset_with_extra_by_context to 2025-03-23 00:00:00+00:00, run_after=2025-03-24 00:00:00+00:00
[2025-03-24T16:43:50.863-0700] {logging_mixin.py:190} INFO - [2025-03-24T16:43:50.863-0700] {dag.py:4180} INFO - Setting next_dagrun for dataset_with_extra_by_yield to 2025-03-23 00:00:00+00:00, run_after=2025-03-24 00:00:00+00:00
[2025-03-24T16:43:50.864-0700] {logging_mixin.py:190} INFO - [2025-03-24T16:43:50.864-0700] {dag.py:4180} INFO - Setting next_dagrun for dataset_with_extra_from_classic_operator to 2025-03-23 00:00:00+00:00, run_after=2025-03-24 00:00:00+00:00
[2025-03-24T16:43:50.873-0700] {processor.py:208} INFO - Processing /Users/jingwenxu/anaconda3/lib/python3.11/site-packages/airflow/example_dags/example_outlet_event_extra.py took 0.120 seconds
[2025-03-24T16:47:09.599-0700] {processor.py:186} INFO - Started process (PID=5536) to work on /Users/jingwenxu/anaconda3/lib/python3.11/site-packages/airflow/example_dags/example_outlet_event_extra.py
[2025-03-24T16:47:09.601-0700] {processor.py:914} INFO - Processing file /Users/jingwenxu/anaconda3/lib/python3.11/site-packages/airflow/example_dags/example_outlet_event_extra.py for tasks to queue
[2025-03-24T16:47:09.601-0700] {logging_mixin.py:190} INFO - [2025-03-24T16:47:09.601-0700] {dagbag.py:588} INFO - Filling up the DagBag from /Users/jingwenxu/anaconda3/lib/python3.11/site-packages/airflow/example_dags/example_outlet_event_extra.py
[2025-03-24T16:47:09.649-0700] {processor.py:925} INFO - DAG(s) 'dataset_with_extra_from_classic_operator', 'dataset_with_extra_by_yield', 'dataset_with_extra_by_context' retrieved from /Users/jingwenxu/anaconda3/lib/python3.11/site-packages/airflow/example_dags/example_outlet_event_extra.py
[2025-03-24T16:47:09.692-0700] {logging_mixin.py:190} INFO - [2025-03-24T16:47:09.692-0700] {dag.py:3239} INFO - Sync 3 DAGs
[2025-03-24T16:47:09.701-0700] {logging_mixin.py:190} INFO - [2025-03-24T16:47:09.701-0700] {dag.py:4180} INFO - Setting next_dagrun for dataset_with_extra_by_context to 2025-03-23 00:00:00+00:00, run_after=2025-03-24 00:00:00+00:00
[2025-03-24T16:47:09.703-0700] {logging_mixin.py:190} INFO - [2025-03-24T16:47:09.702-0700] {dag.py:4180} INFO - Setting next_dagrun for dataset_with_extra_by_yield to 2025-03-23 00:00:00+00:00, run_after=2025-03-24 00:00:00+00:00
[2025-03-24T16:47:09.703-0700] {logging_mixin.py:190} INFO - [2025-03-24T16:47:09.703-0700] {dag.py:4180} INFO - Setting next_dagrun for dataset_with_extra_from_classic_operator to 2025-03-23 00:00:00+00:00, run_after=2025-03-24 00:00:00+00:00
[2025-03-24T16:47:09.712-0700] {processor.py:208} INFO - Processing /Users/jingwenxu/anaconda3/lib/python3.11/site-packages/airflow/example_dags/example_outlet_event_extra.py took 0.115 seconds
[2025-03-24T16:50:29.455-0700] {processor.py:186} INFO - Started process (PID=6247) to work on /Users/jingwenxu/anaconda3/lib/python3.11/site-packages/airflow/example_dags/example_outlet_event_extra.py
[2025-03-24T16:50:29.457-0700] {processor.py:914} INFO - Processing file /Users/jingwenxu/anaconda3/lib/python3.11/site-packages/airflow/example_dags/example_outlet_event_extra.py for tasks to queue
[2025-03-24T16:50:29.458-0700] {logging_mixin.py:190} INFO - [2025-03-24T16:50:29.457-0700] {dagbag.py:588} INFO - Filling up the DagBag from /Users/jingwenxu/anaconda3/lib/python3.11/site-packages/airflow/example_dags/example_outlet_event_extra.py
[2025-03-24T16:50:29.512-0700] {processor.py:925} INFO - DAG(s) 'dataset_with_extra_by_yield', 'dataset_with_extra_from_classic_operator', 'dataset_with_extra_by_context' retrieved from /Users/jingwenxu/anaconda3/lib/python3.11/site-packages/airflow/example_dags/example_outlet_event_extra.py
[2025-03-24T16:50:29.556-0700] {logging_mixin.py:190} INFO - [2025-03-24T16:50:29.556-0700] {dag.py:3239} INFO - Sync 3 DAGs
[2025-03-24T16:50:29.570-0700] {logging_mixin.py:190} INFO - [2025-03-24T16:50:29.570-0700] {dag.py:4180} INFO - Setting next_dagrun for dataset_with_extra_by_context to 2025-03-23 00:00:00+00:00, run_after=2025-03-24 00:00:00+00:00
[2025-03-24T16:50:29.573-0700] {logging_mixin.py:190} INFO - [2025-03-24T16:50:29.573-0700] {dag.py:4180} INFO - Setting next_dagrun for dataset_with_extra_by_yield to 2025-03-23 00:00:00+00:00, run_after=2025-03-24 00:00:00+00:00
[2025-03-24T16:50:29.574-0700] {logging_mixin.py:190} INFO - [2025-03-24T16:50:29.574-0700] {dag.py:4180} INFO - Setting next_dagrun for dataset_with_extra_from_classic_operator to 2025-03-23 00:00:00+00:00, run_after=2025-03-24 00:00:00+00:00
[2025-03-24T16:50:29.587-0700] {processor.py:208} INFO - Processing /Users/jingwenxu/anaconda3/lib/python3.11/site-packages/airflow/example_dags/example_outlet_event_extra.py took 0.134 seconds
