[2025-03-24T16:34:41.489-0700] {processor.py:186} INFO - Started process (PID=2882) to work on /Users/jingwenxu/anaconda3/lib/python3.11/site-packages/airflow/example_dags/example_short_circuit_operator.py
[2025-03-24T16:34:41.490-0700] {processor.py:914} INFO - Processing file /Users/jingwenxu/anaconda3/lib/python3.11/site-packages/airflow/example_dags/example_short_circuit_operator.py for tasks to queue
[2025-03-24T16:34:41.490-0700] {logging_mixin.py:190} INFO - [2025-03-24T16:34:41.490-0700] {dagbag.py:588} INFO - Filling up the DagBag from /Users/jingwenxu/anaconda3/lib/python3.11/site-packages/airflow/example_dags/example_short_circuit_operator.py
[2025-03-24T16:34:41.506-0700] {processor.py:925} INFO - DAG(s) 'example_short_circuit_operator' retrieved from /Users/jingwenxu/anaconda3/lib/python3.11/site-packages/airflow/example_dags/example_short_circuit_operator.py
[2025-03-24T16:34:41.588-0700] {logging_mixin.py:190} INFO - [2025-03-24T16:34:41.588-0700] {override.py:1930} INFO - Created Permission View: can read on DAG:example_short_circuit_operator
[2025-03-24T16:34:41.592-0700] {logging_mixin.py:190} INFO - [2025-03-24T16:34:41.592-0700] {override.py:1930} INFO - Created Permission View: can edit on DAG:example_short_circuit_operator
[2025-03-24T16:34:41.595-0700] {logging_mixin.py:190} INFO - [2025-03-24T16:34:41.595-0700] {override.py:1930} INFO - Created Permission View: can delete on DAG:example_short_circuit_operator
[2025-03-24T16:34:41.598-0700] {logging_mixin.py:190} INFO - [2025-03-24T16:34:41.598-0700] {override.py:1930} INFO - Created Permission View: can create on DAG Run:example_short_circuit_operator
[2025-03-24T16:34:41.601-0700] {logging_mixin.py:190} INFO - [2025-03-24T16:34:41.601-0700] {override.py:1930} INFO - Created Permission View: can read on DAG Run:example_short_circuit_operator
[2025-03-24T16:34:41.603-0700] {logging_mixin.py:190} INFO - [2025-03-24T16:34:41.603-0700] {override.py:1930} INFO - Created Permission View: can delete on DAG Run:example_short_circuit_operator
[2025-03-24T16:34:41.606-0700] {logging_mixin.py:190} INFO - [2025-03-24T16:34:41.606-0700] {override.py:1930} INFO - Created Permission View: menu access on DAG Run:example_short_circuit_operator
[2025-03-24T16:34:41.606-0700] {logging_mixin.py:190} INFO - [2025-03-24T16:34:41.606-0700] {dag.py:3239} INFO - Sync 1 DAGs
[2025-03-24T16:34:41.611-0700] {logging_mixin.py:190} INFO - [2025-03-24T16:34:41.611-0700] {dag.py:3262} INFO - Creating ORM DAG for example_short_circuit_operator
[2025-03-24T16:34:41.611-0700] {logging_mixin.py:190} INFO - [2025-03-24T16:34:41.611-0700] {dag.py:4180} INFO - Setting next_dagrun for example_short_circuit_operator to None, run_after=None
[2025-03-24T16:34:41.618-0700] {processor.py:208} INFO - Processing /Users/jingwenxu/anaconda3/lib/python3.11/site-packages/airflow/example_dags/example_short_circuit_operator.py took 0.131 seconds
[2025-03-24T16:36:53.616-0700] {processor.py:186} INFO - Started process (PID=3362) to work on /Users/jingwenxu/anaconda3/lib/python3.11/site-packages/airflow/example_dags/example_short_circuit_operator.py
[2025-03-24T16:36:53.618-0700] {processor.py:914} INFO - Processing file /Users/jingwenxu/anaconda3/lib/python3.11/site-packages/airflow/example_dags/example_short_circuit_operator.py for tasks to queue
[2025-03-24T16:36:53.619-0700] {logging_mixin.py:190} INFO - [2025-03-24T16:36:53.619-0700] {dagbag.py:588} INFO - Filling up the DagBag from /Users/jingwenxu/anaconda3/lib/python3.11/site-packages/airflow/example_dags/example_short_circuit_operator.py
[2025-03-24T16:36:53.633-0700] {processor.py:925} INFO - DAG(s) 'example_short_circuit_operator' retrieved from /Users/jingwenxu/anaconda3/lib/python3.11/site-packages/airflow/example_dags/example_short_circuit_operator.py
[2025-03-24T16:36:53.676-0700] {logging_mixin.py:190} INFO - [2025-03-24T16:36:53.676-0700] {dag.py:3239} INFO - Sync 1 DAGs
[2025-03-24T16:36:53.681-0700] {logging_mixin.py:190} INFO - [2025-03-24T16:36:53.681-0700] {dag.py:4180} INFO - Setting next_dagrun for example_short_circuit_operator to None, run_after=None
[2025-03-24T16:36:53.689-0700] {processor.py:208} INFO - Processing /Users/jingwenxu/anaconda3/lib/python3.11/site-packages/airflow/example_dags/example_short_circuit_operator.py took 0.074 seconds
[2025-03-24T16:38:33.132-0700] {processor.py:186} INFO - Started process (PID=3703) to work on /Users/jingwenxu/anaconda3/lib/python3.11/site-packages/airflow/example_dags/example_short_circuit_operator.py
[2025-03-24T16:38:33.133-0700] {processor.py:914} INFO - Processing file /Users/jingwenxu/anaconda3/lib/python3.11/site-packages/airflow/example_dags/example_short_circuit_operator.py for tasks to queue
[2025-03-24T16:38:33.133-0700] {logging_mixin.py:190} INFO - [2025-03-24T16:38:33.133-0700] {dagbag.py:588} INFO - Filling up the DagBag from /Users/jingwenxu/anaconda3/lib/python3.11/site-packages/airflow/example_dags/example_short_circuit_operator.py
[2025-03-24T16:38:33.148-0700] {processor.py:925} INFO - DAG(s) 'example_short_circuit_operator' retrieved from /Users/jingwenxu/anaconda3/lib/python3.11/site-packages/airflow/example_dags/example_short_circuit_operator.py
[2025-03-24T16:38:33.194-0700] {logging_mixin.py:190} INFO - [2025-03-24T16:38:33.194-0700] {dag.py:3239} INFO - Sync 1 DAGs
[2025-03-24T16:38:33.199-0700] {logging_mixin.py:190} INFO - [2025-03-24T16:38:33.199-0700] {dag.py:4180} INFO - Setting next_dagrun for example_short_circuit_operator to None, run_after=None
[2025-03-24T16:38:33.207-0700] {processor.py:208} INFO - Processing /Users/jingwenxu/anaconda3/lib/python3.11/site-packages/airflow/example_dags/example_short_circuit_operator.py took 0.077 seconds
[2025-03-24T16:40:09.712-0700] {processor.py:186} INFO - Started process (PID=4095) to work on /Users/jingwenxu/anaconda3/lib/python3.11/site-packages/airflow/example_dags/example_short_circuit_operator.py
[2025-03-24T16:40:09.713-0700] {processor.py:914} INFO - Processing file /Users/jingwenxu/anaconda3/lib/python3.11/site-packages/airflow/example_dags/example_short_circuit_operator.py for tasks to queue
[2025-03-24T16:40:09.714-0700] {logging_mixin.py:190} INFO - [2025-03-24T16:40:09.714-0700] {dagbag.py:588} INFO - Filling up the DagBag from /Users/jingwenxu/anaconda3/lib/python3.11/site-packages/airflow/example_dags/example_short_circuit_operator.py
[2025-03-24T16:40:09.729-0700] {processor.py:925} INFO - DAG(s) 'example_short_circuit_operator' retrieved from /Users/jingwenxu/anaconda3/lib/python3.11/site-packages/airflow/example_dags/example_short_circuit_operator.py
[2025-03-24T16:40:09.773-0700] {logging_mixin.py:190} INFO - [2025-03-24T16:40:09.772-0700] {dag.py:3239} INFO - Sync 1 DAGs
[2025-03-24T16:40:09.777-0700] {logging_mixin.py:190} INFO - [2025-03-24T16:40:09.777-0700] {dag.py:4180} INFO - Setting next_dagrun for example_short_circuit_operator to None, run_after=None
[2025-03-24T16:40:09.785-0700] {processor.py:208} INFO - Processing /Users/jingwenxu/anaconda3/lib/python3.11/site-packages/airflow/example_dags/example_short_circuit_operator.py took 0.075 seconds
[2025-03-24T16:41:47.142-0700] {processor.py:186} INFO - Started process (PID=4436) to work on /Users/jingwenxu/anaconda3/lib/python3.11/site-packages/airflow/example_dags/example_short_circuit_operator.py
[2025-03-24T16:41:47.143-0700] {processor.py:914} INFO - Processing file /Users/jingwenxu/anaconda3/lib/python3.11/site-packages/airflow/example_dags/example_short_circuit_operator.py for tasks to queue
[2025-03-24T16:41:47.144-0700] {logging_mixin.py:190} INFO - [2025-03-24T16:41:47.144-0700] {dagbag.py:588} INFO - Filling up the DagBag from /Users/jingwenxu/anaconda3/lib/python3.11/site-packages/airflow/example_dags/example_short_circuit_operator.py
[2025-03-24T16:41:47.159-0700] {processor.py:925} INFO - DAG(s) 'example_short_circuit_operator' retrieved from /Users/jingwenxu/anaconda3/lib/python3.11/site-packages/airflow/example_dags/example_short_circuit_operator.py
[2025-03-24T16:41:47.203-0700] {logging_mixin.py:190} INFO - [2025-03-24T16:41:47.203-0700] {dag.py:3239} INFO - Sync 1 DAGs
[2025-03-24T16:41:47.208-0700] {logging_mixin.py:190} INFO - [2025-03-24T16:41:47.208-0700] {dag.py:4180} INFO - Setting next_dagrun for example_short_circuit_operator to None, run_after=None
[2025-03-24T16:41:47.216-0700] {processor.py:208} INFO - Processing /Users/jingwenxu/anaconda3/lib/python3.11/site-packages/airflow/example_dags/example_short_circuit_operator.py took 0.076 seconds
[2025-03-24T16:43:27.886-0700] {processor.py:186} INFO - Started process (PID=4782) to work on /Users/jingwenxu/anaconda3/lib/python3.11/site-packages/airflow/example_dags/example_short_circuit_operator.py
[2025-03-24T16:43:27.887-0700] {processor.py:914} INFO - Processing file /Users/jingwenxu/anaconda3/lib/python3.11/site-packages/airflow/example_dags/example_short_circuit_operator.py for tasks to queue
[2025-03-24T16:43:27.888-0700] {logging_mixin.py:190} INFO - [2025-03-24T16:43:27.887-0700] {dagbag.py:588} INFO - Filling up the DagBag from /Users/jingwenxu/anaconda3/lib/python3.11/site-packages/airflow/example_dags/example_short_circuit_operator.py
[2025-03-24T16:43:27.903-0700] {processor.py:925} INFO - DAG(s) 'example_short_circuit_operator' retrieved from /Users/jingwenxu/anaconda3/lib/python3.11/site-packages/airflow/example_dags/example_short_circuit_operator.py
[2025-03-24T16:43:27.948-0700] {logging_mixin.py:190} INFO - [2025-03-24T16:43:27.947-0700] {dag.py:3239} INFO - Sync 1 DAGs
[2025-03-24T16:43:27.953-0700] {logging_mixin.py:190} INFO - [2025-03-24T16:43:27.952-0700] {dag.py:4180} INFO - Setting next_dagrun for example_short_circuit_operator to None, run_after=None
[2025-03-24T16:43:27.962-0700] {processor.py:208} INFO - Processing /Users/jingwenxu/anaconda3/lib/python3.11/site-packages/airflow/example_dags/example_short_circuit_operator.py took 0.078 seconds
[2025-03-24T16:45:07.009-0700] {processor.py:186} INFO - Started process (PID=5102) to work on /Users/jingwenxu/anaconda3/lib/python3.11/site-packages/airflow/example_dags/example_short_circuit_operator.py
[2025-03-24T16:45:07.010-0700] {processor.py:914} INFO - Processing file /Users/jingwenxu/anaconda3/lib/python3.11/site-packages/airflow/example_dags/example_short_circuit_operator.py for tasks to queue
[2025-03-24T16:45:07.011-0700] {logging_mixin.py:190} INFO - [2025-03-24T16:45:07.011-0700] {dagbag.py:588} INFO - Filling up the DagBag from /Users/jingwenxu/anaconda3/lib/python3.11/site-packages/airflow/example_dags/example_short_circuit_operator.py
[2025-03-24T16:45:07.025-0700] {processor.py:925} INFO - DAG(s) 'example_short_circuit_operator' retrieved from /Users/jingwenxu/anaconda3/lib/python3.11/site-packages/airflow/example_dags/example_short_circuit_operator.py
[2025-03-24T16:45:07.069-0700] {logging_mixin.py:190} INFO - [2025-03-24T16:45:07.069-0700] {dag.py:3239} INFO - Sync 1 DAGs
[2025-03-24T16:45:07.073-0700] {logging_mixin.py:190} INFO - [2025-03-24T16:45:07.073-0700] {dag.py:4180} INFO - Setting next_dagrun for example_short_circuit_operator to None, run_after=None
[2025-03-24T16:45:07.081-0700] {processor.py:208} INFO - Processing /Users/jingwenxu/anaconda3/lib/python3.11/site-packages/airflow/example_dags/example_short_circuit_operator.py took 0.075 seconds
[2025-03-24T16:46:46.792-0700] {processor.py:186} INFO - Started process (PID=5459) to work on /Users/jingwenxu/anaconda3/lib/python3.11/site-packages/airflow/example_dags/example_short_circuit_operator.py
[2025-03-24T16:46:46.793-0700] {processor.py:914} INFO - Processing file /Users/jingwenxu/anaconda3/lib/python3.11/site-packages/airflow/example_dags/example_short_circuit_operator.py for tasks to queue
[2025-03-24T16:46:46.794-0700] {logging_mixin.py:190} INFO - [2025-03-24T16:46:46.794-0700] {dagbag.py:588} INFO - Filling up the DagBag from /Users/jingwenxu/anaconda3/lib/python3.11/site-packages/airflow/example_dags/example_short_circuit_operator.py
[2025-03-24T16:46:46.808-0700] {processor.py:925} INFO - DAG(s) 'example_short_circuit_operator' retrieved from /Users/jingwenxu/anaconda3/lib/python3.11/site-packages/airflow/example_dags/example_short_circuit_operator.py
[2025-03-24T16:46:46.852-0700] {logging_mixin.py:190} INFO - [2025-03-24T16:46:46.852-0700] {dag.py:3239} INFO - Sync 1 DAGs
[2025-03-24T16:46:46.856-0700] {logging_mixin.py:190} INFO - [2025-03-24T16:46:46.856-0700] {dag.py:4180} INFO - Setting next_dagrun for example_short_circuit_operator to None, run_after=None
[2025-03-24T16:46:46.864-0700] {processor.py:208} INFO - Processing /Users/jingwenxu/anaconda3/lib/python3.11/site-packages/airflow/example_dags/example_short_circuit_operator.py took 0.074 seconds
[2025-03-24T16:48:25.519-0700] {processor.py:186} INFO - Started process (PID=5787) to work on /Users/jingwenxu/anaconda3/lib/python3.11/site-packages/airflow/example_dags/example_short_circuit_operator.py
[2025-03-24T16:48:25.520-0700] {processor.py:914} INFO - Processing file /Users/jingwenxu/anaconda3/lib/python3.11/site-packages/airflow/example_dags/example_short_circuit_operator.py for tasks to queue
[2025-03-24T16:48:25.521-0700] {logging_mixin.py:190} INFO - [2025-03-24T16:48:25.521-0700] {dagbag.py:588} INFO - Filling up the DagBag from /Users/jingwenxu/anaconda3/lib/python3.11/site-packages/airflow/example_dags/example_short_circuit_operator.py
[2025-03-24T16:48:25.536-0700] {processor.py:925} INFO - DAG(s) 'example_short_circuit_operator' retrieved from /Users/jingwenxu/anaconda3/lib/python3.11/site-packages/airflow/example_dags/example_short_circuit_operator.py
[2025-03-24T16:48:25.579-0700] {logging_mixin.py:190} INFO - [2025-03-24T16:48:25.579-0700] {dag.py:3239} INFO - Sync 1 DAGs
[2025-03-24T16:48:25.584-0700] {logging_mixin.py:190} INFO - [2025-03-24T16:48:25.584-0700] {dag.py:4180} INFO - Setting next_dagrun for example_short_circuit_operator to None, run_after=None
[2025-03-24T16:48:25.592-0700] {processor.py:208} INFO - Processing /Users/jingwenxu/anaconda3/lib/python3.11/site-packages/airflow/example_dags/example_short_circuit_operator.py took 0.074 seconds
[2025-03-24T16:50:04.769-0700] {processor.py:186} INFO - Started process (PID=6165) to work on /Users/jingwenxu/anaconda3/lib/python3.11/site-packages/airflow/example_dags/example_short_circuit_operator.py
[2025-03-24T16:50:04.771-0700] {processor.py:914} INFO - Processing file /Users/jingwenxu/anaconda3/lib/python3.11/site-packages/airflow/example_dags/example_short_circuit_operator.py for tasks to queue
[2025-03-24T16:50:04.771-0700] {logging_mixin.py:190} INFO - [2025-03-24T16:50:04.771-0700] {dagbag.py:588} INFO - Filling up the DagBag from /Users/jingwenxu/anaconda3/lib/python3.11/site-packages/airflow/example_dags/example_short_circuit_operator.py
[2025-03-24T16:50:04.787-0700] {processor.py:925} INFO - DAG(s) 'example_short_circuit_operator' retrieved from /Users/jingwenxu/anaconda3/lib/python3.11/site-packages/airflow/example_dags/example_short_circuit_operator.py
[2025-03-24T16:50:04.847-0700] {logging_mixin.py:190} INFO - [2025-03-24T16:50:04.847-0700] {dag.py:3239} INFO - Sync 1 DAGs
[2025-03-24T16:50:04.852-0700] {logging_mixin.py:190} INFO - [2025-03-24T16:50:04.852-0700] {dag.py:4180} INFO - Setting next_dagrun for example_short_circuit_operator to None, run_after=None
[2025-03-24T16:50:04.861-0700] {processor.py:208} INFO - Processing /Users/jingwenxu/anaconda3/lib/python3.11/site-packages/airflow/example_dags/example_short_circuit_operator.py took 0.093 seconds
[2025-03-24T16:51:45.181-0700] {processor.py:186} INFO - Started process (PID=6494) to work on /Users/jingwenxu/anaconda3/lib/python3.11/site-packages/airflow/example_dags/example_short_circuit_operator.py
[2025-03-24T16:51:45.182-0700] {processor.py:914} INFO - Processing file /Users/jingwenxu/anaconda3/lib/python3.11/site-packages/airflow/example_dags/example_short_circuit_operator.py for tasks to queue
[2025-03-24T16:51:45.183-0700] {logging_mixin.py:190} INFO - [2025-03-24T16:51:45.183-0700] {dagbag.py:588} INFO - Filling up the DagBag from /Users/jingwenxu/anaconda3/lib/python3.11/site-packages/airflow/example_dags/example_short_circuit_operator.py
[2025-03-24T16:51:45.198-0700] {processor.py:925} INFO - DAG(s) 'example_short_circuit_operator' retrieved from /Users/jingwenxu/anaconda3/lib/python3.11/site-packages/airflow/example_dags/example_short_circuit_operator.py
[2025-03-24T16:51:45.246-0700] {logging_mixin.py:190} INFO - [2025-03-24T16:51:45.246-0700] {dag.py:3239} INFO - Sync 1 DAGs
[2025-03-24T16:51:45.251-0700] {logging_mixin.py:190} INFO - [2025-03-24T16:51:45.251-0700] {dag.py:4180} INFO - Setting next_dagrun for example_short_circuit_operator to None, run_after=None
[2025-03-24T16:51:45.260-0700] {processor.py:208} INFO - Processing /Users/jingwenxu/anaconda3/lib/python3.11/site-packages/airflow/example_dags/example_short_circuit_operator.py took 0.082 seconds
[2025-03-24T16:53:22.877-0700] {processor.py:186} INFO - Started process (PID=6816) to work on /Users/jingwenxu/anaconda3/lib/python3.11/site-packages/airflow/example_dags/example_short_circuit_operator.py
[2025-03-24T16:53:22.879-0700] {processor.py:914} INFO - Processing file /Users/jingwenxu/anaconda3/lib/python3.11/site-packages/airflow/example_dags/example_short_circuit_operator.py for tasks to queue
[2025-03-24T16:53:22.880-0700] {logging_mixin.py:190} INFO - [2025-03-24T16:53:22.880-0700] {dagbag.py:588} INFO - Filling up the DagBag from /Users/jingwenxu/anaconda3/lib/python3.11/site-packages/airflow/example_dags/example_short_circuit_operator.py
[2025-03-24T16:53:22.894-0700] {processor.py:925} INFO - DAG(s) 'example_short_circuit_operator' retrieved from /Users/jingwenxu/anaconda3/lib/python3.11/site-packages/airflow/example_dags/example_short_circuit_operator.py
[2025-03-24T16:53:22.937-0700] {logging_mixin.py:190} INFO - [2025-03-24T16:53:22.937-0700] {dag.py:3239} INFO - Sync 1 DAGs
[2025-03-24T16:53:22.942-0700] {logging_mixin.py:190} INFO - [2025-03-24T16:53:22.942-0700] {dag.py:4180} INFO - Setting next_dagrun for example_short_circuit_operator to None, run_after=None
[2025-03-24T16:53:22.950-0700] {processor.py:208} INFO - Processing /Users/jingwenxu/anaconda3/lib/python3.11/site-packages/airflow/example_dags/example_short_circuit_operator.py took 0.074 seconds
