[2025-03-24T16:34:43.087-0700] {processor.py:186} INFO - Started process (PID=2884) to work on /Users/jingwenxu/anaconda3/lib/python3.11/site-packages/airflow/example_dags/example_short_circuit_decorator.py
[2025-03-24T16:34:43.088-0700] {processor.py:914} INFO - Processing file /Users/jingwenxu/anaconda3/lib/python3.11/site-packages/airflow/example_dags/example_short_circuit_decorator.py for tasks to queue
[2025-03-24T16:34:43.088-0700] {logging_mixin.py:190} INFO - [2025-03-24T16:34:43.088-0700] {dagbag.py:588} INFO - Filling up the DagBag from /Users/jingwenxu/anaconda3/lib/python3.11/site-packages/airflow/example_dags/example_short_circuit_decorator.py
[2025-03-24T16:34:43.112-0700] {processor.py:925} INFO - DAG(s) 'example_short_circuit_decorator' retrieved from /Users/jingwenxu/anaconda3/lib/python3.11/site-packages/airflow/example_dags/example_short_circuit_decorator.py
[2025-03-24T16:34:43.204-0700] {logging_mixin.py:190} INFO - [2025-03-24T16:34:43.204-0700] {override.py:1930} INFO - Created Permission View: can edit on DAG:example_short_circuit_decorator
[2025-03-24T16:34:43.209-0700] {logging_mixin.py:190} INFO - [2025-03-24T16:34:43.208-0700] {override.py:1930} INFO - Created Permission View: can read on DAG:example_short_circuit_decorator
[2025-03-24T16:34:43.211-0700] {logging_mixin.py:190} INFO - [2025-03-24T16:34:43.211-0700] {override.py:1930} INFO - Created Permission View: can delete on DAG:example_short_circuit_decorator
[2025-03-24T16:34:43.214-0700] {logging_mixin.py:190} INFO - [2025-03-24T16:34:43.214-0700] {override.py:1930} INFO - Created Permission View: menu access on DAG Run:example_short_circuit_decorator
[2025-03-24T16:34:43.217-0700] {logging_mixin.py:190} INFO - [2025-03-24T16:34:43.217-0700] {override.py:1930} INFO - Created Permission View: can create on DAG Run:example_short_circuit_decorator
[2025-03-24T16:34:43.219-0700] {logging_mixin.py:190} INFO - [2025-03-24T16:34:43.219-0700] {override.py:1930} INFO - Created Permission View: can read on DAG Run:example_short_circuit_decorator
[2025-03-24T16:34:43.221-0700] {logging_mixin.py:190} INFO - [2025-03-24T16:34:43.221-0700] {override.py:1930} INFO - Created Permission View: can delete on DAG Run:example_short_circuit_decorator
[2025-03-24T16:34:43.222-0700] {logging_mixin.py:190} INFO - [2025-03-24T16:34:43.221-0700] {dag.py:3239} INFO - Sync 1 DAGs
[2025-03-24T16:34:43.226-0700] {logging_mixin.py:190} INFO - [2025-03-24T16:34:43.226-0700] {dag.py:3262} INFO - Creating ORM DAG for example_short_circuit_decorator
[2025-03-24T16:34:43.227-0700] {logging_mixin.py:190} INFO - [2025-03-24T16:34:43.227-0700] {dag.py:4180} INFO - Setting next_dagrun for example_short_circuit_decorator to None, run_after=None
[2025-03-24T16:34:43.233-0700] {processor.py:208} INFO - Processing /Users/jingwenxu/anaconda3/lib/python3.11/site-packages/airflow/example_dags/example_short_circuit_decorator.py took 0.148 seconds
[2025-03-24T16:36:55.953-0700] {processor.py:186} INFO - Started process (PID=3369) to work on /Users/jingwenxu/anaconda3/lib/python3.11/site-packages/airflow/example_dags/example_short_circuit_decorator.py
[2025-03-24T16:36:55.955-0700] {processor.py:914} INFO - Processing file /Users/jingwenxu/anaconda3/lib/python3.11/site-packages/airflow/example_dags/example_short_circuit_decorator.py for tasks to queue
[2025-03-24T16:36:55.955-0700] {logging_mixin.py:190} INFO - [2025-03-24T16:36:55.955-0700] {dagbag.py:588} INFO - Filling up the DagBag from /Users/jingwenxu/anaconda3/lib/python3.11/site-packages/airflow/example_dags/example_short_circuit_decorator.py
[2025-03-24T16:36:55.976-0700] {processor.py:925} INFO - DAG(s) 'example_short_circuit_decorator' retrieved from /Users/jingwenxu/anaconda3/lib/python3.11/site-packages/airflow/example_dags/example_short_circuit_decorator.py
[2025-03-24T16:36:56.023-0700] {logging_mixin.py:190} INFO - [2025-03-24T16:36:56.023-0700] {dag.py:3239} INFO - Sync 1 DAGs
[2025-03-24T16:36:56.028-0700] {logging_mixin.py:190} INFO - [2025-03-24T16:36:56.028-0700] {dag.py:4180} INFO - Setting next_dagrun for example_short_circuit_decorator to None, run_after=None
[2025-03-24T16:36:56.040-0700] {processor.py:208} INFO - Processing /Users/jingwenxu/anaconda3/lib/python3.11/site-packages/airflow/example_dags/example_short_circuit_decorator.py took 0.088 seconds
[2025-03-24T16:38:35.598-0700] {processor.py:186} INFO - Started process (PID=3724) to work on /Users/jingwenxu/anaconda3/lib/python3.11/site-packages/airflow/example_dags/example_short_circuit_decorator.py
[2025-03-24T16:38:35.599-0700] {processor.py:914} INFO - Processing file /Users/jingwenxu/anaconda3/lib/python3.11/site-packages/airflow/example_dags/example_short_circuit_decorator.py for tasks to queue
[2025-03-24T16:38:35.600-0700] {logging_mixin.py:190} INFO - [2025-03-24T16:38:35.599-0700] {dagbag.py:588} INFO - Filling up the DagBag from /Users/jingwenxu/anaconda3/lib/python3.11/site-packages/airflow/example_dags/example_short_circuit_decorator.py
[2025-03-24T16:38:35.619-0700] {processor.py:925} INFO - DAG(s) 'example_short_circuit_decorator' retrieved from /Users/jingwenxu/anaconda3/lib/python3.11/site-packages/airflow/example_dags/example_short_circuit_decorator.py
[2025-03-24T16:38:35.665-0700] {logging_mixin.py:190} INFO - [2025-03-24T16:38:35.665-0700] {dag.py:3239} INFO - Sync 1 DAGs
[2025-03-24T16:38:35.670-0700] {logging_mixin.py:190} INFO - [2025-03-24T16:38:35.670-0700] {dag.py:4180} INFO - Setting next_dagrun for example_short_circuit_decorator to None, run_after=None
[2025-03-24T16:38:35.679-0700] {processor.py:208} INFO - Processing /Users/jingwenxu/anaconda3/lib/python3.11/site-packages/airflow/example_dags/example_short_circuit_decorator.py took 0.083 seconds
[2025-03-24T16:40:12.105-0700] {processor.py:186} INFO - Started process (PID=4102) to work on /Users/jingwenxu/anaconda3/lib/python3.11/site-packages/airflow/example_dags/example_short_circuit_decorator.py
[2025-03-24T16:40:12.106-0700] {processor.py:914} INFO - Processing file /Users/jingwenxu/anaconda3/lib/python3.11/site-packages/airflow/example_dags/example_short_circuit_decorator.py for tasks to queue
[2025-03-24T16:40:12.107-0700] {logging_mixin.py:190} INFO - [2025-03-24T16:40:12.107-0700] {dagbag.py:588} INFO - Filling up the DagBag from /Users/jingwenxu/anaconda3/lib/python3.11/site-packages/airflow/example_dags/example_short_circuit_decorator.py
[2025-03-24T16:40:12.128-0700] {processor.py:925} INFO - DAG(s) 'example_short_circuit_decorator' retrieved from /Users/jingwenxu/anaconda3/lib/python3.11/site-packages/airflow/example_dags/example_short_circuit_decorator.py
[2025-03-24T16:40:12.172-0700] {logging_mixin.py:190} INFO - [2025-03-24T16:40:12.172-0700] {dag.py:3239} INFO - Sync 1 DAGs
[2025-03-24T16:40:12.177-0700] {logging_mixin.py:190} INFO - [2025-03-24T16:40:12.177-0700] {dag.py:4180} INFO - Setting next_dagrun for example_short_circuit_decorator to None, run_after=None
[2025-03-24T16:40:12.186-0700] {processor.py:208} INFO - Processing /Users/jingwenxu/anaconda3/lib/python3.11/site-packages/airflow/example_dags/example_short_circuit_decorator.py took 0.082 seconds
[2025-03-24T16:41:49.326-0700] {processor.py:186} INFO - Started process (PID=4443) to work on /Users/jingwenxu/anaconda3/lib/python3.11/site-packages/airflow/example_dags/example_short_circuit_decorator.py
[2025-03-24T16:41:49.327-0700] {processor.py:914} INFO - Processing file /Users/jingwenxu/anaconda3/lib/python3.11/site-packages/airflow/example_dags/example_short_circuit_decorator.py for tasks to queue
[2025-03-24T16:41:49.328-0700] {logging_mixin.py:190} INFO - [2025-03-24T16:41:49.328-0700] {dagbag.py:588} INFO - Filling up the DagBag from /Users/jingwenxu/anaconda3/lib/python3.11/site-packages/airflow/example_dags/example_short_circuit_decorator.py
[2025-03-24T16:41:49.347-0700] {processor.py:925} INFO - DAG(s) 'example_short_circuit_decorator' retrieved from /Users/jingwenxu/anaconda3/lib/python3.11/site-packages/airflow/example_dags/example_short_circuit_decorator.py
[2025-03-24T16:41:49.391-0700] {logging_mixin.py:190} INFO - [2025-03-24T16:41:49.391-0700] {dag.py:3239} INFO - Sync 1 DAGs
[2025-03-24T16:41:49.396-0700] {logging_mixin.py:190} INFO - [2025-03-24T16:41:49.396-0700] {dag.py:4180} INFO - Setting next_dagrun for example_short_circuit_decorator to None, run_after=None
[2025-03-24T16:41:49.405-0700] {processor.py:208} INFO - Processing /Users/jingwenxu/anaconda3/lib/python3.11/site-packages/airflow/example_dags/example_short_circuit_decorator.py took 0.081 seconds
[2025-03-24T16:43:30.335-0700] {processor.py:186} INFO - Started process (PID=4789) to work on /Users/jingwenxu/anaconda3/lib/python3.11/site-packages/airflow/example_dags/example_short_circuit_decorator.py
[2025-03-24T16:43:30.336-0700] {processor.py:914} INFO - Processing file /Users/jingwenxu/anaconda3/lib/python3.11/site-packages/airflow/example_dags/example_short_circuit_decorator.py for tasks to queue
[2025-03-24T16:43:30.337-0700] {logging_mixin.py:190} INFO - [2025-03-24T16:43:30.337-0700] {dagbag.py:588} INFO - Filling up the DagBag from /Users/jingwenxu/anaconda3/lib/python3.11/site-packages/airflow/example_dags/example_short_circuit_decorator.py
[2025-03-24T16:43:30.358-0700] {processor.py:925} INFO - DAG(s) 'example_short_circuit_decorator' retrieved from /Users/jingwenxu/anaconda3/lib/python3.11/site-packages/airflow/example_dags/example_short_circuit_decorator.py
[2025-03-24T16:43:30.403-0700] {logging_mixin.py:190} INFO - [2025-03-24T16:43:30.403-0700] {dag.py:3239} INFO - Sync 1 DAGs
[2025-03-24T16:43:30.408-0700] {logging_mixin.py:190} INFO - [2025-03-24T16:43:30.408-0700] {dag.py:4180} INFO - Setting next_dagrun for example_short_circuit_decorator to None, run_after=None
[2025-03-24T16:43:30.417-0700] {processor.py:208} INFO - Processing /Users/jingwenxu/anaconda3/lib/python3.11/site-packages/airflow/example_dags/example_short_circuit_decorator.py took 0.084 seconds
[2025-03-24T16:45:09.475-0700] {processor.py:186} INFO - Started process (PID=5114) to work on /Users/jingwenxu/anaconda3/lib/python3.11/site-packages/airflow/example_dags/example_short_circuit_decorator.py
[2025-03-24T16:45:09.476-0700] {processor.py:914} INFO - Processing file /Users/jingwenxu/anaconda3/lib/python3.11/site-packages/airflow/example_dags/example_short_circuit_decorator.py for tasks to queue
[2025-03-24T16:45:09.477-0700] {logging_mixin.py:190} INFO - [2025-03-24T16:45:09.476-0700] {dagbag.py:588} INFO - Filling up the DagBag from /Users/jingwenxu/anaconda3/lib/python3.11/site-packages/airflow/example_dags/example_short_circuit_decorator.py
[2025-03-24T16:45:09.496-0700] {processor.py:925} INFO - DAG(s) 'example_short_circuit_decorator' retrieved from /Users/jingwenxu/anaconda3/lib/python3.11/site-packages/airflow/example_dags/example_short_circuit_decorator.py
[2025-03-24T16:45:09.539-0700] {logging_mixin.py:190} INFO - [2025-03-24T16:45:09.539-0700] {dag.py:3239} INFO - Sync 1 DAGs
[2025-03-24T16:45:09.544-0700] {logging_mixin.py:190} INFO - [2025-03-24T16:45:09.544-0700] {dag.py:4180} INFO - Setting next_dagrun for example_short_circuit_decorator to None, run_after=None
[2025-03-24T16:45:09.553-0700] {processor.py:208} INFO - Processing /Users/jingwenxu/anaconda3/lib/python3.11/site-packages/airflow/example_dags/example_short_circuit_decorator.py took 0.079 seconds
[2025-03-24T16:46:49.131-0700] {processor.py:186} INFO - Started process (PID=5466) to work on /Users/jingwenxu/anaconda3/lib/python3.11/site-packages/airflow/example_dags/example_short_circuit_decorator.py
[2025-03-24T16:46:49.133-0700] {processor.py:914} INFO - Processing file /Users/jingwenxu/anaconda3/lib/python3.11/site-packages/airflow/example_dags/example_short_circuit_decorator.py for tasks to queue
[2025-03-24T16:46:49.134-0700] {logging_mixin.py:190} INFO - [2025-03-24T16:46:49.133-0700] {dagbag.py:588} INFO - Filling up the DagBag from /Users/jingwenxu/anaconda3/lib/python3.11/site-packages/airflow/example_dags/example_short_circuit_decorator.py
[2025-03-24T16:46:49.153-0700] {processor.py:925} INFO - DAG(s) 'example_short_circuit_decorator' retrieved from /Users/jingwenxu/anaconda3/lib/python3.11/site-packages/airflow/example_dags/example_short_circuit_decorator.py
[2025-03-24T16:46:49.196-0700] {logging_mixin.py:190} INFO - [2025-03-24T16:46:49.196-0700] {dag.py:3239} INFO - Sync 1 DAGs
[2025-03-24T16:46:49.201-0700] {logging_mixin.py:190} INFO - [2025-03-24T16:46:49.201-0700] {dag.py:4180} INFO - Setting next_dagrun for example_short_circuit_decorator to None, run_after=None
[2025-03-24T16:46:49.210-0700] {processor.py:208} INFO - Processing /Users/jingwenxu/anaconda3/lib/python3.11/site-packages/airflow/example_dags/example_short_circuit_decorator.py took 0.080 seconds
[2025-03-24T16:48:27.887-0700] {processor.py:186} INFO - Started process (PID=5794) to work on /Users/jingwenxu/anaconda3/lib/python3.11/site-packages/airflow/example_dags/example_short_circuit_decorator.py
[2025-03-24T16:48:27.888-0700] {processor.py:914} INFO - Processing file /Users/jingwenxu/anaconda3/lib/python3.11/site-packages/airflow/example_dags/example_short_circuit_decorator.py for tasks to queue
[2025-03-24T16:48:27.889-0700] {logging_mixin.py:190} INFO - [2025-03-24T16:48:27.889-0700] {dagbag.py:588} INFO - Filling up the DagBag from /Users/jingwenxu/anaconda3/lib/python3.11/site-packages/airflow/example_dags/example_short_circuit_decorator.py
[2025-03-24T16:48:27.909-0700] {processor.py:925} INFO - DAG(s) 'example_short_circuit_decorator' retrieved from /Users/jingwenxu/anaconda3/lib/python3.11/site-packages/airflow/example_dags/example_short_circuit_decorator.py
[2025-03-24T16:48:27.952-0700] {logging_mixin.py:190} INFO - [2025-03-24T16:48:27.952-0700] {dag.py:3239} INFO - Sync 1 DAGs
[2025-03-24T16:48:27.957-0700] {logging_mixin.py:190} INFO - [2025-03-24T16:48:27.957-0700] {dag.py:4180} INFO - Setting next_dagrun for example_short_circuit_decorator to None, run_after=None
[2025-03-24T16:48:27.966-0700] {processor.py:208} INFO - Processing /Users/jingwenxu/anaconda3/lib/python3.11/site-packages/airflow/example_dags/example_short_circuit_decorator.py took 0.081 seconds
[2025-03-24T16:50:07.102-0700] {processor.py:186} INFO - Started process (PID=6172) to work on /Users/jingwenxu/anaconda3/lib/python3.11/site-packages/airflow/example_dags/example_short_circuit_decorator.py
[2025-03-24T16:50:07.103-0700] {processor.py:914} INFO - Processing file /Users/jingwenxu/anaconda3/lib/python3.11/site-packages/airflow/example_dags/example_short_circuit_decorator.py for tasks to queue
[2025-03-24T16:50:07.104-0700] {logging_mixin.py:190} INFO - [2025-03-24T16:50:07.104-0700] {dagbag.py:588} INFO - Filling up the DagBag from /Users/jingwenxu/anaconda3/lib/python3.11/site-packages/airflow/example_dags/example_short_circuit_decorator.py
[2025-03-24T16:50:07.125-0700] {processor.py:925} INFO - DAG(s) 'example_short_circuit_decorator' retrieved from /Users/jingwenxu/anaconda3/lib/python3.11/site-packages/airflow/example_dags/example_short_circuit_decorator.py
[2025-03-24T16:50:07.168-0700] {logging_mixin.py:190} INFO - [2025-03-24T16:50:07.168-0700] {dag.py:3239} INFO - Sync 1 DAGs
[2025-03-24T16:50:07.173-0700] {logging_mixin.py:190} INFO - [2025-03-24T16:50:07.173-0700] {dag.py:4180} INFO - Setting next_dagrun for example_short_circuit_decorator to None, run_after=None
[2025-03-24T16:50:07.184-0700] {processor.py:208} INFO - Processing /Users/jingwenxu/anaconda3/lib/python3.11/site-packages/airflow/example_dags/example_short_circuit_decorator.py took 0.084 seconds
[2025-03-24T16:51:47.635-0700] {processor.py:186} INFO - Started process (PID=6501) to work on /Users/jingwenxu/anaconda3/lib/python3.11/site-packages/airflow/example_dags/example_short_circuit_decorator.py
[2025-03-24T16:51:47.637-0700] {processor.py:914} INFO - Processing file /Users/jingwenxu/anaconda3/lib/python3.11/site-packages/airflow/example_dags/example_short_circuit_decorator.py for tasks to queue
[2025-03-24T16:51:47.637-0700] {logging_mixin.py:190} INFO - [2025-03-24T16:51:47.637-0700] {dagbag.py:588} INFO - Filling up the DagBag from /Users/jingwenxu/anaconda3/lib/python3.11/site-packages/airflow/example_dags/example_short_circuit_decorator.py
[2025-03-24T16:51:47.657-0700] {processor.py:925} INFO - DAG(s) 'example_short_circuit_decorator' retrieved from /Users/jingwenxu/anaconda3/lib/python3.11/site-packages/airflow/example_dags/example_short_circuit_decorator.py
[2025-03-24T16:51:47.705-0700] {logging_mixin.py:190} INFO - [2025-03-24T16:51:47.705-0700] {dag.py:3239} INFO - Sync 1 DAGs
[2025-03-24T16:51:47.711-0700] {logging_mixin.py:190} INFO - [2025-03-24T16:51:47.710-0700] {dag.py:4180} INFO - Setting next_dagrun for example_short_circuit_decorator to None, run_after=None
[2025-03-24T16:51:47.722-0700] {processor.py:208} INFO - Processing /Users/jingwenxu/anaconda3/lib/python3.11/site-packages/airflow/example_dags/example_short_circuit_decorator.py took 0.089 seconds
[2025-03-24T16:53:25.380-0700] {processor.py:186} INFO - Started process (PID=6824) to work on /Users/jingwenxu/anaconda3/lib/python3.11/site-packages/airflow/example_dags/example_short_circuit_decorator.py
[2025-03-24T16:53:25.382-0700] {processor.py:914} INFO - Processing file /Users/jingwenxu/anaconda3/lib/python3.11/site-packages/airflow/example_dags/example_short_circuit_decorator.py for tasks to queue
[2025-03-24T16:53:25.383-0700] {logging_mixin.py:190} INFO - [2025-03-24T16:53:25.383-0700] {dagbag.py:588} INFO - Filling up the DagBag from /Users/jingwenxu/anaconda3/lib/python3.11/site-packages/airflow/example_dags/example_short_circuit_decorator.py
[2025-03-24T16:53:25.406-0700] {processor.py:925} INFO - DAG(s) 'example_short_circuit_decorator' retrieved from /Users/jingwenxu/anaconda3/lib/python3.11/site-packages/airflow/example_dags/example_short_circuit_decorator.py
[2025-03-24T16:53:25.450-0700] {logging_mixin.py:190} INFO - [2025-03-24T16:53:25.449-0700] {dag.py:3239} INFO - Sync 1 DAGs
[2025-03-24T16:53:25.454-0700] {logging_mixin.py:190} INFO - [2025-03-24T16:53:25.454-0700] {dag.py:4180} INFO - Setting next_dagrun for example_short_circuit_decorator to None, run_after=None
[2025-03-24T16:53:25.464-0700] {processor.py:208} INFO - Processing /Users/jingwenxu/anaconda3/lib/python3.11/site-packages/airflow/example_dags/example_short_circuit_decorator.py took 0.085 seconds
