[2025-03-24T16:34:23.334-0700] {processor.py:186} INFO - Started process (PID=2819) to work on /Users/jingwenxu/anaconda3/lib/python3.11/site-packages/airflow/example_dags/example_trigger_controller_dag.py
[2025-03-24T16:34:23.335-0700] {processor.py:914} INFO - Processing file /Users/jingwenxu/anaconda3/lib/python3.11/site-packages/airflow/example_dags/example_trigger_controller_dag.py for tasks to queue
[2025-03-24T16:34:23.335-0700] {logging_mixin.py:190} INFO - [2025-03-24T16:34:23.335-0700] {dagbag.py:588} INFO - Filling up the DagBag from /Users/jingwenxu/anaconda3/lib/python3.11/site-packages/airflow/example_dags/example_trigger_controller_dag.py
[2025-03-24T16:34:23.342-0700] {processor.py:925} INFO - DAG(s) 'example_trigger_controller_dag' retrieved from /Users/jingwenxu/anaconda3/lib/python3.11/site-packages/airflow/example_dags/example_trigger_controller_dag.py
[2025-03-24T16:34:23.421-0700] {logging_mixin.py:190} INFO - [2025-03-24T16:34:23.421-0700] {override.py:1930} INFO - Created Permission View: can delete on DAG:example_trigger_controller_dag
[2025-03-24T16:34:23.425-0700] {logging_mixin.py:190} INFO - [2025-03-24T16:34:23.425-0700] {override.py:1930} INFO - Created Permission View: can read on DAG:example_trigger_controller_dag
[2025-03-24T16:34:23.427-0700] {logging_mixin.py:190} INFO - [2025-03-24T16:34:23.427-0700] {override.py:1930} INFO - Created Permission View: can edit on DAG:example_trigger_controller_dag
[2025-03-24T16:34:23.430-0700] {logging_mixin.py:190} INFO - [2025-03-24T16:34:23.430-0700] {override.py:1930} INFO - Created Permission View: can delete on DAG Run:example_trigger_controller_dag
[2025-03-24T16:34:23.433-0700] {logging_mixin.py:190} INFO - [2025-03-24T16:34:23.433-0700] {override.py:1930} INFO - Created Permission View: can read on DAG Run:example_trigger_controller_dag
[2025-03-24T16:34:23.435-0700] {logging_mixin.py:190} INFO - [2025-03-24T16:34:23.435-0700] {override.py:1930} INFO - Created Permission View: menu access on DAG Run:example_trigger_controller_dag
[2025-03-24T16:34:23.437-0700] {logging_mixin.py:190} INFO - [2025-03-24T16:34:23.437-0700] {override.py:1930} INFO - Created Permission View: can create on DAG Run:example_trigger_controller_dag
[2025-03-24T16:34:23.438-0700] {logging_mixin.py:190} INFO - [2025-03-24T16:34:23.437-0700] {dag.py:3239} INFO - Sync 1 DAGs
[2025-03-24T16:34:23.442-0700] {logging_mixin.py:190} INFO - [2025-03-24T16:34:23.442-0700] {dag.py:3262} INFO - Creating ORM DAG for example_trigger_controller_dag
[2025-03-24T16:34:23.445-0700] {logging_mixin.py:190} INFO - [2025-03-24T16:34:23.445-0700] {dag.py:4180} INFO - Setting next_dagrun for example_trigger_controller_dag to 2021-01-01 00:00:00+00:00, run_after=2021-01-01 00:00:00+00:00
[2025-03-24T16:34:23.455-0700] {processor.py:208} INFO - Processing /Users/jingwenxu/anaconda3/lib/python3.11/site-packages/airflow/example_dags/example_trigger_controller_dag.py took 0.123 seconds
[2025-03-24T16:36:38.544-0700] {processor.py:186} INFO - Started process (PID=3304) to work on /Users/jingwenxu/anaconda3/lib/python3.11/site-packages/airflow/example_dags/example_trigger_controller_dag.py
[2025-03-24T16:36:38.546-0700] {processor.py:914} INFO - Processing file /Users/jingwenxu/anaconda3/lib/python3.11/site-packages/airflow/example_dags/example_trigger_controller_dag.py for tasks to queue
[2025-03-24T16:36:38.547-0700] {logging_mixin.py:190} INFO - [2025-03-24T16:36:38.547-0700] {dagbag.py:588} INFO - Filling up the DagBag from /Users/jingwenxu/anaconda3/lib/python3.11/site-packages/airflow/example_dags/example_trigger_controller_dag.py
[2025-03-24T16:36:38.553-0700] {processor.py:925} INFO - DAG(s) 'example_trigger_controller_dag' retrieved from /Users/jingwenxu/anaconda3/lib/python3.11/site-packages/airflow/example_dags/example_trigger_controller_dag.py
[2025-03-24T16:36:38.593-0700] {logging_mixin.py:190} INFO - [2025-03-24T16:36:38.593-0700] {dag.py:3239} INFO - Sync 1 DAGs
[2025-03-24T16:36:38.601-0700] {logging_mixin.py:190} INFO - [2025-03-24T16:36:38.601-0700] {dag.py:4180} INFO - Setting next_dagrun for example_trigger_controller_dag to 2021-01-01 00:00:00+00:00, run_after=2021-01-01 00:00:00+00:00
[2025-03-24T16:36:38.610-0700] {processor.py:208} INFO - Processing /Users/jingwenxu/anaconda3/lib/python3.11/site-packages/airflow/example_dags/example_trigger_controller_dag.py took 0.067 seconds
[2025-03-24T16:38:16.860-0700] {processor.py:186} INFO - Started process (PID=3636) to work on /Users/jingwenxu/anaconda3/lib/python3.11/site-packages/airflow/example_dags/example_trigger_controller_dag.py
[2025-03-24T16:38:16.861-0700] {processor.py:914} INFO - Processing file /Users/jingwenxu/anaconda3/lib/python3.11/site-packages/airflow/example_dags/example_trigger_controller_dag.py for tasks to queue
[2025-03-24T16:38:16.862-0700] {logging_mixin.py:190} INFO - [2025-03-24T16:38:16.862-0700] {dagbag.py:588} INFO - Filling up the DagBag from /Users/jingwenxu/anaconda3/lib/python3.11/site-packages/airflow/example_dags/example_trigger_controller_dag.py
[2025-03-24T16:38:16.869-0700] {processor.py:925} INFO - DAG(s) 'example_trigger_controller_dag' retrieved from /Users/jingwenxu/anaconda3/lib/python3.11/site-packages/airflow/example_dags/example_trigger_controller_dag.py
[2025-03-24T16:38:16.912-0700] {logging_mixin.py:190} INFO - [2025-03-24T16:38:16.912-0700] {dag.py:3239} INFO - Sync 1 DAGs
[2025-03-24T16:38:16.921-0700] {logging_mixin.py:190} INFO - [2025-03-24T16:38:16.921-0700] {dag.py:4180} INFO - Setting next_dagrun for example_trigger_controller_dag to 2021-01-01 00:00:00+00:00, run_after=2021-01-01 00:00:00+00:00
[2025-03-24T16:38:16.932-0700] {processor.py:208} INFO - Processing /Users/jingwenxu/anaconda3/lib/python3.11/site-packages/airflow/example_dags/example_trigger_controller_dag.py took 0.073 seconds
[2025-03-24T16:39:53.667-0700] {processor.py:186} INFO - Started process (PID=4003) to work on /Users/jingwenxu/anaconda3/lib/python3.11/site-packages/airflow/example_dags/example_trigger_controller_dag.py
[2025-03-24T16:39:53.668-0700] {processor.py:914} INFO - Processing file /Users/jingwenxu/anaconda3/lib/python3.11/site-packages/airflow/example_dags/example_trigger_controller_dag.py for tasks to queue
[2025-03-24T16:39:53.669-0700] {logging_mixin.py:190} INFO - [2025-03-24T16:39:53.669-0700] {dagbag.py:588} INFO - Filling up the DagBag from /Users/jingwenxu/anaconda3/lib/python3.11/site-packages/airflow/example_dags/example_trigger_controller_dag.py
[2025-03-24T16:39:53.677-0700] {processor.py:925} INFO - DAG(s) 'example_trigger_controller_dag' retrieved from /Users/jingwenxu/anaconda3/lib/python3.11/site-packages/airflow/example_dags/example_trigger_controller_dag.py
[2025-03-24T16:39:53.725-0700] {logging_mixin.py:190} INFO - [2025-03-24T16:39:53.725-0700] {dag.py:3239} INFO - Sync 1 DAGs
[2025-03-24T16:39:53.735-0700] {logging_mixin.py:190} INFO - [2025-03-24T16:39:53.734-0700] {dag.py:4180} INFO - Setting next_dagrun for example_trigger_controller_dag to 2021-01-01 00:00:00+00:00, run_after=2021-01-01 00:00:00+00:00
[2025-03-24T16:39:53.744-0700] {processor.py:208} INFO - Processing /Users/jingwenxu/anaconda3/lib/python3.11/site-packages/airflow/example_dags/example_trigger_controller_dag.py took 0.080 seconds
[2025-03-24T16:41:31.874-0700] {processor.py:186} INFO - Started process (PID=4382) to work on /Users/jingwenxu/anaconda3/lib/python3.11/site-packages/airflow/example_dags/example_trigger_controller_dag.py
[2025-03-24T16:41:31.875-0700] {processor.py:914} INFO - Processing file /Users/jingwenxu/anaconda3/lib/python3.11/site-packages/airflow/example_dags/example_trigger_controller_dag.py for tasks to queue
[2025-03-24T16:41:31.876-0700] {logging_mixin.py:190} INFO - [2025-03-24T16:41:31.876-0700] {dagbag.py:588} INFO - Filling up the DagBag from /Users/jingwenxu/anaconda3/lib/python3.11/site-packages/airflow/example_dags/example_trigger_controller_dag.py
[2025-03-24T16:41:31.884-0700] {processor.py:925} INFO - DAG(s) 'example_trigger_controller_dag' retrieved from /Users/jingwenxu/anaconda3/lib/python3.11/site-packages/airflow/example_dags/example_trigger_controller_dag.py
[2025-03-24T16:41:31.930-0700] {logging_mixin.py:190} INFO - [2025-03-24T16:41:31.930-0700] {dag.py:3239} INFO - Sync 1 DAGs
[2025-03-24T16:41:31.939-0700] {logging_mixin.py:190} INFO - [2025-03-24T16:41:31.939-0700] {dag.py:4180} INFO - Setting next_dagrun for example_trigger_controller_dag to 2021-01-01 00:00:00+00:00, run_after=2021-01-01 00:00:00+00:00
[2025-03-24T16:41:31.950-0700] {processor.py:208} INFO - Processing /Users/jingwenxu/anaconda3/lib/python3.11/site-packages/airflow/example_dags/example_trigger_controller_dag.py took 0.078 seconds
[2025-03-24T16:43:12.622-0700] {processor.py:186} INFO - Started process (PID=4733) to work on /Users/jingwenxu/anaconda3/lib/python3.11/site-packages/airflow/example_dags/example_trigger_controller_dag.py
[2025-03-24T16:43:12.623-0700] {processor.py:914} INFO - Processing file /Users/jingwenxu/anaconda3/lib/python3.11/site-packages/airflow/example_dags/example_trigger_controller_dag.py for tasks to queue
[2025-03-24T16:43:12.624-0700] {logging_mixin.py:190} INFO - [2025-03-24T16:43:12.624-0700] {dagbag.py:588} INFO - Filling up the DagBag from /Users/jingwenxu/anaconda3/lib/python3.11/site-packages/airflow/example_dags/example_trigger_controller_dag.py
[2025-03-24T16:43:12.632-0700] {processor.py:925} INFO - DAG(s) 'example_trigger_controller_dag' retrieved from /Users/jingwenxu/anaconda3/lib/python3.11/site-packages/airflow/example_dags/example_trigger_controller_dag.py
[2025-03-24T16:43:12.674-0700] {logging_mixin.py:190} INFO - [2025-03-24T16:43:12.674-0700] {dag.py:3239} INFO - Sync 1 DAGs
[2025-03-24T16:43:12.682-0700] {logging_mixin.py:190} INFO - [2025-03-24T16:43:12.682-0700] {dag.py:4180} INFO - Setting next_dagrun for example_trigger_controller_dag to 2021-01-01 00:00:00+00:00, run_after=2021-01-01 00:00:00+00:00
[2025-03-24T16:43:12.690-0700] {processor.py:208} INFO - Processing /Users/jingwenxu/anaconda3/lib/python3.11/site-packages/airflow/example_dags/example_trigger_controller_dag.py took 0.070 seconds
[2025-03-24T16:44:51.867-0700] {processor.py:186} INFO - Started process (PID=5053) to work on /Users/jingwenxu/anaconda3/lib/python3.11/site-packages/airflow/example_dags/example_trigger_controller_dag.py
[2025-03-24T16:44:51.868-0700] {processor.py:914} INFO - Processing file /Users/jingwenxu/anaconda3/lib/python3.11/site-packages/airflow/example_dags/example_trigger_controller_dag.py for tasks to queue
[2025-03-24T16:44:51.869-0700] {logging_mixin.py:190} INFO - [2025-03-24T16:44:51.869-0700] {dagbag.py:588} INFO - Filling up the DagBag from /Users/jingwenxu/anaconda3/lib/python3.11/site-packages/airflow/example_dags/example_trigger_controller_dag.py
[2025-03-24T16:44:51.877-0700] {processor.py:925} INFO - DAG(s) 'example_trigger_controller_dag' retrieved from /Users/jingwenxu/anaconda3/lib/python3.11/site-packages/airflow/example_dags/example_trigger_controller_dag.py
[2025-03-24T16:44:51.919-0700] {logging_mixin.py:190} INFO - [2025-03-24T16:44:51.919-0700] {dag.py:3239} INFO - Sync 1 DAGs
[2025-03-24T16:44:51.927-0700] {logging_mixin.py:190} INFO - [2025-03-24T16:44:51.927-0700] {dag.py:4180} INFO - Setting next_dagrun for example_trigger_controller_dag to 2021-01-01 00:00:00+00:00, run_after=2021-01-01 00:00:00+00:00
[2025-03-24T16:44:51.935-0700] {processor.py:208} INFO - Processing /Users/jingwenxu/anaconda3/lib/python3.11/site-packages/airflow/example_dags/example_trigger_controller_dag.py took 0.070 seconds
[2025-03-24T16:46:31.587-0700] {processor.py:186} INFO - Started process (PID=5409) to work on /Users/jingwenxu/anaconda3/lib/python3.11/site-packages/airflow/example_dags/example_trigger_controller_dag.py
[2025-03-24T16:46:31.588-0700] {processor.py:914} INFO - Processing file /Users/jingwenxu/anaconda3/lib/python3.11/site-packages/airflow/example_dags/example_trigger_controller_dag.py for tasks to queue
[2025-03-24T16:46:31.589-0700] {logging_mixin.py:190} INFO - [2025-03-24T16:46:31.589-0700] {dagbag.py:588} INFO - Filling up the DagBag from /Users/jingwenxu/anaconda3/lib/python3.11/site-packages/airflow/example_dags/example_trigger_controller_dag.py
[2025-03-24T16:46:31.597-0700] {processor.py:925} INFO - DAG(s) 'example_trigger_controller_dag' retrieved from /Users/jingwenxu/anaconda3/lib/python3.11/site-packages/airflow/example_dags/example_trigger_controller_dag.py
[2025-03-24T16:46:31.641-0700] {logging_mixin.py:190} INFO - [2025-03-24T16:46:31.641-0700] {dag.py:3239} INFO - Sync 1 DAGs
[2025-03-24T16:46:31.651-0700] {logging_mixin.py:190} INFO - [2025-03-24T16:46:31.651-0700] {dag.py:4180} INFO - Setting next_dagrun for example_trigger_controller_dag to 2021-01-01 00:00:00+00:00, run_after=2021-01-01 00:00:00+00:00
[2025-03-24T16:46:31.660-0700] {processor.py:208} INFO - Processing /Users/jingwenxu/anaconda3/lib/python3.11/site-packages/airflow/example_dags/example_trigger_controller_dag.py took 0.075 seconds
[2025-03-24T16:48:09.555-0700] {processor.py:186} INFO - Started process (PID=5732) to work on /Users/jingwenxu/anaconda3/lib/python3.11/site-packages/airflow/example_dags/example_trigger_controller_dag.py
[2025-03-24T16:48:09.556-0700] {processor.py:914} INFO - Processing file /Users/jingwenxu/anaconda3/lib/python3.11/site-packages/airflow/example_dags/example_trigger_controller_dag.py for tasks to queue
[2025-03-24T16:48:09.557-0700] {logging_mixin.py:190} INFO - [2025-03-24T16:48:09.557-0700] {dagbag.py:588} INFO - Filling up the DagBag from /Users/jingwenxu/anaconda3/lib/python3.11/site-packages/airflow/example_dags/example_trigger_controller_dag.py
[2025-03-24T16:48:09.564-0700] {processor.py:925} INFO - DAG(s) 'example_trigger_controller_dag' retrieved from /Users/jingwenxu/anaconda3/lib/python3.11/site-packages/airflow/example_dags/example_trigger_controller_dag.py
[2025-03-24T16:48:09.604-0700] {logging_mixin.py:190} INFO - [2025-03-24T16:48:09.603-0700] {dag.py:3239} INFO - Sync 1 DAGs
[2025-03-24T16:48:09.611-0700] {logging_mixin.py:190} INFO - [2025-03-24T16:48:09.611-0700] {dag.py:4180} INFO - Setting next_dagrun for example_trigger_controller_dag to 2021-01-01 00:00:00+00:00, run_after=2021-01-01 00:00:00+00:00
[2025-03-24T16:48:09.619-0700] {processor.py:208} INFO - Processing /Users/jingwenxu/anaconda3/lib/python3.11/site-packages/airflow/example_dags/example_trigger_controller_dag.py took 0.067 seconds
[2025-03-24T16:49:49.428-0700] {processor.py:186} INFO - Started process (PID=6108) to work on /Users/jingwenxu/anaconda3/lib/python3.11/site-packages/airflow/example_dags/example_trigger_controller_dag.py
[2025-03-24T16:49:49.430-0700] {processor.py:914} INFO - Processing file /Users/jingwenxu/anaconda3/lib/python3.11/site-packages/airflow/example_dags/example_trigger_controller_dag.py for tasks to queue
[2025-03-24T16:49:49.431-0700] {logging_mixin.py:190} INFO - [2025-03-24T16:49:49.431-0700] {dagbag.py:588} INFO - Filling up the DagBag from /Users/jingwenxu/anaconda3/lib/python3.11/site-packages/airflow/example_dags/example_trigger_controller_dag.py
[2025-03-24T16:49:49.437-0700] {processor.py:925} INFO - DAG(s) 'example_trigger_controller_dag' retrieved from /Users/jingwenxu/anaconda3/lib/python3.11/site-packages/airflow/example_dags/example_trigger_controller_dag.py
[2025-03-24T16:49:49.576-0700] {logging_mixin.py:190} INFO - [2025-03-24T16:49:49.576-0700] {dag.py:3239} INFO - Sync 1 DAGs
[2025-03-24T16:49:49.585-0700] {logging_mixin.py:190} INFO - [2025-03-24T16:49:49.585-0700] {dag.py:4180} INFO - Setting next_dagrun for example_trigger_controller_dag to 2021-01-01 00:00:00+00:00, run_after=2021-01-01 00:00:00+00:00
[2025-03-24T16:49:49.595-0700] {processor.py:208} INFO - Processing /Users/jingwenxu/anaconda3/lib/python3.11/site-packages/airflow/example_dags/example_trigger_controller_dag.py took 0.169 seconds
[2025-03-24T16:51:28.956-0700] {processor.py:186} INFO - Started process (PID=6444) to work on /Users/jingwenxu/anaconda3/lib/python3.11/site-packages/airflow/example_dags/example_trigger_controller_dag.py
[2025-03-24T16:51:28.957-0700] {processor.py:914} INFO - Processing file /Users/jingwenxu/anaconda3/lib/python3.11/site-packages/airflow/example_dags/example_trigger_controller_dag.py for tasks to queue
[2025-03-24T16:51:28.958-0700] {logging_mixin.py:190} INFO - [2025-03-24T16:51:28.958-0700] {dagbag.py:588} INFO - Filling up the DagBag from /Users/jingwenxu/anaconda3/lib/python3.11/site-packages/airflow/example_dags/example_trigger_controller_dag.py
[2025-03-24T16:51:28.965-0700] {processor.py:925} INFO - DAG(s) 'example_trigger_controller_dag' retrieved from /Users/jingwenxu/anaconda3/lib/python3.11/site-packages/airflow/example_dags/example_trigger_controller_dag.py
[2025-03-24T16:51:29.005-0700] {logging_mixin.py:190} INFO - [2025-03-24T16:51:29.005-0700] {dag.py:3239} INFO - Sync 1 DAGs
[2025-03-24T16:51:29.013-0700] {logging_mixin.py:190} INFO - [2025-03-24T16:51:29.013-0700] {dag.py:4180} INFO - Setting next_dagrun for example_trigger_controller_dag to 2021-01-01 00:00:00+00:00, run_after=2021-01-01 00:00:00+00:00
[2025-03-24T16:51:29.021-0700] {processor.py:208} INFO - Processing /Users/jingwenxu/anaconda3/lib/python3.11/site-packages/airflow/example_dags/example_trigger_controller_dag.py took 0.068 seconds
[2025-03-24T16:53:07.655-0700] {processor.py:186} INFO - Started process (PID=6766) to work on /Users/jingwenxu/anaconda3/lib/python3.11/site-packages/airflow/example_dags/example_trigger_controller_dag.py
[2025-03-24T16:53:07.657-0700] {processor.py:914} INFO - Processing file /Users/jingwenxu/anaconda3/lib/python3.11/site-packages/airflow/example_dags/example_trigger_controller_dag.py for tasks to queue
[2025-03-24T16:53:07.657-0700] {logging_mixin.py:190} INFO - [2025-03-24T16:53:07.657-0700] {dagbag.py:588} INFO - Filling up the DagBag from /Users/jingwenxu/anaconda3/lib/python3.11/site-packages/airflow/example_dags/example_trigger_controller_dag.py
[2025-03-24T16:53:07.664-0700] {processor.py:925} INFO - DAG(s) 'example_trigger_controller_dag' retrieved from /Users/jingwenxu/anaconda3/lib/python3.11/site-packages/airflow/example_dags/example_trigger_controller_dag.py
[2025-03-24T16:53:07.704-0700] {logging_mixin.py:190} INFO - [2025-03-24T16:53:07.704-0700] {dag.py:3239} INFO - Sync 1 DAGs
[2025-03-24T16:53:07.712-0700] {logging_mixin.py:190} INFO - [2025-03-24T16:53:07.712-0700] {dag.py:4180} INFO - Setting next_dagrun for example_trigger_controller_dag to 2021-01-01 00:00:00+00:00, run_after=2021-01-01 00:00:00+00:00
[2025-03-24T16:53:07.721-0700] {processor.py:208} INFO - Processing /Users/jingwenxu/anaconda3/lib/python3.11/site-packages/airflow/example_dags/example_trigger_controller_dag.py took 0.068 seconds
