[2025-03-24T16:35:33.013-0700] {processor.py:186} INFO - Started process (PID=3053) to work on /Users/jingwenxu/anaconda3/lib/python3.11/site-packages/airflow/example_dags/example_datasets.py
[2025-03-24T16:35:33.014-0700] {processor.py:914} INFO - Processing file /Users/jingwenxu/anaconda3/lib/python3.11/site-packages/airflow/example_dags/example_datasets.py for tasks to queue
[2025-03-24T16:35:33.014-0700] {logging_mixin.py:190} INFO - [2025-03-24T16:35:33.014-0700] {dagbag.py:588} INFO - Filling up the DagBag from /Users/jingwenxu/anaconda3/lib/python3.11/site-packages/airflow/example_dags/example_datasets.py
[2025-03-24T16:35:33.060-0700] {processor.py:925} INFO - DAG(s) 'dataset_consumes_1_never_scheduled', 'consume_1_and_2_with_dataset_expressions', 'dataset_consumes_1_and_2', 'dataset_produces_1', 'consume_1_or_2_with_dataset_expressions', 'conditional_dataset_and_time_based_timetable', 'dataset_consumes_1', 'dataset_produces_2', 'consume_1_or_both_2_and_3_with_dataset_expressions', 'dataset_consumes_unknown_never_scheduled' retrieved from /Users/jingwenxu/anaconda3/lib/python3.11/site-packages/airflow/example_dags/example_datasets.py
[2025-03-24T16:35:33.149-0700] {logging_mixin.py:190} INFO - [2025-03-24T16:35:33.149-0700] {override.py:1930} INFO - Created Permission View: can delete on DAG:dataset_consumes_1_never_scheduled
[2025-03-24T16:35:33.157-0700] {logging_mixin.py:190} INFO - [2025-03-24T16:35:33.157-0700] {override.py:1930} INFO - Created Permission View: can read on DAG:dataset_consumes_1_never_scheduled
[2025-03-24T16:35:33.161-0700] {logging_mixin.py:190} INFO - [2025-03-24T16:35:33.161-0700] {override.py:1930} INFO - Created Permission View: can edit on DAG:dataset_consumes_1_never_scheduled
[2025-03-24T16:35:33.165-0700] {logging_mixin.py:190} INFO - [2025-03-24T16:35:33.165-0700] {override.py:1930} INFO - Created Permission View: can delete on DAG Run:dataset_consumes_1_never_scheduled
[2025-03-24T16:35:33.168-0700] {logging_mixin.py:190} INFO - [2025-03-24T16:35:33.168-0700] {override.py:1930} INFO - Created Permission View: can read on DAG Run:dataset_consumes_1_never_scheduled
[2025-03-24T16:35:33.171-0700] {logging_mixin.py:190} INFO - [2025-03-24T16:35:33.171-0700] {override.py:1930} INFO - Created Permission View: can create on DAG Run:dataset_consumes_1_never_scheduled
[2025-03-24T16:35:33.173-0700] {logging_mixin.py:190} INFO - [2025-03-24T16:35:33.173-0700] {override.py:1930} INFO - Created Permission View: menu access on DAG Run:dataset_consumes_1_never_scheduled
[2025-03-24T16:35:33.178-0700] {logging_mixin.py:190} INFO - [2025-03-24T16:35:33.178-0700] {override.py:1930} INFO - Created Permission View: can delete on DAG:consume_1_and_2_with_dataset_expressions
[2025-03-24T16:35:33.181-0700] {logging_mixin.py:190} INFO - [2025-03-24T16:35:33.181-0700] {override.py:1930} INFO - Created Permission View: can read on DAG:consume_1_and_2_with_dataset_expressions
[2025-03-24T16:35:33.184-0700] {logging_mixin.py:190} INFO - [2025-03-24T16:35:33.184-0700] {override.py:1930} INFO - Created Permission View: can edit on DAG:consume_1_and_2_with_dataset_expressions
[2025-03-24T16:35:33.188-0700] {logging_mixin.py:190} INFO - [2025-03-24T16:35:33.188-0700] {override.py:1930} INFO - Created Permission View: can delete on DAG Run:consume_1_and_2_with_dataset_expressions
[2025-03-24T16:35:33.190-0700] {logging_mixin.py:190} INFO - [2025-03-24T16:35:33.190-0700] {override.py:1930} INFO - Created Permission View: can read on DAG Run:consume_1_and_2_with_dataset_expressions
[2025-03-24T16:35:33.193-0700] {logging_mixin.py:190} INFO - [2025-03-24T16:35:33.193-0700] {override.py:1930} INFO - Created Permission View: can create on DAG Run:consume_1_and_2_with_dataset_expressions
[2025-03-24T16:35:33.196-0700] {logging_mixin.py:190} INFO - [2025-03-24T16:35:33.196-0700] {override.py:1930} INFO - Created Permission View: menu access on DAG Run:consume_1_and_2_with_dataset_expressions
[2025-03-24T16:35:33.201-0700] {logging_mixin.py:190} INFO - [2025-03-24T16:35:33.201-0700] {override.py:1930} INFO - Created Permission View: can delete on DAG:dataset_consumes_1_and_2
[2025-03-24T16:35:33.204-0700] {logging_mixin.py:190} INFO - [2025-03-24T16:35:33.204-0700] {override.py:1930} INFO - Created Permission View: can read on DAG:dataset_consumes_1_and_2
[2025-03-24T16:35:33.207-0700] {logging_mixin.py:190} INFO - [2025-03-24T16:35:33.206-0700] {override.py:1930} INFO - Created Permission View: can edit on DAG:dataset_consumes_1_and_2
[2025-03-24T16:35:33.210-0700] {logging_mixin.py:190} INFO - [2025-03-24T16:35:33.210-0700] {override.py:1930} INFO - Created Permission View: can delete on DAG Run:dataset_consumes_1_and_2
[2025-03-24T16:35:33.212-0700] {logging_mixin.py:190} INFO - [2025-03-24T16:35:33.212-0700] {override.py:1930} INFO - Created Permission View: can read on DAG Run:dataset_consumes_1_and_2
[2025-03-24T16:35:33.216-0700] {logging_mixin.py:190} INFO - [2025-03-24T16:35:33.215-0700] {override.py:1930} INFO - Created Permission View: can create on DAG Run:dataset_consumes_1_and_2
[2025-03-24T16:35:33.218-0700] {logging_mixin.py:190} INFO - [2025-03-24T16:35:33.218-0700] {override.py:1930} INFO - Created Permission View: menu access on DAG Run:dataset_consumes_1_and_2
[2025-03-24T16:35:33.223-0700] {logging_mixin.py:190} INFO - [2025-03-24T16:35:33.223-0700] {override.py:1930} INFO - Created Permission View: can delete on DAG:dataset_produces_1
[2025-03-24T16:35:33.226-0700] {logging_mixin.py:190} INFO - [2025-03-24T16:35:33.226-0700] {override.py:1930} INFO - Created Permission View: can read on DAG:dataset_produces_1
[2025-03-24T16:35:33.229-0700] {logging_mixin.py:190} INFO - [2025-03-24T16:35:33.228-0700] {override.py:1930} INFO - Created Permission View: can edit on DAG:dataset_produces_1
[2025-03-24T16:35:33.232-0700] {logging_mixin.py:190} INFO - [2025-03-24T16:35:33.232-0700] {override.py:1930} INFO - Created Permission View: can delete on DAG Run:dataset_produces_1
[2025-03-24T16:35:33.235-0700] {logging_mixin.py:190} INFO - [2025-03-24T16:35:33.235-0700] {override.py:1930} INFO - Created Permission View: can read on DAG Run:dataset_produces_1
[2025-03-24T16:35:33.237-0700] {logging_mixin.py:190} INFO - [2025-03-24T16:35:33.237-0700] {override.py:1930} INFO - Created Permission View: can create on DAG Run:dataset_produces_1
[2025-03-24T16:35:33.240-0700] {logging_mixin.py:190} INFO - [2025-03-24T16:35:33.240-0700] {override.py:1930} INFO - Created Permission View: menu access on DAG Run:dataset_produces_1
[2025-03-24T16:35:33.245-0700] {logging_mixin.py:190} INFO - [2025-03-24T16:35:33.245-0700] {override.py:1930} INFO - Created Permission View: can delete on DAG:consume_1_or_2_with_dataset_expressions
[2025-03-24T16:35:33.248-0700] {logging_mixin.py:190} INFO - [2025-03-24T16:35:33.248-0700] {override.py:1930} INFO - Created Permission View: can read on DAG:consume_1_or_2_with_dataset_expressions
[2025-03-24T16:35:33.251-0700] {logging_mixin.py:190} INFO - [2025-03-24T16:35:33.250-0700] {override.py:1930} INFO - Created Permission View: can edit on DAG:consume_1_or_2_with_dataset_expressions
[2025-03-24T16:35:33.254-0700] {logging_mixin.py:190} INFO - [2025-03-24T16:35:33.254-0700] {override.py:1930} INFO - Created Permission View: can delete on DAG Run:consume_1_or_2_with_dataset_expressions
[2025-03-24T16:35:33.257-0700] {logging_mixin.py:190} INFO - [2025-03-24T16:35:33.257-0700] {override.py:1930} INFO - Created Permission View: can read on DAG Run:consume_1_or_2_with_dataset_expressions
[2025-03-24T16:35:33.259-0700] {logging_mixin.py:190} INFO - [2025-03-24T16:35:33.259-0700] {override.py:1930} INFO - Created Permission View: can create on DAG Run:consume_1_or_2_with_dataset_expressions
[2025-03-24T16:35:33.261-0700] {logging_mixin.py:190} INFO - [2025-03-24T16:35:33.261-0700] {override.py:1930} INFO - Created Permission View: menu access on DAG Run:consume_1_or_2_with_dataset_expressions
[2025-03-24T16:35:33.267-0700] {logging_mixin.py:190} INFO - [2025-03-24T16:35:33.267-0700] {override.py:1930} INFO - Created Permission View: can delete on DAG:conditional_dataset_and_time_based_timetable
[2025-03-24T16:35:33.270-0700] {logging_mixin.py:190} INFO - [2025-03-24T16:35:33.270-0700] {override.py:1930} INFO - Created Permission View: can read on DAG:conditional_dataset_and_time_based_timetable
[2025-03-24T16:35:33.272-0700] {logging_mixin.py:190} INFO - [2025-03-24T16:35:33.272-0700] {override.py:1930} INFO - Created Permission View: can edit on DAG:conditional_dataset_and_time_based_timetable
[2025-03-24T16:35:33.276-0700] {logging_mixin.py:190} INFO - [2025-03-24T16:35:33.276-0700] {override.py:1930} INFO - Created Permission View: can delete on DAG Run:conditional_dataset_and_time_based_timetable
[2025-03-24T16:35:33.278-0700] {logging_mixin.py:190} INFO - [2025-03-24T16:35:33.278-0700] {override.py:1930} INFO - Created Permission View: can read on DAG Run:conditional_dataset_and_time_based_timetable
[2025-03-24T16:35:33.281-0700] {logging_mixin.py:190} INFO - [2025-03-24T16:35:33.281-0700] {override.py:1930} INFO - Created Permission View: can create on DAG Run:conditional_dataset_and_time_based_timetable
[2025-03-24T16:35:33.283-0700] {logging_mixin.py:190} INFO - [2025-03-24T16:35:33.283-0700] {override.py:1930} INFO - Created Permission View: menu access on DAG Run:conditional_dataset_and_time_based_timetable
[2025-03-24T16:35:33.288-0700] {logging_mixin.py:190} INFO - [2025-03-24T16:35:33.288-0700] {override.py:1930} INFO - Created Permission View: can delete on DAG:dataset_consumes_1
[2025-03-24T16:35:33.290-0700] {logging_mixin.py:190} INFO - [2025-03-24T16:35:33.290-0700] {override.py:1930} INFO - Created Permission View: can read on DAG:dataset_consumes_1
[2025-03-24T16:35:33.293-0700] {logging_mixin.py:190} INFO - [2025-03-24T16:35:33.293-0700] {override.py:1930} INFO - Created Permission View: can edit on DAG:dataset_consumes_1
[2025-03-24T16:35:33.296-0700] {logging_mixin.py:190} INFO - [2025-03-24T16:35:33.296-0700] {override.py:1930} INFO - Created Permission View: can delete on DAG Run:dataset_consumes_1
[2025-03-24T16:35:33.299-0700] {logging_mixin.py:190} INFO - [2025-03-24T16:35:33.299-0700] {override.py:1930} INFO - Created Permission View: can read on DAG Run:dataset_consumes_1
[2025-03-24T16:35:33.302-0700] {logging_mixin.py:190} INFO - [2025-03-24T16:35:33.301-0700] {override.py:1930} INFO - Created Permission View: can create on DAG Run:dataset_consumes_1
[2025-03-24T16:35:33.304-0700] {logging_mixin.py:190} INFO - [2025-03-24T16:35:33.304-0700] {override.py:1930} INFO - Created Permission View: menu access on DAG Run:dataset_consumes_1
[2025-03-24T16:35:33.309-0700] {logging_mixin.py:190} INFO - [2025-03-24T16:35:33.309-0700] {override.py:1930} INFO - Created Permission View: can delete on DAG:dataset_produces_2
[2025-03-24T16:35:33.311-0700] {logging_mixin.py:190} INFO - [2025-03-24T16:35:33.311-0700] {override.py:1930} INFO - Created Permission View: can read on DAG:dataset_produces_2
[2025-03-24T16:35:33.314-0700] {logging_mixin.py:190} INFO - [2025-03-24T16:35:33.314-0700] {override.py:1930} INFO - Created Permission View: can edit on DAG:dataset_produces_2
[2025-03-24T16:35:33.317-0700] {logging_mixin.py:190} INFO - [2025-03-24T16:35:33.317-0700] {override.py:1930} INFO - Created Permission View: can delete on DAG Run:dataset_produces_2
[2025-03-24T16:35:33.319-0700] {logging_mixin.py:190} INFO - [2025-03-24T16:35:33.319-0700] {override.py:1930} INFO - Created Permission View: can read on DAG Run:dataset_produces_2
[2025-03-24T16:35:33.322-0700] {logging_mixin.py:190} INFO - [2025-03-24T16:35:33.322-0700] {override.py:1930} INFO - Created Permission View: can create on DAG Run:dataset_produces_2
[2025-03-24T16:35:33.325-0700] {logging_mixin.py:190} INFO - [2025-03-24T16:35:33.325-0700] {override.py:1930} INFO - Created Permission View: menu access on DAG Run:dataset_produces_2
[2025-03-24T16:35:33.329-0700] {logging_mixin.py:190} INFO - [2025-03-24T16:35:33.329-0700] {override.py:1930} INFO - Created Permission View: can delete on DAG:consume_1_or_both_2_and_3_with_dataset_expressions
[2025-03-24T16:35:33.332-0700] {logging_mixin.py:190} INFO - [2025-03-24T16:35:33.332-0700] {override.py:1930} INFO - Created Permission View: can read on DAG:consume_1_or_both_2_and_3_with_dataset_expressions
[2025-03-24T16:35:33.334-0700] {logging_mixin.py:190} INFO - [2025-03-24T16:35:33.334-0700] {override.py:1930} INFO - Created Permission View: can edit on DAG:consume_1_or_both_2_and_3_with_dataset_expressions
[2025-03-24T16:35:33.337-0700] {logging_mixin.py:190} INFO - [2025-03-24T16:35:33.337-0700] {override.py:1930} INFO - Created Permission View: can delete on DAG Run:consume_1_or_both_2_and_3_with_dataset_expressions
[2025-03-24T16:35:33.339-0700] {logging_mixin.py:190} INFO - [2025-03-24T16:35:33.339-0700] {override.py:1930} INFO - Created Permission View: can read on DAG Run:consume_1_or_both_2_and_3_with_dataset_expressions
[2025-03-24T16:35:33.342-0700] {logging_mixin.py:190} INFO - [2025-03-24T16:35:33.341-0700] {override.py:1930} INFO - Created Permission View: can create on DAG Run:consume_1_or_both_2_and_3_with_dataset_expressions
[2025-03-24T16:35:33.344-0700] {logging_mixin.py:190} INFO - [2025-03-24T16:35:33.344-0700] {override.py:1930} INFO - Created Permission View: menu access on DAG Run:consume_1_or_both_2_and_3_with_dataset_expressions
[2025-03-24T16:35:33.349-0700] {logging_mixin.py:190} INFO - [2025-03-24T16:35:33.349-0700] {override.py:1930} INFO - Created Permission View: can delete on DAG:dataset_consumes_unknown_never_scheduled
[2025-03-24T16:35:33.352-0700] {logging_mixin.py:190} INFO - [2025-03-24T16:35:33.352-0700] {override.py:1930} INFO - Created Permission View: can read on DAG:dataset_consumes_unknown_never_scheduled
[2025-03-24T16:35:33.355-0700] {logging_mixin.py:190} INFO - [2025-03-24T16:35:33.355-0700] {override.py:1930} INFO - Created Permission View: can edit on DAG:dataset_consumes_unknown_never_scheduled
[2025-03-24T16:35:33.358-0700] {logging_mixin.py:190} INFO - [2025-03-24T16:35:33.358-0700] {override.py:1930} INFO - Created Permission View: can delete on DAG Run:dataset_consumes_unknown_never_scheduled
[2025-03-24T16:35:33.360-0700] {logging_mixin.py:190} INFO - [2025-03-24T16:35:33.360-0700] {override.py:1930} INFO - Created Permission View: can read on DAG Run:dataset_consumes_unknown_never_scheduled
[2025-03-24T16:35:33.363-0700] {logging_mixin.py:190} INFO - [2025-03-24T16:35:33.363-0700] {override.py:1930} INFO - Created Permission View: can create on DAG Run:dataset_consumes_unknown_never_scheduled
[2025-03-24T16:35:33.365-0700] {logging_mixin.py:190} INFO - [2025-03-24T16:35:33.365-0700] {override.py:1930} INFO - Created Permission View: menu access on DAG Run:dataset_consumes_unknown_never_scheduled
[2025-03-24T16:35:33.366-0700] {logging_mixin.py:190} INFO - [2025-03-24T16:35:33.365-0700] {dag.py:3239} INFO - Sync 10 DAGs
[2025-03-24T16:35:33.371-0700] {logging_mixin.py:190} INFO - [2025-03-24T16:35:33.371-0700] {dag.py:3262} INFO - Creating ORM DAG for consume_1_and_2_with_dataset_expressions
[2025-03-24T16:35:33.371-0700] {logging_mixin.py:190} INFO - [2025-03-24T16:35:33.371-0700] {dag.py:3262} INFO - Creating ORM DAG for dataset_consumes_unknown_never_scheduled
[2025-03-24T16:35:33.371-0700] {logging_mixin.py:190} INFO - [2025-03-24T16:35:33.371-0700] {dag.py:3262} INFO - Creating ORM DAG for dataset_produces_2
[2025-03-24T16:35:33.372-0700] {logging_mixin.py:190} INFO - [2025-03-24T16:35:33.372-0700] {dag.py:3262} INFO - Creating ORM DAG for dataset_consumes_1_and_2
[2025-03-24T16:35:33.372-0700] {logging_mixin.py:190} INFO - [2025-03-24T16:35:33.372-0700] {dag.py:3262} INFO - Creating ORM DAG for consume_1_or_2_with_dataset_expressions
[2025-03-24T16:35:33.372-0700] {logging_mixin.py:190} INFO - [2025-03-24T16:35:33.372-0700] {dag.py:3262} INFO - Creating ORM DAG for dataset_produces_1
[2025-03-24T16:35:33.372-0700] {logging_mixin.py:190} INFO - [2025-03-24T16:35:33.372-0700] {dag.py:3262} INFO - Creating ORM DAG for dataset_consumes_1
[2025-03-24T16:35:33.372-0700] {logging_mixin.py:190} INFO - [2025-03-24T16:35:33.372-0700] {dag.py:3262} INFO - Creating ORM DAG for conditional_dataset_and_time_based_timetable
[2025-03-24T16:35:33.372-0700] {logging_mixin.py:190} INFO - [2025-03-24T16:35:33.372-0700] {dag.py:3262} INFO - Creating ORM DAG for dataset_consumes_1_never_scheduled
[2025-03-24T16:35:33.373-0700] {logging_mixin.py:190} INFO - [2025-03-24T16:35:33.373-0700] {dag.py:3262} INFO - Creating ORM DAG for consume_1_or_both_2_and_3_with_dataset_expressions
[2025-03-24T16:35:33.377-0700] {logging_mixin.py:190} INFO - [2025-03-24T16:35:33.377-0700] {dag.py:4180} INFO - Setting next_dagrun for conditional_dataset_and_time_based_timetable to 2025-03-19 01:00:00+00:00, run_after=2025-03-19 01:00:00+00:00
[2025-03-24T16:35:33.377-0700] {logging_mixin.py:190} INFO - [2025-03-24T16:35:33.377-0700] {dag.py:4180} INFO - Setting next_dagrun for consume_1_and_2_with_dataset_expressions to None, run_after=None
[2025-03-24T16:35:33.377-0700] {logging_mixin.py:190} INFO - [2025-03-24T16:35:33.377-0700] {dag.py:4180} INFO - Setting next_dagrun for consume_1_or_2_with_dataset_expressions to None, run_after=None
[2025-03-24T16:35:33.377-0700] {logging_mixin.py:190} INFO - [2025-03-24T16:35:33.377-0700] {dag.py:4180} INFO - Setting next_dagrun for consume_1_or_both_2_and_3_with_dataset_expressions to None, run_after=None
[2025-03-24T16:35:33.377-0700] {logging_mixin.py:190} INFO - [2025-03-24T16:35:33.377-0700] {dag.py:4180} INFO - Setting next_dagrun for dataset_consumes_1 to None, run_after=None
[2025-03-24T16:35:33.378-0700] {logging_mixin.py:190} INFO - [2025-03-24T16:35:33.377-0700] {dag.py:4180} INFO - Setting next_dagrun for dataset_consumes_1_and_2 to None, run_after=None
[2025-03-24T16:35:33.378-0700] {logging_mixin.py:190} INFO - [2025-03-24T16:35:33.378-0700] {dag.py:4180} INFO - Setting next_dagrun for dataset_consumes_1_never_scheduled to None, run_after=None
[2025-03-24T16:35:33.378-0700] {logging_mixin.py:190} INFO - [2025-03-24T16:35:33.378-0700] {dag.py:4180} INFO - Setting next_dagrun for dataset_consumes_unknown_never_scheduled to None, run_after=None
[2025-03-24T16:35:33.379-0700] {logging_mixin.py:190} INFO - [2025-03-24T16:35:33.379-0700] {dag.py:4180} INFO - Setting next_dagrun for dataset_produces_1 to 2025-03-23 00:00:00+00:00, run_after=2025-03-24 00:00:00+00:00
[2025-03-24T16:35:33.379-0700] {logging_mixin.py:190} INFO - [2025-03-24T16:35:33.379-0700] {dag.py:4180} INFO - Setting next_dagrun for dataset_produces_2 to None, run_after=None
[2025-03-24T16:35:33.660-0700] {logging_mixin.py:190} INFO - [2025-03-24T16:35:33.660-0700] {utils.py:161} INFO - NumExpr defaulting to 10 threads.
[2025-03-24T16:35:33.838-0700] {processor.py:208} INFO - Processing /Users/jingwenxu/anaconda3/lib/python3.11/site-packages/airflow/example_dags/example_datasets.py took 0.827 seconds
[2025-03-24T16:38:51.449-0700] {processor.py:186} INFO - Started process (PID=3773) to work on /Users/jingwenxu/anaconda3/lib/python3.11/site-packages/airflow/example_dags/example_datasets.py
[2025-03-24T16:38:51.451-0700] {processor.py:914} INFO - Processing file /Users/jingwenxu/anaconda3/lib/python3.11/site-packages/airflow/example_dags/example_datasets.py for tasks to queue
[2025-03-24T16:38:51.452-0700] {logging_mixin.py:190} INFO - [2025-03-24T16:38:51.452-0700] {dagbag.py:588} INFO - Filling up the DagBag from /Users/jingwenxu/anaconda3/lib/python3.11/site-packages/airflow/example_dags/example_datasets.py
[2025-03-24T16:38:51.497-0700] {processor.py:925} INFO - DAG(s) 'dataset_produces_2', 'dataset_consumes_1_and_2', 'conditional_dataset_and_time_based_timetable', 'consume_1_and_2_with_dataset_expressions', 'consume_1_or_both_2_and_3_with_dataset_expressions', 'consume_1_or_2_with_dataset_expressions', 'dataset_produces_1', 'dataset_consumes_unknown_never_scheduled', 'dataset_consumes_1', 'dataset_consumes_1_never_scheduled' retrieved from /Users/jingwenxu/anaconda3/lib/python3.11/site-packages/airflow/example_dags/example_datasets.py
[2025-03-24T16:38:51.554-0700] {logging_mixin.py:190} INFO - [2025-03-24T16:38:51.554-0700] {dag.py:3239} INFO - Sync 10 DAGs
[2025-03-24T16:38:51.564-0700] {logging_mixin.py:190} INFO - [2025-03-24T16:38:51.564-0700] {dag.py:4180} INFO - Setting next_dagrun for conditional_dataset_and_time_based_timetable to 2025-03-19 01:00:00+00:00, run_after=2025-03-19 01:00:00+00:00
[2025-03-24T16:38:51.567-0700] {logging_mixin.py:190} INFO - [2025-03-24T16:38:51.567-0700] {dag.py:4180} INFO - Setting next_dagrun for consume_1_and_2_with_dataset_expressions to None, run_after=None
[2025-03-24T16:38:51.567-0700] {logging_mixin.py:190} INFO - [2025-03-24T16:38:51.567-0700] {dag.py:4180} INFO - Setting next_dagrun for consume_1_or_2_with_dataset_expressions to None, run_after=None
[2025-03-24T16:38:51.568-0700] {logging_mixin.py:190} INFO - [2025-03-24T16:38:51.568-0700] {dag.py:4180} INFO - Setting next_dagrun for consume_1_or_both_2_and_3_with_dataset_expressions to None, run_after=None
[2025-03-24T16:38:51.568-0700] {logging_mixin.py:190} INFO - [2025-03-24T16:38:51.568-0700] {dag.py:4180} INFO - Setting next_dagrun for dataset_consumes_1 to None, run_after=None
[2025-03-24T16:38:51.568-0700] {logging_mixin.py:190} INFO - [2025-03-24T16:38:51.568-0700] {dag.py:4180} INFO - Setting next_dagrun for dataset_consumes_1_and_2 to None, run_after=None
[2025-03-24T16:38:51.569-0700] {logging_mixin.py:190} INFO - [2025-03-24T16:38:51.569-0700] {dag.py:4180} INFO - Setting next_dagrun for dataset_consumes_1_never_scheduled to None, run_after=None
[2025-03-24T16:38:51.569-0700] {logging_mixin.py:190} INFO - [2025-03-24T16:38:51.569-0700] {dag.py:4180} INFO - Setting next_dagrun for dataset_consumes_unknown_never_scheduled to None, run_after=None
[2025-03-24T16:38:51.570-0700] {logging_mixin.py:190} INFO - [2025-03-24T16:38:51.570-0700] {dag.py:4180} INFO - Setting next_dagrun for dataset_produces_1 to 2025-03-23 00:00:00+00:00, run_after=2025-03-24 00:00:00+00:00
[2025-03-24T16:38:51.570-0700] {logging_mixin.py:190} INFO - [2025-03-24T16:38:51.570-0700] {dag.py:4180} INFO - Setting next_dagrun for dataset_produces_2 to None, run_after=None
[2025-03-24T16:38:51.584-0700] {processor.py:208} INFO - Processing /Users/jingwenxu/anaconda3/lib/python3.11/site-packages/airflow/example_dags/example_datasets.py took 0.136 seconds
[2025-03-24T16:42:05.524-0700] {processor.py:186} INFO - Started process (PID=4492) to work on /Users/jingwenxu/anaconda3/lib/python3.11/site-packages/airflow/example_dags/example_datasets.py
[2025-03-24T16:42:05.524-0700] {processor.py:914} INFO - Processing file /Users/jingwenxu/anaconda3/lib/python3.11/site-packages/airflow/example_dags/example_datasets.py for tasks to queue
[2025-03-24T16:42:05.525-0700] {logging_mixin.py:190} INFO - [2025-03-24T16:42:05.525-0700] {dagbag.py:588} INFO - Filling up the DagBag from /Users/jingwenxu/anaconda3/lib/python3.11/site-packages/airflow/example_dags/example_datasets.py
[2025-03-24T16:42:05.563-0700] {processor.py:925} INFO - DAG(s) 'consume_1_and_2_with_dataset_expressions', 'consume_1_or_2_with_dataset_expressions', 'dataset_produces_2', 'conditional_dataset_and_time_based_timetable', 'dataset_consumes_1_never_scheduled', 'dataset_consumes_1', 'dataset_produces_1', 'dataset_consumes_unknown_never_scheduled', 'consume_1_or_both_2_and_3_with_dataset_expressions', 'dataset_consumes_1_and_2' retrieved from /Users/jingwenxu/anaconda3/lib/python3.11/site-packages/airflow/example_dags/example_datasets.py
[2025-03-24T16:42:05.617-0700] {logging_mixin.py:190} INFO - [2025-03-24T16:42:05.617-0700] {dag.py:3239} INFO - Sync 10 DAGs
[2025-03-24T16:42:05.628-0700] {logging_mixin.py:190} INFO - [2025-03-24T16:42:05.628-0700] {dag.py:4180} INFO - Setting next_dagrun for conditional_dataset_and_time_based_timetable to 2025-03-19 01:00:00+00:00, run_after=2025-03-19 01:00:00+00:00
[2025-03-24T16:42:05.630-0700] {logging_mixin.py:190} INFO - [2025-03-24T16:42:05.630-0700] {dag.py:4180} INFO - Setting next_dagrun for consume_1_and_2_with_dataset_expressions to None, run_after=None
[2025-03-24T16:42:05.630-0700] {logging_mixin.py:190} INFO - [2025-03-24T16:42:05.630-0700] {dag.py:4180} INFO - Setting next_dagrun for consume_1_or_2_with_dataset_expressions to None, run_after=None
[2025-03-24T16:42:05.631-0700] {logging_mixin.py:190} INFO - [2025-03-24T16:42:05.631-0700] {dag.py:4180} INFO - Setting next_dagrun for consume_1_or_both_2_and_3_with_dataset_expressions to None, run_after=None
[2025-03-24T16:42:05.631-0700] {logging_mixin.py:190} INFO - [2025-03-24T16:42:05.631-0700] {dag.py:4180} INFO - Setting next_dagrun for dataset_consumes_1 to None, run_after=None
[2025-03-24T16:42:05.631-0700] {logging_mixin.py:190} INFO - [2025-03-24T16:42:05.631-0700] {dag.py:4180} INFO - Setting next_dagrun for dataset_consumes_1_and_2 to None, run_after=None
[2025-03-24T16:42:05.632-0700] {logging_mixin.py:190} INFO - [2025-03-24T16:42:05.632-0700] {dag.py:4180} INFO - Setting next_dagrun for dataset_consumes_1_never_scheduled to None, run_after=None
[2025-03-24T16:42:05.632-0700] {logging_mixin.py:190} INFO - [2025-03-24T16:42:05.632-0700] {dag.py:4180} INFO - Setting next_dagrun for dataset_consumes_unknown_never_scheduled to None, run_after=None
[2025-03-24T16:42:05.633-0700] {logging_mixin.py:190} INFO - [2025-03-24T16:42:05.633-0700] {dag.py:4180} INFO - Setting next_dagrun for dataset_produces_1 to 2025-03-23 00:00:00+00:00, run_after=2025-03-24 00:00:00+00:00
[2025-03-24T16:42:05.634-0700] {logging_mixin.py:190} INFO - [2025-03-24T16:42:05.633-0700] {dag.py:4180} INFO - Setting next_dagrun for dataset_produces_2 to None, run_after=None
[2025-03-24T16:42:05.648-0700] {processor.py:208} INFO - Processing /Users/jingwenxu/anaconda3/lib/python3.11/site-packages/airflow/example_dags/example_datasets.py took 0.126 seconds
[2025-03-24T16:45:27.901-0700] {processor.py:186} INFO - Started process (PID=5170) to work on /Users/jingwenxu/anaconda3/lib/python3.11/site-packages/airflow/example_dags/example_datasets.py
[2025-03-24T16:45:27.902-0700] {processor.py:914} INFO - Processing file /Users/jingwenxu/anaconda3/lib/python3.11/site-packages/airflow/example_dags/example_datasets.py for tasks to queue
[2025-03-24T16:45:27.902-0700] {logging_mixin.py:190} INFO - [2025-03-24T16:45:27.902-0700] {dagbag.py:588} INFO - Filling up the DagBag from /Users/jingwenxu/anaconda3/lib/python3.11/site-packages/airflow/example_dags/example_datasets.py
[2025-03-24T16:45:27.943-0700] {processor.py:925} INFO - DAG(s) 'consume_1_or_2_with_dataset_expressions', 'dataset_consumes_unknown_never_scheduled', 'dataset_consumes_1_never_scheduled', 'dataset_consumes_1', 'dataset_consumes_1_and_2', 'dataset_produces_2', 'conditional_dataset_and_time_based_timetable', 'consume_1_and_2_with_dataset_expressions', 'consume_1_or_both_2_and_3_with_dataset_expressions', 'dataset_produces_1' retrieved from /Users/jingwenxu/anaconda3/lib/python3.11/site-packages/airflow/example_dags/example_datasets.py
[2025-03-24T16:45:27.998-0700] {logging_mixin.py:190} INFO - [2025-03-24T16:45:27.998-0700] {dag.py:3239} INFO - Sync 10 DAGs
[2025-03-24T16:45:28.009-0700] {logging_mixin.py:190} INFO - [2025-03-24T16:45:28.008-0700] {dag.py:4180} INFO - Setting next_dagrun for conditional_dataset_and_time_based_timetable to 2025-03-19 01:00:00+00:00, run_after=2025-03-19 01:00:00+00:00
[2025-03-24T16:45:28.010-0700] {logging_mixin.py:190} INFO - [2025-03-24T16:45:28.010-0700] {dag.py:4180} INFO - Setting next_dagrun for consume_1_and_2_with_dataset_expressions to None, run_after=None
[2025-03-24T16:45:28.011-0700] {logging_mixin.py:190} INFO - [2025-03-24T16:45:28.011-0700] {dag.py:4180} INFO - Setting next_dagrun for consume_1_or_2_with_dataset_expressions to None, run_after=None
[2025-03-24T16:45:28.011-0700] {logging_mixin.py:190} INFO - [2025-03-24T16:45:28.011-0700] {dag.py:4180} INFO - Setting next_dagrun for consume_1_or_both_2_and_3_with_dataset_expressions to None, run_after=None
[2025-03-24T16:45:28.011-0700] {logging_mixin.py:190} INFO - [2025-03-24T16:45:28.011-0700] {dag.py:4180} INFO - Setting next_dagrun for dataset_consumes_1 to None, run_after=None
[2025-03-24T16:45:28.012-0700] {logging_mixin.py:190} INFO - [2025-03-24T16:45:28.012-0700] {dag.py:4180} INFO - Setting next_dagrun for dataset_consumes_1_and_2 to None, run_after=None
[2025-03-24T16:45:28.012-0700] {logging_mixin.py:190} INFO - [2025-03-24T16:45:28.012-0700] {dag.py:4180} INFO - Setting next_dagrun for dataset_consumes_1_never_scheduled to None, run_after=None
[2025-03-24T16:45:28.012-0700] {logging_mixin.py:190} INFO - [2025-03-24T16:45:28.012-0700] {dag.py:4180} INFO - Setting next_dagrun for dataset_consumes_unknown_never_scheduled to None, run_after=None
[2025-03-24T16:45:28.013-0700] {logging_mixin.py:190} INFO - [2025-03-24T16:45:28.013-0700] {dag.py:4180} INFO - Setting next_dagrun for dataset_produces_1 to 2025-03-23 00:00:00+00:00, run_after=2025-03-24 00:00:00+00:00
[2025-03-24T16:45:28.014-0700] {logging_mixin.py:190} INFO - [2025-03-24T16:45:28.014-0700] {dag.py:4180} INFO - Setting next_dagrun for dataset_produces_2 to None, run_after=None
[2025-03-24T16:45:28.027-0700] {processor.py:208} INFO - Processing /Users/jingwenxu/anaconda3/lib/python3.11/site-packages/airflow/example_dags/example_datasets.py took 0.128 seconds
[2025-03-24T16:48:44.309-0700] {processor.py:186} INFO - Started process (PID=5865) to work on /Users/jingwenxu/anaconda3/lib/python3.11/site-packages/airflow/example_dags/example_datasets.py
[2025-03-24T16:48:44.309-0700] {processor.py:914} INFO - Processing file /Users/jingwenxu/anaconda3/lib/python3.11/site-packages/airflow/example_dags/example_datasets.py for tasks to queue
[2025-03-24T16:48:44.310-0700] {logging_mixin.py:190} INFO - [2025-03-24T16:48:44.310-0700] {dagbag.py:588} INFO - Filling up the DagBag from /Users/jingwenxu/anaconda3/lib/python3.11/site-packages/airflow/example_dags/example_datasets.py
[2025-03-24T16:48:44.352-0700] {processor.py:925} INFO - DAG(s) 'dataset_produces_1', 'dataset_consumes_1', 'conditional_dataset_and_time_based_timetable', 'dataset_consumes_1_never_scheduled', 'dataset_consumes_1_and_2', 'consume_1_or_both_2_and_3_with_dataset_expressions', 'consume_1_and_2_with_dataset_expressions', 'dataset_consumes_unknown_never_scheduled', 'consume_1_or_2_with_dataset_expressions', 'dataset_produces_2' retrieved from /Users/jingwenxu/anaconda3/lib/python3.11/site-packages/airflow/example_dags/example_datasets.py
[2025-03-24T16:48:44.402-0700] {logging_mixin.py:190} INFO - [2025-03-24T16:48:44.402-0700] {dag.py:3239} INFO - Sync 10 DAGs
[2025-03-24T16:48:44.411-0700] {logging_mixin.py:190} INFO - [2025-03-24T16:48:44.411-0700] {dag.py:4180} INFO - Setting next_dagrun for conditional_dataset_and_time_based_timetable to 2025-03-19 01:00:00+00:00, run_after=2025-03-19 01:00:00+00:00
[2025-03-24T16:48:44.412-0700] {logging_mixin.py:190} INFO - [2025-03-24T16:48:44.412-0700] {dag.py:4180} INFO - Setting next_dagrun for consume_1_and_2_with_dataset_expressions to None, run_after=None
[2025-03-24T16:48:44.412-0700] {logging_mixin.py:190} INFO - [2025-03-24T16:48:44.412-0700] {dag.py:4180} INFO - Setting next_dagrun for consume_1_or_2_with_dataset_expressions to None, run_after=None
[2025-03-24T16:48:44.413-0700] {logging_mixin.py:190} INFO - [2025-03-24T16:48:44.413-0700] {dag.py:4180} INFO - Setting next_dagrun for consume_1_or_both_2_and_3_with_dataset_expressions to None, run_after=None
[2025-03-24T16:48:44.413-0700] {logging_mixin.py:190} INFO - [2025-03-24T16:48:44.413-0700] {dag.py:4180} INFO - Setting next_dagrun for dataset_consumes_1 to None, run_after=None
[2025-03-24T16:48:44.414-0700] {logging_mixin.py:190} INFO - [2025-03-24T16:48:44.414-0700] {dag.py:4180} INFO - Setting next_dagrun for dataset_consumes_1_and_2 to None, run_after=None
[2025-03-24T16:48:44.414-0700] {logging_mixin.py:190} INFO - [2025-03-24T16:48:44.414-0700] {dag.py:4180} INFO - Setting next_dagrun for dataset_consumes_1_never_scheduled to None, run_after=None
[2025-03-24T16:48:44.414-0700] {logging_mixin.py:190} INFO - [2025-03-24T16:48:44.414-0700] {dag.py:4180} INFO - Setting next_dagrun for dataset_consumes_unknown_never_scheduled to None, run_after=None
[2025-03-24T16:48:44.415-0700] {logging_mixin.py:190} INFO - [2025-03-24T16:48:44.415-0700] {dag.py:4180} INFO - Setting next_dagrun for dataset_produces_1 to 2025-03-23 00:00:00+00:00, run_after=2025-03-24 00:00:00+00:00
[2025-03-24T16:48:44.415-0700] {logging_mixin.py:190} INFO - [2025-03-24T16:48:44.415-0700] {dag.py:4180} INFO - Setting next_dagrun for dataset_produces_2 to None, run_after=None
[2025-03-24T16:48:44.428-0700] {processor.py:208} INFO - Processing /Users/jingwenxu/anaconda3/lib/python3.11/site-packages/airflow/example_dags/example_datasets.py took 0.121 seconds
[2025-03-24T16:52:05.560-0700] {processor.py:186} INFO - Started process (PID=6560) to work on /Users/jingwenxu/anaconda3/lib/python3.11/site-packages/airflow/example_dags/example_datasets.py
[2025-03-24T16:52:05.561-0700] {processor.py:914} INFO - Processing file /Users/jingwenxu/anaconda3/lib/python3.11/site-packages/airflow/example_dags/example_datasets.py for tasks to queue
[2025-03-24T16:52:05.562-0700] {logging_mixin.py:190} INFO - [2025-03-24T16:52:05.562-0700] {dagbag.py:588} INFO - Filling up the DagBag from /Users/jingwenxu/anaconda3/lib/python3.11/site-packages/airflow/example_dags/example_datasets.py
[2025-03-24T16:52:05.599-0700] {processor.py:925} INFO - DAG(s) 'dataset_produces_1', 'dataset_consumes_1', 'dataset_consumes_1_never_scheduled', 'dataset_produces_2', 'dataset_consumes_1_and_2', 'dataset_consumes_unknown_never_scheduled', 'consume_1_or_both_2_and_3_with_dataset_expressions', 'conditional_dataset_and_time_based_timetable', 'consume_1_or_2_with_dataset_expressions', 'consume_1_and_2_with_dataset_expressions' retrieved from /Users/jingwenxu/anaconda3/lib/python3.11/site-packages/airflow/example_dags/example_datasets.py
[2025-03-24T16:52:05.656-0700] {logging_mixin.py:190} INFO - [2025-03-24T16:52:05.656-0700] {dag.py:3239} INFO - Sync 10 DAGs
[2025-03-24T16:52:05.667-0700] {logging_mixin.py:190} INFO - [2025-03-24T16:52:05.666-0700] {dag.py:4180} INFO - Setting next_dagrun for conditional_dataset_and_time_based_timetable to 2025-03-19 01:00:00+00:00, run_after=2025-03-19 01:00:00+00:00
[2025-03-24T16:52:05.668-0700] {logging_mixin.py:190} INFO - [2025-03-24T16:52:05.668-0700] {dag.py:4180} INFO - Setting next_dagrun for consume_1_and_2_with_dataset_expressions to None, run_after=None
[2025-03-24T16:52:05.668-0700] {logging_mixin.py:190} INFO - [2025-03-24T16:52:05.668-0700] {dag.py:4180} INFO - Setting next_dagrun for consume_1_or_2_with_dataset_expressions to None, run_after=None
[2025-03-24T16:52:05.669-0700] {logging_mixin.py:190} INFO - [2025-03-24T16:52:05.669-0700] {dag.py:4180} INFO - Setting next_dagrun for consume_1_or_both_2_and_3_with_dataset_expressions to None, run_after=None
[2025-03-24T16:52:05.669-0700] {logging_mixin.py:190} INFO - [2025-03-24T16:52:05.669-0700] {dag.py:4180} INFO - Setting next_dagrun for dataset_consumes_1 to None, run_after=None
[2025-03-24T16:52:05.669-0700] {logging_mixin.py:190} INFO - [2025-03-24T16:52:05.669-0700] {dag.py:4180} INFO - Setting next_dagrun for dataset_consumes_1_and_2 to None, run_after=None
[2025-03-24T16:52:05.670-0700] {logging_mixin.py:190} INFO - [2025-03-24T16:52:05.670-0700] {dag.py:4180} INFO - Setting next_dagrun for dataset_consumes_1_never_scheduled to None, run_after=None
[2025-03-24T16:52:05.670-0700] {logging_mixin.py:190} INFO - [2025-03-24T16:52:05.670-0700] {dag.py:4180} INFO - Setting next_dagrun for dataset_consumes_unknown_never_scheduled to None, run_after=None
[2025-03-24T16:52:05.671-0700] {logging_mixin.py:190} INFO - [2025-03-24T16:52:05.671-0700] {dag.py:4180} INFO - Setting next_dagrun for dataset_produces_1 to 2025-03-23 00:00:00+00:00, run_after=2025-03-24 00:00:00+00:00
[2025-03-24T16:52:05.671-0700] {logging_mixin.py:190} INFO - [2025-03-24T16:52:05.671-0700] {dag.py:4180} INFO - Setting next_dagrun for dataset_produces_2 to None, run_after=None
[2025-03-24T16:52:05.685-0700] {processor.py:208} INFO - Processing /Users/jingwenxu/anaconda3/lib/python3.11/site-packages/airflow/example_dags/example_datasets.py took 0.127 seconds
