[2025-03-24T16:35:42.090-0700] {processor.py:186} INFO - Started process (PID=3087) to work on /Users/jingwenxu/anaconda3/lib/python3.11/site-packages/airflow/example_dags/example_dag_decorator.py
[2025-03-24T16:35:42.091-0700] {processor.py:914} INFO - Processing file /Users/jingwenxu/anaconda3/lib/python3.11/site-packages/airflow/example_dags/example_dag_decorator.py for tasks to queue
[2025-03-24T16:35:42.091-0700] {logging_mixin.py:190} INFO - [2025-03-24T16:35:42.091-0700] {dagbag.py:588} INFO - Filling up the DagBag from /Users/jingwenxu/anaconda3/lib/python3.11/site-packages/airflow/example_dags/example_dag_decorator.py
[2025-03-24T16:35:42.241-0700] {processor.py:925} INFO - DAG(s) 'example_dag_decorator' retrieved from /Users/jingwenxu/anaconda3/lib/python3.11/site-packages/airflow/example_dags/example_dag_decorator.py
[2025-03-24T16:35:42.381-0700] {logging_mixin.py:190} INFO - [2025-03-24T16:35:42.380-0700] {override.py:1930} INFO - Created Permission View: can read on DAG:example_dag_decorator
[2025-03-24T16:35:42.385-0700] {logging_mixin.py:190} INFO - [2025-03-24T16:35:42.384-0700] {override.py:1930} INFO - Created Permission View: can delete on DAG:example_dag_decorator
[2025-03-24T16:35:42.387-0700] {logging_mixin.py:190} INFO - [2025-03-24T16:35:42.387-0700] {override.py:1930} INFO - Created Permission View: can edit on DAG:example_dag_decorator
[2025-03-24T16:35:42.390-0700] {logging_mixin.py:190} INFO - [2025-03-24T16:35:42.390-0700] {override.py:1930} INFO - Created Permission View: menu access on DAG Run:example_dag_decorator
[2025-03-24T16:35:42.392-0700] {logging_mixin.py:190} INFO - [2025-03-24T16:35:42.392-0700] {override.py:1930} INFO - Created Permission View: can read on DAG Run:example_dag_decorator
[2025-03-24T16:35:42.395-0700] {logging_mixin.py:190} INFO - [2025-03-24T16:35:42.395-0700] {override.py:1930} INFO - Created Permission View: can create on DAG Run:example_dag_decorator
[2025-03-24T16:35:42.397-0700] {logging_mixin.py:190} INFO - [2025-03-24T16:35:42.397-0700] {override.py:1930} INFO - Created Permission View: can delete on DAG Run:example_dag_decorator
[2025-03-24T16:35:42.397-0700] {logging_mixin.py:190} INFO - [2025-03-24T16:35:42.397-0700] {dag.py:3239} INFO - Sync 1 DAGs
[2025-03-24T16:35:42.402-0700] {logging_mixin.py:190} INFO - [2025-03-24T16:35:42.402-0700] {dag.py:3262} INFO - Creating ORM DAG for example_dag_decorator
[2025-03-24T16:35:42.402-0700] {logging_mixin.py:190} INFO - [2025-03-24T16:35:42.402-0700] {dag.py:4180} INFO - Setting next_dagrun for example_dag_decorator to None, run_after=None
[2025-03-24T16:35:42.409-0700] {processor.py:208} INFO - Processing /Users/jingwenxu/anaconda3/lib/python3.11/site-packages/airflow/example_dags/example_dag_decorator.py took 0.321 seconds
[2025-03-24T16:38:57.791-0700] {processor.py:186} INFO - Started process (PID=3794) to work on /Users/jingwenxu/anaconda3/lib/python3.11/site-packages/airflow/example_dags/example_dag_decorator.py
[2025-03-24T16:38:57.793-0700] {processor.py:914} INFO - Processing file /Users/jingwenxu/anaconda3/lib/python3.11/site-packages/airflow/example_dags/example_dag_decorator.py for tasks to queue
[2025-03-24T16:38:57.793-0700] {logging_mixin.py:190} INFO - [2025-03-24T16:38:57.793-0700] {dagbag.py:588} INFO - Filling up the DagBag from /Users/jingwenxu/anaconda3/lib/python3.11/site-packages/airflow/example_dags/example_dag_decorator.py
[2025-03-24T16:38:57.945-0700] {processor.py:925} INFO - DAG(s) 'example_dag_decorator' retrieved from /Users/jingwenxu/anaconda3/lib/python3.11/site-packages/airflow/example_dags/example_dag_decorator.py
[2025-03-24T16:38:58.077-0700] {logging_mixin.py:190} INFO - [2025-03-24T16:38:58.077-0700] {dag.py:3239} INFO - Sync 1 DAGs
[2025-03-24T16:38:58.081-0700] {logging_mixin.py:190} INFO - [2025-03-24T16:38:58.081-0700] {dag.py:4180} INFO - Setting next_dagrun for example_dag_decorator to None, run_after=None
[2025-03-24T16:38:58.091-0700] {processor.py:208} INFO - Processing /Users/jingwenxu/anaconda3/lib/python3.11/site-packages/airflow/example_dags/example_dag_decorator.py took 0.301 seconds
[2025-03-24T16:42:12.001-0700] {processor.py:186} INFO - Started process (PID=4513) to work on /Users/jingwenxu/anaconda3/lib/python3.11/site-packages/airflow/example_dags/example_dag_decorator.py
[2025-03-24T16:42:12.003-0700] {processor.py:914} INFO - Processing file /Users/jingwenxu/anaconda3/lib/python3.11/site-packages/airflow/example_dags/example_dag_decorator.py for tasks to queue
[2025-03-24T16:42:12.003-0700] {logging_mixin.py:190} INFO - [2025-03-24T16:42:12.003-0700] {dagbag.py:588} INFO - Filling up the DagBag from /Users/jingwenxu/anaconda3/lib/python3.11/site-packages/airflow/example_dags/example_dag_decorator.py
[2025-03-24T16:42:12.145-0700] {processor.py:925} INFO - DAG(s) 'example_dag_decorator' retrieved from /Users/jingwenxu/anaconda3/lib/python3.11/site-packages/airflow/example_dags/example_dag_decorator.py
[2025-03-24T16:42:12.289-0700] {logging_mixin.py:190} INFO - [2025-03-24T16:42:12.289-0700] {dag.py:3239} INFO - Sync 1 DAGs
[2025-03-24T16:42:12.294-0700] {logging_mixin.py:190} INFO - [2025-03-24T16:42:12.294-0700] {dag.py:4180} INFO - Setting next_dagrun for example_dag_decorator to None, run_after=None
[2025-03-24T16:42:12.304-0700] {processor.py:208} INFO - Processing /Users/jingwenxu/anaconda3/lib/python3.11/site-packages/airflow/example_dags/example_dag_decorator.py took 0.304 seconds
[2025-03-24T16:45:34.368-0700] {processor.py:186} INFO - Started process (PID=5198) to work on /Users/jingwenxu/anaconda3/lib/python3.11/site-packages/airflow/example_dags/example_dag_decorator.py
[2025-03-24T16:45:34.370-0700] {processor.py:914} INFO - Processing file /Users/jingwenxu/anaconda3/lib/python3.11/site-packages/airflow/example_dags/example_dag_decorator.py for tasks to queue
[2025-03-24T16:45:34.370-0700] {logging_mixin.py:190} INFO - [2025-03-24T16:45:34.370-0700] {dagbag.py:588} INFO - Filling up the DagBag from /Users/jingwenxu/anaconda3/lib/python3.11/site-packages/airflow/example_dags/example_dag_decorator.py
[2025-03-24T16:45:34.521-0700] {processor.py:925} INFO - DAG(s) 'example_dag_decorator' retrieved from /Users/jingwenxu/anaconda3/lib/python3.11/site-packages/airflow/example_dags/example_dag_decorator.py
[2025-03-24T16:45:34.659-0700] {logging_mixin.py:190} INFO - [2025-03-24T16:45:34.659-0700] {dag.py:3239} INFO - Sync 1 DAGs
[2025-03-24T16:45:34.663-0700] {logging_mixin.py:190} INFO - [2025-03-24T16:45:34.663-0700] {dag.py:4180} INFO - Setting next_dagrun for example_dag_decorator to None, run_after=None
[2025-03-24T16:45:34.673-0700] {processor.py:208} INFO - Processing /Users/jingwenxu/anaconda3/lib/python3.11/site-packages/airflow/example_dags/example_dag_decorator.py took 0.306 seconds
[2025-03-24T16:48:50.993-0700] {processor.py:186} INFO - Started process (PID=5891) to work on /Users/jingwenxu/anaconda3/lib/python3.11/site-packages/airflow/example_dags/example_dag_decorator.py
[2025-03-24T16:48:50.994-0700] {processor.py:914} INFO - Processing file /Users/jingwenxu/anaconda3/lib/python3.11/site-packages/airflow/example_dags/example_dag_decorator.py for tasks to queue
[2025-03-24T16:48:50.995-0700] {logging_mixin.py:190} INFO - [2025-03-24T16:48:50.995-0700] {dagbag.py:588} INFO - Filling up the DagBag from /Users/jingwenxu/anaconda3/lib/python3.11/site-packages/airflow/example_dags/example_dag_decorator.py
[2025-03-24T16:48:51.157-0700] {processor.py:925} INFO - DAG(s) 'example_dag_decorator' retrieved from /Users/jingwenxu/anaconda3/lib/python3.11/site-packages/airflow/example_dags/example_dag_decorator.py
[2025-03-24T16:48:51.313-0700] {logging_mixin.py:190} INFO - [2025-03-24T16:48:51.313-0700] {dag.py:3239} INFO - Sync 1 DAGs
[2025-03-24T16:48:51.318-0700] {logging_mixin.py:190} INFO - [2025-03-24T16:48:51.318-0700] {dag.py:4180} INFO - Setting next_dagrun for example_dag_decorator to None, run_after=None
[2025-03-24T16:48:51.327-0700] {processor.py:208} INFO - Processing /Users/jingwenxu/anaconda3/lib/python3.11/site-packages/airflow/example_dags/example_dag_decorator.py took 0.336 seconds
[2025-03-24T16:52:11.977-0700] {processor.py:186} INFO - Started process (PID=6581) to work on /Users/jingwenxu/anaconda3/lib/python3.11/site-packages/airflow/example_dags/example_dag_decorator.py
[2025-03-24T16:52:11.978-0700] {processor.py:914} INFO - Processing file /Users/jingwenxu/anaconda3/lib/python3.11/site-packages/airflow/example_dags/example_dag_decorator.py for tasks to queue
[2025-03-24T16:52:11.979-0700] {logging_mixin.py:190} INFO - [2025-03-24T16:52:11.979-0700] {dagbag.py:588} INFO - Filling up the DagBag from /Users/jingwenxu/anaconda3/lib/python3.11/site-packages/airflow/example_dags/example_dag_decorator.py
[2025-03-24T16:52:12.124-0700] {processor.py:925} INFO - DAG(s) 'example_dag_decorator' retrieved from /Users/jingwenxu/anaconda3/lib/python3.11/site-packages/airflow/example_dags/example_dag_decorator.py
[2025-03-24T16:52:12.270-0700] {logging_mixin.py:190} INFO - [2025-03-24T16:52:12.269-0700] {dag.py:3239} INFO - Sync 1 DAGs
[2025-03-24T16:52:12.274-0700] {logging_mixin.py:190} INFO - [2025-03-24T16:52:12.274-0700] {dag.py:4180} INFO - Setting next_dagrun for example_dag_decorator to None, run_after=None
[2025-03-24T16:52:12.284-0700] {processor.py:208} INFO - Processing /Users/jingwenxu/anaconda3/lib/python3.11/site-packages/airflow/example_dags/example_dag_decorator.py took 0.309 seconds
