[2025-03-24T16:35:18.306-0700] {processor.py:186} INFO - Started process (PID=3005) to work on /Users/jingwenxu/anaconda3/lib/python3.11/site-packages/airflow/example_dags/example_kubernetes_executor.py
[2025-03-24T16:35:18.307-0700] {processor.py:914} INFO - Processing file /Users/jingwenxu/anaconda3/lib/python3.11/site-packages/airflow/example_dags/example_kubernetes_executor.py for tasks to queue
[2025-03-24T16:35:18.307-0700] {logging_mixin.py:190} INFO - [2025-03-24T16:35:18.307-0700] {dagbag.py:588} INFO - Filling up the DagBag from /Users/jingwenxu/anaconda3/lib/python3.11/site-packages/airflow/example_dags/example_kubernetes_executor.py
[2025-03-24T16:35:18.325-0700] {logging_mixin.py:190} INFO - [2025-03-24T16:35:18.325-0700] {example_kubernetes_executor.py:39} WARNING - The example_kubernetes_executor example DAG requires the kubernetes provider. Please install it with: pip install apache-airflow[cncf.kubernetes]
[2025-03-24T16:35:18.326-0700] {processor.py:927} WARNING - No viable dags retrieved from /Users/jingwenxu/anaconda3/lib/python3.11/site-packages/airflow/example_dags/example_kubernetes_executor.py
[2025-03-24T16:35:18.363-0700] {processor.py:208} INFO - Processing /Users/jingwenxu/anaconda3/lib/python3.11/site-packages/airflow/example_dags/example_kubernetes_executor.py took 0.059 seconds
[2025-03-24T16:37:29.365-0700] {processor.py:186} INFO - Started process (PID=3474) to work on /Users/jingwenxu/anaconda3/lib/python3.11/site-packages/airflow/example_dags/example_kubernetes_executor.py
[2025-03-24T16:37:29.367-0700] {processor.py:914} INFO - Processing file /Users/jingwenxu/anaconda3/lib/python3.11/site-packages/airflow/example_dags/example_kubernetes_executor.py for tasks to queue
[2025-03-24T16:37:29.367-0700] {logging_mixin.py:190} INFO - [2025-03-24T16:37:29.367-0700] {dagbag.py:588} INFO - Filling up the DagBag from /Users/jingwenxu/anaconda3/lib/python3.11/site-packages/airflow/example_dags/example_kubernetes_executor.py
[2025-03-24T16:37:29.385-0700] {logging_mixin.py:190} INFO - [2025-03-24T16:37:29.384-0700] {example_kubernetes_executor.py:39} WARNING - The example_kubernetes_executor example DAG requires the kubernetes provider. Please install it with: pip install apache-airflow[cncf.kubernetes]
[2025-03-24T16:37:29.385-0700] {processor.py:927} WARNING - No viable dags retrieved from /Users/jingwenxu/anaconda3/lib/python3.11/site-packages/airflow/example_dags/example_kubernetes_executor.py
[2025-03-24T16:37:29.422-0700] {processor.py:208} INFO - Processing /Users/jingwenxu/anaconda3/lib/python3.11/site-packages/airflow/example_dags/example_kubernetes_executor.py took 0.059 seconds
[2025-03-24T16:40:42.922-0700] {processor.py:186} INFO - Started process (PID=4215) to work on /Users/jingwenxu/anaconda3/lib/python3.11/site-packages/airflow/example_dags/example_kubernetes_executor.py
[2025-03-24T16:40:42.923-0700] {processor.py:914} INFO - Processing file /Users/jingwenxu/anaconda3/lib/python3.11/site-packages/airflow/example_dags/example_kubernetes_executor.py for tasks to queue
[2025-03-24T16:40:42.923-0700] {logging_mixin.py:190} INFO - [2025-03-24T16:40:42.923-0700] {dagbag.py:588} INFO - Filling up the DagBag from /Users/jingwenxu/anaconda3/lib/python3.11/site-packages/airflow/example_dags/example_kubernetes_executor.py
[2025-03-24T16:40:42.942-0700] {logging_mixin.py:190} INFO - [2025-03-24T16:40:42.942-0700] {example_kubernetes_executor.py:39} WARNING - The example_kubernetes_executor example DAG requires the kubernetes provider. Please install it with: pip install apache-airflow[cncf.kubernetes]
[2025-03-24T16:40:42.943-0700] {processor.py:927} WARNING - No viable dags retrieved from /Users/jingwenxu/anaconda3/lib/python3.11/site-packages/airflow/example_dags/example_kubernetes_executor.py
[2025-03-24T16:40:42.987-0700] {processor.py:208} INFO - Processing /Users/jingwenxu/anaconda3/lib/python3.11/site-packages/airflow/example_dags/example_kubernetes_executor.py took 0.067 seconds
[2025-03-24T16:44:01.567-0700] {processor.py:186} INFO - Started process (PID=4893) to work on /Users/jingwenxu/anaconda3/lib/python3.11/site-packages/airflow/example_dags/example_kubernetes_executor.py
[2025-03-24T16:44:01.569-0700] {processor.py:914} INFO - Processing file /Users/jingwenxu/anaconda3/lib/python3.11/site-packages/airflow/example_dags/example_kubernetes_executor.py for tasks to queue
[2025-03-24T16:44:01.569-0700] {logging_mixin.py:190} INFO - [2025-03-24T16:44:01.569-0700] {dagbag.py:588} INFO - Filling up the DagBag from /Users/jingwenxu/anaconda3/lib/python3.11/site-packages/airflow/example_dags/example_kubernetes_executor.py
[2025-03-24T16:44:01.588-0700] {logging_mixin.py:190} INFO - [2025-03-24T16:44:01.588-0700] {example_kubernetes_executor.py:39} WARNING - The example_kubernetes_executor example DAG requires the kubernetes provider. Please install it with: pip install apache-airflow[cncf.kubernetes]
[2025-03-24T16:44:01.588-0700] {processor.py:927} WARNING - No viable dags retrieved from /Users/jingwenxu/anaconda3/lib/python3.11/site-packages/airflow/example_dags/example_kubernetes_executor.py
[2025-03-24T16:44:01.629-0700] {processor.py:208} INFO - Processing /Users/jingwenxu/anaconda3/lib/python3.11/site-packages/airflow/example_dags/example_kubernetes_executor.py took 0.064 seconds
[2025-03-24T16:47:20.143-0700] {processor.py:186} INFO - Started process (PID=5571) to work on /Users/jingwenxu/anaconda3/lib/python3.11/site-packages/airflow/example_dags/example_kubernetes_executor.py
[2025-03-24T16:47:20.144-0700] {processor.py:914} INFO - Processing file /Users/jingwenxu/anaconda3/lib/python3.11/site-packages/airflow/example_dags/example_kubernetes_executor.py for tasks to queue
[2025-03-24T16:47:20.145-0700] {logging_mixin.py:190} INFO - [2025-03-24T16:47:20.145-0700] {dagbag.py:588} INFO - Filling up the DagBag from /Users/jingwenxu/anaconda3/lib/python3.11/site-packages/airflow/example_dags/example_kubernetes_executor.py
[2025-03-24T16:47:20.163-0700] {logging_mixin.py:190} INFO - [2025-03-24T16:47:20.163-0700] {example_kubernetes_executor.py:39} WARNING - The example_kubernetes_executor example DAG requires the kubernetes provider. Please install it with: pip install apache-airflow[cncf.kubernetes]
[2025-03-24T16:47:20.163-0700] {processor.py:927} WARNING - No viable dags retrieved from /Users/jingwenxu/anaconda3/lib/python3.11/site-packages/airflow/example_dags/example_kubernetes_executor.py
[2025-03-24T16:47:20.207-0700] {processor.py:208} INFO - Processing /Users/jingwenxu/anaconda3/lib/python3.11/site-packages/airflow/example_dags/example_kubernetes_executor.py took 0.067 seconds
[2025-03-24T16:50:39.949-0700] {processor.py:186} INFO - Started process (PID=6284) to work on /Users/jingwenxu/anaconda3/lib/python3.11/site-packages/airflow/example_dags/example_kubernetes_executor.py
[2025-03-24T16:50:39.951-0700] {processor.py:914} INFO - Processing file /Users/jingwenxu/anaconda3/lib/python3.11/site-packages/airflow/example_dags/example_kubernetes_executor.py for tasks to queue
[2025-03-24T16:50:39.952-0700] {logging_mixin.py:190} INFO - [2025-03-24T16:50:39.952-0700] {dagbag.py:588} INFO - Filling up the DagBag from /Users/jingwenxu/anaconda3/lib/python3.11/site-packages/airflow/example_dags/example_kubernetes_executor.py
[2025-03-24T16:50:39.969-0700] {logging_mixin.py:190} INFO - [2025-03-24T16:50:39.969-0700] {example_kubernetes_executor.py:39} WARNING - The example_kubernetes_executor example DAG requires the kubernetes provider. Please install it with: pip install apache-airflow[cncf.kubernetes]
[2025-03-24T16:50:39.969-0700] {processor.py:927} WARNING - No viable dags retrieved from /Users/jingwenxu/anaconda3/lib/python3.11/site-packages/airflow/example_dags/example_kubernetes_executor.py
[2025-03-24T16:50:40.007-0700] {processor.py:208} INFO - Processing /Users/jingwenxu/anaconda3/lib/python3.11/site-packages/airflow/example_dags/example_kubernetes_executor.py took 0.060 seconds
