[2025-03-24T16:35:27.936-0700] {processor.py:186} INFO - Started process (PID=3033) to work on /Users/jingwenxu/anaconda3/lib/python3.11/site-packages/airflow/example_dags/example_dynamic_task_mapping.py
[2025-03-24T16:35:27.937-0700] {processor.py:914} INFO - Processing file /Users/jingwenxu/anaconda3/lib/python3.11/site-packages/airflow/example_dags/example_dynamic_task_mapping.py for tasks to queue
[2025-03-24T16:35:27.938-0700] {logging_mixin.py:190} INFO - [2025-03-24T16:35:27.937-0700] {dagbag.py:588} INFO - Filling up the DagBag from /Users/jingwenxu/anaconda3/lib/python3.11/site-packages/airflow/example_dags/example_dynamic_task_mapping.py
[2025-03-24T16:35:27.957-0700] {processor.py:925} INFO - DAG(s) 'example_dynamic_task_mapping' retrieved from /Users/jingwenxu/anaconda3/lib/python3.11/site-packages/airflow/example_dags/example_dynamic_task_mapping.py
[2025-03-24T16:35:28.045-0700] {logging_mixin.py:190} INFO - [2025-03-24T16:35:28.045-0700] {override.py:1930} INFO - Created Permission View: can delete on DAG:example_dynamic_task_mapping
[2025-03-24T16:35:28.049-0700] {logging_mixin.py:190} INFO - [2025-03-24T16:35:28.049-0700] {override.py:1930} INFO - Created Permission View: can edit on DAG:example_dynamic_task_mapping
[2025-03-24T16:35:28.052-0700] {logging_mixin.py:190} INFO - [2025-03-24T16:35:28.052-0700] {override.py:1930} INFO - Created Permission View: can read on DAG:example_dynamic_task_mapping
[2025-03-24T16:35:28.055-0700] {logging_mixin.py:190} INFO - [2025-03-24T16:35:28.055-0700] {override.py:1930} INFO - Created Permission View: can delete on DAG Run:example_dynamic_task_mapping
[2025-03-24T16:35:28.057-0700] {logging_mixin.py:190} INFO - [2025-03-24T16:35:28.057-0700] {override.py:1930} INFO - Created Permission View: can read on DAG Run:example_dynamic_task_mapping
[2025-03-24T16:35:28.060-0700] {logging_mixin.py:190} INFO - [2025-03-24T16:35:28.060-0700] {override.py:1930} INFO - Created Permission View: can create on DAG Run:example_dynamic_task_mapping
[2025-03-24T16:35:28.062-0700] {logging_mixin.py:190} INFO - [2025-03-24T16:35:28.062-0700] {override.py:1930} INFO - Created Permission View: menu access on DAG Run:example_dynamic_task_mapping
[2025-03-24T16:35:28.062-0700] {logging_mixin.py:190} INFO - [2025-03-24T16:35:28.062-0700] {dag.py:3239} INFO - Sync 1 DAGs
[2025-03-24T16:35:28.067-0700] {logging_mixin.py:190} INFO - [2025-03-24T16:35:28.067-0700] {dag.py:3262} INFO - Creating ORM DAG for example_dynamic_task_mapping
[2025-03-24T16:35:28.067-0700] {logging_mixin.py:190} INFO - [2025-03-24T16:35:28.067-0700] {dag.py:4180} INFO - Setting next_dagrun for example_dynamic_task_mapping to None, run_after=None
[2025-03-24T16:35:28.074-0700] {processor.py:208} INFO - Processing /Users/jingwenxu/anaconda3/lib/python3.11/site-packages/airflow/example_dags/example_dynamic_task_mapping.py took 0.139 seconds
[2025-03-24T16:37:37.432-0700] {processor.py:186} INFO - Started process (PID=3502) to work on /Users/jingwenxu/anaconda3/lib/python3.11/site-packages/airflow/example_dags/example_dynamic_task_mapping.py
[2025-03-24T16:37:37.434-0700] {processor.py:914} INFO - Processing file /Users/jingwenxu/anaconda3/lib/python3.11/site-packages/airflow/example_dags/example_dynamic_task_mapping.py for tasks to queue
[2025-03-24T16:37:37.434-0700] {logging_mixin.py:190} INFO - [2025-03-24T16:37:37.434-0700] {dagbag.py:588} INFO - Filling up the DagBag from /Users/jingwenxu/anaconda3/lib/python3.11/site-packages/airflow/example_dags/example_dynamic_task_mapping.py
[2025-03-24T16:37:37.453-0700] {processor.py:925} INFO - DAG(s) 'example_dynamic_task_mapping' retrieved from /Users/jingwenxu/anaconda3/lib/python3.11/site-packages/airflow/example_dags/example_dynamic_task_mapping.py
[2025-03-24T16:37:37.495-0700] {logging_mixin.py:190} INFO - [2025-03-24T16:37:37.495-0700] {dag.py:3239} INFO - Sync 1 DAGs
[2025-03-24T16:37:37.500-0700] {logging_mixin.py:190} INFO - [2025-03-24T16:37:37.499-0700] {dag.py:4180} INFO - Setting next_dagrun for example_dynamic_task_mapping to None, run_after=None
[2025-03-24T16:37:37.508-0700] {processor.py:208} INFO - Processing /Users/jingwenxu/anaconda3/lib/python3.11/site-packages/airflow/example_dags/example_dynamic_task_mapping.py took 0.078 seconds
[2025-03-24T16:40:52.437-0700] {processor.py:186} INFO - Started process (PID=4249) to work on /Users/jingwenxu/anaconda3/lib/python3.11/site-packages/airflow/example_dags/example_dynamic_task_mapping.py
[2025-03-24T16:40:52.437-0700] {processor.py:914} INFO - Processing file /Users/jingwenxu/anaconda3/lib/python3.11/site-packages/airflow/example_dags/example_dynamic_task_mapping.py for tasks to queue
[2025-03-24T16:40:52.438-0700] {logging_mixin.py:190} INFO - [2025-03-24T16:40:52.438-0700] {dagbag.py:588} INFO - Filling up the DagBag from /Users/jingwenxu/anaconda3/lib/python3.11/site-packages/airflow/example_dags/example_dynamic_task_mapping.py
[2025-03-24T16:40:52.456-0700] {processor.py:925} INFO - DAG(s) 'example_dynamic_task_mapping' retrieved from /Users/jingwenxu/anaconda3/lib/python3.11/site-packages/airflow/example_dags/example_dynamic_task_mapping.py
[2025-03-24T16:40:52.515-0700] {logging_mixin.py:190} INFO - [2025-03-24T16:40:52.515-0700] {dag.py:3239} INFO - Sync 1 DAGs
[2025-03-24T16:40:52.520-0700] {logging_mixin.py:190} INFO - [2025-03-24T16:40:52.520-0700] {dag.py:4180} INFO - Setting next_dagrun for example_dynamic_task_mapping to None, run_after=None
[2025-03-24T16:40:52.535-0700] {processor.py:208} INFO - Processing /Users/jingwenxu/anaconda3/lib/python3.11/site-packages/airflow/example_dags/example_dynamic_task_mapping.py took 0.100 seconds
[2025-03-24T16:44:11.831-0700] {processor.py:186} INFO - Started process (PID=4926) to work on /Users/jingwenxu/anaconda3/lib/python3.11/site-packages/airflow/example_dags/example_dynamic_task_mapping.py
[2025-03-24T16:44:11.832-0700] {processor.py:914} INFO - Processing file /Users/jingwenxu/anaconda3/lib/python3.11/site-packages/airflow/example_dags/example_dynamic_task_mapping.py for tasks to queue
[2025-03-24T16:44:11.833-0700] {logging_mixin.py:190} INFO - [2025-03-24T16:44:11.833-0700] {dagbag.py:588} INFO - Filling up the DagBag from /Users/jingwenxu/anaconda3/lib/python3.11/site-packages/airflow/example_dags/example_dynamic_task_mapping.py
[2025-03-24T16:44:11.853-0700] {processor.py:925} INFO - DAG(s) 'example_dynamic_task_mapping' retrieved from /Users/jingwenxu/anaconda3/lib/python3.11/site-packages/airflow/example_dags/example_dynamic_task_mapping.py
[2025-03-24T16:44:11.895-0700] {logging_mixin.py:190} INFO - [2025-03-24T16:44:11.895-0700] {dag.py:3239} INFO - Sync 1 DAGs
[2025-03-24T16:44:11.900-0700] {logging_mixin.py:190} INFO - [2025-03-24T16:44:11.900-0700] {dag.py:4180} INFO - Setting next_dagrun for example_dynamic_task_mapping to None, run_after=None
[2025-03-24T16:44:11.908-0700] {processor.py:208} INFO - Processing /Users/jingwenxu/anaconda3/lib/python3.11/site-packages/airflow/example_dags/example_dynamic_task_mapping.py took 0.079 seconds
[2025-03-24T16:47:29.332-0700] {processor.py:186} INFO - Started process (PID=5599) to work on /Users/jingwenxu/anaconda3/lib/python3.11/site-packages/airflow/example_dags/example_dynamic_task_mapping.py
[2025-03-24T16:47:29.333-0700] {processor.py:914} INFO - Processing file /Users/jingwenxu/anaconda3/lib/python3.11/site-packages/airflow/example_dags/example_dynamic_task_mapping.py for tasks to queue
[2025-03-24T16:47:29.334-0700] {logging_mixin.py:190} INFO - [2025-03-24T16:47:29.334-0700] {dagbag.py:588} INFO - Filling up the DagBag from /Users/jingwenxu/anaconda3/lib/python3.11/site-packages/airflow/example_dags/example_dynamic_task_mapping.py
[2025-03-24T16:47:29.354-0700] {processor.py:925} INFO - DAG(s) 'example_dynamic_task_mapping' retrieved from /Users/jingwenxu/anaconda3/lib/python3.11/site-packages/airflow/example_dags/example_dynamic_task_mapping.py
[2025-03-24T16:47:29.396-0700] {logging_mixin.py:190} INFO - [2025-03-24T16:47:29.395-0700] {dag.py:3239} INFO - Sync 1 DAGs
[2025-03-24T16:47:29.400-0700] {logging_mixin.py:190} INFO - [2025-03-24T16:47:29.400-0700] {dag.py:4180} INFO - Setting next_dagrun for example_dynamic_task_mapping to None, run_after=None
[2025-03-24T16:47:29.409-0700] {processor.py:208} INFO - Processing /Users/jingwenxu/anaconda3/lib/python3.11/site-packages/airflow/example_dags/example_dynamic_task_mapping.py took 0.080 seconds
[2025-03-24T16:50:49.988-0700] {processor.py:186} INFO - Started process (PID=6312) to work on /Users/jingwenxu/anaconda3/lib/python3.11/site-packages/airflow/example_dags/example_dynamic_task_mapping.py
[2025-03-24T16:50:49.989-0700] {processor.py:914} INFO - Processing file /Users/jingwenxu/anaconda3/lib/python3.11/site-packages/airflow/example_dags/example_dynamic_task_mapping.py for tasks to queue
[2025-03-24T16:50:49.990-0700] {logging_mixin.py:190} INFO - [2025-03-24T16:50:49.990-0700] {dagbag.py:588} INFO - Filling up the DagBag from /Users/jingwenxu/anaconda3/lib/python3.11/site-packages/airflow/example_dags/example_dynamic_task_mapping.py
[2025-03-24T16:50:50.010-0700] {processor.py:925} INFO - DAG(s) 'example_dynamic_task_mapping' retrieved from /Users/jingwenxu/anaconda3/lib/python3.11/site-packages/airflow/example_dags/example_dynamic_task_mapping.py
[2025-03-24T16:50:50.058-0700] {logging_mixin.py:190} INFO - [2025-03-24T16:50:50.057-0700] {dag.py:3239} INFO - Sync 1 DAGs
[2025-03-24T16:50:50.063-0700] {logging_mixin.py:190} INFO - [2025-03-24T16:50:50.063-0700] {dag.py:4180} INFO - Setting next_dagrun for example_dynamic_task_mapping to None, run_after=None
[2025-03-24T16:50:50.073-0700] {processor.py:208} INFO - Processing /Users/jingwenxu/anaconda3/lib/python3.11/site-packages/airflow/example_dags/example_dynamic_task_mapping.py took 0.087 seconds
