[2025-03-24T16:35:36.192-0700] {processor.py:186} INFO - Started process (PID=3061) to work on /Users/jingwenxu/anaconda3/lib/python3.11/site-packages/airflow/example_dags/example_dataset_alias_with_no_taskflow.py
[2025-03-24T16:35:36.192-0700] {processor.py:914} INFO - Processing file /Users/jingwenxu/anaconda3/lib/python3.11/site-packages/airflow/example_dags/example_dataset_alias_with_no_taskflow.py for tasks to queue
[2025-03-24T16:35:36.193-0700] {logging_mixin.py:190} INFO - [2025-03-24T16:35:36.193-0700] {dagbag.py:588} INFO - Filling up the DagBag from /Users/jingwenxu/anaconda3/lib/python3.11/site-packages/airflow/example_dags/example_dataset_alias_with_no_taskflow.py
[2025-03-24T16:35:36.268-0700] {processor.py:925} INFO - DAG(s) 'dataset_s3_bucket_consumer_with_no_taskflow', 'dataset_alias_example_alias_producer_with_no_taskflow', 'dataset_alias_example_alias_consumer_with_no_taskflow', 'dataset_s3_bucket_producer_with_no_taskflow' retrieved from /Users/jingwenxu/anaconda3/lib/python3.11/site-packages/airflow/example_dags/example_dataset_alias_with_no_taskflow.py
[2025-03-24T16:35:36.315-0700] {logging_mixin.py:190} INFO - [2025-03-24T16:35:36.314-0700] {override.py:1930} INFO - Created Permission View: can read on DAG:dataset_s3_bucket_consumer_with_no_taskflow
[2025-03-24T16:35:36.318-0700] {logging_mixin.py:190} INFO - [2025-03-24T16:35:36.318-0700] {override.py:1930} INFO - Created Permission View: can edit on DAG:dataset_s3_bucket_consumer_with_no_taskflow
[2025-03-24T16:35:36.321-0700] {logging_mixin.py:190} INFO - [2025-03-24T16:35:36.321-0700] {override.py:1930} INFO - Created Permission View: can delete on DAG:dataset_s3_bucket_consumer_with_no_taskflow
[2025-03-24T16:35:36.325-0700] {logging_mixin.py:190} INFO - [2025-03-24T16:35:36.325-0700] {override.py:1930} INFO - Created Permission View: can read on DAG Run:dataset_s3_bucket_consumer_with_no_taskflow
[2025-03-24T16:35:36.328-0700] {logging_mixin.py:190} INFO - [2025-03-24T16:35:36.328-0700] {override.py:1930} INFO - Created Permission View: menu access on DAG Run:dataset_s3_bucket_consumer_with_no_taskflow
[2025-03-24T16:35:36.331-0700] {logging_mixin.py:190} INFO - [2025-03-24T16:35:36.331-0700] {override.py:1930} INFO - Created Permission View: can create on DAG Run:dataset_s3_bucket_consumer_with_no_taskflow
[2025-03-24T16:35:36.335-0700] {logging_mixin.py:190} INFO - [2025-03-24T16:35:36.334-0700] {override.py:1930} INFO - Created Permission View: can delete on DAG Run:dataset_s3_bucket_consumer_with_no_taskflow
[2025-03-24T16:35:36.342-0700] {logging_mixin.py:190} INFO - [2025-03-24T16:35:36.342-0700] {override.py:1930} INFO - Created Permission View: can read on DAG:dataset_alias_example_alias_producer_with_no_taskflow
[2025-03-24T16:35:36.344-0700] {logging_mixin.py:190} INFO - [2025-03-24T16:35:36.344-0700] {override.py:1930} INFO - Created Permission View: can edit on DAG:dataset_alias_example_alias_producer_with_no_taskflow
[2025-03-24T16:35:36.346-0700] {logging_mixin.py:190} INFO - [2025-03-24T16:35:36.346-0700] {override.py:1930} INFO - Created Permission View: can delete on DAG:dataset_alias_example_alias_producer_with_no_taskflow
[2025-03-24T16:35:36.350-0700] {logging_mixin.py:190} INFO - [2025-03-24T16:35:36.350-0700] {override.py:1930} INFO - Created Permission View: can read on DAG Run:dataset_alias_example_alias_producer_with_no_taskflow
[2025-03-24T16:35:36.352-0700] {logging_mixin.py:190} INFO - [2025-03-24T16:35:36.352-0700] {override.py:1930} INFO - Created Permission View: menu access on DAG Run:dataset_alias_example_alias_producer_with_no_taskflow
[2025-03-24T16:35:36.354-0700] {logging_mixin.py:190} INFO - [2025-03-24T16:35:36.354-0700] {override.py:1930} INFO - Created Permission View: can create on DAG Run:dataset_alias_example_alias_producer_with_no_taskflow
[2025-03-24T16:35:36.356-0700] {logging_mixin.py:190} INFO - [2025-03-24T16:35:36.356-0700] {override.py:1930} INFO - Created Permission View: can delete on DAG Run:dataset_alias_example_alias_producer_with_no_taskflow
[2025-03-24T16:35:36.361-0700] {logging_mixin.py:190} INFO - [2025-03-24T16:35:36.361-0700] {override.py:1930} INFO - Created Permission View: can read on DAG:dataset_alias_example_alias_consumer_with_no_taskflow
[2025-03-24T16:35:36.363-0700] {logging_mixin.py:190} INFO - [2025-03-24T16:35:36.363-0700] {override.py:1930} INFO - Created Permission View: can edit on DAG:dataset_alias_example_alias_consumer_with_no_taskflow
[2025-03-24T16:35:36.365-0700] {logging_mixin.py:190} INFO - [2025-03-24T16:35:36.365-0700] {override.py:1930} INFO - Created Permission View: can delete on DAG:dataset_alias_example_alias_consumer_with_no_taskflow
[2025-03-24T16:35:36.368-0700] {logging_mixin.py:190} INFO - [2025-03-24T16:35:36.368-0700] {override.py:1930} INFO - Created Permission View: can read on DAG Run:dataset_alias_example_alias_consumer_with_no_taskflow
[2025-03-24T16:35:36.370-0700] {logging_mixin.py:190} INFO - [2025-03-24T16:35:36.370-0700] {override.py:1930} INFO - Created Permission View: menu access on DAG Run:dataset_alias_example_alias_consumer_with_no_taskflow
[2025-03-24T16:35:36.372-0700] {logging_mixin.py:190} INFO - [2025-03-24T16:35:36.372-0700] {override.py:1930} INFO - Created Permission View: can create on DAG Run:dataset_alias_example_alias_consumer_with_no_taskflow
[2025-03-24T16:35:36.374-0700] {logging_mixin.py:190} INFO - [2025-03-24T16:35:36.374-0700] {override.py:1930} INFO - Created Permission View: can delete on DAG Run:dataset_alias_example_alias_consumer_with_no_taskflow
[2025-03-24T16:35:36.379-0700] {logging_mixin.py:190} INFO - [2025-03-24T16:35:36.379-0700] {override.py:1930} INFO - Created Permission View: can read on DAG:dataset_s3_bucket_producer_with_no_taskflow
[2025-03-24T16:35:36.381-0700] {logging_mixin.py:190} INFO - [2025-03-24T16:35:36.381-0700] {override.py:1930} INFO - Created Permission View: can edit on DAG:dataset_s3_bucket_producer_with_no_taskflow
[2025-03-24T16:35:36.383-0700] {logging_mixin.py:190} INFO - [2025-03-24T16:35:36.383-0700] {override.py:1930} INFO - Created Permission View: can delete on DAG:dataset_s3_bucket_producer_with_no_taskflow
[2025-03-24T16:35:36.386-0700] {logging_mixin.py:190} INFO - [2025-03-24T16:35:36.386-0700] {override.py:1930} INFO - Created Permission View: can read on DAG Run:dataset_s3_bucket_producer_with_no_taskflow
[2025-03-24T16:35:36.388-0700] {logging_mixin.py:190} INFO - [2025-03-24T16:35:36.388-0700] {override.py:1930} INFO - Created Permission View: menu access on DAG Run:dataset_s3_bucket_producer_with_no_taskflow
[2025-03-24T16:35:36.391-0700] {logging_mixin.py:190} INFO - [2025-03-24T16:35:36.390-0700] {override.py:1930} INFO - Created Permission View: can create on DAG Run:dataset_s3_bucket_producer_with_no_taskflow
[2025-03-24T16:35:36.393-0700] {logging_mixin.py:190} INFO - [2025-03-24T16:35:36.393-0700] {override.py:1930} INFO - Created Permission View: can delete on DAG Run:dataset_s3_bucket_producer_with_no_taskflow
[2025-03-24T16:35:36.393-0700] {logging_mixin.py:190} INFO - [2025-03-24T16:35:36.393-0700] {dag.py:3239} INFO - Sync 4 DAGs
[2025-03-24T16:35:36.398-0700] {logging_mixin.py:190} INFO - [2025-03-24T16:35:36.398-0700] {dag.py:3262} INFO - Creating ORM DAG for dataset_s3_bucket_producer_with_no_taskflow
[2025-03-24T16:35:36.398-0700] {logging_mixin.py:190} INFO - [2025-03-24T16:35:36.398-0700] {dag.py:3262} INFO - Creating ORM DAG for dataset_s3_bucket_consumer_with_no_taskflow
[2025-03-24T16:35:36.398-0700] {logging_mixin.py:190} INFO - [2025-03-24T16:35:36.398-0700] {dag.py:3262} INFO - Creating ORM DAG for dataset_alias_example_alias_producer_with_no_taskflow
[2025-03-24T16:35:36.399-0700] {logging_mixin.py:190} INFO - [2025-03-24T16:35:36.399-0700] {dag.py:3262} INFO - Creating ORM DAG for dataset_alias_example_alias_consumer_with_no_taskflow
[2025-03-24T16:35:36.402-0700] {logging_mixin.py:190} INFO - [2025-03-24T16:35:36.402-0700] {dag.py:4180} INFO - Setting next_dagrun for dataset_alias_example_alias_consumer_with_no_taskflow to None, run_after=None
[2025-03-24T16:35:36.402-0700] {logging_mixin.py:190} INFO - [2025-03-24T16:35:36.402-0700] {dag.py:4180} INFO - Setting next_dagrun for dataset_alias_example_alias_producer_with_no_taskflow to None, run_after=None
[2025-03-24T16:35:36.402-0700] {logging_mixin.py:190} INFO - [2025-03-24T16:35:36.402-0700] {dag.py:4180} INFO - Setting next_dagrun for dataset_s3_bucket_consumer_with_no_taskflow to None, run_after=None
[2025-03-24T16:35:36.403-0700] {logging_mixin.py:190} INFO - [2025-03-24T16:35:36.403-0700] {dag.py:4180} INFO - Setting next_dagrun for dataset_s3_bucket_producer_with_no_taskflow to None, run_after=None
[2025-03-24T16:35:36.678-0700] {logging_mixin.py:190} INFO - [2025-03-24T16:35:36.677-0700] {utils.py:161} INFO - NumExpr defaulting to 10 threads.
[2025-03-24T16:35:36.797-0700] {processor.py:208} INFO - Processing /Users/jingwenxu/anaconda3/lib/python3.11/site-packages/airflow/example_dags/example_dataset_alias_with_no_taskflow.py took 0.607 seconds
[2025-03-24T16:38:53.594-0700] {processor.py:186} INFO - Started process (PID=3780) to work on /Users/jingwenxu/anaconda3/lib/python3.11/site-packages/airflow/example_dags/example_dataset_alias_with_no_taskflow.py
[2025-03-24T16:38:53.595-0700] {processor.py:914} INFO - Processing file /Users/jingwenxu/anaconda3/lib/python3.11/site-packages/airflow/example_dags/example_dataset_alias_with_no_taskflow.py for tasks to queue
[2025-03-24T16:38:53.596-0700] {logging_mixin.py:190} INFO - [2025-03-24T16:38:53.596-0700] {dagbag.py:588} INFO - Filling up the DagBag from /Users/jingwenxu/anaconda3/lib/python3.11/site-packages/airflow/example_dags/example_dataset_alias_with_no_taskflow.py
[2025-03-24T16:38:53.670-0700] {processor.py:925} INFO - DAG(s) 'dataset_alias_example_alias_consumer_with_no_taskflow', 'dataset_s3_bucket_producer_with_no_taskflow', 'dataset_s3_bucket_consumer_with_no_taskflow', 'dataset_alias_example_alias_producer_with_no_taskflow' retrieved from /Users/jingwenxu/anaconda3/lib/python3.11/site-packages/airflow/example_dags/example_dataset_alias_with_no_taskflow.py
[2025-03-24T16:38:53.681-0700] {logging_mixin.py:190} INFO - [2025-03-24T16:38:53.680-0700] {dag.py:3239} INFO - Sync 4 DAGs
[2025-03-24T16:38:53.689-0700] {logging_mixin.py:190} INFO - [2025-03-24T16:38:53.689-0700] {dag.py:4180} INFO - Setting next_dagrun for dataset_alias_example_alias_consumer_with_no_taskflow to None, run_after=None
[2025-03-24T16:38:53.690-0700] {logging_mixin.py:190} INFO - [2025-03-24T16:38:53.690-0700] {dag.py:4180} INFO - Setting next_dagrun for dataset_alias_example_alias_producer_with_no_taskflow to None, run_after=None
[2025-03-24T16:38:53.691-0700] {logging_mixin.py:190} INFO - [2025-03-24T16:38:53.690-0700] {dag.py:4180} INFO - Setting next_dagrun for dataset_s3_bucket_consumer_with_no_taskflow to None, run_after=None
[2025-03-24T16:38:53.691-0700] {logging_mixin.py:190} INFO - [2025-03-24T16:38:53.691-0700] {dag.py:4180} INFO - Setting next_dagrun for dataset_s3_bucket_producer_with_no_taskflow to None, run_after=None
[2025-03-24T16:38:53.700-0700] {processor.py:208} INFO - Processing /Users/jingwenxu/anaconda3/lib/python3.11/site-packages/airflow/example_dags/example_dataset_alias_with_no_taskflow.py took 0.108 seconds
[2025-03-24T16:42:08.007-0700] {processor.py:186} INFO - Started process (PID=4499) to work on /Users/jingwenxu/anaconda3/lib/python3.11/site-packages/airflow/example_dags/example_dataset_alias_with_no_taskflow.py
[2025-03-24T16:42:08.008-0700] {processor.py:914} INFO - Processing file /Users/jingwenxu/anaconda3/lib/python3.11/site-packages/airflow/example_dags/example_dataset_alias_with_no_taskflow.py for tasks to queue
[2025-03-24T16:42:08.009-0700] {logging_mixin.py:190} INFO - [2025-03-24T16:42:08.009-0700] {dagbag.py:588} INFO - Filling up the DagBag from /Users/jingwenxu/anaconda3/lib/python3.11/site-packages/airflow/example_dags/example_dataset_alias_with_no_taskflow.py
[2025-03-24T16:42:08.086-0700] {processor.py:925} INFO - DAG(s) 'dataset_alias_example_alias_producer_with_no_taskflow', 'dataset_alias_example_alias_consumer_with_no_taskflow', 'dataset_s3_bucket_consumer_with_no_taskflow', 'dataset_s3_bucket_producer_with_no_taskflow' retrieved from /Users/jingwenxu/anaconda3/lib/python3.11/site-packages/airflow/example_dags/example_dataset_alias_with_no_taskflow.py
[2025-03-24T16:42:08.096-0700] {logging_mixin.py:190} INFO - [2025-03-24T16:42:08.096-0700] {dag.py:3239} INFO - Sync 4 DAGs
[2025-03-24T16:42:08.104-0700] {logging_mixin.py:190} INFO - [2025-03-24T16:42:08.104-0700] {dag.py:4180} INFO - Setting next_dagrun for dataset_alias_example_alias_consumer_with_no_taskflow to None, run_after=None
[2025-03-24T16:42:08.105-0700] {logging_mixin.py:190} INFO - [2025-03-24T16:42:08.105-0700] {dag.py:4180} INFO - Setting next_dagrun for dataset_alias_example_alias_producer_with_no_taskflow to None, run_after=None
[2025-03-24T16:42:08.106-0700] {logging_mixin.py:190} INFO - [2025-03-24T16:42:08.106-0700] {dag.py:4180} INFO - Setting next_dagrun for dataset_s3_bucket_consumer_with_no_taskflow to None, run_after=None
[2025-03-24T16:42:08.106-0700] {logging_mixin.py:190} INFO - [2025-03-24T16:42:08.106-0700] {dag.py:4180} INFO - Setting next_dagrun for dataset_s3_bucket_producer_with_no_taskflow to None, run_after=None
[2025-03-24T16:42:08.115-0700] {processor.py:208} INFO - Processing /Users/jingwenxu/anaconda3/lib/python3.11/site-packages/airflow/example_dags/example_dataset_alias_with_no_taskflow.py took 0.109 seconds
[2025-03-24T16:45:30.335-0700] {processor.py:186} INFO - Started process (PID=5180) to work on /Users/jingwenxu/anaconda3/lib/python3.11/site-packages/airflow/example_dags/example_dataset_alias_with_no_taskflow.py
[2025-03-24T16:45:30.336-0700] {processor.py:914} INFO - Processing file /Users/jingwenxu/anaconda3/lib/python3.11/site-packages/airflow/example_dags/example_dataset_alias_with_no_taskflow.py for tasks to queue
[2025-03-24T16:45:30.336-0700] {logging_mixin.py:190} INFO - [2025-03-24T16:45:30.336-0700] {dagbag.py:588} INFO - Filling up the DagBag from /Users/jingwenxu/anaconda3/lib/python3.11/site-packages/airflow/example_dags/example_dataset_alias_with_no_taskflow.py
[2025-03-24T16:45:30.414-0700] {processor.py:925} INFO - DAG(s) 'dataset_s3_bucket_producer_with_no_taskflow', 'dataset_s3_bucket_consumer_with_no_taskflow', 'dataset_alias_example_alias_producer_with_no_taskflow', 'dataset_alias_example_alias_consumer_with_no_taskflow' retrieved from /Users/jingwenxu/anaconda3/lib/python3.11/site-packages/airflow/example_dags/example_dataset_alias_with_no_taskflow.py
[2025-03-24T16:45:30.425-0700] {logging_mixin.py:190} INFO - [2025-03-24T16:45:30.425-0700] {dag.py:3239} INFO - Sync 4 DAGs
[2025-03-24T16:45:30.435-0700] {logging_mixin.py:190} INFO - [2025-03-24T16:45:30.435-0700] {dag.py:4180} INFO - Setting next_dagrun for dataset_alias_example_alias_consumer_with_no_taskflow to None, run_after=None
[2025-03-24T16:45:30.436-0700] {logging_mixin.py:190} INFO - [2025-03-24T16:45:30.436-0700] {dag.py:4180} INFO - Setting next_dagrun for dataset_alias_example_alias_producer_with_no_taskflow to None, run_after=None
[2025-03-24T16:45:30.436-0700] {logging_mixin.py:190} INFO - [2025-03-24T16:45:30.436-0700] {dag.py:4180} INFO - Setting next_dagrun for dataset_s3_bucket_consumer_with_no_taskflow to None, run_after=None
[2025-03-24T16:45:30.437-0700] {logging_mixin.py:190} INFO - [2025-03-24T16:45:30.437-0700] {dag.py:4180} INFO - Setting next_dagrun for dataset_s3_bucket_producer_with_no_taskflow to None, run_after=None
[2025-03-24T16:45:30.446-0700] {processor.py:208} INFO - Processing /Users/jingwenxu/anaconda3/lib/python3.11/site-packages/airflow/example_dags/example_dataset_alias_with_no_taskflow.py took 0.113 seconds
[2025-03-24T16:48:46.739-0700] {processor.py:186} INFO - Started process (PID=5877) to work on /Users/jingwenxu/anaconda3/lib/python3.11/site-packages/airflow/example_dags/example_dataset_alias_with_no_taskflow.py
[2025-03-24T16:48:46.739-0700] {processor.py:914} INFO - Processing file /Users/jingwenxu/anaconda3/lib/python3.11/site-packages/airflow/example_dags/example_dataset_alias_with_no_taskflow.py for tasks to queue
[2025-03-24T16:48:46.740-0700] {logging_mixin.py:190} INFO - [2025-03-24T16:48:46.740-0700] {dagbag.py:588} INFO - Filling up the DagBag from /Users/jingwenxu/anaconda3/lib/python3.11/site-packages/airflow/example_dags/example_dataset_alias_with_no_taskflow.py
[2025-03-24T16:48:46.818-0700] {processor.py:925} INFO - DAG(s) 'dataset_alias_example_alias_producer_with_no_taskflow', 'dataset_s3_bucket_producer_with_no_taskflow', 'dataset_alias_example_alias_consumer_with_no_taskflow', 'dataset_s3_bucket_consumer_with_no_taskflow' retrieved from /Users/jingwenxu/anaconda3/lib/python3.11/site-packages/airflow/example_dags/example_dataset_alias_with_no_taskflow.py
[2025-03-24T16:48:46.829-0700] {logging_mixin.py:190} INFO - [2025-03-24T16:48:46.829-0700] {dag.py:3239} INFO - Sync 4 DAGs
[2025-03-24T16:48:46.838-0700] {logging_mixin.py:190} INFO - [2025-03-24T16:48:46.838-0700] {dag.py:4180} INFO - Setting next_dagrun for dataset_alias_example_alias_consumer_with_no_taskflow to None, run_after=None
[2025-03-24T16:48:46.839-0700] {logging_mixin.py:190} INFO - [2025-03-24T16:48:46.838-0700] {dag.py:4180} INFO - Setting next_dagrun for dataset_alias_example_alias_producer_with_no_taskflow to None, run_after=None
[2025-03-24T16:48:46.839-0700] {logging_mixin.py:190} INFO - [2025-03-24T16:48:46.839-0700] {dag.py:4180} INFO - Setting next_dagrun for dataset_s3_bucket_consumer_with_no_taskflow to None, run_after=None
[2025-03-24T16:48:46.839-0700] {logging_mixin.py:190} INFO - [2025-03-24T16:48:46.839-0700] {dag.py:4180} INFO - Setting next_dagrun for dataset_s3_bucket_producer_with_no_taskflow to None, run_after=None
[2025-03-24T16:48:46.848-0700] {processor.py:208} INFO - Processing /Users/jingwenxu/anaconda3/lib/python3.11/site-packages/airflow/example_dags/example_dataset_alias_with_no_taskflow.py took 0.111 seconds
[2025-03-24T16:52:08.046-0700] {processor.py:186} INFO - Started process (PID=6567) to work on /Users/jingwenxu/anaconda3/lib/python3.11/site-packages/airflow/example_dags/example_dataset_alias_with_no_taskflow.py
[2025-03-24T16:52:08.048-0700] {processor.py:914} INFO - Processing file /Users/jingwenxu/anaconda3/lib/python3.11/site-packages/airflow/example_dags/example_dataset_alias_with_no_taskflow.py for tasks to queue
[2025-03-24T16:52:08.048-0700] {logging_mixin.py:190} INFO - [2025-03-24T16:52:08.048-0700] {dagbag.py:588} INFO - Filling up the DagBag from /Users/jingwenxu/anaconda3/lib/python3.11/site-packages/airflow/example_dags/example_dataset_alias_with_no_taskflow.py
[2025-03-24T16:52:08.123-0700] {processor.py:925} INFO - DAG(s) 'dataset_alias_example_alias_consumer_with_no_taskflow', 'dataset_s3_bucket_producer_with_no_taskflow', 'dataset_s3_bucket_consumer_with_no_taskflow', 'dataset_alias_example_alias_producer_with_no_taskflow' retrieved from /Users/jingwenxu/anaconda3/lib/python3.11/site-packages/airflow/example_dags/example_dataset_alias_with_no_taskflow.py
[2025-03-24T16:52:08.133-0700] {logging_mixin.py:190} INFO - [2025-03-24T16:52:08.133-0700] {dag.py:3239} INFO - Sync 4 DAGs
[2025-03-24T16:52:08.142-0700] {logging_mixin.py:190} INFO - [2025-03-24T16:52:08.142-0700] {dag.py:4180} INFO - Setting next_dagrun for dataset_alias_example_alias_consumer_with_no_taskflow to None, run_after=None
[2025-03-24T16:52:08.143-0700] {logging_mixin.py:190} INFO - [2025-03-24T16:52:08.143-0700] {dag.py:4180} INFO - Setting next_dagrun for dataset_alias_example_alias_producer_with_no_taskflow to None, run_after=None
[2025-03-24T16:52:08.143-0700] {logging_mixin.py:190} INFO - [2025-03-24T16:52:08.143-0700] {dag.py:4180} INFO - Setting next_dagrun for dataset_s3_bucket_consumer_with_no_taskflow to None, run_after=None
[2025-03-24T16:52:08.144-0700] {logging_mixin.py:190} INFO - [2025-03-24T16:52:08.144-0700] {dag.py:4180} INFO - Setting next_dagrun for dataset_s3_bucket_producer_with_no_taskflow to None, run_after=None
[2025-03-24T16:52:08.152-0700] {processor.py:208} INFO - Processing /Users/jingwenxu/anaconda3/lib/python3.11/site-packages/airflow/example_dags/example_dataset_alias_with_no_taskflow.py took 0.108 seconds
