[2025-03-24T16:36:01.734-0700] {processor.py:186} INFO - Started process (PID=3180) to work on /Users/jingwenxu/anaconda3/lib/python3.11/site-packages/airflow/example_dags/example_bash_decorator.py
[2025-03-24T16:36:01.735-0700] {processor.py:914} INFO - Processing file /Users/jingwenxu/anaconda3/lib/python3.11/site-packages/airflow/example_dags/example_bash_decorator.py for tasks to queue
[2025-03-24T16:36:01.735-0700] {logging_mixin.py:190} INFO - [2025-03-24T16:36:01.735-0700] {dagbag.py:588} INFO - Filling up the DagBag from /Users/jingwenxu/anaconda3/lib/python3.11/site-packages/airflow/example_dags/example_bash_decorator.py
[2025-03-24T16:36:01.760-0700] {processor.py:925} INFO - DAG(s) 'example_bash_decorator' retrieved from /Users/jingwenxu/anaconda3/lib/python3.11/site-packages/airflow/example_dags/example_bash_decorator.py
[2025-03-24T16:36:01.843-0700] {logging_mixin.py:190} INFO - [2025-03-24T16:36:01.842-0700] {override.py:1930} INFO - Created Permission View: can edit on DAG:example_bash_decorator
[2025-03-24T16:36:01.847-0700] {logging_mixin.py:190} INFO - [2025-03-24T16:36:01.846-0700] {override.py:1930} INFO - Created Permission View: can delete on DAG:example_bash_decorator
[2025-03-24T16:36:01.849-0700] {logging_mixin.py:190} INFO - [2025-03-24T16:36:01.849-0700] {override.py:1930} INFO - Created Permission View: can read on DAG:example_bash_decorator
[2025-03-24T16:36:01.852-0700] {logging_mixin.py:190} INFO - [2025-03-24T16:36:01.852-0700] {override.py:1930} INFO - Created Permission View: can delete on DAG Run:example_bash_decorator
[2025-03-24T16:36:01.855-0700] {logging_mixin.py:190} INFO - [2025-03-24T16:36:01.855-0700] {override.py:1930} INFO - Created Permission View: can read on DAG Run:example_bash_decorator
[2025-03-24T16:36:01.857-0700] {logging_mixin.py:190} INFO - [2025-03-24T16:36:01.857-0700] {override.py:1930} INFO - Created Permission View: menu access on DAG Run:example_bash_decorator
[2025-03-24T16:36:01.859-0700] {logging_mixin.py:190} INFO - [2025-03-24T16:36:01.859-0700] {override.py:1930} INFO - Created Permission View: can create on DAG Run:example_bash_decorator
[2025-03-24T16:36:01.859-0700] {logging_mixin.py:190} INFO - [2025-03-24T16:36:01.859-0700] {dag.py:3239} INFO - Sync 1 DAGs
[2025-03-24T16:36:01.864-0700] {logging_mixin.py:190} INFO - [2025-03-24T16:36:01.864-0700] {dag.py:3262} INFO - Creating ORM DAG for example_bash_decorator
[2025-03-24T16:36:01.864-0700] {logging_mixin.py:190} INFO - [2025-03-24T16:36:01.864-0700] {dag.py:4180} INFO - Setting next_dagrun for example_bash_decorator to None, run_after=None
[2025-03-24T16:36:01.870-0700] {processor.py:208} INFO - Processing /Users/jingwenxu/anaconda3/lib/python3.11/site-packages/airflow/example_dags/example_bash_decorator.py took 0.138 seconds
[2025-03-24T16:39:17.142-0700] {processor.py:186} INFO - Started process (PID=3857) to work on /Users/jingwenxu/anaconda3/lib/python3.11/site-packages/airflow/example_dags/example_bash_decorator.py
[2025-03-24T16:39:17.143-0700] {processor.py:914} INFO - Processing file /Users/jingwenxu/anaconda3/lib/python3.11/site-packages/airflow/example_dags/example_bash_decorator.py for tasks to queue
[2025-03-24T16:39:17.144-0700] {logging_mixin.py:190} INFO - [2025-03-24T16:39:17.144-0700] {dagbag.py:588} INFO - Filling up the DagBag from /Users/jingwenxu/anaconda3/lib/python3.11/site-packages/airflow/example_dags/example_bash_decorator.py
[2025-03-24T16:39:17.165-0700] {processor.py:925} INFO - DAG(s) 'example_bash_decorator' retrieved from /Users/jingwenxu/anaconda3/lib/python3.11/site-packages/airflow/example_dags/example_bash_decorator.py
[2025-03-24T16:39:17.249-0700] {logging_mixin.py:190} INFO - [2025-03-24T16:39:17.248-0700] {dag.py:3239} INFO - Sync 1 DAGs
[2025-03-24T16:39:17.253-0700] {logging_mixin.py:190} INFO - [2025-03-24T16:39:17.253-0700] {dag.py:4180} INFO - Setting next_dagrun for example_bash_decorator to None, run_after=None
[2025-03-24T16:39:17.261-0700] {processor.py:208} INFO - Processing /Users/jingwenxu/anaconda3/lib/python3.11/site-packages/airflow/example_dags/example_bash_decorator.py took 0.122 seconds
[2025-03-24T16:42:31.754-0700] {processor.py:186} INFO - Started process (PID=4585) to work on /Users/jingwenxu/anaconda3/lib/python3.11/site-packages/airflow/example_dags/example_bash_decorator.py
[2025-03-24T16:42:31.755-0700] {processor.py:914} INFO - Processing file /Users/jingwenxu/anaconda3/lib/python3.11/site-packages/airflow/example_dags/example_bash_decorator.py for tasks to queue
[2025-03-24T16:42:31.756-0700] {logging_mixin.py:190} INFO - [2025-03-24T16:42:31.756-0700] {dagbag.py:588} INFO - Filling up the DagBag from /Users/jingwenxu/anaconda3/lib/python3.11/site-packages/airflow/example_dags/example_bash_decorator.py
[2025-03-24T16:42:31.783-0700] {processor.py:925} INFO - DAG(s) 'example_bash_decorator' retrieved from /Users/jingwenxu/anaconda3/lib/python3.11/site-packages/airflow/example_dags/example_bash_decorator.py
[2025-03-24T16:42:31.881-0700] {logging_mixin.py:190} INFO - [2025-03-24T16:42:31.881-0700] {dag.py:3239} INFO - Sync 1 DAGs
[2025-03-24T16:42:31.885-0700] {logging_mixin.py:190} INFO - [2025-03-24T16:42:31.885-0700] {dag.py:4180} INFO - Setting next_dagrun for example_bash_decorator to None, run_after=None
[2025-03-24T16:42:31.894-0700] {processor.py:208} INFO - Processing /Users/jingwenxu/anaconda3/lib/python3.11/site-packages/airflow/example_dags/example_bash_decorator.py took 0.141 seconds
[2025-03-24T16:45:53.439-0700] {processor.py:186} INFO - Started process (PID=5272) to work on /Users/jingwenxu/anaconda3/lib/python3.11/site-packages/airflow/example_dags/example_bash_decorator.py
[2025-03-24T16:45:53.441-0700] {processor.py:914} INFO - Processing file /Users/jingwenxu/anaconda3/lib/python3.11/site-packages/airflow/example_dags/example_bash_decorator.py for tasks to queue
[2025-03-24T16:45:53.441-0700] {logging_mixin.py:190} INFO - [2025-03-24T16:45:53.441-0700] {dagbag.py:588} INFO - Filling up the DagBag from /Users/jingwenxu/anaconda3/lib/python3.11/site-packages/airflow/example_dags/example_bash_decorator.py
[2025-03-24T16:45:53.466-0700] {processor.py:925} INFO - DAG(s) 'example_bash_decorator' retrieved from /Users/jingwenxu/anaconda3/lib/python3.11/site-packages/airflow/example_dags/example_bash_decorator.py
[2025-03-24T16:45:53.549-0700] {logging_mixin.py:190} INFO - [2025-03-24T16:45:53.549-0700] {dag.py:3239} INFO - Sync 1 DAGs
[2025-03-24T16:45:53.554-0700] {logging_mixin.py:190} INFO - [2025-03-24T16:45:53.554-0700] {dag.py:4180} INFO - Setting next_dagrun for example_bash_decorator to None, run_after=None
[2025-03-24T16:45:53.562-0700] {processor.py:208} INFO - Processing /Users/jingwenxu/anaconda3/lib/python3.11/site-packages/airflow/example_dags/example_bash_decorator.py took 0.125 seconds
[2025-03-24T16:49:12.182-0700] {processor.py:186} INFO - Started process (PID=5961) to work on /Users/jingwenxu/anaconda3/lib/python3.11/site-packages/airflow/example_dags/example_bash_decorator.py
[2025-03-24T16:49:12.183-0700] {processor.py:914} INFO - Processing file /Users/jingwenxu/anaconda3/lib/python3.11/site-packages/airflow/example_dags/example_bash_decorator.py for tasks to queue
[2025-03-24T16:49:12.184-0700] {logging_mixin.py:190} INFO - [2025-03-24T16:49:12.184-0700] {dagbag.py:588} INFO - Filling up the DagBag from /Users/jingwenxu/anaconda3/lib/python3.11/site-packages/airflow/example_dags/example_bash_decorator.py
[2025-03-24T16:49:12.211-0700] {processor.py:925} INFO - DAG(s) 'example_bash_decorator' retrieved from /Users/jingwenxu/anaconda3/lib/python3.11/site-packages/airflow/example_dags/example_bash_decorator.py
[2025-03-24T16:49:12.306-0700] {logging_mixin.py:190} INFO - [2025-03-24T16:49:12.306-0700] {dag.py:3239} INFO - Sync 1 DAGs
[2025-03-24T16:49:12.310-0700] {logging_mixin.py:190} INFO - [2025-03-24T16:49:12.310-0700] {dag.py:4180} INFO - Setting next_dagrun for example_bash_decorator to None, run_after=None
[2025-03-24T16:49:12.318-0700] {processor.py:208} INFO - Processing /Users/jingwenxu/anaconda3/lib/python3.11/site-packages/airflow/example_dags/example_bash_decorator.py took 0.138 seconds
[2025-03-24T16:52:30.866-0700] {processor.py:186} INFO - Started process (PID=6644) to work on /Users/jingwenxu/anaconda3/lib/python3.11/site-packages/airflow/example_dags/example_bash_decorator.py
[2025-03-24T16:52:30.868-0700] {processor.py:914} INFO - Processing file /Users/jingwenxu/anaconda3/lib/python3.11/site-packages/airflow/example_dags/example_bash_decorator.py for tasks to queue
[2025-03-24T16:52:30.869-0700] {logging_mixin.py:190} INFO - [2025-03-24T16:52:30.869-0700] {dagbag.py:588} INFO - Filling up the DagBag from /Users/jingwenxu/anaconda3/lib/python3.11/site-packages/airflow/example_dags/example_bash_decorator.py
[2025-03-24T16:52:30.891-0700] {processor.py:925} INFO - DAG(s) 'example_bash_decorator' retrieved from /Users/jingwenxu/anaconda3/lib/python3.11/site-packages/airflow/example_dags/example_bash_decorator.py
[2025-03-24T16:52:30.974-0700] {logging_mixin.py:190} INFO - [2025-03-24T16:52:30.974-0700] {dag.py:3239} INFO - Sync 1 DAGs
[2025-03-24T16:52:30.978-0700] {logging_mixin.py:190} INFO - [2025-03-24T16:52:30.978-0700] {dag.py:4180} INFO - Setting next_dagrun for example_bash_decorator to None, run_after=None
[2025-03-24T16:52:30.987-0700] {processor.py:208} INFO - Processing /Users/jingwenxu/anaconda3/lib/python3.11/site-packages/airflow/example_dags/example_bash_decorator.py took 0.123 seconds
