[2025-03-24T16:34:57.940-0700] {processor.py:186} INFO - Started process (PID=2931) to work on /Users/jingwenxu/anaconda3/lib/python3.11/site-packages/airflow/example_dags/example_python_decorator.py
[2025-03-24T16:34:57.941-0700] {processor.py:914} INFO - Processing file /Users/jingwenxu/anaconda3/lib/python3.11/site-packages/airflow/example_dags/example_python_decorator.py for tasks to queue
[2025-03-24T16:34:57.941-0700] {logging_mixin.py:190} INFO - [2025-03-24T16:34:57.941-0700] {dagbag.py:588} INFO - Filling up the DagBag from /Users/jingwenxu/anaconda3/lib/python3.11/site-packages/airflow/example_dags/example_python_decorator.py
[2025-03-24T16:34:57.962-0700] {processor.py:925} INFO - DAG(s) 'example_python_decorator' retrieved from /Users/jingwenxu/anaconda3/lib/python3.11/site-packages/airflow/example_dags/example_python_decorator.py
[2025-03-24T16:34:58.054-0700] {logging_mixin.py:190} INFO - [2025-03-24T16:34:58.054-0700] {override.py:1930} INFO - Created Permission View: can read on DAG:example_python_decorator
[2025-03-24T16:34:58.058-0700] {logging_mixin.py:190} INFO - [2025-03-24T16:34:58.058-0700] {override.py:1930} INFO - Created Permission View: can edit on DAG:example_python_decorator
[2025-03-24T16:34:58.061-0700] {logging_mixin.py:190} INFO - [2025-03-24T16:34:58.061-0700] {override.py:1930} INFO - Created Permission View: can delete on DAG:example_python_decorator
[2025-03-24T16:34:58.065-0700] {logging_mixin.py:190} INFO - [2025-03-24T16:34:58.065-0700] {override.py:1930} INFO - Created Permission View: can read on DAG Run:example_python_decorator
[2025-03-24T16:34:58.068-0700] {logging_mixin.py:190} INFO - [2025-03-24T16:34:58.068-0700] {override.py:1930} INFO - Created Permission View: can delete on DAG Run:example_python_decorator
[2025-03-24T16:34:58.070-0700] {logging_mixin.py:190} INFO - [2025-03-24T16:34:58.070-0700] {override.py:1930} INFO - Created Permission View: can create on DAG Run:example_python_decorator
[2025-03-24T16:34:58.073-0700] {logging_mixin.py:190} INFO - [2025-03-24T16:34:58.073-0700] {override.py:1930} INFO - Created Permission View: menu access on DAG Run:example_python_decorator
[2025-03-24T16:34:58.073-0700] {logging_mixin.py:190} INFO - [2025-03-24T16:34:58.073-0700] {dag.py:3239} INFO - Sync 1 DAGs
[2025-03-24T16:34:58.078-0700] {logging_mixin.py:190} INFO - [2025-03-24T16:34:58.078-0700] {dag.py:3262} INFO - Creating ORM DAG for example_python_decorator
[2025-03-24T16:34:58.078-0700] {logging_mixin.py:190} INFO - [2025-03-24T16:34:58.078-0700] {dag.py:4180} INFO - Setting next_dagrun for example_python_decorator to None, run_after=None
[2025-03-24T16:34:58.086-0700] {processor.py:208} INFO - Processing /Users/jingwenxu/anaconda3/lib/python3.11/site-packages/airflow/example_dags/example_python_decorator.py took 0.148 seconds
[2025-03-24T16:37:10.354-0700] {processor.py:186} INFO - Started process (PID=3416) to work on /Users/jingwenxu/anaconda3/lib/python3.11/site-packages/airflow/example_dags/example_python_decorator.py
[2025-03-24T16:37:10.356-0700] {processor.py:914} INFO - Processing file /Users/jingwenxu/anaconda3/lib/python3.11/site-packages/airflow/example_dags/example_python_decorator.py for tasks to queue
[2025-03-24T16:37:10.357-0700] {logging_mixin.py:190} INFO - [2025-03-24T16:37:10.357-0700] {dagbag.py:588} INFO - Filling up the DagBag from /Users/jingwenxu/anaconda3/lib/python3.11/site-packages/airflow/example_dags/example_python_decorator.py
[2025-03-24T16:37:10.378-0700] {processor.py:925} INFO - DAG(s) 'example_python_decorator' retrieved from /Users/jingwenxu/anaconda3/lib/python3.11/site-packages/airflow/example_dags/example_python_decorator.py
[2025-03-24T16:37:10.462-0700] {logging_mixin.py:190} INFO - [2025-03-24T16:37:10.461-0700] {dag.py:3239} INFO - Sync 1 DAGs
[2025-03-24T16:37:10.466-0700] {logging_mixin.py:190} INFO - [2025-03-24T16:37:10.466-0700] {dag.py:4180} INFO - Setting next_dagrun for example_python_decorator to None, run_after=None
[2025-03-24T16:37:10.475-0700] {processor.py:208} INFO - Processing /Users/jingwenxu/anaconda3/lib/python3.11/site-packages/airflow/example_dags/example_python_decorator.py took 0.123 seconds
[2025-03-24T16:38:49.781-0700] {processor.py:186} INFO - Started process (PID=3766) to work on /Users/jingwenxu/anaconda3/lib/python3.11/site-packages/airflow/example_dags/example_python_decorator.py
[2025-03-24T16:38:49.783-0700] {processor.py:914} INFO - Processing file /Users/jingwenxu/anaconda3/lib/python3.11/site-packages/airflow/example_dags/example_python_decorator.py for tasks to queue
[2025-03-24T16:38:49.784-0700] {logging_mixin.py:190} INFO - [2025-03-24T16:38:49.784-0700] {dagbag.py:588} INFO - Filling up the DagBag from /Users/jingwenxu/anaconda3/lib/python3.11/site-packages/airflow/example_dags/example_python_decorator.py
[2025-03-24T16:38:49.808-0700] {processor.py:925} INFO - DAG(s) 'example_python_decorator' retrieved from /Users/jingwenxu/anaconda3/lib/python3.11/site-packages/airflow/example_dags/example_python_decorator.py
[2025-03-24T16:38:49.901-0700] {logging_mixin.py:190} INFO - [2025-03-24T16:38:49.901-0700] {dag.py:3239} INFO - Sync 1 DAGs
[2025-03-24T16:38:49.906-0700] {logging_mixin.py:190} INFO - [2025-03-24T16:38:49.906-0700] {dag.py:4180} INFO - Setting next_dagrun for example_python_decorator to None, run_after=None
[2025-03-24T16:38:49.916-0700] {processor.py:208} INFO - Processing /Users/jingwenxu/anaconda3/lib/python3.11/site-packages/airflow/example_dags/example_python_decorator.py took 0.136 seconds
[2025-03-24T16:42:03.294-0700] {processor.py:186} INFO - Started process (PID=4485) to work on /Users/jingwenxu/anaconda3/lib/python3.11/site-packages/airflow/example_dags/example_python_decorator.py
[2025-03-24T16:42:03.296-0700] {processor.py:914} INFO - Processing file /Users/jingwenxu/anaconda3/lib/python3.11/site-packages/airflow/example_dags/example_python_decorator.py for tasks to queue
[2025-03-24T16:42:03.296-0700] {logging_mixin.py:190} INFO - [2025-03-24T16:42:03.296-0700] {dagbag.py:588} INFO - Filling up the DagBag from /Users/jingwenxu/anaconda3/lib/python3.11/site-packages/airflow/example_dags/example_python_decorator.py
[2025-03-24T16:42:03.317-0700] {processor.py:925} INFO - DAG(s) 'example_python_decorator' retrieved from /Users/jingwenxu/anaconda3/lib/python3.11/site-packages/airflow/example_dags/example_python_decorator.py
[2025-03-24T16:42:03.407-0700] {logging_mixin.py:190} INFO - [2025-03-24T16:42:03.405-0700] {dag.py:3239} INFO - Sync 1 DAGs
[2025-03-24T16:42:03.413-0700] {logging_mixin.py:190} INFO - [2025-03-24T16:42:03.413-0700] {dag.py:4180} INFO - Setting next_dagrun for example_python_decorator to None, run_after=None
[2025-03-24T16:42:03.423-0700] {processor.py:208} INFO - Processing /Users/jingwenxu/anaconda3/lib/python3.11/site-packages/airflow/example_dags/example_python_decorator.py took 0.131 seconds
[2025-03-24T16:45:23.316-0700] {processor.py:186} INFO - Started process (PID=5156) to work on /Users/jingwenxu/anaconda3/lib/python3.11/site-packages/airflow/example_dags/example_python_decorator.py
[2025-03-24T16:45:23.317-0700] {processor.py:914} INFO - Processing file /Users/jingwenxu/anaconda3/lib/python3.11/site-packages/airflow/example_dags/example_python_decorator.py for tasks to queue
[2025-03-24T16:45:23.318-0700] {logging_mixin.py:190} INFO - [2025-03-24T16:45:23.318-0700] {dagbag.py:588} INFO - Filling up the DagBag from /Users/jingwenxu/anaconda3/lib/python3.11/site-packages/airflow/example_dags/example_python_decorator.py
[2025-03-24T16:45:23.339-0700] {processor.py:925} INFO - DAG(s) 'example_python_decorator' retrieved from /Users/jingwenxu/anaconda3/lib/python3.11/site-packages/airflow/example_dags/example_python_decorator.py
[2025-03-24T16:45:23.421-0700] {logging_mixin.py:190} INFO - [2025-03-24T16:45:23.421-0700] {dag.py:3239} INFO - Sync 1 DAGs
[2025-03-24T16:45:23.425-0700] {logging_mixin.py:190} INFO - [2025-03-24T16:45:23.425-0700] {dag.py:4180} INFO - Setting next_dagrun for example_python_decorator to None, run_after=None
[2025-03-24T16:45:23.434-0700] {processor.py:208} INFO - Processing /Users/jingwenxu/anaconda3/lib/python3.11/site-packages/airflow/example_dags/example_python_decorator.py took 0.120 seconds
[2025-03-24T16:47:02.923-0700] {processor.py:186} INFO - Started process (PID=5513) to work on /Users/jingwenxu/anaconda3/lib/python3.11/site-packages/airflow/example_dags/example_python_decorator.py
[2025-03-24T16:47:02.925-0700] {processor.py:914} INFO - Processing file /Users/jingwenxu/anaconda3/lib/python3.11/site-packages/airflow/example_dags/example_python_decorator.py for tasks to queue
[2025-03-24T16:47:02.925-0700] {logging_mixin.py:190} INFO - [2025-03-24T16:47:02.925-0700] {dagbag.py:588} INFO - Filling up the DagBag from /Users/jingwenxu/anaconda3/lib/python3.11/site-packages/airflow/example_dags/example_python_decorator.py
[2025-03-24T16:47:02.949-0700] {processor.py:925} INFO - DAG(s) 'example_python_decorator' retrieved from /Users/jingwenxu/anaconda3/lib/python3.11/site-packages/airflow/example_dags/example_python_decorator.py
[2025-03-24T16:47:03.033-0700] {logging_mixin.py:190} INFO - [2025-03-24T16:47:03.032-0700] {dag.py:3239} INFO - Sync 1 DAGs
[2025-03-24T16:47:03.037-0700] {logging_mixin.py:190} INFO - [2025-03-24T16:47:03.037-0700] {dag.py:4180} INFO - Setting next_dagrun for example_python_decorator to None, run_after=None
[2025-03-24T16:47:03.045-0700] {processor.py:208} INFO - Processing /Users/jingwenxu/anaconda3/lib/python3.11/site-packages/airflow/example_dags/example_python_decorator.py took 0.124 seconds
[2025-03-24T16:50:21.096-0700] {processor.py:186} INFO - Started process (PID=6219) to work on /Users/jingwenxu/anaconda3/lib/python3.11/site-packages/airflow/example_dags/example_python_decorator.py
[2025-03-24T16:50:21.098-0700] {processor.py:914} INFO - Processing file /Users/jingwenxu/anaconda3/lib/python3.11/site-packages/airflow/example_dags/example_python_decorator.py for tasks to queue
[2025-03-24T16:50:21.099-0700] {logging_mixin.py:190} INFO - [2025-03-24T16:50:21.098-0700] {dagbag.py:588} INFO - Filling up the DagBag from /Users/jingwenxu/anaconda3/lib/python3.11/site-packages/airflow/example_dags/example_python_decorator.py
[2025-03-24T16:50:21.120-0700] {processor.py:925} INFO - DAG(s) 'example_python_decorator' retrieved from /Users/jingwenxu/anaconda3/lib/python3.11/site-packages/airflow/example_dags/example_python_decorator.py
[2025-03-24T16:50:21.211-0700] {logging_mixin.py:190} INFO - [2025-03-24T16:50:21.211-0700] {dag.py:3239} INFO - Sync 1 DAGs
[2025-03-24T16:50:21.216-0700] {logging_mixin.py:190} INFO - [2025-03-24T16:50:21.216-0700] {dag.py:4180} INFO - Setting next_dagrun for example_python_decorator to None, run_after=None
[2025-03-24T16:50:21.226-0700] {processor.py:208} INFO - Processing /Users/jingwenxu/anaconda3/lib/python3.11/site-packages/airflow/example_dags/example_python_decorator.py took 0.131 seconds
[2025-03-24T16:52:03.021-0700] {processor.py:186} INFO - Started process (PID=6553) to work on /Users/jingwenxu/anaconda3/lib/python3.11/site-packages/airflow/example_dags/example_python_decorator.py
[2025-03-24T16:52:03.023-0700] {processor.py:914} INFO - Processing file /Users/jingwenxu/anaconda3/lib/python3.11/site-packages/airflow/example_dags/example_python_decorator.py for tasks to queue
[2025-03-24T16:52:03.024-0700] {logging_mixin.py:190} INFO - [2025-03-24T16:52:03.024-0700] {dagbag.py:588} INFO - Filling up the DagBag from /Users/jingwenxu/anaconda3/lib/python3.11/site-packages/airflow/example_dags/example_python_decorator.py
[2025-03-24T16:52:03.047-0700] {processor.py:925} INFO - DAG(s) 'example_python_decorator' retrieved from /Users/jingwenxu/anaconda3/lib/python3.11/site-packages/airflow/example_dags/example_python_decorator.py
[2025-03-24T16:52:03.141-0700] {logging_mixin.py:190} INFO - [2025-03-24T16:52:03.141-0700] {dag.py:3239} INFO - Sync 1 DAGs
[2025-03-24T16:52:03.146-0700] {logging_mixin.py:190} INFO - [2025-03-24T16:52:03.146-0700] {dag.py:4180} INFO - Setting next_dagrun for example_python_decorator to None, run_after=None
[2025-03-24T16:52:03.156-0700] {processor.py:208} INFO - Processing /Users/jingwenxu/anaconda3/lib/python3.11/site-packages/airflow/example_dags/example_python_decorator.py took 0.137 seconds
