[2025-03-24T16:35:55.356-0700] {processor.py:186} INFO - Started process (PID=3147) to work on /Users/jingwenxu/anaconda3/lib/python3.11/site-packages/airflow/example_dags/example_branch_day_of_week_operator.py
[2025-03-24T16:35:55.356-0700] {processor.py:914} INFO - Processing file /Users/jingwenxu/anaconda3/lib/python3.11/site-packages/airflow/example_dags/example_branch_day_of_week_operator.py for tasks to queue
[2025-03-24T16:35:55.357-0700] {logging_mixin.py:190} INFO - [2025-03-24T16:35:55.357-0700] {dagbag.py:588} INFO - Filling up the DagBag from /Users/jingwenxu/anaconda3/lib/python3.11/site-packages/airflow/example_dags/example_branch_day_of_week_operator.py
[2025-03-24T16:35:55.364-0700] {processor.py:925} INFO - DAG(s) 'example_weekday_branch_operator' retrieved from /Users/jingwenxu/anaconda3/lib/python3.11/site-packages/airflow/example_dags/example_branch_day_of_week_operator.py
[2025-03-24T16:35:55.448-0700] {logging_mixin.py:190} INFO - [2025-03-24T16:35:55.448-0700] {override.py:1930} INFO - Created Permission View: can read on DAG:example_weekday_branch_operator
[2025-03-24T16:35:55.452-0700] {logging_mixin.py:190} INFO - [2025-03-24T16:35:55.452-0700] {override.py:1930} INFO - Created Permission View: can edit on DAG:example_weekday_branch_operator
[2025-03-24T16:35:55.455-0700] {logging_mixin.py:190} INFO - [2025-03-24T16:35:55.455-0700] {override.py:1930} INFO - Created Permission View: can delete on DAG:example_weekday_branch_operator
[2025-03-24T16:35:55.458-0700] {logging_mixin.py:190} INFO - [2025-03-24T16:35:55.458-0700] {override.py:1930} INFO - Created Permission View: can read on DAG Run:example_weekday_branch_operator
[2025-03-24T16:35:55.461-0700] {logging_mixin.py:190} INFO - [2025-03-24T16:35:55.460-0700] {override.py:1930} INFO - Created Permission View: menu access on DAG Run:example_weekday_branch_operator
[2025-03-24T16:35:55.463-0700] {logging_mixin.py:190} INFO - [2025-03-24T16:35:55.463-0700] {override.py:1930} INFO - Created Permission View: can delete on DAG Run:example_weekday_branch_operator
[2025-03-24T16:35:55.465-0700] {logging_mixin.py:190} INFO - [2025-03-24T16:35:55.465-0700] {override.py:1930} INFO - Created Permission View: can create on DAG Run:example_weekday_branch_operator
[2025-03-24T16:35:55.465-0700] {logging_mixin.py:190} INFO - [2025-03-24T16:35:55.465-0700] {dag.py:3239} INFO - Sync 1 DAGs
[2025-03-24T16:35:55.470-0700] {logging_mixin.py:190} INFO - [2025-03-24T16:35:55.470-0700] {dag.py:3262} INFO - Creating ORM DAG for example_weekday_branch_operator
[2025-03-24T16:35:55.474-0700] {logging_mixin.py:190} INFO - [2025-03-24T16:35:55.474-0700] {dag.py:4180} INFO - Setting next_dagrun for example_weekday_branch_operator to 2025-03-23 00:00:00+00:00, run_after=2025-03-24 00:00:00+00:00
[2025-03-24T16:35:55.481-0700] {processor.py:208} INFO - Processing /Users/jingwenxu/anaconda3/lib/python3.11/site-packages/airflow/example_dags/example_branch_day_of_week_operator.py took 0.128 seconds
[2025-03-24T16:39:10.811-0700] {processor.py:186} INFO - Started process (PID=3836) to work on /Users/jingwenxu/anaconda3/lib/python3.11/site-packages/airflow/example_dags/example_branch_day_of_week_operator.py
[2025-03-24T16:39:10.813-0700] {processor.py:914} INFO - Processing file /Users/jingwenxu/anaconda3/lib/python3.11/site-packages/airflow/example_dags/example_branch_day_of_week_operator.py for tasks to queue
[2025-03-24T16:39:10.814-0700] {logging_mixin.py:190} INFO - [2025-03-24T16:39:10.813-0700] {dagbag.py:588} INFO - Filling up the DagBag from /Users/jingwenxu/anaconda3/lib/python3.11/site-packages/airflow/example_dags/example_branch_day_of_week_operator.py
[2025-03-24T16:39:10.820-0700] {processor.py:925} INFO - DAG(s) 'example_weekday_branch_operator' retrieved from /Users/jingwenxu/anaconda3/lib/python3.11/site-packages/airflow/example_dags/example_branch_day_of_week_operator.py
[2025-03-24T16:39:10.864-0700] {logging_mixin.py:190} INFO - [2025-03-24T16:39:10.863-0700] {dag.py:3239} INFO - Sync 1 DAGs
[2025-03-24T16:39:10.872-0700] {logging_mixin.py:190} INFO - [2025-03-24T16:39:10.872-0700] {dag.py:4180} INFO - Setting next_dagrun for example_weekday_branch_operator to 2025-03-23 00:00:00+00:00, run_after=2025-03-24 00:00:00+00:00
[2025-03-24T16:39:10.881-0700] {processor.py:208} INFO - Processing /Users/jingwenxu/anaconda3/lib/python3.11/site-packages/airflow/example_dags/example_branch_day_of_week_operator.py took 0.072 seconds
[2025-03-24T16:42:25.198-0700] {processor.py:186} INFO - Started process (PID=4558) to work on /Users/jingwenxu/anaconda3/lib/python3.11/site-packages/airflow/example_dags/example_branch_day_of_week_operator.py
[2025-03-24T16:42:25.199-0700] {processor.py:914} INFO - Processing file /Users/jingwenxu/anaconda3/lib/python3.11/site-packages/airflow/example_dags/example_branch_day_of_week_operator.py for tasks to queue
[2025-03-24T16:42:25.200-0700] {logging_mixin.py:190} INFO - [2025-03-24T16:42:25.200-0700] {dagbag.py:588} INFO - Filling up the DagBag from /Users/jingwenxu/anaconda3/lib/python3.11/site-packages/airflow/example_dags/example_branch_day_of_week_operator.py
[2025-03-24T16:42:25.207-0700] {processor.py:925} INFO - DAG(s) 'example_weekday_branch_operator' retrieved from /Users/jingwenxu/anaconda3/lib/python3.11/site-packages/airflow/example_dags/example_branch_day_of_week_operator.py
[2025-03-24T16:42:25.250-0700] {logging_mixin.py:190} INFO - [2025-03-24T16:42:25.250-0700] {dag.py:3239} INFO - Sync 1 DAGs
[2025-03-24T16:42:25.258-0700] {logging_mixin.py:190} INFO - [2025-03-24T16:42:25.258-0700] {dag.py:4180} INFO - Setting next_dagrun for example_weekday_branch_operator to 2025-03-23 00:00:00+00:00, run_after=2025-03-24 00:00:00+00:00
[2025-03-24T16:42:25.266-0700] {processor.py:208} INFO - Processing /Users/jingwenxu/anaconda3/lib/python3.11/site-packages/airflow/example_dags/example_branch_day_of_week_operator.py took 0.070 seconds
[2025-03-24T16:45:48.476-0700] {processor.py:186} INFO - Started process (PID=5253) to work on /Users/jingwenxu/anaconda3/lib/python3.11/site-packages/airflow/example_dags/example_branch_day_of_week_operator.py
[2025-03-24T16:45:48.477-0700] {processor.py:914} INFO - Processing file /Users/jingwenxu/anaconda3/lib/python3.11/site-packages/airflow/example_dags/example_branch_day_of_week_operator.py for tasks to queue
[2025-03-24T16:45:48.478-0700] {logging_mixin.py:190} INFO - [2025-03-24T16:45:48.478-0700] {dagbag.py:588} INFO - Filling up the DagBag from /Users/jingwenxu/anaconda3/lib/python3.11/site-packages/airflow/example_dags/example_branch_day_of_week_operator.py
[2025-03-24T16:45:48.485-0700] {processor.py:925} INFO - DAG(s) 'example_weekday_branch_operator' retrieved from /Users/jingwenxu/anaconda3/lib/python3.11/site-packages/airflow/example_dags/example_branch_day_of_week_operator.py
[2025-03-24T16:45:48.531-0700] {logging_mixin.py:190} INFO - [2025-03-24T16:45:48.531-0700] {dag.py:3239} INFO - Sync 1 DAGs
[2025-03-24T16:45:48.539-0700] {logging_mixin.py:190} INFO - [2025-03-24T16:45:48.539-0700] {dag.py:4180} INFO - Setting next_dagrun for example_weekday_branch_operator to 2025-03-23 00:00:00+00:00, run_after=2025-03-24 00:00:00+00:00
[2025-03-24T16:45:48.547-0700] {processor.py:208} INFO - Processing /Users/jingwenxu/anaconda3/lib/python3.11/site-packages/airflow/example_dags/example_branch_day_of_week_operator.py took 0.073 seconds
[2025-03-24T16:49:05.228-0700] {processor.py:186} INFO - Started process (PID=5938) to work on /Users/jingwenxu/anaconda3/lib/python3.11/site-packages/airflow/example_dags/example_branch_day_of_week_operator.py
[2025-03-24T16:49:05.229-0700] {processor.py:914} INFO - Processing file /Users/jingwenxu/anaconda3/lib/python3.11/site-packages/airflow/example_dags/example_branch_day_of_week_operator.py for tasks to queue
[2025-03-24T16:49:05.229-0700] {logging_mixin.py:190} INFO - [2025-03-24T16:49:05.229-0700] {dagbag.py:588} INFO - Filling up the DagBag from /Users/jingwenxu/anaconda3/lib/python3.11/site-packages/airflow/example_dags/example_branch_day_of_week_operator.py
[2025-03-24T16:49:05.237-0700] {processor.py:925} INFO - DAG(s) 'example_weekday_branch_operator' retrieved from /Users/jingwenxu/anaconda3/lib/python3.11/site-packages/airflow/example_dags/example_branch_day_of_week_operator.py
[2025-03-24T16:49:05.283-0700] {logging_mixin.py:190} INFO - [2025-03-24T16:49:05.283-0700] {dag.py:3239} INFO - Sync 1 DAGs
[2025-03-24T16:49:05.292-0700] {logging_mixin.py:190} INFO - [2025-03-24T16:49:05.292-0700] {dag.py:4180} INFO - Setting next_dagrun for example_weekday_branch_operator to 2025-03-23 00:00:00+00:00, run_after=2025-03-24 00:00:00+00:00
[2025-03-24T16:49:05.301-0700] {processor.py:208} INFO - Processing /Users/jingwenxu/anaconda3/lib/python3.11/site-packages/airflow/example_dags/example_branch_day_of_week_operator.py took 0.075 seconds
[2025-03-24T16:52:24.944-0700] {processor.py:186} INFO - Started process (PID=6623) to work on /Users/jingwenxu/anaconda3/lib/python3.11/site-packages/airflow/example_dags/example_branch_day_of_week_operator.py
[2025-03-24T16:52:24.945-0700] {processor.py:914} INFO - Processing file /Users/jingwenxu/anaconda3/lib/python3.11/site-packages/airflow/example_dags/example_branch_day_of_week_operator.py for tasks to queue
[2025-03-24T16:52:24.946-0700] {logging_mixin.py:190} INFO - [2025-03-24T16:52:24.946-0700] {dagbag.py:588} INFO - Filling up the DagBag from /Users/jingwenxu/anaconda3/lib/python3.11/site-packages/airflow/example_dags/example_branch_day_of_week_operator.py
[2025-03-24T16:52:24.951-0700] {processor.py:925} INFO - DAG(s) 'example_weekday_branch_operator' retrieved from /Users/jingwenxu/anaconda3/lib/python3.11/site-packages/airflow/example_dags/example_branch_day_of_week_operator.py
[2025-03-24T16:52:24.995-0700] {logging_mixin.py:190} INFO - [2025-03-24T16:52:24.995-0700] {dag.py:3239} INFO - Sync 1 DAGs
[2025-03-24T16:52:25.004-0700] {logging_mixin.py:190} INFO - [2025-03-24T16:52:25.004-0700] {dag.py:4180} INFO - Setting next_dagrun for example_weekday_branch_operator to 2025-03-23 00:00:00+00:00, run_after=2025-03-24 00:00:00+00:00
[2025-03-24T16:52:25.012-0700] {processor.py:208} INFO - Processing /Users/jingwenxu/anaconda3/lib/python3.11/site-packages/airflow/example_dags/example_branch_day_of_week_operator.py took 0.070 seconds
