[2025-03-24T16:34:52.584-0700] {processor.py:186} INFO - Started process (PID=2917) to work on /Users/jingwenxu/anaconda3/lib/python3.11/site-packages/airflow/example_dags/example_sensor_decorator.py
[2025-03-24T16:34:52.584-0700] {processor.py:914} INFO - Processing file /Users/jingwenxu/anaconda3/lib/python3.11/site-packages/airflow/example_dags/example_sensor_decorator.py for tasks to queue
[2025-03-24T16:34:52.585-0700] {logging_mixin.py:190} INFO - [2025-03-24T16:34:52.585-0700] {dagbag.py:588} INFO - Filling up the DagBag from /Users/jingwenxu/anaconda3/lib/python3.11/site-packages/airflow/example_dags/example_sensor_decorator.py
[2025-03-24T16:34:52.605-0700] {processor.py:925} INFO - DAG(s) 'example_sensor_decorator' retrieved from /Users/jingwenxu/anaconda3/lib/python3.11/site-packages/airflow/example_dags/example_sensor_decorator.py
[2025-03-24T16:34:52.857-0700] {logging_mixin.py:190} INFO - [2025-03-24T16:34:52.857-0700] {utils.py:161} INFO - NumExpr defaulting to 10 threads.
[2025-03-24T16:34:53.041-0700] {logging_mixin.py:190} INFO - [2025-03-24T16:34:53.041-0700] {override.py:1930} INFO - Created Permission View: can edit on DAG:example_sensor_decorator
[2025-03-24T16:34:53.045-0700] {logging_mixin.py:190} INFO - [2025-03-24T16:34:53.045-0700] {override.py:1930} INFO - Created Permission View: can delete on DAG:example_sensor_decorator
[2025-03-24T16:34:53.047-0700] {logging_mixin.py:190} INFO - [2025-03-24T16:34:53.047-0700] {override.py:1930} INFO - Created Permission View: can read on DAG:example_sensor_decorator
[2025-03-24T16:34:53.051-0700] {logging_mixin.py:190} INFO - [2025-03-24T16:34:53.051-0700] {override.py:1930} INFO - Created Permission View: can create on DAG Run:example_sensor_decorator
[2025-03-24T16:34:53.053-0700] {logging_mixin.py:190} INFO - [2025-03-24T16:34:53.053-0700] {override.py:1930} INFO - Created Permission View: can delete on DAG Run:example_sensor_decorator
[2025-03-24T16:34:53.055-0700] {logging_mixin.py:190} INFO - [2025-03-24T16:34:53.055-0700] {override.py:1930} INFO - Created Permission View: can read on DAG Run:example_sensor_decorator
[2025-03-24T16:34:53.058-0700] {logging_mixin.py:190} INFO - [2025-03-24T16:34:53.058-0700] {override.py:1930} INFO - Created Permission View: menu access on DAG Run:example_sensor_decorator
[2025-03-24T16:34:53.058-0700] {logging_mixin.py:190} INFO - [2025-03-24T16:34:53.058-0700] {dag.py:3239} INFO - Sync 1 DAGs
[2025-03-24T16:34:53.063-0700] {logging_mixin.py:190} INFO - [2025-03-24T16:34:53.063-0700] {dag.py:3262} INFO - Creating ORM DAG for example_sensor_decorator
[2025-03-24T16:34:53.063-0700] {logging_mixin.py:190} INFO - [2025-03-24T16:34:53.063-0700] {dag.py:4180} INFO - Setting next_dagrun for example_sensor_decorator to None, run_after=None
[2025-03-24T16:34:53.070-0700] {processor.py:208} INFO - Processing /Users/jingwenxu/anaconda3/lib/python3.11/site-packages/airflow/example_dags/example_sensor_decorator.py took 0.489 seconds
[2025-03-24T16:37:05.158-0700] {processor.py:186} INFO - Started process (PID=3397) to work on /Users/jingwenxu/anaconda3/lib/python3.11/site-packages/airflow/example_dags/example_sensor_decorator.py
[2025-03-24T16:37:05.159-0700] {processor.py:914} INFO - Processing file /Users/jingwenxu/anaconda3/lib/python3.11/site-packages/airflow/example_dags/example_sensor_decorator.py for tasks to queue
[2025-03-24T16:37:05.160-0700] {logging_mixin.py:190} INFO - [2025-03-24T16:37:05.160-0700] {dagbag.py:588} INFO - Filling up the DagBag from /Users/jingwenxu/anaconda3/lib/python3.11/site-packages/airflow/example_dags/example_sensor_decorator.py
[2025-03-24T16:37:05.180-0700] {processor.py:925} INFO - DAG(s) 'example_sensor_decorator' retrieved from /Users/jingwenxu/anaconda3/lib/python3.11/site-packages/airflow/example_dags/example_sensor_decorator.py
[2025-03-24T16:37:05.417-0700] {logging_mixin.py:190} INFO - [2025-03-24T16:37:05.417-0700] {utils.py:161} INFO - NumExpr defaulting to 10 threads.
[2025-03-24T16:37:05.557-0700] {logging_mixin.py:190} INFO - [2025-03-24T16:37:05.557-0700] {dag.py:3239} INFO - Sync 1 DAGs
[2025-03-24T16:37:05.562-0700] {logging_mixin.py:190} INFO - [2025-03-24T16:37:05.562-0700] {dag.py:4180} INFO - Setting next_dagrun for example_sensor_decorator to None, run_after=None
[2025-03-24T16:37:05.571-0700] {processor.py:208} INFO - Processing /Users/jingwenxu/anaconda3/lib/python3.11/site-packages/airflow/example_dags/example_sensor_decorator.py took 0.414 seconds
[2025-03-24T16:38:44.586-0700] {processor.py:186} INFO - Started process (PID=3752) to work on /Users/jingwenxu/anaconda3/lib/python3.11/site-packages/airflow/example_dags/example_sensor_decorator.py
[2025-03-24T16:38:44.587-0700] {processor.py:914} INFO - Processing file /Users/jingwenxu/anaconda3/lib/python3.11/site-packages/airflow/example_dags/example_sensor_decorator.py for tasks to queue
[2025-03-24T16:38:44.588-0700] {logging_mixin.py:190} INFO - [2025-03-24T16:38:44.588-0700] {dagbag.py:588} INFO - Filling up the DagBag from /Users/jingwenxu/anaconda3/lib/python3.11/site-packages/airflow/example_dags/example_sensor_decorator.py
[2025-03-24T16:38:44.607-0700] {processor.py:925} INFO - DAG(s) 'example_sensor_decorator' retrieved from /Users/jingwenxu/anaconda3/lib/python3.11/site-packages/airflow/example_dags/example_sensor_decorator.py
[2025-03-24T16:38:44.867-0700] {logging_mixin.py:190} INFO - [2025-03-24T16:38:44.867-0700] {utils.py:161} INFO - NumExpr defaulting to 10 threads.
[2025-03-24T16:38:44.997-0700] {logging_mixin.py:190} INFO - [2025-03-24T16:38:44.996-0700] {dag.py:3239} INFO - Sync 1 DAGs
[2025-03-24T16:38:45.001-0700] {logging_mixin.py:190} INFO - [2025-03-24T16:38:45.001-0700] {dag.py:4180} INFO - Setting next_dagrun for example_sensor_decorator to None, run_after=None
[2025-03-24T16:38:45.011-0700] {processor.py:208} INFO - Processing /Users/jingwenxu/anaconda3/lib/python3.11/site-packages/airflow/example_dags/example_sensor_decorator.py took 0.427 seconds
[2025-03-24T16:40:21.055-0700] {processor.py:186} INFO - Started process (PID=4134) to work on /Users/jingwenxu/anaconda3/lib/python3.11/site-packages/airflow/example_dags/example_sensor_decorator.py
[2025-03-24T16:40:21.056-0700] {processor.py:914} INFO - Processing file /Users/jingwenxu/anaconda3/lib/python3.11/site-packages/airflow/example_dags/example_sensor_decorator.py for tasks to queue
[2025-03-24T16:40:21.057-0700] {logging_mixin.py:190} INFO - [2025-03-24T16:40:21.057-0700] {dagbag.py:588} INFO - Filling up the DagBag from /Users/jingwenxu/anaconda3/lib/python3.11/site-packages/airflow/example_dags/example_sensor_decorator.py
[2025-03-24T16:40:21.076-0700] {processor.py:925} INFO - DAG(s) 'example_sensor_decorator' retrieved from /Users/jingwenxu/anaconda3/lib/python3.11/site-packages/airflow/example_dags/example_sensor_decorator.py
[2025-03-24T16:40:21.330-0700] {logging_mixin.py:190} INFO - [2025-03-24T16:40:21.329-0700] {utils.py:161} INFO - NumExpr defaulting to 10 threads.
[2025-03-24T16:40:21.470-0700] {logging_mixin.py:190} INFO - [2025-03-24T16:40:21.470-0700] {dag.py:3239} INFO - Sync 1 DAGs
[2025-03-24T16:40:21.475-0700] {logging_mixin.py:190} INFO - [2025-03-24T16:40:21.475-0700] {dag.py:4180} INFO - Setting next_dagrun for example_sensor_decorator to None, run_after=None
[2025-03-24T16:40:21.483-0700] {processor.py:208} INFO - Processing /Users/jingwenxu/anaconda3/lib/python3.11/site-packages/airflow/example_dags/example_sensor_decorator.py took 0.430 seconds
[2025-03-24T16:41:58.673-0700] {processor.py:186} INFO - Started process (PID=4471) to work on /Users/jingwenxu/anaconda3/lib/python3.11/site-packages/airflow/example_dags/example_sensor_decorator.py
[2025-03-24T16:41:58.674-0700] {processor.py:914} INFO - Processing file /Users/jingwenxu/anaconda3/lib/python3.11/site-packages/airflow/example_dags/example_sensor_decorator.py for tasks to queue
[2025-03-24T16:41:58.675-0700] {logging_mixin.py:190} INFO - [2025-03-24T16:41:58.675-0700] {dagbag.py:588} INFO - Filling up the DagBag from /Users/jingwenxu/anaconda3/lib/python3.11/site-packages/airflow/example_dags/example_sensor_decorator.py
[2025-03-24T16:41:58.694-0700] {processor.py:925} INFO - DAG(s) 'example_sensor_decorator' retrieved from /Users/jingwenxu/anaconda3/lib/python3.11/site-packages/airflow/example_dags/example_sensor_decorator.py
[2025-03-24T16:41:58.988-0700] {logging_mixin.py:190} INFO - [2025-03-24T16:41:58.987-0700] {utils.py:161} INFO - NumExpr defaulting to 10 threads.
[2025-03-24T16:41:59.106-0700] {logging_mixin.py:190} INFO - [2025-03-24T16:41:59.106-0700] {dag.py:3239} INFO - Sync 1 DAGs
[2025-03-24T16:41:59.111-0700] {logging_mixin.py:190} INFO - [2025-03-24T16:41:59.111-0700] {dag.py:4180} INFO - Setting next_dagrun for example_sensor_decorator to None, run_after=None
[2025-03-24T16:41:59.120-0700] {processor.py:208} INFO - Processing /Users/jingwenxu/anaconda3/lib/python3.11/site-packages/airflow/example_dags/example_sensor_decorator.py took 0.450 seconds
[2025-03-24T16:43:39.870-0700] {processor.py:186} INFO - Started process (PID=4817) to work on /Users/jingwenxu/anaconda3/lib/python3.11/site-packages/airflow/example_dags/example_sensor_decorator.py
[2025-03-24T16:43:39.871-0700] {processor.py:914} INFO - Processing file /Users/jingwenxu/anaconda3/lib/python3.11/site-packages/airflow/example_dags/example_sensor_decorator.py for tasks to queue
[2025-03-24T16:43:39.872-0700] {logging_mixin.py:190} INFO - [2025-03-24T16:43:39.872-0700] {dagbag.py:588} INFO - Filling up the DagBag from /Users/jingwenxu/anaconda3/lib/python3.11/site-packages/airflow/example_dags/example_sensor_decorator.py
[2025-03-24T16:43:39.893-0700] {processor.py:925} INFO - DAG(s) 'example_sensor_decorator' retrieved from /Users/jingwenxu/anaconda3/lib/python3.11/site-packages/airflow/example_dags/example_sensor_decorator.py
[2025-03-24T16:43:40.165-0700] {logging_mixin.py:190} INFO - [2025-03-24T16:43:40.165-0700] {utils.py:161} INFO - NumExpr defaulting to 10 threads.
[2025-03-24T16:43:40.305-0700] {logging_mixin.py:190} INFO - [2025-03-24T16:43:40.305-0700] {dag.py:3239} INFO - Sync 1 DAGs
[2025-03-24T16:43:40.310-0700] {logging_mixin.py:190} INFO - [2025-03-24T16:43:40.310-0700] {dag.py:4180} INFO - Setting next_dagrun for example_sensor_decorator to None, run_after=None
[2025-03-24T16:43:40.320-0700] {processor.py:208} INFO - Processing /Users/jingwenxu/anaconda3/lib/python3.11/site-packages/airflow/example_dags/example_sensor_decorator.py took 0.452 seconds
[2025-03-24T16:45:18.712-0700] {processor.py:186} INFO - Started process (PID=5142) to work on /Users/jingwenxu/anaconda3/lib/python3.11/site-packages/airflow/example_dags/example_sensor_decorator.py
[2025-03-24T16:45:18.712-0700] {processor.py:914} INFO - Processing file /Users/jingwenxu/anaconda3/lib/python3.11/site-packages/airflow/example_dags/example_sensor_decorator.py for tasks to queue
[2025-03-24T16:45:18.713-0700] {logging_mixin.py:190} INFO - [2025-03-24T16:45:18.713-0700] {dagbag.py:588} INFO - Filling up the DagBag from /Users/jingwenxu/anaconda3/lib/python3.11/site-packages/airflow/example_dags/example_sensor_decorator.py
[2025-03-24T16:45:18.733-0700] {processor.py:925} INFO - DAG(s) 'example_sensor_decorator' retrieved from /Users/jingwenxu/anaconda3/lib/python3.11/site-packages/airflow/example_dags/example_sensor_decorator.py
[2025-03-24T16:45:18.993-0700] {logging_mixin.py:190} INFO - [2025-03-24T16:45:18.993-0700] {utils.py:161} INFO - NumExpr defaulting to 10 threads.
[2025-03-24T16:45:19.126-0700] {logging_mixin.py:190} INFO - [2025-03-24T16:45:19.126-0700] {dag.py:3239} INFO - Sync 1 DAGs
[2025-03-24T16:45:19.131-0700] {logging_mixin.py:190} INFO - [2025-03-24T16:45:19.131-0700] {dag.py:4180} INFO - Setting next_dagrun for example_sensor_decorator to None, run_after=None
[2025-03-24T16:45:19.140-0700] {processor.py:208} INFO - Processing /Users/jingwenxu/anaconda3/lib/python3.11/site-packages/airflow/example_dags/example_sensor_decorator.py took 0.430 seconds
[2025-03-24T16:46:58.187-0700] {processor.py:186} INFO - Started process (PID=5499) to work on /Users/jingwenxu/anaconda3/lib/python3.11/site-packages/airflow/example_dags/example_sensor_decorator.py
[2025-03-24T16:46:58.187-0700] {processor.py:914} INFO - Processing file /Users/jingwenxu/anaconda3/lib/python3.11/site-packages/airflow/example_dags/example_sensor_decorator.py for tasks to queue
[2025-03-24T16:46:58.188-0700] {logging_mixin.py:190} INFO - [2025-03-24T16:46:58.188-0700] {dagbag.py:588} INFO - Filling up the DagBag from /Users/jingwenxu/anaconda3/lib/python3.11/site-packages/airflow/example_dags/example_sensor_decorator.py
[2025-03-24T16:46:58.207-0700] {processor.py:925} INFO - DAG(s) 'example_sensor_decorator' retrieved from /Users/jingwenxu/anaconda3/lib/python3.11/site-packages/airflow/example_dags/example_sensor_decorator.py
[2025-03-24T16:46:58.456-0700] {logging_mixin.py:190} INFO - [2025-03-24T16:46:58.456-0700] {utils.py:161} INFO - NumExpr defaulting to 10 threads.
[2025-03-24T16:46:58.588-0700] {logging_mixin.py:190} INFO - [2025-03-24T16:46:58.588-0700] {dag.py:3239} INFO - Sync 1 DAGs
[2025-03-24T16:46:58.593-0700] {logging_mixin.py:190} INFO - [2025-03-24T16:46:58.593-0700] {dag.py:4180} INFO - Setting next_dagrun for example_sensor_decorator to None, run_after=None
[2025-03-24T16:46:58.601-0700] {processor.py:208} INFO - Processing /Users/jingwenxu/anaconda3/lib/python3.11/site-packages/airflow/example_dags/example_sensor_decorator.py took 0.416 seconds
[2025-03-24T16:48:37.382-0700] {processor.py:186} INFO - Started process (PID=5822) to work on /Users/jingwenxu/anaconda3/lib/python3.11/site-packages/airflow/example_dags/example_sensor_decorator.py
[2025-03-24T16:48:37.384-0700] {processor.py:914} INFO - Processing file /Users/jingwenxu/anaconda3/lib/python3.11/site-packages/airflow/example_dags/example_sensor_decorator.py for tasks to queue
[2025-03-24T16:48:37.385-0700] {logging_mixin.py:190} INFO - [2025-03-24T16:48:37.385-0700] {dagbag.py:588} INFO - Filling up the DagBag from /Users/jingwenxu/anaconda3/lib/python3.11/site-packages/airflow/example_dags/example_sensor_decorator.py
[2025-03-24T16:48:37.404-0700] {processor.py:925} INFO - DAG(s) 'example_sensor_decorator' retrieved from /Users/jingwenxu/anaconda3/lib/python3.11/site-packages/airflow/example_dags/example_sensor_decorator.py
[2025-03-24T16:48:37.659-0700] {logging_mixin.py:190} INFO - [2025-03-24T16:48:37.659-0700] {utils.py:161} INFO - NumExpr defaulting to 10 threads.
[2025-03-24T16:48:37.803-0700] {logging_mixin.py:190} INFO - [2025-03-24T16:48:37.802-0700] {dag.py:3239} INFO - Sync 1 DAGs
[2025-03-24T16:48:37.807-0700] {logging_mixin.py:190} INFO - [2025-03-24T16:48:37.807-0700] {dag.py:4180} INFO - Setting next_dagrun for example_sensor_decorator to None, run_after=None
[2025-03-24T16:48:37.816-0700] {processor.py:208} INFO - Processing /Users/jingwenxu/anaconda3/lib/python3.11/site-packages/airflow/example_dags/example_sensor_decorator.py took 0.435 seconds
[2025-03-24T16:50:16.285-0700] {processor.py:186} INFO - Started process (PID=6205) to work on /Users/jingwenxu/anaconda3/lib/python3.11/site-packages/airflow/example_dags/example_sensor_decorator.py
[2025-03-24T16:50:16.286-0700] {processor.py:914} INFO - Processing file /Users/jingwenxu/anaconda3/lib/python3.11/site-packages/airflow/example_dags/example_sensor_decorator.py for tasks to queue
[2025-03-24T16:50:16.286-0700] {logging_mixin.py:190} INFO - [2025-03-24T16:50:16.286-0700] {dagbag.py:588} INFO - Filling up the DagBag from /Users/jingwenxu/anaconda3/lib/python3.11/site-packages/airflow/example_dags/example_sensor_decorator.py
[2025-03-24T16:50:16.305-0700] {processor.py:925} INFO - DAG(s) 'example_sensor_decorator' retrieved from /Users/jingwenxu/anaconda3/lib/python3.11/site-packages/airflow/example_dags/example_sensor_decorator.py
[2025-03-24T16:50:16.549-0700] {logging_mixin.py:190} INFO - [2025-03-24T16:50:16.548-0700] {utils.py:161} INFO - NumExpr defaulting to 10 threads.
[2025-03-24T16:50:16.683-0700] {logging_mixin.py:190} INFO - [2025-03-24T16:50:16.683-0700] {dag.py:3239} INFO - Sync 1 DAGs
[2025-03-24T16:50:16.688-0700] {logging_mixin.py:190} INFO - [2025-03-24T16:50:16.688-0700] {dag.py:4180} INFO - Setting next_dagrun for example_sensor_decorator to None, run_after=None
[2025-03-24T16:50:16.697-0700] {processor.py:208} INFO - Processing /Users/jingwenxu/anaconda3/lib/python3.11/site-packages/airflow/example_dags/example_sensor_decorator.py took 0.414 seconds
[2025-03-24T16:51:57.969-0700] {processor.py:186} INFO - Started process (PID=6534) to work on /Users/jingwenxu/anaconda3/lib/python3.11/site-packages/airflow/example_dags/example_sensor_decorator.py
[2025-03-24T16:51:57.971-0700] {processor.py:914} INFO - Processing file /Users/jingwenxu/anaconda3/lib/python3.11/site-packages/airflow/example_dags/example_sensor_decorator.py for tasks to queue
[2025-03-24T16:51:57.971-0700] {logging_mixin.py:190} INFO - [2025-03-24T16:51:57.971-0700] {dagbag.py:588} INFO - Filling up the DagBag from /Users/jingwenxu/anaconda3/lib/python3.11/site-packages/airflow/example_dags/example_sensor_decorator.py
[2025-03-24T16:51:57.992-0700] {processor.py:925} INFO - DAG(s) 'example_sensor_decorator' retrieved from /Users/jingwenxu/anaconda3/lib/python3.11/site-packages/airflow/example_dags/example_sensor_decorator.py
[2025-03-24T16:51:58.258-0700] {logging_mixin.py:190} INFO - [2025-03-24T16:51:58.258-0700] {utils.py:161} INFO - NumExpr defaulting to 10 threads.
[2025-03-24T16:51:58.399-0700] {logging_mixin.py:190} INFO - [2025-03-24T16:51:58.399-0700] {dag.py:3239} INFO - Sync 1 DAGs
[2025-03-24T16:51:58.404-0700] {logging_mixin.py:190} INFO - [2025-03-24T16:51:58.404-0700] {dag.py:4180} INFO - Setting next_dagrun for example_sensor_decorator to None, run_after=None
[2025-03-24T16:51:58.412-0700] {processor.py:208} INFO - Processing /Users/jingwenxu/anaconda3/lib/python3.11/site-packages/airflow/example_dags/example_sensor_decorator.py took 0.445 seconds
[2025-03-24T16:53:34.565-0700] {processor.py:186} INFO - Started process (PID=6857) to work on /Users/jingwenxu/anaconda3/lib/python3.11/site-packages/airflow/example_dags/example_sensor_decorator.py
[2025-03-24T16:53:34.566-0700] {processor.py:914} INFO - Processing file /Users/jingwenxu/anaconda3/lib/python3.11/site-packages/airflow/example_dags/example_sensor_decorator.py for tasks to queue
[2025-03-24T16:53:34.567-0700] {logging_mixin.py:190} INFO - [2025-03-24T16:53:34.567-0700] {dagbag.py:588} INFO - Filling up the DagBag from /Users/jingwenxu/anaconda3/lib/python3.11/site-packages/airflow/example_dags/example_sensor_decorator.py
[2025-03-24T16:53:34.586-0700] {processor.py:925} INFO - DAG(s) 'example_sensor_decorator' retrieved from /Users/jingwenxu/anaconda3/lib/python3.11/site-packages/airflow/example_dags/example_sensor_decorator.py
[2025-03-24T16:53:34.874-0700] {logging_mixin.py:190} INFO - [2025-03-24T16:53:34.874-0700] {utils.py:161} INFO - NumExpr defaulting to 10 threads.
[2025-03-24T16:53:35.010-0700] {logging_mixin.py:190} INFO - [2025-03-24T16:53:35.009-0700] {dag.py:3239} INFO - Sync 1 DAGs
[2025-03-24T16:53:35.015-0700] {logging_mixin.py:190} INFO - [2025-03-24T16:53:35.015-0700] {dag.py:4180} INFO - Setting next_dagrun for example_sensor_decorator to None, run_after=None
[2025-03-24T16:53:35.024-0700] {processor.py:208} INFO - Processing /Users/jingwenxu/anaconda3/lib/python3.11/site-packages/airflow/example_dags/example_sensor_decorator.py took 0.461 seconds
