[2025-03-24T16:34:20.842-0700] {processor.py:186} INFO - Started process (PID=2812) to work on /Users/jingwenxu/anaconda3/lib/python3.11/site-packages/airflow/example_dags/example_trigger_target_dag.py
[2025-03-24T16:34:20.843-0700] {processor.py:914} INFO - Processing file /Users/jingwenxu/anaconda3/lib/python3.11/site-packages/airflow/example_dags/example_trigger_target_dag.py for tasks to queue
[2025-03-24T16:34:20.843-0700] {logging_mixin.py:190} INFO - [2025-03-24T16:34:20.843-0700] {dagbag.py:588} INFO - Filling up the DagBag from /Users/jingwenxu/anaconda3/lib/python3.11/site-packages/airflow/example_dags/example_trigger_target_dag.py
[2025-03-24T16:34:20.865-0700] {processor.py:925} INFO - DAG(s) 'example_trigger_target_dag' retrieved from /Users/jingwenxu/anaconda3/lib/python3.11/site-packages/airflow/example_dags/example_trigger_target_dag.py
[2025-03-24T16:34:20.954-0700] {logging_mixin.py:190} INFO - [2025-03-24T16:34:20.952-0700] {override.py:1930} INFO - Created Permission View: can delete on DAG:example_trigger_target_dag
[2025-03-24T16:34:20.958-0700] {logging_mixin.py:190} INFO - [2025-03-24T16:34:20.958-0700] {override.py:1930} INFO - Created Permission View: can edit on DAG:example_trigger_target_dag
[2025-03-24T16:34:20.960-0700] {logging_mixin.py:190} INFO - [2025-03-24T16:34:20.960-0700] {override.py:1930} INFO - Created Permission View: can read on DAG:example_trigger_target_dag
[2025-03-24T16:34:20.964-0700] {logging_mixin.py:190} INFO - [2025-03-24T16:34:20.964-0700] {override.py:1930} INFO - Created Permission View: can create on DAG Run:example_trigger_target_dag
[2025-03-24T16:34:20.966-0700] {logging_mixin.py:190} INFO - [2025-03-24T16:34:20.966-0700] {override.py:1930} INFO - Created Permission View: can delete on DAG Run:example_trigger_target_dag
[2025-03-24T16:34:20.969-0700] {logging_mixin.py:190} INFO - [2025-03-24T16:34:20.968-0700] {override.py:1930} INFO - Created Permission View: menu access on DAG Run:example_trigger_target_dag
[2025-03-24T16:34:20.971-0700] {logging_mixin.py:190} INFO - [2025-03-24T16:34:20.971-0700] {override.py:1930} INFO - Created Permission View: can read on DAG Run:example_trigger_target_dag
[2025-03-24T16:34:20.971-0700] {logging_mixin.py:190} INFO - [2025-03-24T16:34:20.971-0700] {dag.py:3239} INFO - Sync 1 DAGs
[2025-03-24T16:34:20.976-0700] {logging_mixin.py:190} INFO - [2025-03-24T16:34:20.976-0700] {dag.py:3262} INFO - Creating ORM DAG for example_trigger_target_dag
[2025-03-24T16:34:20.976-0700] {logging_mixin.py:190} INFO - [2025-03-24T16:34:20.976-0700] {dag.py:4180} INFO - Setting next_dagrun for example_trigger_target_dag to None, run_after=None
[2025-03-24T16:34:20.983-0700] {processor.py:208} INFO - Processing /Users/jingwenxu/anaconda3/lib/python3.11/site-packages/airflow/example_dags/example_trigger_target_dag.py took 0.143 seconds
[2025-03-24T16:36:36.255-0700] {processor.py:186} INFO - Started process (PID=3297) to work on /Users/jingwenxu/anaconda3/lib/python3.11/site-packages/airflow/example_dags/example_trigger_target_dag.py
[2025-03-24T16:36:36.256-0700] {processor.py:914} INFO - Processing file /Users/jingwenxu/anaconda3/lib/python3.11/site-packages/airflow/example_dags/example_trigger_target_dag.py for tasks to queue
[2025-03-24T16:36:36.257-0700] {logging_mixin.py:190} INFO - [2025-03-24T16:36:36.257-0700] {dagbag.py:588} INFO - Filling up the DagBag from /Users/jingwenxu/anaconda3/lib/python3.11/site-packages/airflow/example_dags/example_trigger_target_dag.py
[2025-03-24T16:36:36.277-0700] {processor.py:925} INFO - DAG(s) 'example_trigger_target_dag' retrieved from /Users/jingwenxu/anaconda3/lib/python3.11/site-packages/airflow/example_dags/example_trigger_target_dag.py
[2025-03-24T16:36:36.318-0700] {logging_mixin.py:190} INFO - [2025-03-24T16:36:36.318-0700] {dag.py:3239} INFO - Sync 1 DAGs
[2025-03-24T16:36:36.323-0700] {logging_mixin.py:190} INFO - [2025-03-24T16:36:36.323-0700] {dag.py:4180} INFO - Setting next_dagrun for example_trigger_target_dag to None, run_after=None
[2025-03-24T16:36:36.332-0700] {processor.py:208} INFO - Processing /Users/jingwenxu/anaconda3/lib/python3.11/site-packages/airflow/example_dags/example_trigger_target_dag.py took 0.079 seconds
[2025-03-24T16:38:14.380-0700] {processor.py:186} INFO - Started process (PID=3628) to work on /Users/jingwenxu/anaconda3/lib/python3.11/site-packages/airflow/example_dags/example_trigger_target_dag.py
[2025-03-24T16:38:14.380-0700] {processor.py:914} INFO - Processing file /Users/jingwenxu/anaconda3/lib/python3.11/site-packages/airflow/example_dags/example_trigger_target_dag.py for tasks to queue
[2025-03-24T16:38:14.381-0700] {logging_mixin.py:190} INFO - [2025-03-24T16:38:14.381-0700] {dagbag.py:588} INFO - Filling up the DagBag from /Users/jingwenxu/anaconda3/lib/python3.11/site-packages/airflow/example_dags/example_trigger_target_dag.py
[2025-03-24T16:38:14.401-0700] {processor.py:925} INFO - DAG(s) 'example_trigger_target_dag' retrieved from /Users/jingwenxu/anaconda3/lib/python3.11/site-packages/airflow/example_dags/example_trigger_target_dag.py
[2025-03-24T16:38:14.449-0700] {logging_mixin.py:190} INFO - [2025-03-24T16:38:14.449-0700] {dag.py:3239} INFO - Sync 1 DAGs
[2025-03-24T16:38:14.456-0700] {logging_mixin.py:190} INFO - [2025-03-24T16:38:14.456-0700] {dag.py:4180} INFO - Setting next_dagrun for example_trigger_target_dag to None, run_after=None
[2025-03-24T16:38:14.471-0700] {processor.py:208} INFO - Processing /Users/jingwenxu/anaconda3/lib/python3.11/site-packages/airflow/example_dags/example_trigger_target_dag.py took 0.093 seconds
[2025-03-24T16:39:51.340-0700] {processor.py:186} INFO - Started process (PID=3996) to work on /Users/jingwenxu/anaconda3/lib/python3.11/site-packages/airflow/example_dags/example_trigger_target_dag.py
[2025-03-24T16:39:51.341-0700] {processor.py:914} INFO - Processing file /Users/jingwenxu/anaconda3/lib/python3.11/site-packages/airflow/example_dags/example_trigger_target_dag.py for tasks to queue
[2025-03-24T16:39:51.342-0700] {logging_mixin.py:190} INFO - [2025-03-24T16:39:51.342-0700] {dagbag.py:588} INFO - Filling up the DagBag from /Users/jingwenxu/anaconda3/lib/python3.11/site-packages/airflow/example_dags/example_trigger_target_dag.py
[2025-03-24T16:39:51.362-0700] {processor.py:925} INFO - DAG(s) 'example_trigger_target_dag' retrieved from /Users/jingwenxu/anaconda3/lib/python3.11/site-packages/airflow/example_dags/example_trigger_target_dag.py
[2025-03-24T16:39:51.410-0700] {logging_mixin.py:190} INFO - [2025-03-24T16:39:51.409-0700] {dag.py:3239} INFO - Sync 1 DAGs
[2025-03-24T16:39:51.415-0700] {logging_mixin.py:190} INFO - [2025-03-24T16:39:51.415-0700] {dag.py:4180} INFO - Setting next_dagrun for example_trigger_target_dag to None, run_after=None
[2025-03-24T16:39:51.424-0700] {processor.py:208} INFO - Processing /Users/jingwenxu/anaconda3/lib/python3.11/site-packages/airflow/example_dags/example_trigger_target_dag.py took 0.086 seconds
[2025-03-24T16:41:29.404-0700] {processor.py:186} INFO - Started process (PID=4375) to work on /Users/jingwenxu/anaconda3/lib/python3.11/site-packages/airflow/example_dags/example_trigger_target_dag.py
[2025-03-24T16:41:29.405-0700] {processor.py:914} INFO - Processing file /Users/jingwenxu/anaconda3/lib/python3.11/site-packages/airflow/example_dags/example_trigger_target_dag.py for tasks to queue
[2025-03-24T16:41:29.405-0700] {logging_mixin.py:190} INFO - [2025-03-24T16:41:29.405-0700] {dagbag.py:588} INFO - Filling up the DagBag from /Users/jingwenxu/anaconda3/lib/python3.11/site-packages/airflow/example_dags/example_trigger_target_dag.py
[2025-03-24T16:41:29.427-0700] {processor.py:925} INFO - DAG(s) 'example_trigger_target_dag' retrieved from /Users/jingwenxu/anaconda3/lib/python3.11/site-packages/airflow/example_dags/example_trigger_target_dag.py
[2025-03-24T16:41:29.474-0700] {logging_mixin.py:190} INFO - [2025-03-24T16:41:29.474-0700] {dag.py:3239} INFO - Sync 1 DAGs
[2025-03-24T16:41:29.480-0700] {logging_mixin.py:190} INFO - [2025-03-24T16:41:29.480-0700] {dag.py:4180} INFO - Setting next_dagrun for example_trigger_target_dag to None, run_after=None
[2025-03-24T16:41:29.491-0700] {processor.py:208} INFO - Processing /Users/jingwenxu/anaconda3/lib/python3.11/site-packages/airflow/example_dags/example_trigger_target_dag.py took 0.089 seconds
[2025-03-24T16:43:10.193-0700] {processor.py:186} INFO - Started process (PID=4726) to work on /Users/jingwenxu/anaconda3/lib/python3.11/site-packages/airflow/example_dags/example_trigger_target_dag.py
[2025-03-24T16:43:10.194-0700] {processor.py:914} INFO - Processing file /Users/jingwenxu/anaconda3/lib/python3.11/site-packages/airflow/example_dags/example_trigger_target_dag.py for tasks to queue
[2025-03-24T16:43:10.194-0700] {logging_mixin.py:190} INFO - [2025-03-24T16:43:10.194-0700] {dagbag.py:588} INFO - Filling up the DagBag from /Users/jingwenxu/anaconda3/lib/python3.11/site-packages/airflow/example_dags/example_trigger_target_dag.py
[2025-03-24T16:43:10.213-0700] {processor.py:925} INFO - DAG(s) 'example_trigger_target_dag' retrieved from /Users/jingwenxu/anaconda3/lib/python3.11/site-packages/airflow/example_dags/example_trigger_target_dag.py
[2025-03-24T16:43:10.258-0700] {logging_mixin.py:190} INFO - [2025-03-24T16:43:10.258-0700] {dag.py:3239} INFO - Sync 1 DAGs
[2025-03-24T16:43:10.263-0700] {logging_mixin.py:190} INFO - [2025-03-24T16:43:10.263-0700] {dag.py:4180} INFO - Setting next_dagrun for example_trigger_target_dag to None, run_after=None
[2025-03-24T16:43:10.274-0700] {processor.py:208} INFO - Processing /Users/jingwenxu/anaconda3/lib/python3.11/site-packages/airflow/example_dags/example_trigger_target_dag.py took 0.083 seconds
[2025-03-24T16:44:49.325-0700] {processor.py:186} INFO - Started process (PID=5046) to work on /Users/jingwenxu/anaconda3/lib/python3.11/site-packages/airflow/example_dags/example_trigger_target_dag.py
[2025-03-24T16:44:49.326-0700] {processor.py:914} INFO - Processing file /Users/jingwenxu/anaconda3/lib/python3.11/site-packages/airflow/example_dags/example_trigger_target_dag.py for tasks to queue
[2025-03-24T16:44:49.326-0700] {logging_mixin.py:190} INFO - [2025-03-24T16:44:49.326-0700] {dagbag.py:588} INFO - Filling up the DagBag from /Users/jingwenxu/anaconda3/lib/python3.11/site-packages/airflow/example_dags/example_trigger_target_dag.py
[2025-03-24T16:44:49.347-0700] {processor.py:925} INFO - DAG(s) 'example_trigger_target_dag' retrieved from /Users/jingwenxu/anaconda3/lib/python3.11/site-packages/airflow/example_dags/example_trigger_target_dag.py
[2025-03-24T16:44:49.389-0700] {logging_mixin.py:190} INFO - [2025-03-24T16:44:49.389-0700] {dag.py:3239} INFO - Sync 1 DAGs
[2025-03-24T16:44:49.394-0700] {logging_mixin.py:190} INFO - [2025-03-24T16:44:49.394-0700] {dag.py:4180} INFO - Setting next_dagrun for example_trigger_target_dag to None, run_after=None
[2025-03-24T16:44:49.403-0700] {processor.py:208} INFO - Processing /Users/jingwenxu/anaconda3/lib/python3.11/site-packages/airflow/example_dags/example_trigger_target_dag.py took 0.080 seconds
[2025-03-24T16:46:29.154-0700] {processor.py:186} INFO - Started process (PID=5401) to work on /Users/jingwenxu/anaconda3/lib/python3.11/site-packages/airflow/example_dags/example_trigger_target_dag.py
[2025-03-24T16:46:29.155-0700] {processor.py:914} INFO - Processing file /Users/jingwenxu/anaconda3/lib/python3.11/site-packages/airflow/example_dags/example_trigger_target_dag.py for tasks to queue
[2025-03-24T16:46:29.156-0700] {logging_mixin.py:190} INFO - [2025-03-24T16:46:29.156-0700] {dagbag.py:588} INFO - Filling up the DagBag from /Users/jingwenxu/anaconda3/lib/python3.11/site-packages/airflow/example_dags/example_trigger_target_dag.py
[2025-03-24T16:46:29.176-0700] {processor.py:925} INFO - DAG(s) 'example_trigger_target_dag' retrieved from /Users/jingwenxu/anaconda3/lib/python3.11/site-packages/airflow/example_dags/example_trigger_target_dag.py
[2025-03-24T16:46:29.223-0700] {logging_mixin.py:190} INFO - [2025-03-24T16:46:29.222-0700] {dag.py:3239} INFO - Sync 1 DAGs
[2025-03-24T16:46:29.228-0700] {logging_mixin.py:190} INFO - [2025-03-24T16:46:29.228-0700] {dag.py:4180} INFO - Setting next_dagrun for example_trigger_target_dag to None, run_after=None
[2025-03-24T16:46:29.238-0700] {processor.py:208} INFO - Processing /Users/jingwenxu/anaconda3/lib/python3.11/site-packages/airflow/example_dags/example_trigger_target_dag.py took 0.086 seconds
[2025-03-24T16:48:07.204-0700] {processor.py:186} INFO - Started process (PID=5725) to work on /Users/jingwenxu/anaconda3/lib/python3.11/site-packages/airflow/example_dags/example_trigger_target_dag.py
[2025-03-24T16:48:07.205-0700] {processor.py:914} INFO - Processing file /Users/jingwenxu/anaconda3/lib/python3.11/site-packages/airflow/example_dags/example_trigger_target_dag.py for tasks to queue
[2025-03-24T16:48:07.206-0700] {logging_mixin.py:190} INFO - [2025-03-24T16:48:07.206-0700] {dagbag.py:588} INFO - Filling up the DagBag from /Users/jingwenxu/anaconda3/lib/python3.11/site-packages/airflow/example_dags/example_trigger_target_dag.py
[2025-03-24T16:48:07.225-0700] {processor.py:925} INFO - DAG(s) 'example_trigger_target_dag' retrieved from /Users/jingwenxu/anaconda3/lib/python3.11/site-packages/airflow/example_dags/example_trigger_target_dag.py
[2025-03-24T16:48:07.267-0700] {logging_mixin.py:190} INFO - [2025-03-24T16:48:07.267-0700] {dag.py:3239} INFO - Sync 1 DAGs
[2025-03-24T16:48:07.273-0700] {logging_mixin.py:190} INFO - [2025-03-24T16:48:07.273-0700] {dag.py:4180} INFO - Setting next_dagrun for example_trigger_target_dag to None, run_after=None
[2025-03-24T16:48:07.283-0700] {processor.py:208} INFO - Processing /Users/jingwenxu/anaconda3/lib/python3.11/site-packages/airflow/example_dags/example_trigger_target_dag.py took 0.081 seconds
[2025-03-24T16:49:47.134-0700] {processor.py:186} INFO - Started process (PID=6097) to work on /Users/jingwenxu/anaconda3/lib/python3.11/site-packages/airflow/example_dags/example_trigger_target_dag.py
[2025-03-24T16:49:47.135-0700] {processor.py:914} INFO - Processing file /Users/jingwenxu/anaconda3/lib/python3.11/site-packages/airflow/example_dags/example_trigger_target_dag.py for tasks to queue
[2025-03-24T16:49:47.135-0700] {logging_mixin.py:190} INFO - [2025-03-24T16:49:47.135-0700] {dagbag.py:588} INFO - Filling up the DagBag from /Users/jingwenxu/anaconda3/lib/python3.11/site-packages/airflow/example_dags/example_trigger_target_dag.py
[2025-03-24T16:49:47.154-0700] {processor.py:925} INFO - DAG(s) 'example_trigger_target_dag' retrieved from /Users/jingwenxu/anaconda3/lib/python3.11/site-packages/airflow/example_dags/example_trigger_target_dag.py
[2025-03-24T16:49:47.195-0700] {logging_mixin.py:190} INFO - [2025-03-24T16:49:47.195-0700] {dag.py:3239} INFO - Sync 1 DAGs
[2025-03-24T16:49:47.200-0700] {logging_mixin.py:190} INFO - [2025-03-24T16:49:47.200-0700] {dag.py:4180} INFO - Setting next_dagrun for example_trigger_target_dag to None, run_after=None
[2025-03-24T16:49:47.208-0700] {processor.py:208} INFO - Processing /Users/jingwenxu/anaconda3/lib/python3.11/site-packages/airflow/example_dags/example_trigger_target_dag.py took 0.076 seconds
[2025-03-24T16:51:26.578-0700] {processor.py:186} INFO - Started process (PID=6437) to work on /Users/jingwenxu/anaconda3/lib/python3.11/site-packages/airflow/example_dags/example_trigger_target_dag.py
[2025-03-24T16:51:26.579-0700] {processor.py:914} INFO - Processing file /Users/jingwenxu/anaconda3/lib/python3.11/site-packages/airflow/example_dags/example_trigger_target_dag.py for tasks to queue
[2025-03-24T16:51:26.580-0700] {logging_mixin.py:190} INFO - [2025-03-24T16:51:26.580-0700] {dagbag.py:588} INFO - Filling up the DagBag from /Users/jingwenxu/anaconda3/lib/python3.11/site-packages/airflow/example_dags/example_trigger_target_dag.py
[2025-03-24T16:51:26.600-0700] {processor.py:925} INFO - DAG(s) 'example_trigger_target_dag' retrieved from /Users/jingwenxu/anaconda3/lib/python3.11/site-packages/airflow/example_dags/example_trigger_target_dag.py
[2025-03-24T16:51:26.647-0700] {logging_mixin.py:190} INFO - [2025-03-24T16:51:26.647-0700] {dag.py:3239} INFO - Sync 1 DAGs
[2025-03-24T16:51:26.652-0700] {logging_mixin.py:190} INFO - [2025-03-24T16:51:26.652-0700] {dag.py:4180} INFO - Setting next_dagrun for example_trigger_target_dag to None, run_after=None
[2025-03-24T16:51:26.662-0700] {processor.py:208} INFO - Processing /Users/jingwenxu/anaconda3/lib/python3.11/site-packages/airflow/example_dags/example_trigger_target_dag.py took 0.086 seconds
[2025-03-24T16:53:05.341-0700] {processor.py:186} INFO - Started process (PID=6759) to work on /Users/jingwenxu/anaconda3/lib/python3.11/site-packages/airflow/example_dags/example_trigger_target_dag.py
[2025-03-24T16:53:05.343-0700] {processor.py:914} INFO - Processing file /Users/jingwenxu/anaconda3/lib/python3.11/site-packages/airflow/example_dags/example_trigger_target_dag.py for tasks to queue
[2025-03-24T16:53:05.344-0700] {logging_mixin.py:190} INFO - [2025-03-24T16:53:05.344-0700] {dagbag.py:588} INFO - Filling up the DagBag from /Users/jingwenxu/anaconda3/lib/python3.11/site-packages/airflow/example_dags/example_trigger_target_dag.py
[2025-03-24T16:53:05.363-0700] {processor.py:925} INFO - DAG(s) 'example_trigger_target_dag' retrieved from /Users/jingwenxu/anaconda3/lib/python3.11/site-packages/airflow/example_dags/example_trigger_target_dag.py
[2025-03-24T16:53:05.405-0700] {logging_mixin.py:190} INFO - [2025-03-24T16:53:05.404-0700] {dag.py:3239} INFO - Sync 1 DAGs
[2025-03-24T16:53:05.409-0700] {logging_mixin.py:190} INFO - [2025-03-24T16:53:05.409-0700] {dag.py:4180} INFO - Setting next_dagrun for example_trigger_target_dag to None, run_after=None
[2025-03-24T16:53:05.418-0700] {processor.py:208} INFO - Processing /Users/jingwenxu/anaconda3/lib/python3.11/site-packages/airflow/example_dags/example_trigger_target_dag.py took 0.078 seconds
