[2025-03-24T16:34:47.679-0700] {processor.py:186} INFO - Started process (PID=2903) to work on /Users/jingwenxu/anaconda3/lib/python3.11/site-packages/airflow/example_dags/example_setup_teardown.py
[2025-03-24T16:34:47.679-0700] {processor.py:914} INFO - Processing file /Users/jingwenxu/anaconda3/lib/python3.11/site-packages/airflow/example_dags/example_setup_teardown.py for tasks to queue
[2025-03-24T16:34:47.680-0700] {logging_mixin.py:190} INFO - [2025-03-24T16:34:47.680-0700] {dagbag.py:588} INFO - Filling up the DagBag from /Users/jingwenxu/anaconda3/lib/python3.11/site-packages/airflow/example_dags/example_setup_teardown.py
[2025-03-24T16:34:47.687-0700] {processor.py:925} INFO - DAG(s) 'example_setup_teardown' retrieved from /Users/jingwenxu/anaconda3/lib/python3.11/site-packages/airflow/example_dags/example_setup_teardown.py
[2025-03-24T16:34:47.770-0700] {logging_mixin.py:190} INFO - [2025-03-24T16:34:47.770-0700] {override.py:1930} INFO - Created Permission View: can delete on DAG:example_setup_teardown
[2025-03-24T16:34:47.774-0700] {logging_mixin.py:190} INFO - [2025-03-24T16:34:47.774-0700] {override.py:1930} INFO - Created Permission View: can edit on DAG:example_setup_teardown
[2025-03-24T16:34:47.777-0700] {logging_mixin.py:190} INFO - [2025-03-24T16:34:47.777-0700] {override.py:1930} INFO - Created Permission View: can read on DAG:example_setup_teardown
[2025-03-24T16:34:47.780-0700] {logging_mixin.py:190} INFO - [2025-03-24T16:34:47.780-0700] {override.py:1930} INFO - Created Permission View: can delete on DAG Run:example_setup_teardown
[2025-03-24T16:34:47.782-0700] {logging_mixin.py:190} INFO - [2025-03-24T16:34:47.782-0700] {override.py:1930} INFO - Created Permission View: can create on DAG Run:example_setup_teardown
[2025-03-24T16:34:47.785-0700] {logging_mixin.py:190} INFO - [2025-03-24T16:34:47.785-0700] {override.py:1930} INFO - Created Permission View: menu access on DAG Run:example_setup_teardown
[2025-03-24T16:34:47.787-0700] {logging_mixin.py:190} INFO - [2025-03-24T16:34:47.787-0700] {override.py:1930} INFO - Created Permission View: can read on DAG Run:example_setup_teardown
[2025-03-24T16:34:47.787-0700] {logging_mixin.py:190} INFO - [2025-03-24T16:34:47.787-0700] {dag.py:3239} INFO - Sync 1 DAGs
[2025-03-24T16:34:47.792-0700] {logging_mixin.py:190} INFO - [2025-03-24T16:34:47.792-0700] {dag.py:3262} INFO - Creating ORM DAG for example_setup_teardown
[2025-03-24T16:34:47.792-0700] {logging_mixin.py:190} INFO - [2025-03-24T16:34:47.792-0700] {dag.py:4180} INFO - Setting next_dagrun for example_setup_teardown to None, run_after=None
[2025-03-24T16:34:47.799-0700] {processor.py:208} INFO - Processing /Users/jingwenxu/anaconda3/lib/python3.11/site-packages/airflow/example_dags/example_setup_teardown.py took 0.122 seconds
[2025-03-24T16:36:59.982-0700] {processor.py:186} INFO - Started process (PID=3383) to work on /Users/jingwenxu/anaconda3/lib/python3.11/site-packages/airflow/example_dags/example_setup_teardown.py
[2025-03-24T16:36:59.983-0700] {processor.py:914} INFO - Processing file /Users/jingwenxu/anaconda3/lib/python3.11/site-packages/airflow/example_dags/example_setup_teardown.py for tasks to queue
[2025-03-24T16:36:59.984-0700] {logging_mixin.py:190} INFO - [2025-03-24T16:36:59.984-0700] {dagbag.py:588} INFO - Filling up the DagBag from /Users/jingwenxu/anaconda3/lib/python3.11/site-packages/airflow/example_dags/example_setup_teardown.py
[2025-03-24T16:36:59.989-0700] {processor.py:925} INFO - DAG(s) 'example_setup_teardown' retrieved from /Users/jingwenxu/anaconda3/lib/python3.11/site-packages/airflow/example_dags/example_setup_teardown.py
[2025-03-24T16:37:00.035-0700] {logging_mixin.py:190} INFO - [2025-03-24T16:37:00.035-0700] {dag.py:3239} INFO - Sync 1 DAGs
[2025-03-24T16:37:00.040-0700] {logging_mixin.py:190} INFO - [2025-03-24T16:37:00.040-0700] {dag.py:4180} INFO - Setting next_dagrun for example_setup_teardown to None, run_after=None
[2025-03-24T16:37:00.049-0700] {processor.py:208} INFO - Processing /Users/jingwenxu/anaconda3/lib/python3.11/site-packages/airflow/example_dags/example_setup_teardown.py took 0.068 seconds
[2025-03-24T16:38:39.567-0700] {processor.py:186} INFO - Started process (PID=3733) to work on /Users/jingwenxu/anaconda3/lib/python3.11/site-packages/airflow/example_dags/example_setup_teardown.py
[2025-03-24T16:38:39.569-0700] {processor.py:914} INFO - Processing file /Users/jingwenxu/anaconda3/lib/python3.11/site-packages/airflow/example_dags/example_setup_teardown.py for tasks to queue
[2025-03-24T16:38:39.569-0700] {logging_mixin.py:190} INFO - [2025-03-24T16:38:39.569-0700] {dagbag.py:588} INFO - Filling up the DagBag from /Users/jingwenxu/anaconda3/lib/python3.11/site-packages/airflow/example_dags/example_setup_teardown.py
[2025-03-24T16:38:39.576-0700] {processor.py:925} INFO - DAG(s) 'example_setup_teardown' retrieved from /Users/jingwenxu/anaconda3/lib/python3.11/site-packages/airflow/example_dags/example_setup_teardown.py
[2025-03-24T16:38:39.624-0700] {logging_mixin.py:190} INFO - [2025-03-24T16:38:39.623-0700] {dag.py:3239} INFO - Sync 1 DAGs
[2025-03-24T16:38:39.629-0700] {logging_mixin.py:190} INFO - [2025-03-24T16:38:39.629-0700] {dag.py:4180} INFO - Setting next_dagrun for example_setup_teardown to None, run_after=None
[2025-03-24T16:38:39.638-0700] {processor.py:208} INFO - Processing /Users/jingwenxu/anaconda3/lib/python3.11/site-packages/airflow/example_dags/example_setup_teardown.py took 0.073 seconds
[2025-03-24T16:40:16.069-0700] {processor.py:186} INFO - Started process (PID=4116) to work on /Users/jingwenxu/anaconda3/lib/python3.11/site-packages/airflow/example_dags/example_setup_teardown.py
[2025-03-24T16:40:16.070-0700] {processor.py:914} INFO - Processing file /Users/jingwenxu/anaconda3/lib/python3.11/site-packages/airflow/example_dags/example_setup_teardown.py for tasks to queue
[2025-03-24T16:40:16.071-0700] {logging_mixin.py:190} INFO - [2025-03-24T16:40:16.071-0700] {dagbag.py:588} INFO - Filling up the DagBag from /Users/jingwenxu/anaconda3/lib/python3.11/site-packages/airflow/example_dags/example_setup_teardown.py
[2025-03-24T16:40:16.076-0700] {processor.py:925} INFO - DAG(s) 'example_setup_teardown' retrieved from /Users/jingwenxu/anaconda3/lib/python3.11/site-packages/airflow/example_dags/example_setup_teardown.py
[2025-03-24T16:40:16.119-0700] {logging_mixin.py:190} INFO - [2025-03-24T16:40:16.119-0700] {dag.py:3239} INFO - Sync 1 DAGs
[2025-03-24T16:40:16.124-0700] {logging_mixin.py:190} INFO - [2025-03-24T16:40:16.124-0700] {dag.py:4180} INFO - Setting next_dagrun for example_setup_teardown to None, run_after=None
[2025-03-24T16:40:16.133-0700] {processor.py:208} INFO - Processing /Users/jingwenxu/anaconda3/lib/python3.11/site-packages/airflow/example_dags/example_setup_teardown.py took 0.066 seconds
[2025-03-24T16:41:53.489-0700] {processor.py:186} INFO - Started process (PID=4457) to work on /Users/jingwenxu/anaconda3/lib/python3.11/site-packages/airflow/example_dags/example_setup_teardown.py
[2025-03-24T16:41:53.490-0700] {processor.py:914} INFO - Processing file /Users/jingwenxu/anaconda3/lib/python3.11/site-packages/airflow/example_dags/example_setup_teardown.py for tasks to queue
[2025-03-24T16:41:53.491-0700] {logging_mixin.py:190} INFO - [2025-03-24T16:41:53.491-0700] {dagbag.py:588} INFO - Filling up the DagBag from /Users/jingwenxu/anaconda3/lib/python3.11/site-packages/airflow/example_dags/example_setup_teardown.py
[2025-03-24T16:41:53.496-0700] {processor.py:925} INFO - DAG(s) 'example_setup_teardown' retrieved from /Users/jingwenxu/anaconda3/lib/python3.11/site-packages/airflow/example_dags/example_setup_teardown.py
[2025-03-24T16:41:53.546-0700] {logging_mixin.py:190} INFO - [2025-03-24T16:41:53.546-0700] {dag.py:3239} INFO - Sync 1 DAGs
[2025-03-24T16:41:53.551-0700] {logging_mixin.py:190} INFO - [2025-03-24T16:41:53.551-0700] {dag.py:4180} INFO - Setting next_dagrun for example_setup_teardown to None, run_after=None
[2025-03-24T16:41:53.561-0700] {processor.py:208} INFO - Processing /Users/jingwenxu/anaconda3/lib/python3.11/site-packages/airflow/example_dags/example_setup_teardown.py took 0.073 seconds
[2025-03-24T16:43:34.326-0700] {processor.py:186} INFO - Started process (PID=4803) to work on /Users/jingwenxu/anaconda3/lib/python3.11/site-packages/airflow/example_dags/example_setup_teardown.py
[2025-03-24T16:43:34.327-0700] {processor.py:914} INFO - Processing file /Users/jingwenxu/anaconda3/lib/python3.11/site-packages/airflow/example_dags/example_setup_teardown.py for tasks to queue
[2025-03-24T16:43:34.327-0700] {logging_mixin.py:190} INFO - [2025-03-24T16:43:34.327-0700] {dagbag.py:588} INFO - Filling up the DagBag from /Users/jingwenxu/anaconda3/lib/python3.11/site-packages/airflow/example_dags/example_setup_teardown.py
[2025-03-24T16:43:34.333-0700] {processor.py:925} INFO - DAG(s) 'example_setup_teardown' retrieved from /Users/jingwenxu/anaconda3/lib/python3.11/site-packages/airflow/example_dags/example_setup_teardown.py
[2025-03-24T16:43:34.384-0700] {logging_mixin.py:190} INFO - [2025-03-24T16:43:34.383-0700] {dag.py:3239} INFO - Sync 1 DAGs
[2025-03-24T16:43:34.389-0700] {logging_mixin.py:190} INFO - [2025-03-24T16:43:34.389-0700] {dag.py:4180} INFO - Setting next_dagrun for example_setup_teardown to None, run_after=None
[2025-03-24T16:43:34.399-0700] {processor.py:208} INFO - Processing /Users/jingwenxu/anaconda3/lib/python3.11/site-packages/airflow/example_dags/example_setup_teardown.py took 0.075 seconds
[2025-03-24T16:45:13.443-0700] {processor.py:186} INFO - Started process (PID=5123) to work on /Users/jingwenxu/anaconda3/lib/python3.11/site-packages/airflow/example_dags/example_setup_teardown.py
[2025-03-24T16:45:13.444-0700] {processor.py:914} INFO - Processing file /Users/jingwenxu/anaconda3/lib/python3.11/site-packages/airflow/example_dags/example_setup_teardown.py for tasks to queue
[2025-03-24T16:45:13.445-0700] {logging_mixin.py:190} INFO - [2025-03-24T16:45:13.445-0700] {dagbag.py:588} INFO - Filling up the DagBag from /Users/jingwenxu/anaconda3/lib/python3.11/site-packages/airflow/example_dags/example_setup_teardown.py
[2025-03-24T16:45:13.451-0700] {processor.py:925} INFO - DAG(s) 'example_setup_teardown' retrieved from /Users/jingwenxu/anaconda3/lib/python3.11/site-packages/airflow/example_dags/example_setup_teardown.py
[2025-03-24T16:45:13.496-0700] {logging_mixin.py:190} INFO - [2025-03-24T16:45:13.496-0700] {dag.py:3239} INFO - Sync 1 DAGs
[2025-03-24T16:45:13.502-0700] {logging_mixin.py:190} INFO - [2025-03-24T16:45:13.502-0700] {dag.py:4180} INFO - Setting next_dagrun for example_setup_teardown to None, run_after=None
[2025-03-24T16:45:13.510-0700] {processor.py:208} INFO - Processing /Users/jingwenxu/anaconda3/lib/python3.11/site-packages/airflow/example_dags/example_setup_teardown.py took 0.069 seconds
[2025-03-24T16:46:53.139-0700] {processor.py:186} INFO - Started process (PID=5480) to work on /Users/jingwenxu/anaconda3/lib/python3.11/site-packages/airflow/example_dags/example_setup_teardown.py
[2025-03-24T16:46:53.140-0700] {processor.py:914} INFO - Processing file /Users/jingwenxu/anaconda3/lib/python3.11/site-packages/airflow/example_dags/example_setup_teardown.py for tasks to queue
[2025-03-24T16:46:53.141-0700] {logging_mixin.py:190} INFO - [2025-03-24T16:46:53.141-0700] {dagbag.py:588} INFO - Filling up the DagBag from /Users/jingwenxu/anaconda3/lib/python3.11/site-packages/airflow/example_dags/example_setup_teardown.py
[2025-03-24T16:46:53.146-0700] {processor.py:925} INFO - DAG(s) 'example_setup_teardown' retrieved from /Users/jingwenxu/anaconda3/lib/python3.11/site-packages/airflow/example_dags/example_setup_teardown.py
[2025-03-24T16:46:53.190-0700] {logging_mixin.py:190} INFO - [2025-03-24T16:46:53.190-0700] {dag.py:3239} INFO - Sync 1 DAGs
[2025-03-24T16:46:53.195-0700] {logging_mixin.py:190} INFO - [2025-03-24T16:46:53.194-0700] {dag.py:4180} INFO - Setting next_dagrun for example_setup_teardown to None, run_after=None
[2025-03-24T16:46:53.203-0700] {processor.py:208} INFO - Processing /Users/jingwenxu/anaconda3/lib/python3.11/site-packages/airflow/example_dags/example_setup_teardown.py took 0.065 seconds
[2025-03-24T16:48:31.870-0700] {processor.py:186} INFO - Started process (PID=5808) to work on /Users/jingwenxu/anaconda3/lib/python3.11/site-packages/airflow/example_dags/example_setup_teardown.py
[2025-03-24T16:48:31.871-0700] {processor.py:914} INFO - Processing file /Users/jingwenxu/anaconda3/lib/python3.11/site-packages/airflow/example_dags/example_setup_teardown.py for tasks to queue
[2025-03-24T16:48:31.872-0700] {logging_mixin.py:190} INFO - [2025-03-24T16:48:31.871-0700] {dagbag.py:588} INFO - Filling up the DagBag from /Users/jingwenxu/anaconda3/lib/python3.11/site-packages/airflow/example_dags/example_setup_teardown.py
[2025-03-24T16:48:31.877-0700] {processor.py:925} INFO - DAG(s) 'example_setup_teardown' retrieved from /Users/jingwenxu/anaconda3/lib/python3.11/site-packages/airflow/example_dags/example_setup_teardown.py
[2025-03-24T16:48:31.924-0700] {logging_mixin.py:190} INFO - [2025-03-24T16:48:31.924-0700] {dag.py:3239} INFO - Sync 1 DAGs
[2025-03-24T16:48:31.929-0700] {logging_mixin.py:190} INFO - [2025-03-24T16:48:31.929-0700] {dag.py:4180} INFO - Setting next_dagrun for example_setup_teardown to None, run_after=None
[2025-03-24T16:48:31.942-0700] {processor.py:208} INFO - Processing /Users/jingwenxu/anaconda3/lib/python3.11/site-packages/airflow/example_dags/example_setup_teardown.py took 0.074 seconds
[2025-03-24T16:50:11.095-0700] {processor.py:186} INFO - Started process (PID=6186) to work on /Users/jingwenxu/anaconda3/lib/python3.11/site-packages/airflow/example_dags/example_setup_teardown.py
[2025-03-24T16:50:11.097-0700] {processor.py:914} INFO - Processing file /Users/jingwenxu/anaconda3/lib/python3.11/site-packages/airflow/example_dags/example_setup_teardown.py for tasks to queue
[2025-03-24T16:50:11.098-0700] {logging_mixin.py:190} INFO - [2025-03-24T16:50:11.098-0700] {dagbag.py:588} INFO - Filling up the DagBag from /Users/jingwenxu/anaconda3/lib/python3.11/site-packages/airflow/example_dags/example_setup_teardown.py
[2025-03-24T16:50:11.103-0700] {processor.py:925} INFO - DAG(s) 'example_setup_teardown' retrieved from /Users/jingwenxu/anaconda3/lib/python3.11/site-packages/airflow/example_dags/example_setup_teardown.py
[2025-03-24T16:50:11.147-0700] {logging_mixin.py:190} INFO - [2025-03-24T16:50:11.146-0700] {dag.py:3239} INFO - Sync 1 DAGs
[2025-03-24T16:50:11.152-0700] {logging_mixin.py:190} INFO - [2025-03-24T16:50:11.152-0700] {dag.py:4180} INFO - Setting next_dagrun for example_setup_teardown to None, run_after=None
[2025-03-24T16:50:11.160-0700] {processor.py:208} INFO - Processing /Users/jingwenxu/anaconda3/lib/python3.11/site-packages/airflow/example_dags/example_setup_teardown.py took 0.067 seconds
[2025-03-24T16:51:52.640-0700] {processor.py:186} INFO - Started process (PID=6520) to work on /Users/jingwenxu/anaconda3/lib/python3.11/site-packages/airflow/example_dags/example_setup_teardown.py
[2025-03-24T16:51:52.641-0700] {processor.py:914} INFO - Processing file /Users/jingwenxu/anaconda3/lib/python3.11/site-packages/airflow/example_dags/example_setup_teardown.py for tasks to queue
[2025-03-24T16:51:52.642-0700] {logging_mixin.py:190} INFO - [2025-03-24T16:51:52.642-0700] {dagbag.py:588} INFO - Filling up the DagBag from /Users/jingwenxu/anaconda3/lib/python3.11/site-packages/airflow/example_dags/example_setup_teardown.py
[2025-03-24T16:51:52.648-0700] {processor.py:925} INFO - DAG(s) 'example_setup_teardown' retrieved from /Users/jingwenxu/anaconda3/lib/python3.11/site-packages/airflow/example_dags/example_setup_teardown.py
[2025-03-24T16:51:52.693-0700] {logging_mixin.py:190} INFO - [2025-03-24T16:51:52.693-0700] {dag.py:3239} INFO - Sync 1 DAGs
[2025-03-24T16:51:52.699-0700] {logging_mixin.py:190} INFO - [2025-03-24T16:51:52.699-0700] {dag.py:4180} INFO - Setting next_dagrun for example_setup_teardown to None, run_after=None
[2025-03-24T16:51:52.708-0700] {processor.py:208} INFO - Processing /Users/jingwenxu/anaconda3/lib/python3.11/site-packages/airflow/example_dags/example_setup_teardown.py took 0.069 seconds
[2025-03-24T16:53:29.286-0700] {processor.py:186} INFO - Started process (PID=6838) to work on /Users/jingwenxu/anaconda3/lib/python3.11/site-packages/airflow/example_dags/example_setup_teardown.py
[2025-03-24T16:53:29.288-0700] {processor.py:914} INFO - Processing file /Users/jingwenxu/anaconda3/lib/python3.11/site-packages/airflow/example_dags/example_setup_teardown.py for tasks to queue
[2025-03-24T16:53:29.289-0700] {logging_mixin.py:190} INFO - [2025-03-24T16:53:29.288-0700] {dagbag.py:588} INFO - Filling up the DagBag from /Users/jingwenxu/anaconda3/lib/python3.11/site-packages/airflow/example_dags/example_setup_teardown.py
[2025-03-24T16:53:29.294-0700] {processor.py:925} INFO - DAG(s) 'example_setup_teardown' retrieved from /Users/jingwenxu/anaconda3/lib/python3.11/site-packages/airflow/example_dags/example_setup_teardown.py
[2025-03-24T16:53:29.337-0700] {logging_mixin.py:190} INFO - [2025-03-24T16:53:29.337-0700] {dag.py:3239} INFO - Sync 1 DAGs
[2025-03-24T16:53:29.342-0700] {logging_mixin.py:190} INFO - [2025-03-24T16:53:29.342-0700] {dag.py:4180} INFO - Setting next_dagrun for example_setup_teardown to None, run_after=None
[2025-03-24T16:53:29.350-0700] {processor.py:208} INFO - Processing /Users/jingwenxu/anaconda3/lib/python3.11/site-packages/airflow/example_dags/example_setup_teardown.py took 0.066 seconds
