[2025-03-24T16:34:12.675-0700] {processor.py:186} INFO - Started process (PID=2786) to work on /Users/jingwenxu/anaconda3/lib/python3.11/site-packages/airflow/example_dags/example_xcomargs.py
[2025-03-24T16:34:12.675-0700] {processor.py:914} INFO - Processing file /Users/jingwenxu/anaconda3/lib/python3.11/site-packages/airflow/example_dags/example_xcomargs.py for tasks to queue
[2025-03-24T16:34:12.676-0700] {logging_mixin.py:190} INFO - [2025-03-24T16:34:12.676-0700] {dagbag.py:588} INFO - Filling up the DagBag from /Users/jingwenxu/anaconda3/lib/python3.11/site-packages/airflow/example_dags/example_xcomargs.py
[2025-03-24T16:34:12.697-0700] {processor.py:925} INFO - DAG(s) 'example_xcom_args', 'example_xcom_args_with_operators' retrieved from /Users/jingwenxu/anaconda3/lib/python3.11/site-packages/airflow/example_dags/example_xcomargs.py
[2025-03-24T16:34:12.785-0700] {logging_mixin.py:190} INFO - [2025-03-24T16:34:12.785-0700] {override.py:1930} INFO - Created Permission View: can edit on DAG:example_xcom_args
[2025-03-24T16:34:12.789-0700] {logging_mixin.py:190} INFO - [2025-03-24T16:34:12.789-0700] {override.py:1930} INFO - Created Permission View: can read on DAG:example_xcom_args
[2025-03-24T16:34:12.791-0700] {logging_mixin.py:190} INFO - [2025-03-24T16:34:12.791-0700] {override.py:1930} INFO - Created Permission View: can delete on DAG:example_xcom_args
[2025-03-24T16:34:12.795-0700] {logging_mixin.py:190} INFO - [2025-03-24T16:34:12.794-0700] {override.py:1930} INFO - Created Permission View: can create on DAG Run:example_xcom_args
[2025-03-24T16:34:12.797-0700] {logging_mixin.py:190} INFO - [2025-03-24T16:34:12.797-0700] {override.py:1930} INFO - Created Permission View: menu access on DAG Run:example_xcom_args
[2025-03-24T16:34:12.799-0700] {logging_mixin.py:190} INFO - [2025-03-24T16:34:12.799-0700] {override.py:1930} INFO - Created Permission View: can read on DAG Run:example_xcom_args
[2025-03-24T16:34:12.801-0700] {logging_mixin.py:190} INFO - [2025-03-24T16:34:12.801-0700] {override.py:1930} INFO - Created Permission View: can delete on DAG Run:example_xcom_args
[2025-03-24T16:34:12.807-0700] {logging_mixin.py:190} INFO - [2025-03-24T16:34:12.806-0700] {override.py:1930} INFO - Created Permission View: can edit on DAG:example_xcom_args_with_operators
[2025-03-24T16:34:12.809-0700] {logging_mixin.py:190} INFO - [2025-03-24T16:34:12.809-0700] {override.py:1930} INFO - Created Permission View: can read on DAG:example_xcom_args_with_operators
[2025-03-24T16:34:12.811-0700] {logging_mixin.py:190} INFO - [2025-03-24T16:34:12.811-0700] {override.py:1930} INFO - Created Permission View: can delete on DAG:example_xcom_args_with_operators
[2025-03-24T16:34:12.815-0700] {logging_mixin.py:190} INFO - [2025-03-24T16:34:12.814-0700] {override.py:1930} INFO - Created Permission View: can create on DAG Run:example_xcom_args_with_operators
[2025-03-24T16:34:12.817-0700] {logging_mixin.py:190} INFO - [2025-03-24T16:34:12.817-0700] {override.py:1930} INFO - Created Permission View: menu access on DAG Run:example_xcom_args_with_operators
[2025-03-24T16:34:12.819-0700] {logging_mixin.py:190} INFO - [2025-03-24T16:34:12.819-0700] {override.py:1930} INFO - Created Permission View: can read on DAG Run:example_xcom_args_with_operators
[2025-03-24T16:34:12.821-0700] {logging_mixin.py:190} INFO - [2025-03-24T16:34:12.821-0700] {override.py:1930} INFO - Created Permission View: can delete on DAG Run:example_xcom_args_with_operators
[2025-03-24T16:34:12.821-0700] {logging_mixin.py:190} INFO - [2025-03-24T16:34:12.821-0700] {dag.py:3239} INFO - Sync 2 DAGs
[2025-03-24T16:34:12.827-0700] {logging_mixin.py:190} INFO - [2025-03-24T16:34:12.826-0700] {dag.py:3262} INFO - Creating ORM DAG for example_xcom_args_with_operators
[2025-03-24T16:34:12.827-0700] {logging_mixin.py:190} INFO - [2025-03-24T16:34:12.827-0700] {dag.py:3262} INFO - Creating ORM DAG for example_xcom_args
[2025-03-24T16:34:12.827-0700] {logging_mixin.py:190} INFO - [2025-03-24T16:34:12.827-0700] {dag.py:4180} INFO - Setting next_dagrun for example_xcom_args to None, run_after=None
[2025-03-24T16:34:12.827-0700] {logging_mixin.py:190} INFO - [2025-03-24T16:34:12.827-0700] {dag.py:4180} INFO - Setting next_dagrun for example_xcom_args_with_operators to None, run_after=None
[2025-03-24T16:34:12.835-0700] {processor.py:208} INFO - Processing /Users/jingwenxu/anaconda3/lib/python3.11/site-packages/airflow/example_dags/example_xcomargs.py took 0.163 seconds
[2025-03-24T16:36:28.692-0700] {processor.py:186} INFO - Started process (PID=3271) to work on /Users/jingwenxu/anaconda3/lib/python3.11/site-packages/airflow/example_dags/example_xcomargs.py
[2025-03-24T16:36:28.693-0700] {processor.py:914} INFO - Processing file /Users/jingwenxu/anaconda3/lib/python3.11/site-packages/airflow/example_dags/example_xcomargs.py for tasks to queue
[2025-03-24T16:36:28.694-0700] {logging_mixin.py:190} INFO - [2025-03-24T16:36:28.694-0700] {dagbag.py:588} INFO - Filling up the DagBag from /Users/jingwenxu/anaconda3/lib/python3.11/site-packages/airflow/example_dags/example_xcomargs.py
[2025-03-24T16:36:28.714-0700] {processor.py:925} INFO - DAG(s) 'example_xcom_args_with_operators', 'example_xcom_args' retrieved from /Users/jingwenxu/anaconda3/lib/python3.11/site-packages/airflow/example_dags/example_xcomargs.py
[2025-03-24T16:36:28.758-0700] {logging_mixin.py:190} INFO - [2025-03-24T16:36:28.758-0700] {dag.py:3239} INFO - Sync 2 DAGs
[2025-03-24T16:36:28.763-0700] {logging_mixin.py:190} INFO - [2025-03-24T16:36:28.763-0700] {dag.py:4180} INFO - Setting next_dagrun for example_xcom_args to None, run_after=None
[2025-03-24T16:36:28.765-0700] {logging_mixin.py:190} INFO - [2025-03-24T16:36:28.765-0700] {dag.py:4180} INFO - Setting next_dagrun for example_xcom_args_with_operators to None, run_after=None
[2025-03-24T16:36:28.773-0700] {processor.py:208} INFO - Processing /Users/jingwenxu/anaconda3/lib/python3.11/site-packages/airflow/example_dags/example_xcomargs.py took 0.083 seconds
[2025-03-24T16:38:07.322-0700] {processor.py:186} INFO - Started process (PID=3602) to work on /Users/jingwenxu/anaconda3/lib/python3.11/site-packages/airflow/example_dags/example_xcomargs.py
[2025-03-24T16:38:07.323-0700] {processor.py:914} INFO - Processing file /Users/jingwenxu/anaconda3/lib/python3.11/site-packages/airflow/example_dags/example_xcomargs.py for tasks to queue
[2025-03-24T16:38:07.324-0700] {logging_mixin.py:190} INFO - [2025-03-24T16:38:07.324-0700] {dagbag.py:588} INFO - Filling up the DagBag from /Users/jingwenxu/anaconda3/lib/python3.11/site-packages/airflow/example_dags/example_xcomargs.py
[2025-03-24T16:38:07.344-0700] {processor.py:925} INFO - DAG(s) 'example_xcom_args_with_operators', 'example_xcom_args' retrieved from /Users/jingwenxu/anaconda3/lib/python3.11/site-packages/airflow/example_dags/example_xcomargs.py
[2025-03-24T16:38:07.388-0700] {logging_mixin.py:190} INFO - [2025-03-24T16:38:07.388-0700] {dag.py:3239} INFO - Sync 2 DAGs
[2025-03-24T16:38:07.393-0700] {logging_mixin.py:190} INFO - [2025-03-24T16:38:07.393-0700] {dag.py:4180} INFO - Setting next_dagrun for example_xcom_args to None, run_after=None
[2025-03-24T16:38:07.395-0700] {logging_mixin.py:190} INFO - [2025-03-24T16:38:07.395-0700] {dag.py:4180} INFO - Setting next_dagrun for example_xcom_args_with_operators to None, run_after=None
[2025-03-24T16:38:07.403-0700] {processor.py:208} INFO - Processing /Users/jingwenxu/anaconda3/lib/python3.11/site-packages/airflow/example_dags/example_xcomargs.py took 0.083 seconds
[2025-03-24T16:39:45.471-0700] {processor.py:186} INFO - Started process (PID=3966) to work on /Users/jingwenxu/anaconda3/lib/python3.11/site-packages/airflow/example_dags/example_xcomargs.py
[2025-03-24T16:39:45.472-0700] {processor.py:914} INFO - Processing file /Users/jingwenxu/anaconda3/lib/python3.11/site-packages/airflow/example_dags/example_xcomargs.py for tasks to queue
[2025-03-24T16:39:45.472-0700] {logging_mixin.py:190} INFO - [2025-03-24T16:39:45.472-0700] {dagbag.py:588} INFO - Filling up the DagBag from /Users/jingwenxu/anaconda3/lib/python3.11/site-packages/airflow/example_dags/example_xcomargs.py
[2025-03-24T16:39:45.493-0700] {processor.py:925} INFO - DAG(s) 'example_xcom_args_with_operators', 'example_xcom_args' retrieved from /Users/jingwenxu/anaconda3/lib/python3.11/site-packages/airflow/example_dags/example_xcomargs.py
[2025-03-24T16:39:45.536-0700] {logging_mixin.py:190} INFO - [2025-03-24T16:39:45.536-0700] {dag.py:3239} INFO - Sync 2 DAGs
[2025-03-24T16:39:45.541-0700] {logging_mixin.py:190} INFO - [2025-03-24T16:39:45.541-0700] {dag.py:4180} INFO - Setting next_dagrun for example_xcom_args to None, run_after=None
[2025-03-24T16:39:45.543-0700] {logging_mixin.py:190} INFO - [2025-03-24T16:39:45.542-0700] {dag.py:4180} INFO - Setting next_dagrun for example_xcom_args_with_operators to None, run_after=None
[2025-03-24T16:39:45.550-0700] {processor.py:208} INFO - Processing /Users/jingwenxu/anaconda3/lib/python3.11/site-packages/airflow/example_dags/example_xcomargs.py took 0.081 seconds
[2025-03-24T16:41:22.326-0700] {processor.py:186} INFO - Started process (PID=4351) to work on /Users/jingwenxu/anaconda3/lib/python3.11/site-packages/airflow/example_dags/example_xcomargs.py
[2025-03-24T16:41:22.328-0700] {processor.py:914} INFO - Processing file /Users/jingwenxu/anaconda3/lib/python3.11/site-packages/airflow/example_dags/example_xcomargs.py for tasks to queue
[2025-03-24T16:41:22.329-0700] {logging_mixin.py:190} INFO - [2025-03-24T16:41:22.328-0700] {dagbag.py:588} INFO - Filling up the DagBag from /Users/jingwenxu/anaconda3/lib/python3.11/site-packages/airflow/example_dags/example_xcomargs.py
[2025-03-24T16:41:22.353-0700] {processor.py:925} INFO - DAG(s) 'example_xcom_args_with_operators', 'example_xcom_args' retrieved from /Users/jingwenxu/anaconda3/lib/python3.11/site-packages/airflow/example_dags/example_xcomargs.py
[2025-03-24T16:41:22.398-0700] {logging_mixin.py:190} INFO - [2025-03-24T16:41:22.398-0700] {dag.py:3239} INFO - Sync 2 DAGs
[2025-03-24T16:41:22.403-0700] {logging_mixin.py:190} INFO - [2025-03-24T16:41:22.403-0700] {dag.py:4180} INFO - Setting next_dagrun for example_xcom_args to None, run_after=None
[2025-03-24T16:41:22.404-0700] {logging_mixin.py:190} INFO - [2025-03-24T16:41:22.404-0700] {dag.py:4180} INFO - Setting next_dagrun for example_xcom_args_with_operators to None, run_after=None
[2025-03-24T16:41:22.413-0700] {processor.py:208} INFO - Processing /Users/jingwenxu/anaconda3/lib/python3.11/site-packages/airflow/example_dags/example_xcomargs.py took 0.089 seconds
[2025-03-24T16:43:03.369-0700] {processor.py:186} INFO - Started process (PID=4700) to work on /Users/jingwenxu/anaconda3/lib/python3.11/site-packages/airflow/example_dags/example_xcomargs.py
[2025-03-24T16:43:03.370-0700] {processor.py:914} INFO - Processing file /Users/jingwenxu/anaconda3/lib/python3.11/site-packages/airflow/example_dags/example_xcomargs.py for tasks to queue
[2025-03-24T16:43:03.371-0700] {logging_mixin.py:190} INFO - [2025-03-24T16:43:03.371-0700] {dagbag.py:588} INFO - Filling up the DagBag from /Users/jingwenxu/anaconda3/lib/python3.11/site-packages/airflow/example_dags/example_xcomargs.py
[2025-03-24T16:43:03.391-0700] {processor.py:925} INFO - DAG(s) 'example_xcom_args', 'example_xcom_args_with_operators' retrieved from /Users/jingwenxu/anaconda3/lib/python3.11/site-packages/airflow/example_dags/example_xcomargs.py
[2025-03-24T16:43:03.436-0700] {logging_mixin.py:190} INFO - [2025-03-24T16:43:03.435-0700] {dag.py:3239} INFO - Sync 2 DAGs
[2025-03-24T16:43:03.440-0700] {logging_mixin.py:190} INFO - [2025-03-24T16:43:03.440-0700] {dag.py:4180} INFO - Setting next_dagrun for example_xcom_args to None, run_after=None
[2025-03-24T16:43:03.442-0700] {logging_mixin.py:190} INFO - [2025-03-24T16:43:03.442-0700] {dag.py:4180} INFO - Setting next_dagrun for example_xcom_args_with_operators to None, run_after=None
[2025-03-24T16:43:03.450-0700] {processor.py:208} INFO - Processing /Users/jingwenxu/anaconda3/lib/python3.11/site-packages/airflow/example_dags/example_xcomargs.py took 0.083 seconds
[2025-03-24T16:44:41.479-0700] {processor.py:186} INFO - Started process (PID=5020) to work on /Users/jingwenxu/anaconda3/lib/python3.11/site-packages/airflow/example_dags/example_xcomargs.py
[2025-03-24T16:44:41.480-0700] {processor.py:914} INFO - Processing file /Users/jingwenxu/anaconda3/lib/python3.11/site-packages/airflow/example_dags/example_xcomargs.py for tasks to queue
[2025-03-24T16:44:41.481-0700] {logging_mixin.py:190} INFO - [2025-03-24T16:44:41.481-0700] {dagbag.py:588} INFO - Filling up the DagBag from /Users/jingwenxu/anaconda3/lib/python3.11/site-packages/airflow/example_dags/example_xcomargs.py
[2025-03-24T16:44:41.503-0700] {processor.py:925} INFO - DAG(s) 'example_xcom_args', 'example_xcom_args_with_operators' retrieved from /Users/jingwenxu/anaconda3/lib/python3.11/site-packages/airflow/example_dags/example_xcomargs.py
[2025-03-24T16:44:41.550-0700] {logging_mixin.py:190} INFO - [2025-03-24T16:44:41.550-0700] {dag.py:3239} INFO - Sync 2 DAGs
[2025-03-24T16:44:41.555-0700] {logging_mixin.py:190} INFO - [2025-03-24T16:44:41.555-0700] {dag.py:4180} INFO - Setting next_dagrun for example_xcom_args to None, run_after=None
[2025-03-24T16:44:41.557-0700] {logging_mixin.py:190} INFO - [2025-03-24T16:44:41.557-0700] {dag.py:4180} INFO - Setting next_dagrun for example_xcom_args_with_operators to None, run_after=None
[2025-03-24T16:44:41.567-0700] {processor.py:208} INFO - Processing /Users/jingwenxu/anaconda3/lib/python3.11/site-packages/airflow/example_dags/example_xcomargs.py took 0.089 seconds
[2025-03-24T16:46:22.171-0700] {processor.py:186} INFO - Started process (PID=5378) to work on /Users/jingwenxu/anaconda3/lib/python3.11/site-packages/airflow/example_dags/example_xcomargs.py
[2025-03-24T16:46:22.172-0700] {processor.py:914} INFO - Processing file /Users/jingwenxu/anaconda3/lib/python3.11/site-packages/airflow/example_dags/example_xcomargs.py for tasks to queue
[2025-03-24T16:46:22.173-0700] {logging_mixin.py:190} INFO - [2025-03-24T16:46:22.173-0700] {dagbag.py:588} INFO - Filling up the DagBag from /Users/jingwenxu/anaconda3/lib/python3.11/site-packages/airflow/example_dags/example_xcomargs.py
[2025-03-24T16:46:22.194-0700] {processor.py:925} INFO - DAG(s) 'example_xcom_args_with_operators', 'example_xcom_args' retrieved from /Users/jingwenxu/anaconda3/lib/python3.11/site-packages/airflow/example_dags/example_xcomargs.py
[2025-03-24T16:46:22.241-0700] {logging_mixin.py:190} INFO - [2025-03-24T16:46:22.241-0700] {dag.py:3239} INFO - Sync 2 DAGs
[2025-03-24T16:46:22.246-0700] {logging_mixin.py:190} INFO - [2025-03-24T16:46:22.246-0700] {dag.py:4180} INFO - Setting next_dagrun for example_xcom_args to None, run_after=None
[2025-03-24T16:46:22.247-0700] {logging_mixin.py:190} INFO - [2025-03-24T16:46:22.247-0700] {dag.py:4180} INFO - Setting next_dagrun for example_xcom_args_with_operators to None, run_after=None
[2025-03-24T16:46:22.255-0700] {processor.py:208} INFO - Processing /Users/jingwenxu/anaconda3/lib/python3.11/site-packages/airflow/example_dags/example_xcomargs.py took 0.086 seconds
[2025-03-24T16:47:59.051-0700] {processor.py:186} INFO - Started process (PID=5697) to work on /Users/jingwenxu/anaconda3/lib/python3.11/site-packages/airflow/example_dags/example_xcomargs.py
[2025-03-24T16:47:59.053-0700] {processor.py:914} INFO - Processing file /Users/jingwenxu/anaconda3/lib/python3.11/site-packages/airflow/example_dags/example_xcomargs.py for tasks to queue
[2025-03-24T16:47:59.053-0700] {logging_mixin.py:190} INFO - [2025-03-24T16:47:59.053-0700] {dagbag.py:588} INFO - Filling up the DagBag from /Users/jingwenxu/anaconda3/lib/python3.11/site-packages/airflow/example_dags/example_xcomargs.py
[2025-03-24T16:47:59.075-0700] {processor.py:925} INFO - DAG(s) 'example_xcom_args_with_operators', 'example_xcom_args' retrieved from /Users/jingwenxu/anaconda3/lib/python3.11/site-packages/airflow/example_dags/example_xcomargs.py
[2025-03-24T16:47:59.125-0700] {logging_mixin.py:190} INFO - [2025-03-24T16:47:59.124-0700] {dag.py:3239} INFO - Sync 2 DAGs
[2025-03-24T16:47:59.131-0700] {logging_mixin.py:190} INFO - [2025-03-24T16:47:59.131-0700] {dag.py:4180} INFO - Setting next_dagrun for example_xcom_args to None, run_after=None
[2025-03-24T16:47:59.132-0700] {logging_mixin.py:190} INFO - [2025-03-24T16:47:59.132-0700] {dag.py:4180} INFO - Setting next_dagrun for example_xcom_args_with_operators to None, run_after=None
[2025-03-24T16:47:59.142-0700] {processor.py:208} INFO - Processing /Users/jingwenxu/anaconda3/lib/python3.11/site-packages/airflow/example_dags/example_xcomargs.py took 0.093 seconds
[2025-03-24T16:49:40.406-0700] {processor.py:186} INFO - Started process (PID=6070) to work on /Users/jingwenxu/anaconda3/lib/python3.11/site-packages/airflow/example_dags/example_xcomargs.py
[2025-03-24T16:49:40.407-0700] {processor.py:914} INFO - Processing file /Users/jingwenxu/anaconda3/lib/python3.11/site-packages/airflow/example_dags/example_xcomargs.py for tasks to queue
[2025-03-24T16:49:40.408-0700] {logging_mixin.py:190} INFO - [2025-03-24T16:49:40.408-0700] {dagbag.py:588} INFO - Filling up the DagBag from /Users/jingwenxu/anaconda3/lib/python3.11/site-packages/airflow/example_dags/example_xcomargs.py
[2025-03-24T16:49:40.428-0700] {processor.py:925} INFO - DAG(s) 'example_xcom_args', 'example_xcom_args_with_operators' retrieved from /Users/jingwenxu/anaconda3/lib/python3.11/site-packages/airflow/example_dags/example_xcomargs.py
[2025-03-24T16:49:40.473-0700] {logging_mixin.py:190} INFO - [2025-03-24T16:49:40.473-0700] {dag.py:3239} INFO - Sync 2 DAGs
[2025-03-24T16:49:40.478-0700] {logging_mixin.py:190} INFO - [2025-03-24T16:49:40.478-0700] {dag.py:4180} INFO - Setting next_dagrun for example_xcom_args to None, run_after=None
[2025-03-24T16:49:40.479-0700] {logging_mixin.py:190} INFO - [2025-03-24T16:49:40.479-0700] {dag.py:4180} INFO - Setting next_dagrun for example_xcom_args_with_operators to None, run_after=None
[2025-03-24T16:49:40.488-0700] {processor.py:208} INFO - Processing /Users/jingwenxu/anaconda3/lib/python3.11/site-packages/airflow/example_dags/example_xcomargs.py took 0.084 seconds
[2025-03-24T16:51:20.594-0700] {processor.py:186} INFO - Started process (PID=6415) to work on /Users/jingwenxu/anaconda3/lib/python3.11/site-packages/airflow/example_dags/example_xcomargs.py
[2025-03-24T16:51:20.596-0700] {processor.py:914} INFO - Processing file /Users/jingwenxu/anaconda3/lib/python3.11/site-packages/airflow/example_dags/example_xcomargs.py for tasks to queue
[2025-03-24T16:51:20.597-0700] {logging_mixin.py:190} INFO - [2025-03-24T16:51:20.597-0700] {dagbag.py:588} INFO - Filling up the DagBag from /Users/jingwenxu/anaconda3/lib/python3.11/site-packages/airflow/example_dags/example_xcomargs.py
[2025-03-24T16:51:20.616-0700] {processor.py:925} INFO - DAG(s) 'example_xcom_args_with_operators', 'example_xcom_args' retrieved from /Users/jingwenxu/anaconda3/lib/python3.11/site-packages/airflow/example_dags/example_xcomargs.py
[2025-03-24T16:51:20.660-0700] {logging_mixin.py:190} INFO - [2025-03-24T16:51:20.660-0700] {dag.py:3239} INFO - Sync 2 DAGs
[2025-03-24T16:51:20.665-0700] {logging_mixin.py:190} INFO - [2025-03-24T16:51:20.665-0700] {dag.py:4180} INFO - Setting next_dagrun for example_xcom_args to None, run_after=None
[2025-03-24T16:51:20.666-0700] {logging_mixin.py:190} INFO - [2025-03-24T16:51:20.666-0700] {dag.py:4180} INFO - Setting next_dagrun for example_xcom_args_with_operators to None, run_after=None
[2025-03-24T16:51:20.674-0700] {processor.py:208} INFO - Processing /Users/jingwenxu/anaconda3/lib/python3.11/site-packages/airflow/example_dags/example_xcomargs.py took 0.082 seconds
[2025-03-24T16:52:58.910-0700] {processor.py:186} INFO - Started process (PID=6735) to work on /Users/jingwenxu/anaconda3/lib/python3.11/site-packages/airflow/example_dags/example_xcomargs.py
[2025-03-24T16:52:58.912-0700] {processor.py:914} INFO - Processing file /Users/jingwenxu/anaconda3/lib/python3.11/site-packages/airflow/example_dags/example_xcomargs.py for tasks to queue
[2025-03-24T16:52:58.913-0700] {logging_mixin.py:190} INFO - [2025-03-24T16:52:58.912-0700] {dagbag.py:588} INFO - Filling up the DagBag from /Users/jingwenxu/anaconda3/lib/python3.11/site-packages/airflow/example_dags/example_xcomargs.py
[2025-03-24T16:52:58.932-0700] {processor.py:925} INFO - DAG(s) 'example_xcom_args_with_operators', 'example_xcom_args' retrieved from /Users/jingwenxu/anaconda3/lib/python3.11/site-packages/airflow/example_dags/example_xcomargs.py
[2025-03-24T16:52:58.975-0700] {logging_mixin.py:190} INFO - [2025-03-24T16:52:58.975-0700] {dag.py:3239} INFO - Sync 2 DAGs
[2025-03-24T16:52:58.980-0700] {logging_mixin.py:190} INFO - [2025-03-24T16:52:58.980-0700] {dag.py:4180} INFO - Setting next_dagrun for example_xcom_args to None, run_after=None
[2025-03-24T16:52:58.981-0700] {logging_mixin.py:190} INFO - [2025-03-24T16:52:58.981-0700] {dag.py:4180} INFO - Setting next_dagrun for example_xcom_args_with_operators to None, run_after=None
[2025-03-24T16:52:58.990-0700] {processor.py:208} INFO - Processing /Users/jingwenxu/anaconda3/lib/python3.11/site-packages/airflow/example_dags/example_xcomargs.py took 0.081 seconds
