[2025-03-24T16:34:15.217-0700] {processor.py:186} INFO - Started process (PID=2793) to work on /Users/jingwenxu/anaconda3/lib/python3.11/site-packages/airflow/example_dags/example_xcom.py
[2025-03-24T16:34:15.218-0700] {processor.py:914} INFO - Processing file /Users/jingwenxu/anaconda3/lib/python3.11/site-packages/airflow/example_dags/example_xcom.py for tasks to queue
[2025-03-24T16:34:15.218-0700] {logging_mixin.py:190} INFO - [2025-03-24T16:34:15.218-0700] {dagbag.py:588} INFO - Filling up the DagBag from /Users/jingwenxu/anaconda3/lib/python3.11/site-packages/airflow/example_dags/example_xcom.py
[2025-03-24T16:34:15.238-0700] {processor.py:925} INFO - DAG(s) 'example_xcom' retrieved from /Users/jingwenxu/anaconda3/lib/python3.11/site-packages/airflow/example_dags/example_xcom.py
[2025-03-24T16:34:15.322-0700] {logging_mixin.py:190} INFO - [2025-03-24T16:34:15.322-0700] {override.py:1930} INFO - Created Permission View: can read on DAG:example_xcom
[2025-03-24T16:34:15.326-0700] {logging_mixin.py:190} INFO - [2025-03-24T16:34:15.326-0700] {override.py:1930} INFO - Created Permission View: can edit on DAG:example_xcom
[2025-03-24T16:34:15.328-0700] {logging_mixin.py:190} INFO - [2025-03-24T16:34:15.328-0700] {override.py:1930} INFO - Created Permission View: can delete on DAG:example_xcom
[2025-03-24T16:34:15.332-0700] {logging_mixin.py:190} INFO - [2025-03-24T16:34:15.331-0700] {override.py:1930} INFO - Created Permission View: can read on DAG Run:example_xcom
[2025-03-24T16:34:15.334-0700] {logging_mixin.py:190} INFO - [2025-03-24T16:34:15.334-0700] {override.py:1930} INFO - Created Permission View: can delete on DAG Run:example_xcom
[2025-03-24T16:34:15.336-0700] {logging_mixin.py:190} INFO - [2025-03-24T16:34:15.336-0700] {override.py:1930} INFO - Created Permission View: menu access on DAG Run:example_xcom
[2025-03-24T16:34:15.338-0700] {logging_mixin.py:190} INFO - [2025-03-24T16:34:15.338-0700] {override.py:1930} INFO - Created Permission View: can create on DAG Run:example_xcom
[2025-03-24T16:34:15.339-0700] {logging_mixin.py:190} INFO - [2025-03-24T16:34:15.339-0700] {dag.py:3239} INFO - Sync 1 DAGs
[2025-03-24T16:34:15.343-0700] {logging_mixin.py:190} INFO - [2025-03-24T16:34:15.343-0700] {dag.py:3262} INFO - Creating ORM DAG for example_xcom
[2025-03-24T16:34:15.346-0700] {logging_mixin.py:190} INFO - [2025-03-24T16:34:15.346-0700] {dag.py:4180} INFO - Setting next_dagrun for example_xcom to 2021-01-01 00:00:00+00:00, run_after=2021-01-01 00:00:00+00:00
[2025-03-24T16:34:15.353-0700] {processor.py:208} INFO - Processing /Users/jingwenxu/anaconda3/lib/python3.11/site-packages/airflow/example_dags/example_xcom.py took 0.138 seconds
[2025-03-24T16:36:31.099-0700] {processor.py:186} INFO - Started process (PID=3278) to work on /Users/jingwenxu/anaconda3/lib/python3.11/site-packages/airflow/example_dags/example_xcom.py
[2025-03-24T16:36:31.100-0700] {processor.py:914} INFO - Processing file /Users/jingwenxu/anaconda3/lib/python3.11/site-packages/airflow/example_dags/example_xcom.py for tasks to queue
[2025-03-24T16:36:31.101-0700] {logging_mixin.py:190} INFO - [2025-03-24T16:36:31.101-0700] {dagbag.py:588} INFO - Filling up the DagBag from /Users/jingwenxu/anaconda3/lib/python3.11/site-packages/airflow/example_dags/example_xcom.py
[2025-03-24T16:36:31.120-0700] {processor.py:925} INFO - DAG(s) 'example_xcom' retrieved from /Users/jingwenxu/anaconda3/lib/python3.11/site-packages/airflow/example_dags/example_xcom.py
[2025-03-24T16:36:31.164-0700] {logging_mixin.py:190} INFO - [2025-03-24T16:36:31.164-0700] {dag.py:3239} INFO - Sync 1 DAGs
[2025-03-24T16:36:31.171-0700] {logging_mixin.py:190} INFO - [2025-03-24T16:36:31.171-0700] {dag.py:4180} INFO - Setting next_dagrun for example_xcom to 2021-01-01 00:00:00+00:00, run_after=2021-01-01 00:00:00+00:00
[2025-03-24T16:36:31.180-0700] {processor.py:208} INFO - Processing /Users/jingwenxu/anaconda3/lib/python3.11/site-packages/airflow/example_dags/example_xcom.py took 0.083 seconds
[2025-03-24T16:38:08.994-0700] {processor.py:186} INFO - Started process (PID=3609) to work on /Users/jingwenxu/anaconda3/lib/python3.11/site-packages/airflow/example_dags/example_xcom.py
[2025-03-24T16:38:08.995-0700] {processor.py:914} INFO - Processing file /Users/jingwenxu/anaconda3/lib/python3.11/site-packages/airflow/example_dags/example_xcom.py for tasks to queue
[2025-03-24T16:38:08.996-0700] {logging_mixin.py:190} INFO - [2025-03-24T16:38:08.996-0700] {dagbag.py:588} INFO - Filling up the DagBag from /Users/jingwenxu/anaconda3/lib/python3.11/site-packages/airflow/example_dags/example_xcom.py
[2025-03-24T16:38:09.017-0700] {processor.py:925} INFO - DAG(s) 'example_xcom' retrieved from /Users/jingwenxu/anaconda3/lib/python3.11/site-packages/airflow/example_dags/example_xcom.py
[2025-03-24T16:38:09.062-0700] {logging_mixin.py:190} INFO - [2025-03-24T16:38:09.062-0700] {dag.py:3239} INFO - Sync 1 DAGs
[2025-03-24T16:38:09.070-0700] {logging_mixin.py:190} INFO - [2025-03-24T16:38:09.070-0700] {dag.py:4180} INFO - Setting next_dagrun for example_xcom to 2021-01-01 00:00:00+00:00, run_after=2021-01-01 00:00:00+00:00
[2025-03-24T16:38:09.079-0700] {processor.py:208} INFO - Processing /Users/jingwenxu/anaconda3/lib/python3.11/site-packages/airflow/example_dags/example_xcom.py took 0.087 seconds
[2025-03-24T16:39:47.949-0700] {processor.py:186} INFO - Started process (PID=3983) to work on /Users/jingwenxu/anaconda3/lib/python3.11/site-packages/airflow/example_dags/example_xcom.py
[2025-03-24T16:39:47.951-0700] {processor.py:914} INFO - Processing file /Users/jingwenxu/anaconda3/lib/python3.11/site-packages/airflow/example_dags/example_xcom.py for tasks to queue
[2025-03-24T16:39:47.952-0700] {logging_mixin.py:190} INFO - [2025-03-24T16:39:47.952-0700] {dagbag.py:588} INFO - Filling up the DagBag from /Users/jingwenxu/anaconda3/lib/python3.11/site-packages/airflow/example_dags/example_xcom.py
[2025-03-24T16:39:47.972-0700] {processor.py:925} INFO - DAG(s) 'example_xcom' retrieved from /Users/jingwenxu/anaconda3/lib/python3.11/site-packages/airflow/example_dags/example_xcom.py
[2025-03-24T16:39:48.015-0700] {logging_mixin.py:190} INFO - [2025-03-24T16:39:48.015-0700] {dag.py:3239} INFO - Sync 1 DAGs
[2025-03-24T16:39:48.022-0700] {logging_mixin.py:190} INFO - [2025-03-24T16:39:48.022-0700] {dag.py:4180} INFO - Setting next_dagrun for example_xcom to 2021-01-01 00:00:00+00:00, run_after=2021-01-01 00:00:00+00:00
[2025-03-24T16:39:48.031-0700] {processor.py:208} INFO - Processing /Users/jingwenxu/anaconda3/lib/python3.11/site-packages/airflow/example_dags/example_xcom.py took 0.083 seconds
[2025-03-24T16:41:24.784-0700] {processor.py:186} INFO - Started process (PID=4358) to work on /Users/jingwenxu/anaconda3/lib/python3.11/site-packages/airflow/example_dags/example_xcom.py
[2025-03-24T16:41:24.785-0700] {processor.py:914} INFO - Processing file /Users/jingwenxu/anaconda3/lib/python3.11/site-packages/airflow/example_dags/example_xcom.py for tasks to queue
[2025-03-24T16:41:24.787-0700] {logging_mixin.py:190} INFO - [2025-03-24T16:41:24.786-0700] {dagbag.py:588} INFO - Filling up the DagBag from /Users/jingwenxu/anaconda3/lib/python3.11/site-packages/airflow/example_dags/example_xcom.py
[2025-03-24T16:41:24.812-0700] {processor.py:925} INFO - DAG(s) 'example_xcom' retrieved from /Users/jingwenxu/anaconda3/lib/python3.11/site-packages/airflow/example_dags/example_xcom.py
[2025-03-24T16:41:24.861-0700] {logging_mixin.py:190} INFO - [2025-03-24T16:41:24.861-0700] {dag.py:3239} INFO - Sync 1 DAGs
[2025-03-24T16:41:24.871-0700] {logging_mixin.py:190} INFO - [2025-03-24T16:41:24.870-0700] {dag.py:4180} INFO - Setting next_dagrun for example_xcom to 2021-01-01 00:00:00+00:00, run_after=2021-01-01 00:00:00+00:00
[2025-03-24T16:41:24.881-0700] {processor.py:208} INFO - Processing /Users/jingwenxu/anaconda3/lib/python3.11/site-packages/airflow/example_dags/example_xcom.py took 0.099 seconds
[2025-03-24T16:43:05.797-0700] {processor.py:186} INFO - Started process (PID=4707) to work on /Users/jingwenxu/anaconda3/lib/python3.11/site-packages/airflow/example_dags/example_xcom.py
[2025-03-24T16:43:05.797-0700] {processor.py:914} INFO - Processing file /Users/jingwenxu/anaconda3/lib/python3.11/site-packages/airflow/example_dags/example_xcom.py for tasks to queue
[2025-03-24T16:43:05.798-0700] {logging_mixin.py:190} INFO - [2025-03-24T16:43:05.798-0700] {dagbag.py:588} INFO - Filling up the DagBag from /Users/jingwenxu/anaconda3/lib/python3.11/site-packages/airflow/example_dags/example_xcom.py
[2025-03-24T16:43:05.818-0700] {processor.py:925} INFO - DAG(s) 'example_xcom' retrieved from /Users/jingwenxu/anaconda3/lib/python3.11/site-packages/airflow/example_dags/example_xcom.py
[2025-03-24T16:43:05.862-0700] {logging_mixin.py:190} INFO - [2025-03-24T16:43:05.862-0700] {dag.py:3239} INFO - Sync 1 DAGs
[2025-03-24T16:43:05.870-0700] {logging_mixin.py:190} INFO - [2025-03-24T16:43:05.870-0700] {dag.py:4180} INFO - Setting next_dagrun for example_xcom to 2021-01-01 00:00:00+00:00, run_after=2021-01-01 00:00:00+00:00
[2025-03-24T16:43:05.878-0700] {processor.py:208} INFO - Processing /Users/jingwenxu/anaconda3/lib/python3.11/site-packages/airflow/example_dags/example_xcom.py took 0.083 seconds
[2025-03-24T16:44:43.897-0700] {processor.py:186} INFO - Started process (PID=5032) to work on /Users/jingwenxu/anaconda3/lib/python3.11/site-packages/airflow/example_dags/example_xcom.py
[2025-03-24T16:44:43.898-0700] {processor.py:914} INFO - Processing file /Users/jingwenxu/anaconda3/lib/python3.11/site-packages/airflow/example_dags/example_xcom.py for tasks to queue
[2025-03-24T16:44:43.899-0700] {logging_mixin.py:190} INFO - [2025-03-24T16:44:43.899-0700] {dagbag.py:588} INFO - Filling up the DagBag from /Users/jingwenxu/anaconda3/lib/python3.11/site-packages/airflow/example_dags/example_xcom.py
[2025-03-24T16:44:43.917-0700] {processor.py:925} INFO - DAG(s) 'example_xcom' retrieved from /Users/jingwenxu/anaconda3/lib/python3.11/site-packages/airflow/example_dags/example_xcom.py
[2025-03-24T16:44:43.959-0700] {logging_mixin.py:190} INFO - [2025-03-24T16:44:43.959-0700] {dag.py:3239} INFO - Sync 1 DAGs
[2025-03-24T16:44:43.967-0700] {logging_mixin.py:190} INFO - [2025-03-24T16:44:43.967-0700] {dag.py:4180} INFO - Setting next_dagrun for example_xcom to 2021-01-01 00:00:00+00:00, run_after=2021-01-01 00:00:00+00:00
[2025-03-24T16:44:43.976-0700] {processor.py:208} INFO - Processing /Users/jingwenxu/anaconda3/lib/python3.11/site-packages/airflow/example_dags/example_xcom.py took 0.081 seconds
[2025-03-24T16:46:24.654-0700] {processor.py:186} INFO - Started process (PID=5386) to work on /Users/jingwenxu/anaconda3/lib/python3.11/site-packages/airflow/example_dags/example_xcom.py
[2025-03-24T16:46:24.654-0700] {processor.py:914} INFO - Processing file /Users/jingwenxu/anaconda3/lib/python3.11/site-packages/airflow/example_dags/example_xcom.py for tasks to queue
[2025-03-24T16:46:24.655-0700] {logging_mixin.py:190} INFO - [2025-03-24T16:46:24.655-0700] {dagbag.py:588} INFO - Filling up the DagBag from /Users/jingwenxu/anaconda3/lib/python3.11/site-packages/airflow/example_dags/example_xcom.py
[2025-03-24T16:46:24.676-0700] {processor.py:925} INFO - DAG(s) 'example_xcom' retrieved from /Users/jingwenxu/anaconda3/lib/python3.11/site-packages/airflow/example_dags/example_xcom.py
[2025-03-24T16:46:24.724-0700] {logging_mixin.py:190} INFO - [2025-03-24T16:46:24.723-0700] {dag.py:3239} INFO - Sync 1 DAGs
[2025-03-24T16:46:24.735-0700] {logging_mixin.py:190} INFO - [2025-03-24T16:46:24.735-0700] {dag.py:4180} INFO - Setting next_dagrun for example_xcom to 2021-01-01 00:00:00+00:00, run_after=2021-01-01 00:00:00+00:00
[2025-03-24T16:46:24.744-0700] {processor.py:208} INFO - Processing /Users/jingwenxu/anaconda3/lib/python3.11/site-packages/airflow/example_dags/example_xcom.py took 0.092 seconds
[2025-03-24T16:48:01.525-0700] {processor.py:186} INFO - Started process (PID=5704) to work on /Users/jingwenxu/anaconda3/lib/python3.11/site-packages/airflow/example_dags/example_xcom.py
[2025-03-24T16:48:01.526-0700] {processor.py:914} INFO - Processing file /Users/jingwenxu/anaconda3/lib/python3.11/site-packages/airflow/example_dags/example_xcom.py for tasks to queue
[2025-03-24T16:48:01.527-0700] {logging_mixin.py:190} INFO - [2025-03-24T16:48:01.526-0700] {dagbag.py:588} INFO - Filling up the DagBag from /Users/jingwenxu/anaconda3/lib/python3.11/site-packages/airflow/example_dags/example_xcom.py
[2025-03-24T16:48:01.545-0700] {processor.py:925} INFO - DAG(s) 'example_xcom' retrieved from /Users/jingwenxu/anaconda3/lib/python3.11/site-packages/airflow/example_dags/example_xcom.py
[2025-03-24T16:48:01.587-0700] {logging_mixin.py:190} INFO - [2025-03-24T16:48:01.587-0700] {dag.py:3239} INFO - Sync 1 DAGs
[2025-03-24T16:48:01.595-0700] {logging_mixin.py:190} INFO - [2025-03-24T16:48:01.595-0700] {dag.py:4180} INFO - Setting next_dagrun for example_xcom to 2021-01-01 00:00:00+00:00, run_after=2021-01-01 00:00:00+00:00
[2025-03-24T16:48:01.603-0700] {processor.py:208} INFO - Processing /Users/jingwenxu/anaconda3/lib/python3.11/site-packages/airflow/example_dags/example_xcom.py took 0.080 seconds
[2025-03-24T16:49:42.778-0700] {processor.py:186} INFO - Started process (PID=6079) to work on /Users/jingwenxu/anaconda3/lib/python3.11/site-packages/airflow/example_dags/example_xcom.py
[2025-03-24T16:49:42.779-0700] {processor.py:914} INFO - Processing file /Users/jingwenxu/anaconda3/lib/python3.11/site-packages/airflow/example_dags/example_xcom.py for tasks to queue
[2025-03-24T16:49:42.780-0700] {logging_mixin.py:190} INFO - [2025-03-24T16:49:42.780-0700] {dagbag.py:588} INFO - Filling up the DagBag from /Users/jingwenxu/anaconda3/lib/python3.11/site-packages/airflow/example_dags/example_xcom.py
[2025-03-24T16:49:42.799-0700] {processor.py:925} INFO - DAG(s) 'example_xcom' retrieved from /Users/jingwenxu/anaconda3/lib/python3.11/site-packages/airflow/example_dags/example_xcom.py
[2025-03-24T16:49:42.842-0700] {logging_mixin.py:190} INFO - [2025-03-24T16:49:42.842-0700] {dag.py:3239} INFO - Sync 1 DAGs
[2025-03-24T16:49:42.849-0700] {logging_mixin.py:190} INFO - [2025-03-24T16:49:42.849-0700] {dag.py:4180} INFO - Setting next_dagrun for example_xcom to 2021-01-01 00:00:00+00:00, run_after=2021-01-01 00:00:00+00:00
[2025-03-24T16:49:42.859-0700] {processor.py:208} INFO - Processing /Users/jingwenxu/anaconda3/lib/python3.11/site-packages/airflow/example_dags/example_xcom.py took 0.083 seconds
[2025-03-24T16:51:23.003-0700] {processor.py:186} INFO - Started process (PID=6423) to work on /Users/jingwenxu/anaconda3/lib/python3.11/site-packages/airflow/example_dags/example_xcom.py
[2025-03-24T16:51:23.005-0700] {processor.py:914} INFO - Processing file /Users/jingwenxu/anaconda3/lib/python3.11/site-packages/airflow/example_dags/example_xcom.py for tasks to queue
[2025-03-24T16:51:23.005-0700] {logging_mixin.py:190} INFO - [2025-03-24T16:51:23.005-0700] {dagbag.py:588} INFO - Filling up the DagBag from /Users/jingwenxu/anaconda3/lib/python3.11/site-packages/airflow/example_dags/example_xcom.py
[2025-03-24T16:51:23.025-0700] {processor.py:925} INFO - DAG(s) 'example_xcom' retrieved from /Users/jingwenxu/anaconda3/lib/python3.11/site-packages/airflow/example_dags/example_xcom.py
[2025-03-24T16:51:23.074-0700] {logging_mixin.py:190} INFO - [2025-03-24T16:51:23.074-0700] {dag.py:3239} INFO - Sync 1 DAGs
[2025-03-24T16:51:23.084-0700] {logging_mixin.py:190} INFO - [2025-03-24T16:51:23.084-0700] {dag.py:4180} INFO - Setting next_dagrun for example_xcom to 2021-01-01 00:00:00+00:00, run_after=2021-01-01 00:00:00+00:00
[2025-03-24T16:51:23.095-0700] {processor.py:208} INFO - Processing /Users/jingwenxu/anaconda3/lib/python3.11/site-packages/airflow/example_dags/example_xcom.py took 0.094 seconds
[2025-03-24T16:53:01.235-0700] {processor.py:186} INFO - Started process (PID=6742) to work on /Users/jingwenxu/anaconda3/lib/python3.11/site-packages/airflow/example_dags/example_xcom.py
[2025-03-24T16:53:01.237-0700] {processor.py:914} INFO - Processing file /Users/jingwenxu/anaconda3/lib/python3.11/site-packages/airflow/example_dags/example_xcom.py for tasks to queue
[2025-03-24T16:53:01.238-0700] {logging_mixin.py:190} INFO - [2025-03-24T16:53:01.238-0700] {dagbag.py:588} INFO - Filling up the DagBag from /Users/jingwenxu/anaconda3/lib/python3.11/site-packages/airflow/example_dags/example_xcom.py
[2025-03-24T16:53:01.257-0700] {processor.py:925} INFO - DAG(s) 'example_xcom' retrieved from /Users/jingwenxu/anaconda3/lib/python3.11/site-packages/airflow/example_dags/example_xcom.py
[2025-03-24T16:53:01.300-0700] {logging_mixin.py:190} INFO - [2025-03-24T16:53:01.300-0700] {dag.py:3239} INFO - Sync 1 DAGs
[2025-03-24T16:53:01.307-0700] {logging_mixin.py:190} INFO - [2025-03-24T16:53:01.307-0700] {dag.py:4180} INFO - Setting next_dagrun for example_xcom to 2021-01-01 00:00:00+00:00, run_after=2021-01-01 00:00:00+00:00
[2025-03-24T16:53:01.316-0700] {processor.py:208} INFO - Processing /Users/jingwenxu/anaconda3/lib/python3.11/site-packages/airflow/example_dags/example_xcom.py took 0.082 seconds
