[2025-03-24T16:34:39.116-0700] {processor.py:186} INFO - Started process (PID=2870) to work on /Users/jingwenxu/anaconda3/lib/python3.11/site-packages/airflow/example_dags/example_skip_dag.py
[2025-03-24T16:34:39.117-0700] {processor.py:914} INFO - Processing file /Users/jingwenxu/anaconda3/lib/python3.11/site-packages/airflow/example_dags/example_skip_dag.py for tasks to queue
[2025-03-24T16:34:39.117-0700] {logging_mixin.py:190} INFO - [2025-03-24T16:34:39.117-0700] {dagbag.py:588} INFO - Filling up the DagBag from /Users/jingwenxu/anaconda3/lib/python3.11/site-packages/airflow/example_dags/example_skip_dag.py
[2025-03-24T16:34:39.122-0700] {processor.py:925} INFO - DAG(s) 'example_skip_dag' retrieved from /Users/jingwenxu/anaconda3/lib/python3.11/site-packages/airflow/example_dags/example_skip_dag.py
[2025-03-24T16:34:39.206-0700] {logging_mixin.py:190} INFO - [2025-03-24T16:34:39.206-0700] {override.py:1930} INFO - Created Permission View: can edit on DAG:example_skip_dag
[2025-03-24T16:34:39.210-0700] {logging_mixin.py:190} INFO - [2025-03-24T16:34:39.210-0700] {override.py:1930} INFO - Created Permission View: can delete on DAG:example_skip_dag
[2025-03-24T16:34:39.213-0700] {logging_mixin.py:190} INFO - [2025-03-24T16:34:39.213-0700] {override.py:1930} INFO - Created Permission View: can read on DAG:example_skip_dag
[2025-03-24T16:34:39.216-0700] {logging_mixin.py:190} INFO - [2025-03-24T16:34:39.216-0700] {override.py:1930} INFO - Created Permission View: can create on DAG Run:example_skip_dag
[2025-03-24T16:34:39.218-0700] {logging_mixin.py:190} INFO - [2025-03-24T16:34:39.218-0700] {override.py:1930} INFO - Created Permission View: menu access on DAG Run:example_skip_dag
[2025-03-24T16:34:39.221-0700] {logging_mixin.py:190} INFO - [2025-03-24T16:34:39.221-0700] {override.py:1930} INFO - Created Permission View: can delete on DAG Run:example_skip_dag
[2025-03-24T16:34:39.223-0700] {logging_mixin.py:190} INFO - [2025-03-24T16:34:39.223-0700] {override.py:1930} INFO - Created Permission View: can read on DAG Run:example_skip_dag
[2025-03-24T16:34:39.223-0700] {logging_mixin.py:190} INFO - [2025-03-24T16:34:39.223-0700] {dag.py:3239} INFO - Sync 1 DAGs
[2025-03-24T16:34:39.228-0700] {logging_mixin.py:190} INFO - [2025-03-24T16:34:39.228-0700] {dag.py:3262} INFO - Creating ORM DAG for example_skip_dag
[2025-03-24T16:34:39.232-0700] {logging_mixin.py:190} INFO - [2025-03-24T16:34:39.231-0700] {dag.py:4180} INFO - Setting next_dagrun for example_skip_dag to 2025-03-23 00:00:00+00:00, run_after=2025-03-24 00:00:00+00:00
[2025-03-24T16:34:39.239-0700] {processor.py:208} INFO - Processing /Users/jingwenxu/anaconda3/lib/python3.11/site-packages/airflow/example_dags/example_skip_dag.py took 0.125 seconds
[2025-03-24T16:36:51.792-0700] {processor.py:186} INFO - Started process (PID=3355) to work on /Users/jingwenxu/anaconda3/lib/python3.11/site-packages/airflow/example_dags/example_skip_dag.py
[2025-03-24T16:36:51.794-0700] {processor.py:914} INFO - Processing file /Users/jingwenxu/anaconda3/lib/python3.11/site-packages/airflow/example_dags/example_skip_dag.py for tasks to queue
[2025-03-24T16:36:51.795-0700] {logging_mixin.py:190} INFO - [2025-03-24T16:36:51.795-0700] {dagbag.py:588} INFO - Filling up the DagBag from /Users/jingwenxu/anaconda3/lib/python3.11/site-packages/airflow/example_dags/example_skip_dag.py
[2025-03-24T16:36:51.799-0700] {processor.py:925} INFO - DAG(s) 'example_skip_dag' retrieved from /Users/jingwenxu/anaconda3/lib/python3.11/site-packages/airflow/example_dags/example_skip_dag.py
[2025-03-24T16:36:51.843-0700] {logging_mixin.py:190} INFO - [2025-03-24T16:36:51.843-0700] {dag.py:3239} INFO - Sync 1 DAGs
[2025-03-24T16:36:51.853-0700] {logging_mixin.py:190} INFO - [2025-03-24T16:36:51.853-0700] {dag.py:4180} INFO - Setting next_dagrun for example_skip_dag to 2025-03-23 00:00:00+00:00, run_after=2025-03-24 00:00:00+00:00
[2025-03-24T16:36:51.861-0700] {processor.py:208} INFO - Processing /Users/jingwenxu/anaconda3/lib/python3.11/site-packages/airflow/example_dags/example_skip_dag.py took 0.070 seconds
[2025-03-24T16:38:30.885-0700] {processor.py:186} INFO - Started process (PID=3695) to work on /Users/jingwenxu/anaconda3/lib/python3.11/site-packages/airflow/example_dags/example_skip_dag.py
[2025-03-24T16:38:30.886-0700] {processor.py:914} INFO - Processing file /Users/jingwenxu/anaconda3/lib/python3.11/site-packages/airflow/example_dags/example_skip_dag.py for tasks to queue
[2025-03-24T16:38:30.887-0700] {logging_mixin.py:190} INFO - [2025-03-24T16:38:30.887-0700] {dagbag.py:588} INFO - Filling up the DagBag from /Users/jingwenxu/anaconda3/lib/python3.11/site-packages/airflow/example_dags/example_skip_dag.py
[2025-03-24T16:38:30.891-0700] {processor.py:925} INFO - DAG(s) 'example_skip_dag' retrieved from /Users/jingwenxu/anaconda3/lib/python3.11/site-packages/airflow/example_dags/example_skip_dag.py
[2025-03-24T16:38:30.935-0700] {logging_mixin.py:190} INFO - [2025-03-24T16:38:30.935-0700] {dag.py:3239} INFO - Sync 1 DAGs
[2025-03-24T16:38:30.945-0700] {logging_mixin.py:190} INFO - [2025-03-24T16:38:30.944-0700] {dag.py:4180} INFO - Setting next_dagrun for example_skip_dag to 2025-03-23 00:00:00+00:00, run_after=2025-03-24 00:00:00+00:00
[2025-03-24T16:38:30.953-0700] {processor.py:208} INFO - Processing /Users/jingwenxu/anaconda3/lib/python3.11/site-packages/airflow/example_dags/example_skip_dag.py took 0.069 seconds
[2025-03-24T16:40:07.777-0700] {processor.py:186} INFO - Started process (PID=4081) to work on /Users/jingwenxu/anaconda3/lib/python3.11/site-packages/airflow/example_dags/example_skip_dag.py
[2025-03-24T16:40:07.778-0700] {processor.py:914} INFO - Processing file /Users/jingwenxu/anaconda3/lib/python3.11/site-packages/airflow/example_dags/example_skip_dag.py for tasks to queue
[2025-03-24T16:40:07.778-0700] {logging_mixin.py:190} INFO - [2025-03-24T16:40:07.778-0700] {dagbag.py:588} INFO - Filling up the DagBag from /Users/jingwenxu/anaconda3/lib/python3.11/site-packages/airflow/example_dags/example_skip_dag.py
[2025-03-24T16:40:07.783-0700] {processor.py:925} INFO - DAG(s) 'example_skip_dag' retrieved from /Users/jingwenxu/anaconda3/lib/python3.11/site-packages/airflow/example_dags/example_skip_dag.py
[2025-03-24T16:40:07.827-0700] {logging_mixin.py:190} INFO - [2025-03-24T16:40:07.827-0700] {dag.py:3239} INFO - Sync 1 DAGs
[2025-03-24T16:40:07.837-0700] {logging_mixin.py:190} INFO - [2025-03-24T16:40:07.837-0700] {dag.py:4180} INFO - Setting next_dagrun for example_skip_dag to 2025-03-23 00:00:00+00:00, run_after=2025-03-24 00:00:00+00:00
[2025-03-24T16:40:07.846-0700] {processor.py:208} INFO - Processing /Users/jingwenxu/anaconda3/lib/python3.11/site-packages/airflow/example_dags/example_skip_dag.py took 0.071 seconds
[2025-03-24T16:41:45.667-0700] {processor.py:186} INFO - Started process (PID=4429) to work on /Users/jingwenxu/anaconda3/lib/python3.11/site-packages/airflow/example_dags/example_skip_dag.py
[2025-03-24T16:41:45.669-0700] {processor.py:914} INFO - Processing file /Users/jingwenxu/anaconda3/lib/python3.11/site-packages/airflow/example_dags/example_skip_dag.py for tasks to queue
[2025-03-24T16:41:45.670-0700] {logging_mixin.py:190} INFO - [2025-03-24T16:41:45.669-0700] {dagbag.py:588} INFO - Filling up the DagBag from /Users/jingwenxu/anaconda3/lib/python3.11/site-packages/airflow/example_dags/example_skip_dag.py
[2025-03-24T16:41:45.675-0700] {processor.py:925} INFO - DAG(s) 'example_skip_dag' retrieved from /Users/jingwenxu/anaconda3/lib/python3.11/site-packages/airflow/example_dags/example_skip_dag.py
[2025-03-24T16:41:45.719-0700] {logging_mixin.py:190} INFO - [2025-03-24T16:41:45.719-0700] {dag.py:3239} INFO - Sync 1 DAGs
[2025-03-24T16:41:45.728-0700] {logging_mixin.py:190} INFO - [2025-03-24T16:41:45.728-0700] {dag.py:4180} INFO - Setting next_dagrun for example_skip_dag to 2025-03-23 00:00:00+00:00, run_after=2025-03-24 00:00:00+00:00
[2025-03-24T16:41:45.736-0700] {processor.py:208} INFO - Processing /Users/jingwenxu/anaconda3/lib/python3.11/site-packages/airflow/example_dags/example_skip_dag.py took 0.070 seconds
[2025-03-24T16:43:26.289-0700] {processor.py:186} INFO - Started process (PID=4775) to work on /Users/jingwenxu/anaconda3/lib/python3.11/site-packages/airflow/example_dags/example_skip_dag.py
[2025-03-24T16:43:26.290-0700] {processor.py:914} INFO - Processing file /Users/jingwenxu/anaconda3/lib/python3.11/site-packages/airflow/example_dags/example_skip_dag.py for tasks to queue
[2025-03-24T16:43:26.291-0700] {logging_mixin.py:190} INFO - [2025-03-24T16:43:26.291-0700] {dagbag.py:588} INFO - Filling up the DagBag from /Users/jingwenxu/anaconda3/lib/python3.11/site-packages/airflow/example_dags/example_skip_dag.py
[2025-03-24T16:43:26.296-0700] {processor.py:925} INFO - DAG(s) 'example_skip_dag' retrieved from /Users/jingwenxu/anaconda3/lib/python3.11/site-packages/airflow/example_dags/example_skip_dag.py
[2025-03-24T16:43:26.344-0700] {logging_mixin.py:190} INFO - [2025-03-24T16:43:26.343-0700] {dag.py:3239} INFO - Sync 1 DAGs
[2025-03-24T16:43:26.353-0700] {logging_mixin.py:190} INFO - [2025-03-24T16:43:26.353-0700] {dag.py:4180} INFO - Setting next_dagrun for example_skip_dag to 2025-03-23 00:00:00+00:00, run_after=2025-03-24 00:00:00+00:00
[2025-03-24T16:43:26.362-0700] {processor.py:208} INFO - Processing /Users/jingwenxu/anaconda3/lib/python3.11/site-packages/airflow/example_dags/example_skip_dag.py took 0.075 seconds
[2025-03-24T16:45:05.475-0700] {processor.py:186} INFO - Started process (PID=5100) to work on /Users/jingwenxu/anaconda3/lib/python3.11/site-packages/airflow/example_dags/example_skip_dag.py
[2025-03-24T16:45:05.475-0700] {processor.py:914} INFO - Processing file /Users/jingwenxu/anaconda3/lib/python3.11/site-packages/airflow/example_dags/example_skip_dag.py for tasks to queue
[2025-03-24T16:45:05.476-0700] {logging_mixin.py:190} INFO - [2025-03-24T16:45:05.476-0700] {dagbag.py:588} INFO - Filling up the DagBag from /Users/jingwenxu/anaconda3/lib/python3.11/site-packages/airflow/example_dags/example_skip_dag.py
[2025-03-24T16:45:05.481-0700] {processor.py:925} INFO - DAG(s) 'example_skip_dag' retrieved from /Users/jingwenxu/anaconda3/lib/python3.11/site-packages/airflow/example_dags/example_skip_dag.py
[2025-03-24T16:45:05.525-0700] {logging_mixin.py:190} INFO - [2025-03-24T16:45:05.525-0700] {dag.py:3239} INFO - Sync 1 DAGs
[2025-03-24T16:45:05.533-0700] {logging_mixin.py:190} INFO - [2025-03-24T16:45:05.533-0700] {dag.py:4180} INFO - Setting next_dagrun for example_skip_dag to 2025-03-23 00:00:00+00:00, run_after=2025-03-24 00:00:00+00:00
[2025-03-24T16:45:05.541-0700] {processor.py:208} INFO - Processing /Users/jingwenxu/anaconda3/lib/python3.11/site-packages/airflow/example_dags/example_skip_dag.py took 0.068 seconds
[2025-03-24T16:46:45.291-0700] {processor.py:186} INFO - Started process (PID=5457) to work on /Users/jingwenxu/anaconda3/lib/python3.11/site-packages/airflow/example_dags/example_skip_dag.py
[2025-03-24T16:46:45.292-0700] {processor.py:914} INFO - Processing file /Users/jingwenxu/anaconda3/lib/python3.11/site-packages/airflow/example_dags/example_skip_dag.py for tasks to queue
[2025-03-24T16:46:45.293-0700] {logging_mixin.py:190} INFO - [2025-03-24T16:46:45.293-0700] {dagbag.py:588} INFO - Filling up the DagBag from /Users/jingwenxu/anaconda3/lib/python3.11/site-packages/airflow/example_dags/example_skip_dag.py
[2025-03-24T16:46:45.298-0700] {processor.py:925} INFO - DAG(s) 'example_skip_dag' retrieved from /Users/jingwenxu/anaconda3/lib/python3.11/site-packages/airflow/example_dags/example_skip_dag.py
[2025-03-24T16:46:45.342-0700] {logging_mixin.py:190} INFO - [2025-03-24T16:46:45.342-0700] {dag.py:3239} INFO - Sync 1 DAGs
[2025-03-24T16:46:45.350-0700] {logging_mixin.py:190} INFO - [2025-03-24T16:46:45.349-0700] {dag.py:4180} INFO - Setting next_dagrun for example_skip_dag to 2025-03-23 00:00:00+00:00, run_after=2025-03-24 00:00:00+00:00
[2025-03-24T16:46:45.358-0700] {processor.py:208} INFO - Processing /Users/jingwenxu/anaconda3/lib/python3.11/site-packages/airflow/example_dags/example_skip_dag.py took 0.068 seconds
[2025-03-24T16:48:24.004-0700] {processor.py:186} INFO - Started process (PID=5780) to work on /Users/jingwenxu/anaconda3/lib/python3.11/site-packages/airflow/example_dags/example_skip_dag.py
[2025-03-24T16:48:24.004-0700] {processor.py:914} INFO - Processing file /Users/jingwenxu/anaconda3/lib/python3.11/site-packages/airflow/example_dags/example_skip_dag.py for tasks to queue
[2025-03-24T16:48:24.005-0700] {logging_mixin.py:190} INFO - [2025-03-24T16:48:24.005-0700] {dagbag.py:588} INFO - Filling up the DagBag from /Users/jingwenxu/anaconda3/lib/python3.11/site-packages/airflow/example_dags/example_skip_dag.py
[2025-03-24T16:48:24.010-0700] {processor.py:925} INFO - DAG(s) 'example_skip_dag' retrieved from /Users/jingwenxu/anaconda3/lib/python3.11/site-packages/airflow/example_dags/example_skip_dag.py
[2025-03-24T16:48:24.054-0700] {logging_mixin.py:190} INFO - [2025-03-24T16:48:24.054-0700] {dag.py:3239} INFO - Sync 1 DAGs
[2025-03-24T16:48:24.063-0700] {logging_mixin.py:190} INFO - [2025-03-24T16:48:24.062-0700] {dag.py:4180} INFO - Setting next_dagrun for example_skip_dag to 2025-03-23 00:00:00+00:00, run_after=2025-03-24 00:00:00+00:00
[2025-03-24T16:48:24.071-0700] {processor.py:208} INFO - Processing /Users/jingwenxu/anaconda3/lib/python3.11/site-packages/airflow/example_dags/example_skip_dag.py took 0.069 seconds
[2025-03-24T16:50:03.285-0700] {processor.py:186} INFO - Started process (PID=6158) to work on /Users/jingwenxu/anaconda3/lib/python3.11/site-packages/airflow/example_dags/example_skip_dag.py
[2025-03-24T16:50:03.286-0700] {processor.py:914} INFO - Processing file /Users/jingwenxu/anaconda3/lib/python3.11/site-packages/airflow/example_dags/example_skip_dag.py for tasks to queue
[2025-03-24T16:50:03.287-0700] {logging_mixin.py:190} INFO - [2025-03-24T16:50:03.287-0700] {dagbag.py:588} INFO - Filling up the DagBag from /Users/jingwenxu/anaconda3/lib/python3.11/site-packages/airflow/example_dags/example_skip_dag.py
[2025-03-24T16:50:03.291-0700] {processor.py:925} INFO - DAG(s) 'example_skip_dag' retrieved from /Users/jingwenxu/anaconda3/lib/python3.11/site-packages/airflow/example_dags/example_skip_dag.py
[2025-03-24T16:50:03.337-0700] {logging_mixin.py:190} INFO - [2025-03-24T16:50:03.337-0700] {dag.py:3239} INFO - Sync 1 DAGs
[2025-03-24T16:50:03.348-0700] {logging_mixin.py:190} INFO - [2025-03-24T16:50:03.347-0700] {dag.py:4180} INFO - Setting next_dagrun for example_skip_dag to 2025-03-23 00:00:00+00:00, run_after=2025-03-24 00:00:00+00:00
[2025-03-24T16:50:03.356-0700] {processor.py:208} INFO - Processing /Users/jingwenxu/anaconda3/lib/python3.11/site-packages/airflow/example_dags/example_skip_dag.py took 0.072 seconds
[2025-03-24T16:51:42.987-0700] {processor.py:186} INFO - Started process (PID=6487) to work on /Users/jingwenxu/anaconda3/lib/python3.11/site-packages/airflow/example_dags/example_skip_dag.py
[2025-03-24T16:51:42.988-0700] {processor.py:914} INFO - Processing file /Users/jingwenxu/anaconda3/lib/python3.11/site-packages/airflow/example_dags/example_skip_dag.py for tasks to queue
[2025-03-24T16:51:42.989-0700] {logging_mixin.py:190} INFO - [2025-03-24T16:51:42.989-0700] {dagbag.py:588} INFO - Filling up the DagBag from /Users/jingwenxu/anaconda3/lib/python3.11/site-packages/airflow/example_dags/example_skip_dag.py
[2025-03-24T16:51:42.993-0700] {processor.py:925} INFO - DAG(s) 'example_skip_dag' retrieved from /Users/jingwenxu/anaconda3/lib/python3.11/site-packages/airflow/example_dags/example_skip_dag.py
[2025-03-24T16:51:43.044-0700] {logging_mixin.py:190} INFO - [2025-03-24T16:51:43.044-0700] {dag.py:3239} INFO - Sync 1 DAGs
[2025-03-24T16:51:43.053-0700] {logging_mixin.py:190} INFO - [2025-03-24T16:51:43.053-0700] {dag.py:4180} INFO - Setting next_dagrun for example_skip_dag to 2025-03-23 00:00:00+00:00, run_after=2025-03-24 00:00:00+00:00
[2025-03-24T16:51:43.062-0700] {processor.py:208} INFO - Processing /Users/jingwenxu/anaconda3/lib/python3.11/site-packages/airflow/example_dags/example_skip_dag.py took 0.077 seconds
[2025-03-24T16:53:21.184-0700] {processor.py:186} INFO - Started process (PID=6809) to work on /Users/jingwenxu/anaconda3/lib/python3.11/site-packages/airflow/example_dags/example_skip_dag.py
[2025-03-24T16:53:21.185-0700] {processor.py:914} INFO - Processing file /Users/jingwenxu/anaconda3/lib/python3.11/site-packages/airflow/example_dags/example_skip_dag.py for tasks to queue
[2025-03-24T16:53:21.186-0700] {logging_mixin.py:190} INFO - [2025-03-24T16:53:21.186-0700] {dagbag.py:588} INFO - Filling up the DagBag from /Users/jingwenxu/anaconda3/lib/python3.11/site-packages/airflow/example_dags/example_skip_dag.py
[2025-03-24T16:53:21.190-0700] {processor.py:925} INFO - DAG(s) 'example_skip_dag' retrieved from /Users/jingwenxu/anaconda3/lib/python3.11/site-packages/airflow/example_dags/example_skip_dag.py
[2025-03-24T16:53:21.234-0700] {logging_mixin.py:190} INFO - [2025-03-24T16:53:21.234-0700] {dag.py:3239} INFO - Sync 1 DAGs
[2025-03-24T16:53:21.244-0700] {logging_mixin.py:190} INFO - [2025-03-24T16:53:21.244-0700] {dag.py:4180} INFO - Setting next_dagrun for example_skip_dag to 2025-03-23 00:00:00+00:00, run_after=2025-03-24 00:00:00+00:00
[2025-03-24T16:53:21.252-0700] {processor.py:208} INFO - Processing /Users/jingwenxu/anaconda3/lib/python3.11/site-packages/airflow/example_dags/example_skip_dag.py took 0.069 seconds
