[2025-03-24T16:34:33.861-0700] {processor.py:186} INFO - Started process (PID=2852) to work on /Users/jingwenxu/anaconda3/lib/python3.11/site-packages/airflow/example_dags/example_subdag_operator.py
[2025-03-24T16:34:33.861-0700] {processor.py:914} INFO - Processing file /Users/jingwenxu/anaconda3/lib/python3.11/site-packages/airflow/example_dags/example_subdag_operator.py for tasks to queue
[2025-03-24T16:34:33.862-0700] {logging_mixin.py:190} INFO - [2025-03-24T16:34:33.862-0700] {dagbag.py:588} INFO - Filling up the DagBag from /Users/jingwenxu/anaconda3/lib/python3.11/site-packages/airflow/example_dags/example_subdag_operator.py
[2025-03-24T16:34:33.913-0700] {processor.py:925} INFO - DAG(s) 'example_subdag_operator.section-1', 'example_subdag_operator.section-2', 'example_subdag_operator' retrieved from /Users/jingwenxu/anaconda3/lib/python3.11/site-packages/airflow/example_dags/example_subdag_operator.py
[2025-03-24T16:34:34.090-0700] {logging_mixin.py:190} INFO - [2025-03-24T16:34:34.090-0700] {utils.py:161} INFO - NumExpr defaulting to 10 threads.
[2025-03-24T16:34:34.303-0700] {logging_mixin.py:190} INFO - [2025-03-24T16:34:34.303-0700] {override.py:1930} INFO - Created Permission View: can edit on DAG:example_subdag_operator
[2025-03-24T16:34:34.307-0700] {logging_mixin.py:190} INFO - [2025-03-24T16:34:34.307-0700] {override.py:1930} INFO - Created Permission View: can delete on DAG:example_subdag_operator
[2025-03-24T16:34:34.310-0700] {logging_mixin.py:190} INFO - [2025-03-24T16:34:34.310-0700] {override.py:1930} INFO - Created Permission View: can read on DAG:example_subdag_operator
[2025-03-24T16:34:34.313-0700] {logging_mixin.py:190} INFO - [2025-03-24T16:34:34.313-0700] {override.py:1930} INFO - Created Permission View: can create on DAG Run:example_subdag_operator
[2025-03-24T16:34:34.316-0700] {logging_mixin.py:190} INFO - [2025-03-24T16:34:34.315-0700] {override.py:1930} INFO - Created Permission View: can delete on DAG Run:example_subdag_operator
[2025-03-24T16:34:34.318-0700] {logging_mixin.py:190} INFO - [2025-03-24T16:34:34.318-0700] {override.py:1930} INFO - Created Permission View: menu access on DAG Run:example_subdag_operator
[2025-03-24T16:34:34.320-0700] {logging_mixin.py:190} INFO - [2025-03-24T16:34:34.320-0700] {override.py:1930} INFO - Created Permission View: can read on DAG Run:example_subdag_operator
[2025-03-24T16:34:34.320-0700] {logging_mixin.py:190} INFO - [2025-03-24T16:34:34.320-0700] {dag.py:3239} INFO - Sync 3 DAGs
[2025-03-24T16:34:34.325-0700] {logging_mixin.py:190} INFO - [2025-03-24T16:34:34.325-0700] {dag.py:3262} INFO - Creating ORM DAG for example_subdag_operator
[2025-03-24T16:34:34.326-0700] {logging_mixin.py:190} INFO - [2025-03-24T16:34:34.326-0700] {dag.py:3262} INFO - Creating ORM DAG for example_subdag_operator.section-1
[2025-03-24T16:34:34.326-0700] {logging_mixin.py:190} INFO - [2025-03-24T16:34:34.326-0700] {dag.py:3262} INFO - Creating ORM DAG for example_subdag_operator.section-2
[2025-03-24T16:34:34.330-0700] {logging_mixin.py:190} INFO - [2025-03-24T16:34:34.330-0700] {dag.py:4180} INFO - Setting next_dagrun for example_subdag_operator to 2022-01-01 00:00:00+00:00, run_after=2022-01-01 00:00:00+00:00
[2025-03-24T16:34:34.330-0700] {logging_mixin.py:190} INFO - [2025-03-24T16:34:34.330-0700] {dag.py:4180} INFO - Setting next_dagrun for example_subdag_operator.section-1 to None, run_after=None
[2025-03-24T16:34:34.330-0700] {logging_mixin.py:190} INFO - [2025-03-24T16:34:34.330-0700] {dag.py:4180} INFO - Setting next_dagrun for example_subdag_operator.section-2 to None, run_after=None
[2025-03-24T16:34:34.333-0700] {logging_mixin.py:190} INFO - [2025-03-24T16:34:34.333-0700] {dag.py:3239} INFO - Sync 2 DAGs
[2025-03-24T16:34:34.335-0700] {logging_mixin.py:190} INFO - [2025-03-24T16:34:34.335-0700] {dag.py:4180} INFO - Setting next_dagrun for example_subdag_operator.section-1 to None, run_after=None
[2025-03-24T16:34:34.336-0700] {logging_mixin.py:190} INFO - [2025-03-24T16:34:34.336-0700] {dag.py:4180} INFO - Setting next_dagrun for example_subdag_operator.section-2 to None, run_after=None
[2025-03-24T16:34:34.341-0700] {processor.py:208} INFO - Processing /Users/jingwenxu/anaconda3/lib/python3.11/site-packages/airflow/example_dags/example_subdag_operator.py took 0.482 seconds
[2025-03-24T16:36:46.803-0700] {processor.py:186} INFO - Started process (PID=3328) to work on /Users/jingwenxu/anaconda3/lib/python3.11/site-packages/airflow/example_dags/example_subdag_operator.py
[2025-03-24T16:36:46.803-0700] {processor.py:914} INFO - Processing file /Users/jingwenxu/anaconda3/lib/python3.11/site-packages/airflow/example_dags/example_subdag_operator.py for tasks to queue
[2025-03-24T16:36:46.804-0700] {logging_mixin.py:190} INFO - [2025-03-24T16:36:46.804-0700] {dagbag.py:588} INFO - Filling up the DagBag from /Users/jingwenxu/anaconda3/lib/python3.11/site-packages/airflow/example_dags/example_subdag_operator.py
[2025-03-24T16:36:46.854-0700] {processor.py:925} INFO - DAG(s) 'example_subdag_operator.section-1', 'example_subdag_operator.section-2', 'example_subdag_operator' retrieved from /Users/jingwenxu/anaconda3/lib/python3.11/site-packages/airflow/example_dags/example_subdag_operator.py
[2025-03-24T16:36:47.042-0700] {logging_mixin.py:190} INFO - [2025-03-24T16:36:47.042-0700] {utils.py:161} INFO - NumExpr defaulting to 10 threads.
[2025-03-24T16:36:47.224-0700] {logging_mixin.py:190} INFO - [2025-03-24T16:36:47.224-0700] {dag.py:3239} INFO - Sync 3 DAGs
[2025-03-24T16:36:47.233-0700] {logging_mixin.py:190} INFO - [2025-03-24T16:36:47.233-0700] {dag.py:4180} INFO - Setting next_dagrun for example_subdag_operator to 2022-01-01 00:00:00+00:00, run_after=2022-01-01 00:00:00+00:00
[2025-03-24T16:36:47.235-0700] {logging_mixin.py:190} INFO - [2025-03-24T16:36:47.235-0700] {dag.py:4180} INFO - Setting next_dagrun for example_subdag_operator.section-1 to None, run_after=None
[2025-03-24T16:36:47.235-0700] {logging_mixin.py:190} INFO - [2025-03-24T16:36:47.235-0700] {dag.py:4180} INFO - Setting next_dagrun for example_subdag_operator.section-2 to None, run_after=None
[2025-03-24T16:36:47.238-0700] {logging_mixin.py:190} INFO - [2025-03-24T16:36:47.238-0700] {dag.py:3239} INFO - Sync 2 DAGs
[2025-03-24T16:36:47.240-0700] {logging_mixin.py:190} INFO - [2025-03-24T16:36:47.240-0700] {dag.py:4180} INFO - Setting next_dagrun for example_subdag_operator.section-1 to None, run_after=None
[2025-03-24T16:36:47.240-0700] {logging_mixin.py:190} INFO - [2025-03-24T16:36:47.240-0700] {dag.py:4180} INFO - Setting next_dagrun for example_subdag_operator.section-2 to None, run_after=None
[2025-03-24T16:36:47.246-0700] {processor.py:208} INFO - Processing /Users/jingwenxu/anaconda3/lib/python3.11/site-packages/airflow/example_dags/example_subdag_operator.py took 0.445 seconds
[2025-03-24T16:38:26.158-0700] {processor.py:186} INFO - Started process (PID=3680) to work on /Users/jingwenxu/anaconda3/lib/python3.11/site-packages/airflow/example_dags/example_subdag_operator.py
[2025-03-24T16:38:26.159-0700] {processor.py:914} INFO - Processing file /Users/jingwenxu/anaconda3/lib/python3.11/site-packages/airflow/example_dags/example_subdag_operator.py for tasks to queue
[2025-03-24T16:38:26.160-0700] {logging_mixin.py:190} INFO - [2025-03-24T16:38:26.160-0700] {dagbag.py:588} INFO - Filling up the DagBag from /Users/jingwenxu/anaconda3/lib/python3.11/site-packages/airflow/example_dags/example_subdag_operator.py
[2025-03-24T16:38:26.206-0700] {processor.py:925} INFO - DAG(s) 'example_subdag_operator.section-1', 'example_subdag_operator.section-2', 'example_subdag_operator' retrieved from /Users/jingwenxu/anaconda3/lib/python3.11/site-packages/airflow/example_dags/example_subdag_operator.py
[2025-03-24T16:38:26.387-0700] {logging_mixin.py:190} INFO - [2025-03-24T16:38:26.387-0700] {utils.py:161} INFO - NumExpr defaulting to 10 threads.
[2025-03-24T16:38:26.569-0700] {logging_mixin.py:190} INFO - [2025-03-24T16:38:26.568-0700] {dag.py:3239} INFO - Sync 3 DAGs
[2025-03-24T16:38:26.576-0700] {logging_mixin.py:190} INFO - [2025-03-24T16:38:26.576-0700] {dag.py:4180} INFO - Setting next_dagrun for example_subdag_operator to 2022-01-01 00:00:00+00:00, run_after=2022-01-01 00:00:00+00:00
[2025-03-24T16:38:26.578-0700] {logging_mixin.py:190} INFO - [2025-03-24T16:38:26.578-0700] {dag.py:4180} INFO - Setting next_dagrun for example_subdag_operator.section-1 to None, run_after=None
[2025-03-24T16:38:26.578-0700] {logging_mixin.py:190} INFO - [2025-03-24T16:38:26.578-0700] {dag.py:4180} INFO - Setting next_dagrun for example_subdag_operator.section-2 to None, run_after=None
[2025-03-24T16:38:26.580-0700] {logging_mixin.py:190} INFO - [2025-03-24T16:38:26.580-0700] {dag.py:3239} INFO - Sync 2 DAGs
[2025-03-24T16:38:26.582-0700] {logging_mixin.py:190} INFO - [2025-03-24T16:38:26.582-0700] {dag.py:4180} INFO - Setting next_dagrun for example_subdag_operator.section-1 to None, run_after=None
[2025-03-24T16:38:26.582-0700] {logging_mixin.py:190} INFO - [2025-03-24T16:38:26.582-0700] {dag.py:4180} INFO - Setting next_dagrun for example_subdag_operator.section-2 to None, run_after=None
[2025-03-24T16:38:26.588-0700] {processor.py:208} INFO - Processing /Users/jingwenxu/anaconda3/lib/python3.11/site-packages/airflow/example_dags/example_subdag_operator.py took 0.431 seconds
[2025-03-24T16:40:02.939-0700] {processor.py:186} INFO - Started process (PID=4065) to work on /Users/jingwenxu/anaconda3/lib/python3.11/site-packages/airflow/example_dags/example_subdag_operator.py
[2025-03-24T16:40:02.940-0700] {processor.py:914} INFO - Processing file /Users/jingwenxu/anaconda3/lib/python3.11/site-packages/airflow/example_dags/example_subdag_operator.py for tasks to queue
[2025-03-24T16:40:02.940-0700] {logging_mixin.py:190} INFO - [2025-03-24T16:40:02.940-0700] {dagbag.py:588} INFO - Filling up the DagBag from /Users/jingwenxu/anaconda3/lib/python3.11/site-packages/airflow/example_dags/example_subdag_operator.py
[2025-03-24T16:40:02.986-0700] {processor.py:925} INFO - DAG(s) 'example_subdag_operator.section-1', 'example_subdag_operator.section-2', 'example_subdag_operator' retrieved from /Users/jingwenxu/anaconda3/lib/python3.11/site-packages/airflow/example_dags/example_subdag_operator.py
[2025-03-24T16:40:03.169-0700] {logging_mixin.py:190} INFO - [2025-03-24T16:40:03.169-0700] {utils.py:161} INFO - NumExpr defaulting to 10 threads.
[2025-03-24T16:40:03.370-0700] {logging_mixin.py:190} INFO - [2025-03-24T16:40:03.370-0700] {dag.py:3239} INFO - Sync 3 DAGs
[2025-03-24T16:40:03.378-0700] {logging_mixin.py:190} INFO - [2025-03-24T16:40:03.378-0700] {dag.py:4180} INFO - Setting next_dagrun for example_subdag_operator to 2022-01-01 00:00:00+00:00, run_after=2022-01-01 00:00:00+00:00
[2025-03-24T16:40:03.379-0700] {logging_mixin.py:190} INFO - [2025-03-24T16:40:03.379-0700] {dag.py:4180} INFO - Setting next_dagrun for example_subdag_operator.section-1 to None, run_after=None
[2025-03-24T16:40:03.380-0700] {logging_mixin.py:190} INFO - [2025-03-24T16:40:03.380-0700] {dag.py:4180} INFO - Setting next_dagrun for example_subdag_operator.section-2 to None, run_after=None
[2025-03-24T16:40:03.382-0700] {logging_mixin.py:190} INFO - [2025-03-24T16:40:03.382-0700] {dag.py:3239} INFO - Sync 2 DAGs
[2025-03-24T16:40:03.384-0700] {logging_mixin.py:190} INFO - [2025-03-24T16:40:03.384-0700] {dag.py:4180} INFO - Setting next_dagrun for example_subdag_operator.section-1 to None, run_after=None
[2025-03-24T16:40:03.384-0700] {logging_mixin.py:190} INFO - [2025-03-24T16:40:03.384-0700] {dag.py:4180} INFO - Setting next_dagrun for example_subdag_operator.section-2 to None, run_after=None
[2025-03-24T16:40:03.389-0700] {processor.py:208} INFO - Processing /Users/jingwenxu/anaconda3/lib/python3.11/site-packages/airflow/example_dags/example_subdag_operator.py took 0.452 seconds
[2025-03-24T16:41:40.346-0700] {processor.py:186} INFO - Started process (PID=4410) to work on /Users/jingwenxu/anaconda3/lib/python3.11/site-packages/airflow/example_dags/example_subdag_operator.py
[2025-03-24T16:41:40.347-0700] {processor.py:914} INFO - Processing file /Users/jingwenxu/anaconda3/lib/python3.11/site-packages/airflow/example_dags/example_subdag_operator.py for tasks to queue
[2025-03-24T16:41:40.348-0700] {logging_mixin.py:190} INFO - [2025-03-24T16:41:40.347-0700] {dagbag.py:588} INFO - Filling up the DagBag from /Users/jingwenxu/anaconda3/lib/python3.11/site-packages/airflow/example_dags/example_subdag_operator.py
[2025-03-24T16:41:40.399-0700] {processor.py:925} INFO - DAG(s) 'example_subdag_operator.section-1', 'example_subdag_operator.section-2', 'example_subdag_operator' retrieved from /Users/jingwenxu/anaconda3/lib/python3.11/site-packages/airflow/example_dags/example_subdag_operator.py
[2025-03-24T16:41:40.586-0700] {logging_mixin.py:190} INFO - [2025-03-24T16:41:40.586-0700] {utils.py:161} INFO - NumExpr defaulting to 10 threads.
[2025-03-24T16:41:40.759-0700] {logging_mixin.py:190} INFO - [2025-03-24T16:41:40.759-0700] {dag.py:3239} INFO - Sync 3 DAGs
[2025-03-24T16:41:40.768-0700] {logging_mixin.py:190} INFO - [2025-03-24T16:41:40.768-0700] {dag.py:4180} INFO - Setting next_dagrun for example_subdag_operator to 2022-01-01 00:00:00+00:00, run_after=2022-01-01 00:00:00+00:00
[2025-03-24T16:41:40.770-0700] {logging_mixin.py:190} INFO - [2025-03-24T16:41:40.770-0700] {dag.py:4180} INFO - Setting next_dagrun for example_subdag_operator.section-1 to None, run_after=None
[2025-03-24T16:41:40.771-0700] {logging_mixin.py:190} INFO - [2025-03-24T16:41:40.771-0700] {dag.py:4180} INFO - Setting next_dagrun for example_subdag_operator.section-2 to None, run_after=None
[2025-03-24T16:41:40.774-0700] {logging_mixin.py:190} INFO - [2025-03-24T16:41:40.774-0700] {dag.py:3239} INFO - Sync 2 DAGs
[2025-03-24T16:41:40.775-0700] {logging_mixin.py:190} INFO - [2025-03-24T16:41:40.775-0700] {dag.py:4180} INFO - Setting next_dagrun for example_subdag_operator.section-1 to None, run_after=None
[2025-03-24T16:41:40.776-0700] {logging_mixin.py:190} INFO - [2025-03-24T16:41:40.776-0700] {dag.py:4180} INFO - Setting next_dagrun for example_subdag_operator.section-2 to None, run_after=None
[2025-03-24T16:41:40.782-0700] {processor.py:208} INFO - Processing /Users/jingwenxu/anaconda3/lib/python3.11/site-packages/airflow/example_dags/example_subdag_operator.py took 0.438 seconds
[2025-03-24T16:43:20.995-0700] {processor.py:186} INFO - Started process (PID=4761) to work on /Users/jingwenxu/anaconda3/lib/python3.11/site-packages/airflow/example_dags/example_subdag_operator.py
[2025-03-24T16:43:20.997-0700] {processor.py:914} INFO - Processing file /Users/jingwenxu/anaconda3/lib/python3.11/site-packages/airflow/example_dags/example_subdag_operator.py for tasks to queue
[2025-03-24T16:43:20.997-0700] {logging_mixin.py:190} INFO - [2025-03-24T16:43:20.997-0700] {dagbag.py:588} INFO - Filling up the DagBag from /Users/jingwenxu/anaconda3/lib/python3.11/site-packages/airflow/example_dags/example_subdag_operator.py
[2025-03-24T16:43:21.043-0700] {processor.py:925} INFO - DAG(s) 'example_subdag_operator.section-1', 'example_subdag_operator.section-2', 'example_subdag_operator' retrieved from /Users/jingwenxu/anaconda3/lib/python3.11/site-packages/airflow/example_dags/example_subdag_operator.py
[2025-03-24T16:43:21.225-0700] {logging_mixin.py:190} INFO - [2025-03-24T16:43:21.224-0700] {utils.py:161} INFO - NumExpr defaulting to 10 threads.
[2025-03-24T16:43:21.436-0700] {logging_mixin.py:190} INFO - [2025-03-24T16:43:21.435-0700] {dag.py:3239} INFO - Sync 3 DAGs
[2025-03-24T16:43:21.445-0700] {logging_mixin.py:190} INFO - [2025-03-24T16:43:21.444-0700] {dag.py:4180} INFO - Setting next_dagrun for example_subdag_operator to 2022-01-01 00:00:00+00:00, run_after=2022-01-01 00:00:00+00:00
[2025-03-24T16:43:21.446-0700] {logging_mixin.py:190} INFO - [2025-03-24T16:43:21.446-0700] {dag.py:4180} INFO - Setting next_dagrun for example_subdag_operator.section-1 to None, run_after=None
[2025-03-24T16:43:21.446-0700] {logging_mixin.py:190} INFO - [2025-03-24T16:43:21.446-0700] {dag.py:4180} INFO - Setting next_dagrun for example_subdag_operator.section-2 to None, run_after=None
[2025-03-24T16:43:21.449-0700] {logging_mixin.py:190} INFO - [2025-03-24T16:43:21.449-0700] {dag.py:3239} INFO - Sync 2 DAGs
[2025-03-24T16:43:21.451-0700] {logging_mixin.py:190} INFO - [2025-03-24T16:43:21.451-0700] {dag.py:4180} INFO - Setting next_dagrun for example_subdag_operator.section-1 to None, run_after=None
[2025-03-24T16:43:21.451-0700] {logging_mixin.py:190} INFO - [2025-03-24T16:43:21.451-0700] {dag.py:4180} INFO - Setting next_dagrun for example_subdag_operator.section-2 to None, run_after=None
[2025-03-24T16:43:21.457-0700] {processor.py:208} INFO - Processing /Users/jingwenxu/anaconda3/lib/python3.11/site-packages/airflow/example_dags/example_subdag_operator.py took 0.464 seconds
[2025-03-24T16:45:00.178-0700] {processor.py:186} INFO - Started process (PID=5081) to work on /Users/jingwenxu/anaconda3/lib/python3.11/site-packages/airflow/example_dags/example_subdag_operator.py
[2025-03-24T16:45:00.180-0700] {processor.py:914} INFO - Processing file /Users/jingwenxu/anaconda3/lib/python3.11/site-packages/airflow/example_dags/example_subdag_operator.py for tasks to queue
[2025-03-24T16:45:00.180-0700] {logging_mixin.py:190} INFO - [2025-03-24T16:45:00.180-0700] {dagbag.py:588} INFO - Filling up the DagBag from /Users/jingwenxu/anaconda3/lib/python3.11/site-packages/airflow/example_dags/example_subdag_operator.py
[2025-03-24T16:45:00.228-0700] {processor.py:925} INFO - DAG(s) 'example_subdag_operator.section-1', 'example_subdag_operator.section-2', 'example_subdag_operator' retrieved from /Users/jingwenxu/anaconda3/lib/python3.11/site-packages/airflow/example_dags/example_subdag_operator.py
[2025-03-24T16:45:00.413-0700] {logging_mixin.py:190} INFO - [2025-03-24T16:45:00.412-0700] {utils.py:161} INFO - NumExpr defaulting to 10 threads.
[2025-03-24T16:45:00.616-0700] {logging_mixin.py:190} INFO - [2025-03-24T16:45:00.615-0700] {dag.py:3239} INFO - Sync 3 DAGs
[2025-03-24T16:45:00.624-0700] {logging_mixin.py:190} INFO - [2025-03-24T16:45:00.624-0700] {dag.py:4180} INFO - Setting next_dagrun for example_subdag_operator to 2022-01-01 00:00:00+00:00, run_after=2022-01-01 00:00:00+00:00
[2025-03-24T16:45:00.626-0700] {logging_mixin.py:190} INFO - [2025-03-24T16:45:00.626-0700] {dag.py:4180} INFO - Setting next_dagrun for example_subdag_operator.section-1 to None, run_after=None
[2025-03-24T16:45:00.626-0700] {logging_mixin.py:190} INFO - [2025-03-24T16:45:00.626-0700] {dag.py:4180} INFO - Setting next_dagrun for example_subdag_operator.section-2 to None, run_after=None
[2025-03-24T16:45:00.629-0700] {logging_mixin.py:190} INFO - [2025-03-24T16:45:00.629-0700] {dag.py:3239} INFO - Sync 2 DAGs
[2025-03-24T16:45:00.631-0700] {logging_mixin.py:190} INFO - [2025-03-24T16:45:00.631-0700] {dag.py:4180} INFO - Setting next_dagrun for example_subdag_operator.section-1 to None, run_after=None
[2025-03-24T16:45:00.631-0700] {logging_mixin.py:190} INFO - [2025-03-24T16:45:00.631-0700] {dag.py:4180} INFO - Setting next_dagrun for example_subdag_operator.section-2 to None, run_after=None
[2025-03-24T16:45:00.637-0700] {processor.py:208} INFO - Processing /Users/jingwenxu/anaconda3/lib/python3.11/site-packages/airflow/example_dags/example_subdag_operator.py took 0.462 seconds
[2025-03-24T16:46:39.973-0700] {processor.py:186} INFO - Started process (PID=5438) to work on /Users/jingwenxu/anaconda3/lib/python3.11/site-packages/airflow/example_dags/example_subdag_operator.py
[2025-03-24T16:46:39.974-0700] {processor.py:914} INFO - Processing file /Users/jingwenxu/anaconda3/lib/python3.11/site-packages/airflow/example_dags/example_subdag_operator.py for tasks to queue
[2025-03-24T16:46:39.975-0700] {logging_mixin.py:190} INFO - [2025-03-24T16:46:39.975-0700] {dagbag.py:588} INFO - Filling up the DagBag from /Users/jingwenxu/anaconda3/lib/python3.11/site-packages/airflow/example_dags/example_subdag_operator.py
[2025-03-24T16:46:40.026-0700] {processor.py:925} INFO - DAG(s) 'example_subdag_operator.section-1', 'example_subdag_operator.section-2', 'example_subdag_operator' retrieved from /Users/jingwenxu/anaconda3/lib/python3.11/site-packages/airflow/example_dags/example_subdag_operator.py
[2025-03-24T16:46:40.199-0700] {logging_mixin.py:190} INFO - [2025-03-24T16:46:40.199-0700] {utils.py:161} INFO - NumExpr defaulting to 10 threads.
[2025-03-24T16:46:40.391-0700] {logging_mixin.py:190} INFO - [2025-03-24T16:46:40.391-0700] {dag.py:3239} INFO - Sync 3 DAGs
[2025-03-24T16:46:40.400-0700] {logging_mixin.py:190} INFO - [2025-03-24T16:46:40.400-0700] {dag.py:4180} INFO - Setting next_dagrun for example_subdag_operator to 2022-01-01 00:00:00+00:00, run_after=2022-01-01 00:00:00+00:00
[2025-03-24T16:46:40.401-0700] {logging_mixin.py:190} INFO - [2025-03-24T16:46:40.401-0700] {dag.py:4180} INFO - Setting next_dagrun for example_subdag_operator.section-1 to None, run_after=None
[2025-03-24T16:46:40.402-0700] {logging_mixin.py:190} INFO - [2025-03-24T16:46:40.402-0700] {dag.py:4180} INFO - Setting next_dagrun for example_subdag_operator.section-2 to None, run_after=None
[2025-03-24T16:46:40.404-0700] {logging_mixin.py:190} INFO - [2025-03-24T16:46:40.404-0700] {dag.py:3239} INFO - Sync 2 DAGs
[2025-03-24T16:46:40.406-0700] {logging_mixin.py:190} INFO - [2025-03-24T16:46:40.406-0700] {dag.py:4180} INFO - Setting next_dagrun for example_subdag_operator.section-1 to None, run_after=None
[2025-03-24T16:46:40.406-0700] {logging_mixin.py:190} INFO - [2025-03-24T16:46:40.406-0700] {dag.py:4180} INFO - Setting next_dagrun for example_subdag_operator.section-2 to None, run_after=None
[2025-03-24T16:46:40.413-0700] {processor.py:208} INFO - Processing /Users/jingwenxu/anaconda3/lib/python3.11/site-packages/airflow/example_dags/example_subdag_operator.py took 0.442 seconds
[2025-03-24T16:48:18.716-0700] {processor.py:186} INFO - Started process (PID=5761) to work on /Users/jingwenxu/anaconda3/lib/python3.11/site-packages/airflow/example_dags/example_subdag_operator.py
[2025-03-24T16:48:18.717-0700] {processor.py:914} INFO - Processing file /Users/jingwenxu/anaconda3/lib/python3.11/site-packages/airflow/example_dags/example_subdag_operator.py for tasks to queue
[2025-03-24T16:48:18.717-0700] {logging_mixin.py:190} INFO - [2025-03-24T16:48:18.717-0700] {dagbag.py:588} INFO - Filling up the DagBag from /Users/jingwenxu/anaconda3/lib/python3.11/site-packages/airflow/example_dags/example_subdag_operator.py
[2025-03-24T16:48:18.762-0700] {processor.py:925} INFO - DAG(s) 'example_subdag_operator.section-1', 'example_subdag_operator.section-2', 'example_subdag_operator' retrieved from /Users/jingwenxu/anaconda3/lib/python3.11/site-packages/airflow/example_dags/example_subdag_operator.py
[2025-03-24T16:48:18.936-0700] {logging_mixin.py:190} INFO - [2025-03-24T16:48:18.936-0700] {utils.py:161} INFO - NumExpr defaulting to 10 threads.
[2025-03-24T16:48:19.113-0700] {logging_mixin.py:190} INFO - [2025-03-24T16:48:19.113-0700] {dag.py:3239} INFO - Sync 3 DAGs
[2025-03-24T16:48:19.122-0700] {logging_mixin.py:190} INFO - [2025-03-24T16:48:19.122-0700] {dag.py:4180} INFO - Setting next_dagrun for example_subdag_operator to 2022-01-01 00:00:00+00:00, run_after=2022-01-01 00:00:00+00:00
[2025-03-24T16:48:19.123-0700] {logging_mixin.py:190} INFO - [2025-03-24T16:48:19.123-0700] {dag.py:4180} INFO - Setting next_dagrun for example_subdag_operator.section-1 to None, run_after=None
[2025-03-24T16:48:19.123-0700] {logging_mixin.py:190} INFO - [2025-03-24T16:48:19.123-0700] {dag.py:4180} INFO - Setting next_dagrun for example_subdag_operator.section-2 to None, run_after=None
[2025-03-24T16:48:19.126-0700] {logging_mixin.py:190} INFO - [2025-03-24T16:48:19.126-0700] {dag.py:3239} INFO - Sync 2 DAGs
[2025-03-24T16:48:19.128-0700] {logging_mixin.py:190} INFO - [2025-03-24T16:48:19.128-0700] {dag.py:4180} INFO - Setting next_dagrun for example_subdag_operator.section-1 to None, run_after=None
[2025-03-24T16:48:19.128-0700] {logging_mixin.py:190} INFO - [2025-03-24T16:48:19.128-0700] {dag.py:4180} INFO - Setting next_dagrun for example_subdag_operator.section-2 to None, run_after=None
[2025-03-24T16:48:19.133-0700] {processor.py:208} INFO - Processing /Users/jingwenxu/anaconda3/lib/python3.11/site-packages/airflow/example_dags/example_subdag_operator.py took 0.419 seconds
[2025-03-24T16:49:57.940-0700] {processor.py:186} INFO - Started process (PID=6140) to work on /Users/jingwenxu/anaconda3/lib/python3.11/site-packages/airflow/example_dags/example_subdag_operator.py
[2025-03-24T16:49:57.942-0700] {processor.py:914} INFO - Processing file /Users/jingwenxu/anaconda3/lib/python3.11/site-packages/airflow/example_dags/example_subdag_operator.py for tasks to queue
[2025-03-24T16:49:57.943-0700] {logging_mixin.py:190} INFO - [2025-03-24T16:49:57.943-0700] {dagbag.py:588} INFO - Filling up the DagBag from /Users/jingwenxu/anaconda3/lib/python3.11/site-packages/airflow/example_dags/example_subdag_operator.py
[2025-03-24T16:49:57.990-0700] {processor.py:925} INFO - DAG(s) 'example_subdag_operator.section-1', 'example_subdag_operator.section-2', 'example_subdag_operator' retrieved from /Users/jingwenxu/anaconda3/lib/python3.11/site-packages/airflow/example_dags/example_subdag_operator.py
[2025-03-24T16:49:58.151-0700] {logging_mixin.py:190} INFO - [2025-03-24T16:49:58.151-0700] {utils.py:161} INFO - NumExpr defaulting to 10 threads.
[2025-03-24T16:49:58.349-0700] {logging_mixin.py:190} INFO - [2025-03-24T16:49:58.349-0700] {dag.py:3239} INFO - Sync 3 DAGs
[2025-03-24T16:49:58.357-0700] {logging_mixin.py:190} INFO - [2025-03-24T16:49:58.357-0700] {dag.py:4180} INFO - Setting next_dagrun for example_subdag_operator to 2022-01-01 00:00:00+00:00, run_after=2022-01-01 00:00:00+00:00
[2025-03-24T16:49:58.359-0700] {logging_mixin.py:190} INFO - [2025-03-24T16:49:58.359-0700] {dag.py:4180} INFO - Setting next_dagrun for example_subdag_operator.section-1 to None, run_after=None
[2025-03-24T16:49:58.359-0700] {logging_mixin.py:190} INFO - [2025-03-24T16:49:58.359-0700] {dag.py:4180} INFO - Setting next_dagrun for example_subdag_operator.section-2 to None, run_after=None
[2025-03-24T16:49:58.362-0700] {logging_mixin.py:190} INFO - [2025-03-24T16:49:58.362-0700] {dag.py:3239} INFO - Sync 2 DAGs
[2025-03-24T16:49:58.363-0700] {logging_mixin.py:190} INFO - [2025-03-24T16:49:58.363-0700] {dag.py:4180} INFO - Setting next_dagrun for example_subdag_operator.section-1 to None, run_after=None
[2025-03-24T16:49:58.364-0700] {logging_mixin.py:190} INFO - [2025-03-24T16:49:58.364-0700] {dag.py:4180} INFO - Setting next_dagrun for example_subdag_operator.section-2 to None, run_after=None
[2025-03-24T16:49:58.369-0700] {processor.py:208} INFO - Processing /Users/jingwenxu/anaconda3/lib/python3.11/site-packages/airflow/example_dags/example_subdag_operator.py took 0.430 seconds
[2025-03-24T16:51:38.236-0700] {processor.py:186} INFO - Started process (PID=6473) to work on /Users/jingwenxu/anaconda3/lib/python3.11/site-packages/airflow/example_dags/example_subdag_operator.py
[2025-03-24T16:51:38.238-0700] {processor.py:914} INFO - Processing file /Users/jingwenxu/anaconda3/lib/python3.11/site-packages/airflow/example_dags/example_subdag_operator.py for tasks to queue
[2025-03-24T16:51:38.238-0700] {logging_mixin.py:190} INFO - [2025-03-24T16:51:38.238-0700] {dagbag.py:588} INFO - Filling up the DagBag from /Users/jingwenxu/anaconda3/lib/python3.11/site-packages/airflow/example_dags/example_subdag_operator.py
[2025-03-24T16:51:38.287-0700] {processor.py:925} INFO - DAG(s) 'example_subdag_operator.section-1', 'example_subdag_operator.section-2', 'example_subdag_operator' retrieved from /Users/jingwenxu/anaconda3/lib/python3.11/site-packages/airflow/example_dags/example_subdag_operator.py
[2025-03-24T16:51:38.443-0700] {logging_mixin.py:190} INFO - [2025-03-24T16:51:38.443-0700] {utils.py:161} INFO - NumExpr defaulting to 10 threads.
[2025-03-24T16:51:38.632-0700] {logging_mixin.py:190} INFO - [2025-03-24T16:51:38.631-0700] {dag.py:3239} INFO - Sync 3 DAGs
[2025-03-24T16:51:38.640-0700] {logging_mixin.py:190} INFO - [2025-03-24T16:51:38.640-0700] {dag.py:4180} INFO - Setting next_dagrun for example_subdag_operator to 2022-01-01 00:00:00+00:00, run_after=2022-01-01 00:00:00+00:00
[2025-03-24T16:51:38.642-0700] {logging_mixin.py:190} INFO - [2025-03-24T16:51:38.642-0700] {dag.py:4180} INFO - Setting next_dagrun for example_subdag_operator.section-1 to None, run_after=None
[2025-03-24T16:51:38.642-0700] {logging_mixin.py:190} INFO - [2025-03-24T16:51:38.642-0700] {dag.py:4180} INFO - Setting next_dagrun for example_subdag_operator.section-2 to None, run_after=None
[2025-03-24T16:51:38.645-0700] {logging_mixin.py:190} INFO - [2025-03-24T16:51:38.645-0700] {dag.py:3239} INFO - Sync 2 DAGs
[2025-03-24T16:51:38.647-0700] {logging_mixin.py:190} INFO - [2025-03-24T16:51:38.647-0700] {dag.py:4180} INFO - Setting next_dagrun for example_subdag_operator.section-1 to None, run_after=None
[2025-03-24T16:51:38.647-0700] {logging_mixin.py:190} INFO - [2025-03-24T16:51:38.647-0700] {dag.py:4180} INFO - Setting next_dagrun for example_subdag_operator.section-2 to None, run_after=None
[2025-03-24T16:51:38.652-0700] {processor.py:208} INFO - Processing /Users/jingwenxu/anaconda3/lib/python3.11/site-packages/airflow/example_dags/example_subdag_operator.py took 0.418 seconds
[2025-03-24T16:53:16.101-0700] {processor.py:186} INFO - Started process (PID=6795) to work on /Users/jingwenxu/anaconda3/lib/python3.11/site-packages/airflow/example_dags/example_subdag_operator.py
[2025-03-24T16:53:16.103-0700] {processor.py:914} INFO - Processing file /Users/jingwenxu/anaconda3/lib/python3.11/site-packages/airflow/example_dags/example_subdag_operator.py for tasks to queue
[2025-03-24T16:53:16.104-0700] {logging_mixin.py:190} INFO - [2025-03-24T16:53:16.103-0700] {dagbag.py:588} INFO - Filling up the DagBag from /Users/jingwenxu/anaconda3/lib/python3.11/site-packages/airflow/example_dags/example_subdag_operator.py
[2025-03-24T16:53:16.149-0700] {processor.py:925} INFO - DAG(s) 'example_subdag_operator.section-1', 'example_subdag_operator.section-2', 'example_subdag_operator' retrieved from /Users/jingwenxu/anaconda3/lib/python3.11/site-packages/airflow/example_dags/example_subdag_operator.py
[2025-03-24T16:53:16.303-0700] {logging_mixin.py:190} INFO - [2025-03-24T16:53:16.303-0700] {utils.py:161} INFO - NumExpr defaulting to 10 threads.
[2025-03-24T16:53:16.521-0700] {logging_mixin.py:190} INFO - [2025-03-24T16:53:16.521-0700] {dag.py:3239} INFO - Sync 3 DAGs
[2025-03-24T16:53:16.530-0700] {logging_mixin.py:190} INFO - [2025-03-24T16:53:16.530-0700] {dag.py:4180} INFO - Setting next_dagrun for example_subdag_operator to 2022-01-01 00:00:00+00:00, run_after=2022-01-01 00:00:00+00:00
[2025-03-24T16:53:16.532-0700] {logging_mixin.py:190} INFO - [2025-03-24T16:53:16.531-0700] {dag.py:4180} INFO - Setting next_dagrun for example_subdag_operator.section-1 to None, run_after=None
[2025-03-24T16:53:16.532-0700] {logging_mixin.py:190} INFO - [2025-03-24T16:53:16.532-0700] {dag.py:4180} INFO - Setting next_dagrun for example_subdag_operator.section-2 to None, run_after=None
[2025-03-24T16:53:16.535-0700] {logging_mixin.py:190} INFO - [2025-03-24T16:53:16.535-0700] {dag.py:3239} INFO - Sync 2 DAGs
[2025-03-24T16:53:16.537-0700] {logging_mixin.py:190} INFO - [2025-03-24T16:53:16.537-0700] {dag.py:4180} INFO - Setting next_dagrun for example_subdag_operator.section-1 to None, run_after=None
[2025-03-24T16:53:16.537-0700] {logging_mixin.py:190} INFO - [2025-03-24T16:53:16.537-0700] {dag.py:4180} INFO - Setting next_dagrun for example_subdag_operator.section-2 to None, run_after=None
[2025-03-24T16:53:16.543-0700] {processor.py:208} INFO - Processing /Users/jingwenxu/anaconda3/lib/python3.11/site-packages/airflow/example_dags/example_subdag_operator.py took 0.444 seconds
