[2025-03-24T16:35:57.837-0700] {processor.py:186} INFO - Started process (PID=3154) to work on /Users/jingwenxu/anaconda3/lib/python3.11/site-packages/airflow/example_dags/example_branch_datetime_operator.py
[2025-03-24T16:35:57.837-0700] {processor.py:914} INFO - Processing file /Users/jingwenxu/anaconda3/lib/python3.11/site-packages/airflow/example_dags/example_branch_datetime_operator.py for tasks to queue
[2025-03-24T16:35:57.838-0700] {logging_mixin.py:190} INFO - [2025-03-24T16:35:57.838-0700] {dagbag.py:588} INFO - Filling up the DagBag from /Users/jingwenxu/anaconda3/lib/python3.11/site-packages/airflow/example_dags/example_branch_datetime_operator.py
[2025-03-24T16:35:57.845-0700] {processor.py:925} INFO - DAG(s) 'example_branch_datetime_operator', 'example_branch_datetime_operator_2', 'example_branch_datetime_operator_3' retrieved from /Users/jingwenxu/anaconda3/lib/python3.11/site-packages/airflow/example_dags/example_branch_datetime_operator.py
[2025-03-24T16:35:57.929-0700] {logging_mixin.py:190} INFO - [2025-03-24T16:35:57.929-0700] {override.py:1930} INFO - Created Permission View: can read on DAG:example_branch_datetime_operator
[2025-03-24T16:35:57.933-0700] {logging_mixin.py:190} INFO - [2025-03-24T16:35:57.933-0700] {override.py:1930} INFO - Created Permission View: can edit on DAG:example_branch_datetime_operator
[2025-03-24T16:35:57.936-0700] {logging_mixin.py:190} INFO - [2025-03-24T16:35:57.936-0700] {override.py:1930} INFO - Created Permission View: can delete on DAG:example_branch_datetime_operator
[2025-03-24T16:35:57.939-0700] {logging_mixin.py:190} INFO - [2025-03-24T16:35:57.939-0700] {override.py:1930} INFO - Created Permission View: can read on DAG Run:example_branch_datetime_operator
[2025-03-24T16:35:57.941-0700] {logging_mixin.py:190} INFO - [2025-03-24T16:35:57.941-0700] {override.py:1930} INFO - Created Permission View: menu access on DAG Run:example_branch_datetime_operator
[2025-03-24T16:35:57.943-0700] {logging_mixin.py:190} INFO - [2025-03-24T16:35:57.943-0700] {override.py:1930} INFO - Created Permission View: can delete on DAG Run:example_branch_datetime_operator
[2025-03-24T16:35:57.945-0700] {logging_mixin.py:190} INFO - [2025-03-24T16:35:57.945-0700] {override.py:1930} INFO - Created Permission View: can create on DAG Run:example_branch_datetime_operator
[2025-03-24T16:35:57.950-0700] {logging_mixin.py:190} INFO - [2025-03-24T16:35:57.950-0700] {override.py:1930} INFO - Created Permission View: can read on DAG:example_branch_datetime_operator_2
[2025-03-24T16:35:57.953-0700] {logging_mixin.py:190} INFO - [2025-03-24T16:35:57.953-0700] {override.py:1930} INFO - Created Permission View: can edit on DAG:example_branch_datetime_operator_2
[2025-03-24T16:35:57.955-0700] {logging_mixin.py:190} INFO - [2025-03-24T16:35:57.955-0700] {override.py:1930} INFO - Created Permission View: can delete on DAG:example_branch_datetime_operator_2
[2025-03-24T16:35:57.958-0700] {logging_mixin.py:190} INFO - [2025-03-24T16:35:57.958-0700] {override.py:1930} INFO - Created Permission View: can read on DAG Run:example_branch_datetime_operator_2
[2025-03-24T16:35:57.960-0700] {logging_mixin.py:190} INFO - [2025-03-24T16:35:57.960-0700] {override.py:1930} INFO - Created Permission View: menu access on DAG Run:example_branch_datetime_operator_2
[2025-03-24T16:35:57.962-0700] {logging_mixin.py:190} INFO - [2025-03-24T16:35:57.962-0700] {override.py:1930} INFO - Created Permission View: can delete on DAG Run:example_branch_datetime_operator_2
[2025-03-24T16:35:57.964-0700] {logging_mixin.py:190} INFO - [2025-03-24T16:35:57.964-0700] {override.py:1930} INFO - Created Permission View: can create on DAG Run:example_branch_datetime_operator_2
[2025-03-24T16:35:57.969-0700] {logging_mixin.py:190} INFO - [2025-03-24T16:35:57.969-0700] {override.py:1930} INFO - Created Permission View: can read on DAG:example_branch_datetime_operator_3
[2025-03-24T16:35:57.971-0700] {logging_mixin.py:190} INFO - [2025-03-24T16:35:57.971-0700] {override.py:1930} INFO - Created Permission View: can edit on DAG:example_branch_datetime_operator_3
[2025-03-24T16:35:57.974-0700] {logging_mixin.py:190} INFO - [2025-03-24T16:35:57.973-0700] {override.py:1930} INFO - Created Permission View: can delete on DAG:example_branch_datetime_operator_3
[2025-03-24T16:35:57.976-0700] {logging_mixin.py:190} INFO - [2025-03-24T16:35:57.976-0700] {override.py:1930} INFO - Created Permission View: can read on DAG Run:example_branch_datetime_operator_3
[2025-03-24T16:35:57.979-0700] {logging_mixin.py:190} INFO - [2025-03-24T16:35:57.979-0700] {override.py:1930} INFO - Created Permission View: menu access on DAG Run:example_branch_datetime_operator_3
[2025-03-24T16:35:57.981-0700] {logging_mixin.py:190} INFO - [2025-03-24T16:35:57.981-0700] {override.py:1930} INFO - Created Permission View: can delete on DAG Run:example_branch_datetime_operator_3
[2025-03-24T16:35:57.983-0700] {logging_mixin.py:190} INFO - [2025-03-24T16:35:57.983-0700] {override.py:1930} INFO - Created Permission View: can create on DAG Run:example_branch_datetime_operator_3
[2025-03-24T16:35:57.983-0700] {logging_mixin.py:190} INFO - [2025-03-24T16:35:57.983-0700] {dag.py:3239} INFO - Sync 3 DAGs
[2025-03-24T16:35:57.988-0700] {logging_mixin.py:190} INFO - [2025-03-24T16:35:57.988-0700] {dag.py:3262} INFO - Creating ORM DAG for example_branch_datetime_operator
[2025-03-24T16:35:57.988-0700] {logging_mixin.py:190} INFO - [2025-03-24T16:35:57.988-0700] {dag.py:3262} INFO - Creating ORM DAG for example_branch_datetime_operator_2
[2025-03-24T16:35:57.988-0700] {logging_mixin.py:190} INFO - [2025-03-24T16:35:57.988-0700] {dag.py:3262} INFO - Creating ORM DAG for example_branch_datetime_operator_3
[2025-03-24T16:35:57.993-0700] {logging_mixin.py:190} INFO - [2025-03-24T16:35:57.993-0700] {dag.py:4180} INFO - Setting next_dagrun for example_branch_datetime_operator to 2025-03-23 00:00:00+00:00, run_after=2025-03-24 00:00:00+00:00
[2025-03-24T16:35:57.994-0700] {logging_mixin.py:190} INFO - [2025-03-24T16:35:57.994-0700] {dag.py:4180} INFO - Setting next_dagrun for example_branch_datetime_operator_2 to 2025-03-23 00:00:00+00:00, run_after=2025-03-24 00:00:00+00:00
[2025-03-24T16:35:57.995-0700] {logging_mixin.py:190} INFO - [2025-03-24T16:35:57.995-0700] {dag.py:4180} INFO - Setting next_dagrun for example_branch_datetime_operator_3 to 2025-03-23 00:00:00+00:00, run_after=2025-03-24 00:00:00+00:00
[2025-03-24T16:35:58.002-0700] {processor.py:208} INFO - Processing /Users/jingwenxu/anaconda3/lib/python3.11/site-packages/airflow/example_dags/example_branch_datetime_operator.py took 0.167 seconds
[2025-03-24T16:39:13.106-0700] {processor.py:186} INFO - Started process (PID=3843) to work on /Users/jingwenxu/anaconda3/lib/python3.11/site-packages/airflow/example_dags/example_branch_datetime_operator.py
[2025-03-24T16:39:13.108-0700] {processor.py:914} INFO - Processing file /Users/jingwenxu/anaconda3/lib/python3.11/site-packages/airflow/example_dags/example_branch_datetime_operator.py for tasks to queue
[2025-03-24T16:39:13.109-0700] {logging_mixin.py:190} INFO - [2025-03-24T16:39:13.109-0700] {dagbag.py:588} INFO - Filling up the DagBag from /Users/jingwenxu/anaconda3/lib/python3.11/site-packages/airflow/example_dags/example_branch_datetime_operator.py
[2025-03-24T16:39:13.115-0700] {processor.py:925} INFO - DAG(s) 'example_branch_datetime_operator', 'example_branch_datetime_operator_3', 'example_branch_datetime_operator_2' retrieved from /Users/jingwenxu/anaconda3/lib/python3.11/site-packages/airflow/example_dags/example_branch_datetime_operator.py
[2025-03-24T16:39:13.162-0700] {logging_mixin.py:190} INFO - [2025-03-24T16:39:13.161-0700] {dag.py:3239} INFO - Sync 3 DAGs
[2025-03-24T16:39:13.171-0700] {logging_mixin.py:190} INFO - [2025-03-24T16:39:13.171-0700] {dag.py:4180} INFO - Setting next_dagrun for example_branch_datetime_operator to 2025-03-23 00:00:00+00:00, run_after=2025-03-24 00:00:00+00:00
[2025-03-24T16:39:13.173-0700] {logging_mixin.py:190} INFO - [2025-03-24T16:39:13.173-0700] {dag.py:4180} INFO - Setting next_dagrun for example_branch_datetime_operator_2 to 2025-03-23 00:00:00+00:00, run_after=2025-03-24 00:00:00+00:00
[2025-03-24T16:39:13.174-0700] {logging_mixin.py:190} INFO - [2025-03-24T16:39:13.173-0700] {dag.py:4180} INFO - Setting next_dagrun for example_branch_datetime_operator_3 to 2025-03-23 00:00:00+00:00, run_after=2025-03-24 00:00:00+00:00
[2025-03-24T16:39:13.181-0700] {processor.py:208} INFO - Processing /Users/jingwenxu/anaconda3/lib/python3.11/site-packages/airflow/example_dags/example_branch_datetime_operator.py took 0.076 seconds
[2025-03-24T16:42:27.666-0700] {processor.py:186} INFO - Started process (PID=4572) to work on /Users/jingwenxu/anaconda3/lib/python3.11/site-packages/airflow/example_dags/example_branch_datetime_operator.py
[2025-03-24T16:42:27.667-0700] {processor.py:914} INFO - Processing file /Users/jingwenxu/anaconda3/lib/python3.11/site-packages/airflow/example_dags/example_branch_datetime_operator.py for tasks to queue
[2025-03-24T16:42:27.668-0700] {logging_mixin.py:190} INFO - [2025-03-24T16:42:27.668-0700] {dagbag.py:588} INFO - Filling up the DagBag from /Users/jingwenxu/anaconda3/lib/python3.11/site-packages/airflow/example_dags/example_branch_datetime_operator.py
[2025-03-24T16:42:27.676-0700] {processor.py:925} INFO - DAG(s) 'example_branch_datetime_operator_3', 'example_branch_datetime_operator', 'example_branch_datetime_operator_2' retrieved from /Users/jingwenxu/anaconda3/lib/python3.11/site-packages/airflow/example_dags/example_branch_datetime_operator.py
[2025-03-24T16:42:27.727-0700] {logging_mixin.py:190} INFO - [2025-03-24T16:42:27.727-0700] {dag.py:3239} INFO - Sync 3 DAGs
[2025-03-24T16:42:27.738-0700] {logging_mixin.py:190} INFO - [2025-03-24T16:42:27.737-0700] {dag.py:4180} INFO - Setting next_dagrun for example_branch_datetime_operator to 2025-03-23 00:00:00+00:00, run_after=2025-03-24 00:00:00+00:00
[2025-03-24T16:42:27.740-0700] {logging_mixin.py:190} INFO - [2025-03-24T16:42:27.739-0700] {dag.py:4180} INFO - Setting next_dagrun for example_branch_datetime_operator_2 to 2025-03-23 00:00:00+00:00, run_after=2025-03-24 00:00:00+00:00
[2025-03-24T16:42:27.740-0700] {logging_mixin.py:190} INFO - [2025-03-24T16:42:27.740-0700] {dag.py:4180} INFO - Setting next_dagrun for example_branch_datetime_operator_3 to 2025-03-23 00:00:00+00:00, run_after=2025-03-24 00:00:00+00:00
[2025-03-24T16:42:27.749-0700] {processor.py:208} INFO - Processing /Users/jingwenxu/anaconda3/lib/python3.11/site-packages/airflow/example_dags/example_branch_datetime_operator.py took 0.085 seconds
[2025-03-24T16:45:50.060-0700] {processor.py:186} INFO - Started process (PID=5261) to work on /Users/jingwenxu/anaconda3/lib/python3.11/site-packages/airflow/example_dags/example_branch_datetime_operator.py
[2025-03-24T16:45:50.061-0700] {processor.py:914} INFO - Processing file /Users/jingwenxu/anaconda3/lib/python3.11/site-packages/airflow/example_dags/example_branch_datetime_operator.py for tasks to queue
[2025-03-24T16:45:50.061-0700] {logging_mixin.py:190} INFO - [2025-03-24T16:45:50.061-0700] {dagbag.py:588} INFO - Filling up the DagBag from /Users/jingwenxu/anaconda3/lib/python3.11/site-packages/airflow/example_dags/example_branch_datetime_operator.py
[2025-03-24T16:45:50.069-0700] {processor.py:925} INFO - DAG(s) 'example_branch_datetime_operator_3', 'example_branch_datetime_operator_2', 'example_branch_datetime_operator' retrieved from /Users/jingwenxu/anaconda3/lib/python3.11/site-packages/airflow/example_dags/example_branch_datetime_operator.py
[2025-03-24T16:45:50.121-0700] {logging_mixin.py:190} INFO - [2025-03-24T16:45:50.120-0700] {dag.py:3239} INFO - Sync 3 DAGs
[2025-03-24T16:45:50.130-0700] {logging_mixin.py:190} INFO - [2025-03-24T16:45:50.130-0700] {dag.py:4180} INFO - Setting next_dagrun for example_branch_datetime_operator to 2025-03-23 00:00:00+00:00, run_after=2025-03-24 00:00:00+00:00
[2025-03-24T16:45:50.134-0700] {logging_mixin.py:190} INFO - [2025-03-24T16:45:50.134-0700] {dag.py:4180} INFO - Setting next_dagrun for example_branch_datetime_operator_2 to 2025-03-23 00:00:00+00:00, run_after=2025-03-24 00:00:00+00:00
[2025-03-24T16:45:50.135-0700] {logging_mixin.py:190} INFO - [2025-03-24T16:45:50.135-0700] {dag.py:4180} INFO - Setting next_dagrun for example_branch_datetime_operator_3 to 2025-03-23 00:00:00+00:00, run_after=2025-03-24 00:00:00+00:00
[2025-03-24T16:45:50.142-0700] {processor.py:208} INFO - Processing /Users/jingwenxu/anaconda3/lib/python3.11/site-packages/airflow/example_dags/example_branch_datetime_operator.py took 0.084 seconds
[2025-03-24T16:49:07.312-0700] {processor.py:186} INFO - Started process (PID=5945) to work on /Users/jingwenxu/anaconda3/lib/python3.11/site-packages/airflow/example_dags/example_branch_datetime_operator.py
[2025-03-24T16:49:07.314-0700] {processor.py:914} INFO - Processing file /Users/jingwenxu/anaconda3/lib/python3.11/site-packages/airflow/example_dags/example_branch_datetime_operator.py for tasks to queue
[2025-03-24T16:49:07.315-0700] {logging_mixin.py:190} INFO - [2025-03-24T16:49:07.315-0700] {dagbag.py:588} INFO - Filling up the DagBag from /Users/jingwenxu/anaconda3/lib/python3.11/site-packages/airflow/example_dags/example_branch_datetime_operator.py
[2025-03-24T16:49:07.323-0700] {processor.py:925} INFO - DAG(s) 'example_branch_datetime_operator', 'example_branch_datetime_operator_2', 'example_branch_datetime_operator_3' retrieved from /Users/jingwenxu/anaconda3/lib/python3.11/site-packages/airflow/example_dags/example_branch_datetime_operator.py
[2025-03-24T16:49:07.373-0700] {logging_mixin.py:190} INFO - [2025-03-24T16:49:07.373-0700] {dag.py:3239} INFO - Sync 3 DAGs
[2025-03-24T16:49:07.383-0700] {logging_mixin.py:190} INFO - [2025-03-24T16:49:07.383-0700] {dag.py:4180} INFO - Setting next_dagrun for example_branch_datetime_operator to 2025-03-23 00:00:00+00:00, run_after=2025-03-24 00:00:00+00:00
[2025-03-24T16:49:07.385-0700] {logging_mixin.py:190} INFO - [2025-03-24T16:49:07.385-0700] {dag.py:4180} INFO - Setting next_dagrun for example_branch_datetime_operator_2 to 2025-03-23 00:00:00+00:00, run_after=2025-03-24 00:00:00+00:00
[2025-03-24T16:49:07.387-0700] {logging_mixin.py:190} INFO - [2025-03-24T16:49:07.386-0700] {dag.py:4180} INFO - Setting next_dagrun for example_branch_datetime_operator_3 to 2025-03-23 00:00:00+00:00, run_after=2025-03-24 00:00:00+00:00
[2025-03-24T16:49:07.396-0700] {processor.py:208} INFO - Processing /Users/jingwenxu/anaconda3/lib/python3.11/site-packages/airflow/example_dags/example_branch_datetime_operator.py took 0.085 seconds
[2025-03-24T16:52:27.238-0700] {processor.py:186} INFO - Started process (PID=6630) to work on /Users/jingwenxu/anaconda3/lib/python3.11/site-packages/airflow/example_dags/example_branch_datetime_operator.py
[2025-03-24T16:52:27.239-0700] {processor.py:914} INFO - Processing file /Users/jingwenxu/anaconda3/lib/python3.11/site-packages/airflow/example_dags/example_branch_datetime_operator.py for tasks to queue
[2025-03-24T16:52:27.240-0700] {logging_mixin.py:190} INFO - [2025-03-24T16:52:27.240-0700] {dagbag.py:588} INFO - Filling up the DagBag from /Users/jingwenxu/anaconda3/lib/python3.11/site-packages/airflow/example_dags/example_branch_datetime_operator.py
[2025-03-24T16:52:27.247-0700] {processor.py:925} INFO - DAG(s) 'example_branch_datetime_operator_3', 'example_branch_datetime_operator_2', 'example_branch_datetime_operator' retrieved from /Users/jingwenxu/anaconda3/lib/python3.11/site-packages/airflow/example_dags/example_branch_datetime_operator.py
[2025-03-24T16:52:27.293-0700] {logging_mixin.py:190} INFO - [2025-03-24T16:52:27.293-0700] {dag.py:3239} INFO - Sync 3 DAGs
[2025-03-24T16:52:27.302-0700] {logging_mixin.py:190} INFO - [2025-03-24T16:52:27.302-0700] {dag.py:4180} INFO - Setting next_dagrun for example_branch_datetime_operator to 2025-03-23 00:00:00+00:00, run_after=2025-03-24 00:00:00+00:00
[2025-03-24T16:52:27.304-0700] {logging_mixin.py:190} INFO - [2025-03-24T16:52:27.304-0700] {dag.py:4180} INFO - Setting next_dagrun for example_branch_datetime_operator_2 to 2025-03-23 00:00:00+00:00, run_after=2025-03-24 00:00:00+00:00
[2025-03-24T16:52:27.305-0700] {logging_mixin.py:190} INFO - [2025-03-24T16:52:27.305-0700] {dag.py:4180} INFO - Setting next_dagrun for example_branch_datetime_operator_3 to 2025-03-23 00:00:00+00:00, run_after=2025-03-24 00:00:00+00:00
[2025-03-24T16:52:27.312-0700] {processor.py:208} INFO - Processing /Users/jingwenxu/anaconda3/lib/python3.11/site-packages/airflow/example_dags/example_branch_datetime_operator.py took 0.076 seconds
