[2025-03-24T16:35:46.932-0700] {processor.py:186} INFO - Started process (PID=3101) to work on /Users/jingwenxu/anaconda3/lib/python3.11/site-packages/airflow/example_dags/example_branch_python_dop_operator_3.py
[2025-03-24T16:35:46.933-0700] {processor.py:914} INFO - Processing file /Users/jingwenxu/anaconda3/lib/python3.11/site-packages/airflow/example_dags/example_branch_python_dop_operator_3.py for tasks to queue
[2025-03-24T16:35:46.933-0700] {logging_mixin.py:190} INFO - [2025-03-24T16:35:46.933-0700] {dagbag.py:588} INFO - Filling up the DagBag from /Users/jingwenxu/anaconda3/lib/python3.11/site-packages/airflow/example_dags/example_branch_python_dop_operator_3.py
[2025-03-24T16:35:46.961-0700] {processor.py:925} INFO - DAG(s) 'example_branch_dop_operator_v3' retrieved from /Users/jingwenxu/anaconda3/lib/python3.11/site-packages/airflow/example_dags/example_branch_python_dop_operator_3.py
[2025-03-24T16:35:47.062-0700] {logging_mixin.py:190} INFO - [2025-03-24T16:35:47.061-0700] {override.py:1930} INFO - Created Permission View: can delete on DAG:example_branch_dop_operator_v3
[2025-03-24T16:35:47.069-0700] {logging_mixin.py:190} INFO - [2025-03-24T16:35:47.068-0700] {override.py:1930} INFO - Created Permission View: can read on DAG:example_branch_dop_operator_v3
[2025-03-24T16:35:47.075-0700] {logging_mixin.py:190} INFO - [2025-03-24T16:35:47.075-0700] {override.py:1930} INFO - Created Permission View: can edit on DAG:example_branch_dop_operator_v3
[2025-03-24T16:35:47.081-0700] {logging_mixin.py:190} INFO - [2025-03-24T16:35:47.080-0700] {override.py:1930} INFO - Created Permission View: can delete on DAG Run:example_branch_dop_operator_v3
[2025-03-24T16:35:47.083-0700] {logging_mixin.py:190} INFO - [2025-03-24T16:35:47.083-0700] {override.py:1930} INFO - Created Permission View: can create on DAG Run:example_branch_dop_operator_v3
[2025-03-24T16:35:47.086-0700] {logging_mixin.py:190} INFO - [2025-03-24T16:35:47.086-0700] {override.py:1930} INFO - Created Permission View: can read on DAG Run:example_branch_dop_operator_v3
[2025-03-24T16:35:47.089-0700] {logging_mixin.py:190} INFO - [2025-03-24T16:35:47.089-0700] {override.py:1930} INFO - Created Permission View: menu access on DAG Run:example_branch_dop_operator_v3
[2025-03-24T16:35:47.089-0700] {logging_mixin.py:190} INFO - [2025-03-24T16:35:47.089-0700] {dag.py:3239} INFO - Sync 1 DAGs
[2025-03-24T16:35:47.094-0700] {logging_mixin.py:190} INFO - [2025-03-24T16:35:47.094-0700] {dag.py:3262} INFO - Creating ORM DAG for example_branch_dop_operator_v3
[2025-03-24T16:35:47.100-0700] {logging_mixin.py:190} INFO - [2025-03-24T16:35:47.099-0700] {dag.py:4180} INFO - Setting next_dagrun for example_branch_dop_operator_v3 to 2025-03-24 23:34:00+00:00, run_after=2025-03-24 23:35:00+00:00
[2025-03-24T16:35:47.107-0700] {processor.py:208} INFO - Processing /Users/jingwenxu/anaconda3/lib/python3.11/site-packages/airflow/example_dags/example_branch_python_dop_operator_3.py took 0.177 seconds
[2025-03-24T16:39:02.840-0700] {processor.py:186} INFO - Started process (PID=3808) to work on /Users/jingwenxu/anaconda3/lib/python3.11/site-packages/airflow/example_dags/example_branch_python_dop_operator_3.py
[2025-03-24T16:39:02.842-0700] {processor.py:914} INFO - Processing file /Users/jingwenxu/anaconda3/lib/python3.11/site-packages/airflow/example_dags/example_branch_python_dop_operator_3.py for tasks to queue
[2025-03-24T16:39:02.842-0700] {logging_mixin.py:190} INFO - [2025-03-24T16:39:02.842-0700] {dagbag.py:588} INFO - Filling up the DagBag from /Users/jingwenxu/anaconda3/lib/python3.11/site-packages/airflow/example_dags/example_branch_python_dop_operator_3.py
[2025-03-24T16:39:02.863-0700] {processor.py:925} INFO - DAG(s) 'example_branch_dop_operator_v3' retrieved from /Users/jingwenxu/anaconda3/lib/python3.11/site-packages/airflow/example_dags/example_branch_python_dop_operator_3.py
[2025-03-24T16:39:02.909-0700] {logging_mixin.py:190} INFO - [2025-03-24T16:39:02.909-0700] {dag.py:3239} INFO - Sync 1 DAGs
[2025-03-24T16:39:02.919-0700] {logging_mixin.py:190} INFO - [2025-03-24T16:39:02.919-0700] {dag.py:4180} INFO - Setting next_dagrun for example_branch_dop_operator_v3 to 2025-03-24 23:38:00+00:00, run_after=2025-03-24 23:39:00+00:00
[2025-03-24T16:39:02.928-0700] {processor.py:208} INFO - Processing /Users/jingwenxu/anaconda3/lib/python3.11/site-packages/airflow/example_dags/example_branch_python_dop_operator_3.py took 0.090 seconds
[2025-03-24T16:42:17.024-0700] {processor.py:186} INFO - Started process (PID=4532) to work on /Users/jingwenxu/anaconda3/lib/python3.11/site-packages/airflow/example_dags/example_branch_python_dop_operator_3.py
[2025-03-24T16:42:17.025-0700] {processor.py:914} INFO - Processing file /Users/jingwenxu/anaconda3/lib/python3.11/site-packages/airflow/example_dags/example_branch_python_dop_operator_3.py for tasks to queue
[2025-03-24T16:42:17.026-0700] {logging_mixin.py:190} INFO - [2025-03-24T16:42:17.026-0700] {dagbag.py:588} INFO - Filling up the DagBag from /Users/jingwenxu/anaconda3/lib/python3.11/site-packages/airflow/example_dags/example_branch_python_dop_operator_3.py
[2025-03-24T16:42:17.048-0700] {processor.py:925} INFO - DAG(s) 'example_branch_dop_operator_v3' retrieved from /Users/jingwenxu/anaconda3/lib/python3.11/site-packages/airflow/example_dags/example_branch_python_dop_operator_3.py
[2025-03-24T16:42:17.101-0700] {logging_mixin.py:190} INFO - [2025-03-24T16:42:17.101-0700] {dag.py:3239} INFO - Sync 1 DAGs
[2025-03-24T16:42:17.112-0700] {logging_mixin.py:190} INFO - [2025-03-24T16:42:17.112-0700] {dag.py:4180} INFO - Setting next_dagrun for example_branch_dop_operator_v3 to 2025-03-24 23:41:00+00:00, run_after=2025-03-24 23:42:00+00:00
[2025-03-24T16:42:17.122-0700] {processor.py:208} INFO - Processing /Users/jingwenxu/anaconda3/lib/python3.11/site-packages/airflow/example_dags/example_branch_python_dop_operator_3.py took 0.100 seconds
[2025-03-24T16:45:39.603-0700] {processor.py:186} INFO - Started process (PID=5218) to work on /Users/jingwenxu/anaconda3/lib/python3.11/site-packages/airflow/example_dags/example_branch_python_dop_operator_3.py
[2025-03-24T16:45:39.604-0700] {processor.py:914} INFO - Processing file /Users/jingwenxu/anaconda3/lib/python3.11/site-packages/airflow/example_dags/example_branch_python_dop_operator_3.py for tasks to queue
[2025-03-24T16:45:39.605-0700] {logging_mixin.py:190} INFO - [2025-03-24T16:45:39.604-0700] {dagbag.py:588} INFO - Filling up the DagBag from /Users/jingwenxu/anaconda3/lib/python3.11/site-packages/airflow/example_dags/example_branch_python_dop_operator_3.py
[2025-03-24T16:45:39.625-0700] {processor.py:925} INFO - DAG(s) 'example_branch_dop_operator_v3' retrieved from /Users/jingwenxu/anaconda3/lib/python3.11/site-packages/airflow/example_dags/example_branch_python_dop_operator_3.py
[2025-03-24T16:45:39.670-0700] {logging_mixin.py:190} INFO - [2025-03-24T16:45:39.670-0700] {dag.py:3239} INFO - Sync 1 DAGs
[2025-03-24T16:45:39.681-0700] {logging_mixin.py:190} INFO - [2025-03-24T16:45:39.681-0700] {dag.py:4180} INFO - Setting next_dagrun for example_branch_dop_operator_v3 to 2025-03-24 23:44:00+00:00, run_after=2025-03-24 23:45:00+00:00
[2025-03-24T16:45:39.689-0700] {processor.py:208} INFO - Processing /Users/jingwenxu/anaconda3/lib/python3.11/site-packages/airflow/example_dags/example_branch_python_dop_operator_3.py took 0.088 seconds
[2025-03-24T16:48:55.785-0700] {processor.py:186} INFO - Started process (PID=5909) to work on /Users/jingwenxu/anaconda3/lib/python3.11/site-packages/airflow/example_dags/example_branch_python_dop_operator_3.py
[2025-03-24T16:48:55.786-0700] {processor.py:914} INFO - Processing file /Users/jingwenxu/anaconda3/lib/python3.11/site-packages/airflow/example_dags/example_branch_python_dop_operator_3.py for tasks to queue
[2025-03-24T16:48:55.787-0700] {logging_mixin.py:190} INFO - [2025-03-24T16:48:55.787-0700] {dagbag.py:588} INFO - Filling up the DagBag from /Users/jingwenxu/anaconda3/lib/python3.11/site-packages/airflow/example_dags/example_branch_python_dop_operator_3.py
[2025-03-24T16:48:55.808-0700] {processor.py:925} INFO - DAG(s) 'example_branch_dop_operator_v3' retrieved from /Users/jingwenxu/anaconda3/lib/python3.11/site-packages/airflow/example_dags/example_branch_python_dop_operator_3.py
[2025-03-24T16:48:55.850-0700] {logging_mixin.py:190} INFO - [2025-03-24T16:48:55.849-0700] {dag.py:3239} INFO - Sync 1 DAGs
[2025-03-24T16:48:55.860-0700] {logging_mixin.py:190} INFO - [2025-03-24T16:48:55.860-0700] {dag.py:4180} INFO - Setting next_dagrun for example_branch_dop_operator_v3 to 2025-03-24 23:47:00+00:00, run_after=2025-03-24 23:48:00+00:00
[2025-03-24T16:48:55.869-0700] {processor.py:208} INFO - Processing /Users/jingwenxu/anaconda3/lib/python3.11/site-packages/airflow/example_dags/example_branch_python_dop_operator_3.py took 0.085 seconds
[2025-03-24T16:52:16.864-0700] {processor.py:186} INFO - Started process (PID=6595) to work on /Users/jingwenxu/anaconda3/lib/python3.11/site-packages/airflow/example_dags/example_branch_python_dop_operator_3.py
[2025-03-24T16:52:16.866-0700] {processor.py:914} INFO - Processing file /Users/jingwenxu/anaconda3/lib/python3.11/site-packages/airflow/example_dags/example_branch_python_dop_operator_3.py for tasks to queue
[2025-03-24T16:52:16.866-0700] {logging_mixin.py:190} INFO - [2025-03-24T16:52:16.866-0700] {dagbag.py:588} INFO - Filling up the DagBag from /Users/jingwenxu/anaconda3/lib/python3.11/site-packages/airflow/example_dags/example_branch_python_dop_operator_3.py
[2025-03-24T16:52:16.886-0700] {processor.py:925} INFO - DAG(s) 'example_branch_dop_operator_v3' retrieved from /Users/jingwenxu/anaconda3/lib/python3.11/site-packages/airflow/example_dags/example_branch_python_dop_operator_3.py
[2025-03-24T16:52:16.928-0700] {logging_mixin.py:190} INFO - [2025-03-24T16:52:16.928-0700] {dag.py:3239} INFO - Sync 1 DAGs
[2025-03-24T16:52:16.938-0700] {logging_mixin.py:190} INFO - [2025-03-24T16:52:16.938-0700] {dag.py:4180} INFO - Setting next_dagrun for example_branch_dop_operator_v3 to 2025-03-24 23:51:00+00:00, run_after=2025-03-24 23:52:00+00:00
[2025-03-24T16:52:16.947-0700] {processor.py:208} INFO - Processing /Users/jingwenxu/anaconda3/lib/python3.11/site-packages/airflow/example_dags/example_branch_python_dop_operator_3.py took 0.084 seconds
