[2025-03-24T16:35:19.923-0700] {processor.py:186} INFO - Started process (PID=3012) to work on /Users/jingwenxu/anaconda3/lib/python3.11/site-packages/airflow/example_dags/example_inlet_event_extra.py
[2025-03-24T16:35:19.924-0700] {processor.py:914} INFO - Processing file /Users/jingwenxu/anaconda3/lib/python3.11/site-packages/airflow/example_dags/example_inlet_event_extra.py for tasks to queue
[2025-03-24T16:35:19.925-0700] {logging_mixin.py:190} INFO - [2025-03-24T16:35:19.924-0700] {dagbag.py:588} INFO - Filling up the DagBag from /Users/jingwenxu/anaconda3/lib/python3.11/site-packages/airflow/example_dags/example_inlet_event_extra.py
[2025-03-24T16:35:19.970-0700] {processor.py:925} INFO - DAG(s) 'read_dataset_event', 'read_dataset_event_from_classic' retrieved from /Users/jingwenxu/anaconda3/lib/python3.11/site-packages/airflow/example_dags/example_inlet_event_extra.py
[2025-03-24T16:35:20.051-0700] {logging_mixin.py:190} INFO - [2025-03-24T16:35:20.051-0700] {override.py:1930} INFO - Created Permission View: can delete on DAG:read_dataset_event
[2025-03-24T16:35:20.055-0700] {logging_mixin.py:190} INFO - [2025-03-24T16:35:20.055-0700] {override.py:1930} INFO - Created Permission View: can read on DAG:read_dataset_event
[2025-03-24T16:35:20.058-0700] {logging_mixin.py:190} INFO - [2025-03-24T16:35:20.058-0700] {override.py:1930} INFO - Created Permission View: can edit on DAG:read_dataset_event
[2025-03-24T16:35:20.061-0700] {logging_mixin.py:190} INFO - [2025-03-24T16:35:20.061-0700] {override.py:1930} INFO - Created Permission View: can create on DAG Run:read_dataset_event
[2025-03-24T16:35:20.064-0700] {logging_mixin.py:190} INFO - [2025-03-24T16:35:20.063-0700] {override.py:1930} INFO - Created Permission View: can delete on DAG Run:read_dataset_event
[2025-03-24T16:35:20.066-0700] {logging_mixin.py:190} INFO - [2025-03-24T16:35:20.066-0700] {override.py:1930} INFO - Created Permission View: can read on DAG Run:read_dataset_event
[2025-03-24T16:35:20.068-0700] {logging_mixin.py:190} INFO - [2025-03-24T16:35:20.068-0700] {override.py:1930} INFO - Created Permission View: menu access on DAG Run:read_dataset_event
[2025-03-24T16:35:20.073-0700] {logging_mixin.py:190} INFO - [2025-03-24T16:35:20.073-0700] {override.py:1930} INFO - Created Permission View: can delete on DAG:read_dataset_event_from_classic
[2025-03-24T16:35:20.075-0700] {logging_mixin.py:190} INFO - [2025-03-24T16:35:20.075-0700] {override.py:1930} INFO - Created Permission View: can read on DAG:read_dataset_event_from_classic
[2025-03-24T16:35:20.077-0700] {logging_mixin.py:190} INFO - [2025-03-24T16:35:20.077-0700] {override.py:1930} INFO - Created Permission View: can edit on DAG:read_dataset_event_from_classic
[2025-03-24T16:35:20.080-0700] {logging_mixin.py:190} INFO - [2025-03-24T16:35:20.080-0700] {override.py:1930} INFO - Created Permission View: can create on DAG Run:read_dataset_event_from_classic
[2025-03-24T16:35:20.082-0700] {logging_mixin.py:190} INFO - [2025-03-24T16:35:20.082-0700] {override.py:1930} INFO - Created Permission View: can delete on DAG Run:read_dataset_event_from_classic
[2025-03-24T16:35:20.085-0700] {logging_mixin.py:190} INFO - [2025-03-24T16:35:20.085-0700] {override.py:1930} INFO - Created Permission View: can read on DAG Run:read_dataset_event_from_classic
[2025-03-24T16:35:20.087-0700] {logging_mixin.py:190} INFO - [2025-03-24T16:35:20.087-0700] {override.py:1930} INFO - Created Permission View: menu access on DAG Run:read_dataset_event_from_classic
[2025-03-24T16:35:20.087-0700] {logging_mixin.py:190} INFO - [2025-03-24T16:35:20.087-0700] {dag.py:3239} INFO - Sync 2 DAGs
[2025-03-24T16:35:20.092-0700] {logging_mixin.py:190} INFO - [2025-03-24T16:35:20.092-0700] {dag.py:3262} INFO - Creating ORM DAG for read_dataset_event
[2025-03-24T16:35:20.092-0700] {logging_mixin.py:190} INFO - [2025-03-24T16:35:20.092-0700] {dag.py:3262} INFO - Creating ORM DAG for read_dataset_event_from_classic
[2025-03-24T16:35:20.096-0700] {logging_mixin.py:190} INFO - [2025-03-24T16:35:20.096-0700] {dag.py:4180} INFO - Setting next_dagrun for read_dataset_event to 2025-03-23 00:00:00+00:00, run_after=2025-03-24 00:00:00+00:00
[2025-03-24T16:35:20.097-0700] {logging_mixin.py:190} INFO - [2025-03-24T16:35:20.097-0700] {dag.py:4180} INFO - Setting next_dagrun for read_dataset_event_from_classic to 2025-03-23 00:00:00+00:00, run_after=2025-03-24 00:00:00+00:00
[2025-03-24T16:35:20.104-0700] {processor.py:208} INFO - Processing /Users/jingwenxu/anaconda3/lib/python3.11/site-packages/airflow/example_dags/example_inlet_event_extra.py took 0.183 seconds
[2025-03-24T16:37:31.097-0700] {processor.py:186} INFO - Started process (PID=3481) to work on /Users/jingwenxu/anaconda3/lib/python3.11/site-packages/airflow/example_dags/example_inlet_event_extra.py
[2025-03-24T16:37:31.099-0700] {processor.py:914} INFO - Processing file /Users/jingwenxu/anaconda3/lib/python3.11/site-packages/airflow/example_dags/example_inlet_event_extra.py for tasks to queue
[2025-03-24T16:37:31.100-0700] {logging_mixin.py:190} INFO - [2025-03-24T16:37:31.100-0700] {dagbag.py:588} INFO - Filling up the DagBag from /Users/jingwenxu/anaconda3/lib/python3.11/site-packages/airflow/example_dags/example_inlet_event_extra.py
[2025-03-24T16:37:31.146-0700] {processor.py:925} INFO - DAG(s) 'read_dataset_event_from_classic', 'read_dataset_event' retrieved from /Users/jingwenxu/anaconda3/lib/python3.11/site-packages/airflow/example_dags/example_inlet_event_extra.py
[2025-03-24T16:37:31.192-0700] {logging_mixin.py:190} INFO - [2025-03-24T16:37:31.192-0700] {dag.py:3239} INFO - Sync 2 DAGs
[2025-03-24T16:37:31.202-0700] {logging_mixin.py:190} INFO - [2025-03-24T16:37:31.201-0700] {dag.py:4180} INFO - Setting next_dagrun for read_dataset_event to 2025-03-23 00:00:00+00:00, run_after=2025-03-24 00:00:00+00:00
[2025-03-24T16:37:31.203-0700] {logging_mixin.py:190} INFO - [2025-03-24T16:37:31.203-0700] {dag.py:4180} INFO - Setting next_dagrun for read_dataset_event_from_classic to 2025-03-23 00:00:00+00:00, run_after=2025-03-24 00:00:00+00:00
[2025-03-24T16:37:31.211-0700] {processor.py:208} INFO - Processing /Users/jingwenxu/anaconda3/lib/python3.11/site-packages/airflow/example_dags/example_inlet_event_extra.py took 0.116 seconds
[2025-03-24T16:40:45.479-0700] {processor.py:186} INFO - Started process (PID=4227) to work on /Users/jingwenxu/anaconda3/lib/python3.11/site-packages/airflow/example_dags/example_inlet_event_extra.py
[2025-03-24T16:40:45.480-0700] {processor.py:914} INFO - Processing file /Users/jingwenxu/anaconda3/lib/python3.11/site-packages/airflow/example_dags/example_inlet_event_extra.py for tasks to queue
[2025-03-24T16:40:45.480-0700] {logging_mixin.py:190} INFO - [2025-03-24T16:40:45.480-0700] {dagbag.py:588} INFO - Filling up the DagBag from /Users/jingwenxu/anaconda3/lib/python3.11/site-packages/airflow/example_dags/example_inlet_event_extra.py
[2025-03-24T16:40:45.547-0700] {processor.py:925} INFO - DAG(s) 'read_dataset_event_from_classic', 'read_dataset_event' retrieved from /Users/jingwenxu/anaconda3/lib/python3.11/site-packages/airflow/example_dags/example_inlet_event_extra.py
[2025-03-24T16:40:45.594-0700] {logging_mixin.py:190} INFO - [2025-03-24T16:40:45.594-0700] {dag.py:3239} INFO - Sync 2 DAGs
[2025-03-24T16:40:45.604-0700] {logging_mixin.py:190} INFO - [2025-03-24T16:40:45.604-0700] {dag.py:4180} INFO - Setting next_dagrun for read_dataset_event to 2025-03-23 00:00:00+00:00, run_after=2025-03-24 00:00:00+00:00
[2025-03-24T16:40:45.607-0700] {logging_mixin.py:190} INFO - [2025-03-24T16:40:45.607-0700] {dag.py:4180} INFO - Setting next_dagrun for read_dataset_event_from_classic to 2025-03-23 00:00:00+00:00, run_after=2025-03-24 00:00:00+00:00
[2025-03-24T16:40:45.616-0700] {processor.py:208} INFO - Processing /Users/jingwenxu/anaconda3/lib/python3.11/site-packages/airflow/example_dags/example_inlet_event_extra.py took 0.139 seconds
[2025-03-24T16:44:03.995-0700] {processor.py:186} INFO - Started process (PID=4900) to work on /Users/jingwenxu/anaconda3/lib/python3.11/site-packages/airflow/example_dags/example_inlet_event_extra.py
[2025-03-24T16:44:03.996-0700] {processor.py:914} INFO - Processing file /Users/jingwenxu/anaconda3/lib/python3.11/site-packages/airflow/example_dags/example_inlet_event_extra.py for tasks to queue
[2025-03-24T16:44:03.996-0700] {logging_mixin.py:190} INFO - [2025-03-24T16:44:03.996-0700] {dagbag.py:588} INFO - Filling up the DagBag from /Users/jingwenxu/anaconda3/lib/python3.11/site-packages/airflow/example_dags/example_inlet_event_extra.py
[2025-03-24T16:44:04.046-0700] {processor.py:925} INFO - DAG(s) 'read_dataset_event_from_classic', 'read_dataset_event' retrieved from /Users/jingwenxu/anaconda3/lib/python3.11/site-packages/airflow/example_dags/example_inlet_event_extra.py
[2025-03-24T16:44:04.093-0700] {logging_mixin.py:190} INFO - [2025-03-24T16:44:04.093-0700] {dag.py:3239} INFO - Sync 2 DAGs
[2025-03-24T16:44:04.104-0700] {logging_mixin.py:190} INFO - [2025-03-24T16:44:04.104-0700] {dag.py:4180} INFO - Setting next_dagrun for read_dataset_event to 2025-03-23 00:00:00+00:00, run_after=2025-03-24 00:00:00+00:00
[2025-03-24T16:44:04.106-0700] {logging_mixin.py:190} INFO - [2025-03-24T16:44:04.106-0700] {dag.py:4180} INFO - Setting next_dagrun for read_dataset_event_from_classic to 2025-03-23 00:00:00+00:00, run_after=2025-03-24 00:00:00+00:00
[2025-03-24T16:44:04.114-0700] {processor.py:208} INFO - Processing /Users/jingwenxu/anaconda3/lib/python3.11/site-packages/airflow/example_dags/example_inlet_event_extra.py took 0.122 seconds
[2025-03-24T16:47:22.584-0700] {processor.py:186} INFO - Started process (PID=5578) to work on /Users/jingwenxu/anaconda3/lib/python3.11/site-packages/airflow/example_dags/example_inlet_event_extra.py
[2025-03-24T16:47:22.585-0700] {processor.py:914} INFO - Processing file /Users/jingwenxu/anaconda3/lib/python3.11/site-packages/airflow/example_dags/example_inlet_event_extra.py for tasks to queue
[2025-03-24T16:47:22.585-0700] {logging_mixin.py:190} INFO - [2025-03-24T16:47:22.585-0700] {dagbag.py:588} INFO - Filling up the DagBag from /Users/jingwenxu/anaconda3/lib/python3.11/site-packages/airflow/example_dags/example_inlet_event_extra.py
[2025-03-24T16:47:22.645-0700] {processor.py:925} INFO - DAG(s) 'read_dataset_event', 'read_dataset_event_from_classic' retrieved from /Users/jingwenxu/anaconda3/lib/python3.11/site-packages/airflow/example_dags/example_inlet_event_extra.py
[2025-03-24T16:47:22.693-0700] {logging_mixin.py:190} INFO - [2025-03-24T16:47:22.693-0700] {dag.py:3239} INFO - Sync 2 DAGs
[2025-03-24T16:47:22.703-0700] {logging_mixin.py:190} INFO - [2025-03-24T16:47:22.703-0700] {dag.py:4180} INFO - Setting next_dagrun for read_dataset_event to 2025-03-23 00:00:00+00:00, run_after=2025-03-24 00:00:00+00:00
[2025-03-24T16:47:22.706-0700] {logging_mixin.py:190} INFO - [2025-03-24T16:47:22.705-0700] {dag.py:4180} INFO - Setting next_dagrun for read_dataset_event_from_classic to 2025-03-23 00:00:00+00:00, run_after=2025-03-24 00:00:00+00:00
[2025-03-24T16:47:22.714-0700] {processor.py:208} INFO - Processing /Users/jingwenxu/anaconda3/lib/python3.11/site-packages/airflow/example_dags/example_inlet_event_extra.py took 0.133 seconds
[2025-03-24T16:50:42.281-0700] {processor.py:186} INFO - Started process (PID=6291) to work on /Users/jingwenxu/anaconda3/lib/python3.11/site-packages/airflow/example_dags/example_inlet_event_extra.py
[2025-03-24T16:50:42.282-0700] {processor.py:914} INFO - Processing file /Users/jingwenxu/anaconda3/lib/python3.11/site-packages/airflow/example_dags/example_inlet_event_extra.py for tasks to queue
[2025-03-24T16:50:42.283-0700] {logging_mixin.py:190} INFO - [2025-03-24T16:50:42.283-0700] {dagbag.py:588} INFO - Filling up the DagBag from /Users/jingwenxu/anaconda3/lib/python3.11/site-packages/airflow/example_dags/example_inlet_event_extra.py
[2025-03-24T16:50:42.331-0700] {processor.py:925} INFO - DAG(s) 'read_dataset_event_from_classic', 'read_dataset_event' retrieved from /Users/jingwenxu/anaconda3/lib/python3.11/site-packages/airflow/example_dags/example_inlet_event_extra.py
[2025-03-24T16:50:42.377-0700] {logging_mixin.py:190} INFO - [2025-03-24T16:50:42.377-0700] {dag.py:3239} INFO - Sync 2 DAGs
[2025-03-24T16:50:42.387-0700] {logging_mixin.py:190} INFO - [2025-03-24T16:50:42.387-0700] {dag.py:4180} INFO - Setting next_dagrun for read_dataset_event to 2025-03-23 00:00:00+00:00, run_after=2025-03-24 00:00:00+00:00
[2025-03-24T16:50:42.389-0700] {logging_mixin.py:190} INFO - [2025-03-24T16:50:42.389-0700] {dag.py:4180} INFO - Setting next_dagrun for read_dataset_event_from_classic to 2025-03-23 00:00:00+00:00, run_after=2025-03-24 00:00:00+00:00
[2025-03-24T16:50:42.397-0700] {processor.py:208} INFO - Processing /Users/jingwenxu/anaconda3/lib/python3.11/site-packages/airflow/example_dags/example_inlet_event_extra.py took 0.118 seconds
