[2025-03-24T16:34:31.339-0700] {processor.py:186} INFO - Started process (PID=2845) to work on /Users/jingwenxu/anaconda3/lib/python3.11/site-packages/airflow/example_dags/example_task_group.py
[2025-03-24T16:34:31.339-0700] {processor.py:914} INFO - Processing file /Users/jingwenxu/anaconda3/lib/python3.11/site-packages/airflow/example_dags/example_task_group.py for tasks to queue
[2025-03-24T16:34:31.340-0700] {logging_mixin.py:190} INFO - [2025-03-24T16:34:31.340-0700] {dagbag.py:588} INFO - Filling up the DagBag from /Users/jingwenxu/anaconda3/lib/python3.11/site-packages/airflow/example_dags/example_task_group.py
[2025-03-24T16:34:31.347-0700] {processor.py:925} INFO - DAG(s) 'example_task_group' retrieved from /Users/jingwenxu/anaconda3/lib/python3.11/site-packages/airflow/example_dags/example_task_group.py
[2025-03-24T16:34:31.432-0700] {logging_mixin.py:190} INFO - [2025-03-24T16:34:31.431-0700] {override.py:1930} INFO - Created Permission View: can read on DAG:example_task_group
[2025-03-24T16:34:31.436-0700] {logging_mixin.py:190} INFO - [2025-03-24T16:34:31.436-0700] {override.py:1930} INFO - Created Permission View: can delete on DAG:example_task_group
[2025-03-24T16:34:31.439-0700] {logging_mixin.py:190} INFO - [2025-03-24T16:34:31.439-0700] {override.py:1930} INFO - Created Permission View: can edit on DAG:example_task_group
[2025-03-24T16:34:31.442-0700] {logging_mixin.py:190} INFO - [2025-03-24T16:34:31.442-0700] {override.py:1930} INFO - Created Permission View: menu access on DAG Run:example_task_group
[2025-03-24T16:34:31.445-0700] {logging_mixin.py:190} INFO - [2025-03-24T16:34:31.445-0700] {override.py:1930} INFO - Created Permission View: can create on DAG Run:example_task_group
[2025-03-24T16:34:31.447-0700] {logging_mixin.py:190} INFO - [2025-03-24T16:34:31.447-0700] {override.py:1930} INFO - Created Permission View: can read on DAG Run:example_task_group
[2025-03-24T16:34:31.450-0700] {logging_mixin.py:190} INFO - [2025-03-24T16:34:31.449-0700] {override.py:1930} INFO - Created Permission View: can delete on DAG Run:example_task_group
[2025-03-24T16:34:31.450-0700] {logging_mixin.py:190} INFO - [2025-03-24T16:34:31.450-0700] {dag.py:3239} INFO - Sync 1 DAGs
[2025-03-24T16:34:31.455-0700] {logging_mixin.py:190} INFO - [2025-03-24T16:34:31.454-0700] {dag.py:3262} INFO - Creating ORM DAG for example_task_group
[2025-03-24T16:34:31.455-0700] {logging_mixin.py:190} INFO - [2025-03-24T16:34:31.455-0700] {dag.py:4180} INFO - Setting next_dagrun for example_task_group to None, run_after=None
[2025-03-24T16:34:31.463-0700] {processor.py:208} INFO - Processing /Users/jingwenxu/anaconda3/lib/python3.11/site-packages/airflow/example_dags/example_task_group.py took 0.126 seconds
[2025-03-24T16:36:45.079-0700] {processor.py:186} INFO - Started process (PID=3326) to work on /Users/jingwenxu/anaconda3/lib/python3.11/site-packages/airflow/example_dags/example_task_group.py
[2025-03-24T16:36:45.081-0700] {processor.py:914} INFO - Processing file /Users/jingwenxu/anaconda3/lib/python3.11/site-packages/airflow/example_dags/example_task_group.py for tasks to queue
[2025-03-24T16:36:45.082-0700] {logging_mixin.py:190} INFO - [2025-03-24T16:36:45.081-0700] {dagbag.py:588} INFO - Filling up the DagBag from /Users/jingwenxu/anaconda3/lib/python3.11/site-packages/airflow/example_dags/example_task_group.py
[2025-03-24T16:36:45.087-0700] {processor.py:925} INFO - DAG(s) 'example_task_group' retrieved from /Users/jingwenxu/anaconda3/lib/python3.11/site-packages/airflow/example_dags/example_task_group.py
[2025-03-24T16:36:45.131-0700] {logging_mixin.py:190} INFO - [2025-03-24T16:36:45.131-0700] {dag.py:3239} INFO - Sync 1 DAGs
[2025-03-24T16:36:45.137-0700] {logging_mixin.py:190} INFO - [2025-03-24T16:36:45.136-0700] {dag.py:4180} INFO - Setting next_dagrun for example_task_group to None, run_after=None
[2025-03-24T16:36:45.145-0700] {processor.py:208} INFO - Processing /Users/jingwenxu/anaconda3/lib/python3.11/site-packages/airflow/example_dags/example_task_group.py took 0.067 seconds
[2025-03-24T16:38:24.545-0700] {processor.py:186} INFO - Started process (PID=3666) to work on /Users/jingwenxu/anaconda3/lib/python3.11/site-packages/airflow/example_dags/example_task_group.py
[2025-03-24T16:38:24.546-0700] {processor.py:914} INFO - Processing file /Users/jingwenxu/anaconda3/lib/python3.11/site-packages/airflow/example_dags/example_task_group.py for tasks to queue
[2025-03-24T16:38:24.547-0700] {logging_mixin.py:190} INFO - [2025-03-24T16:38:24.547-0700] {dagbag.py:588} INFO - Filling up the DagBag from /Users/jingwenxu/anaconda3/lib/python3.11/site-packages/airflow/example_dags/example_task_group.py
[2025-03-24T16:38:24.553-0700] {processor.py:925} INFO - DAG(s) 'example_task_group' retrieved from /Users/jingwenxu/anaconda3/lib/python3.11/site-packages/airflow/example_dags/example_task_group.py
[2025-03-24T16:38:24.597-0700] {logging_mixin.py:190} INFO - [2025-03-24T16:38:24.597-0700] {dag.py:3239} INFO - Sync 1 DAGs
[2025-03-24T16:38:24.603-0700] {logging_mixin.py:190} INFO - [2025-03-24T16:38:24.603-0700] {dag.py:4180} INFO - Setting next_dagrun for example_task_group to None, run_after=None
[2025-03-24T16:38:24.611-0700] {processor.py:208} INFO - Processing /Users/jingwenxu/anaconda3/lib/python3.11/site-packages/airflow/example_dags/example_task_group.py took 0.068 seconds
[2025-03-24T16:40:01.608-0700] {processor.py:186} INFO - Started process (PID=4053) to work on /Users/jingwenxu/anaconda3/lib/python3.11/site-packages/airflow/example_dags/example_task_group.py
[2025-03-24T16:40:01.608-0700] {processor.py:914} INFO - Processing file /Users/jingwenxu/anaconda3/lib/python3.11/site-packages/airflow/example_dags/example_task_group.py for tasks to queue
[2025-03-24T16:40:01.609-0700] {logging_mixin.py:190} INFO - [2025-03-24T16:40:01.609-0700] {dagbag.py:588} INFO - Filling up the DagBag from /Users/jingwenxu/anaconda3/lib/python3.11/site-packages/airflow/example_dags/example_task_group.py
[2025-03-24T16:40:01.614-0700] {processor.py:925} INFO - DAG(s) 'example_task_group' retrieved from /Users/jingwenxu/anaconda3/lib/python3.11/site-packages/airflow/example_dags/example_task_group.py
[2025-03-24T16:40:01.662-0700] {logging_mixin.py:190} INFO - [2025-03-24T16:40:01.662-0700] {dag.py:3239} INFO - Sync 1 DAGs
[2025-03-24T16:40:01.668-0700] {logging_mixin.py:190} INFO - [2025-03-24T16:40:01.667-0700] {dag.py:4180} INFO - Setting next_dagrun for example_task_group to None, run_after=None
[2025-03-24T16:40:01.677-0700] {processor.py:208} INFO - Processing /Users/jingwenxu/anaconda3/lib/python3.11/site-packages/airflow/example_dags/example_task_group.py took 0.071 seconds
[2025-03-24T16:41:38.363-0700] {processor.py:186} INFO - Started process (PID=4403) to work on /Users/jingwenxu/anaconda3/lib/python3.11/site-packages/airflow/example_dags/example_task_group.py
[2025-03-24T16:41:38.364-0700] {processor.py:914} INFO - Processing file /Users/jingwenxu/anaconda3/lib/python3.11/site-packages/airflow/example_dags/example_task_group.py for tasks to queue
[2025-03-24T16:41:38.365-0700] {logging_mixin.py:190} INFO - [2025-03-24T16:41:38.365-0700] {dagbag.py:588} INFO - Filling up the DagBag from /Users/jingwenxu/anaconda3/lib/python3.11/site-packages/airflow/example_dags/example_task_group.py
[2025-03-24T16:41:38.371-0700] {processor.py:925} INFO - DAG(s) 'example_task_group' retrieved from /Users/jingwenxu/anaconda3/lib/python3.11/site-packages/airflow/example_dags/example_task_group.py
[2025-03-24T16:41:38.416-0700] {logging_mixin.py:190} INFO - [2025-03-24T16:41:38.415-0700] {dag.py:3239} INFO - Sync 1 DAGs
[2025-03-24T16:41:38.420-0700] {logging_mixin.py:190} INFO - [2025-03-24T16:41:38.420-0700] {dag.py:4180} INFO - Setting next_dagrun for example_task_group to None, run_after=None
[2025-03-24T16:41:38.429-0700] {processor.py:208} INFO - Processing /Users/jingwenxu/anaconda3/lib/python3.11/site-packages/airflow/example_dags/example_task_group.py took 0.068 seconds
[2025-03-24T16:43:19.185-0700] {processor.py:186} INFO - Started process (PID=4754) to work on /Users/jingwenxu/anaconda3/lib/python3.11/site-packages/airflow/example_dags/example_task_group.py
[2025-03-24T16:43:19.186-0700] {processor.py:914} INFO - Processing file /Users/jingwenxu/anaconda3/lib/python3.11/site-packages/airflow/example_dags/example_task_group.py for tasks to queue
[2025-03-24T16:43:19.187-0700] {logging_mixin.py:190} INFO - [2025-03-24T16:43:19.187-0700] {dagbag.py:588} INFO - Filling up the DagBag from /Users/jingwenxu/anaconda3/lib/python3.11/site-packages/airflow/example_dags/example_task_group.py
[2025-03-24T16:43:19.192-0700] {processor.py:925} INFO - DAG(s) 'example_task_group' retrieved from /Users/jingwenxu/anaconda3/lib/python3.11/site-packages/airflow/example_dags/example_task_group.py
[2025-03-24T16:43:19.237-0700] {logging_mixin.py:190} INFO - [2025-03-24T16:43:19.237-0700] {dag.py:3239} INFO - Sync 1 DAGs
[2025-03-24T16:43:19.242-0700] {logging_mixin.py:190} INFO - [2025-03-24T16:43:19.242-0700] {dag.py:4180} INFO - Setting next_dagrun for example_task_group to None, run_after=None
[2025-03-24T16:43:19.252-0700] {processor.py:208} INFO - Processing /Users/jingwenxu/anaconda3/lib/python3.11/site-packages/airflow/example_dags/example_task_group.py took 0.069 seconds
[2025-03-24T16:44:58.309-0700] {processor.py:186} INFO - Started process (PID=5074) to work on /Users/jingwenxu/anaconda3/lib/python3.11/site-packages/airflow/example_dags/example_task_group.py
[2025-03-24T16:44:58.311-0700] {processor.py:914} INFO - Processing file /Users/jingwenxu/anaconda3/lib/python3.11/site-packages/airflow/example_dags/example_task_group.py for tasks to queue
[2025-03-24T16:44:58.312-0700] {logging_mixin.py:190} INFO - [2025-03-24T16:44:58.311-0700] {dagbag.py:588} INFO - Filling up the DagBag from /Users/jingwenxu/anaconda3/lib/python3.11/site-packages/airflow/example_dags/example_task_group.py
[2025-03-24T16:44:58.318-0700] {processor.py:925} INFO - DAG(s) 'example_task_group' retrieved from /Users/jingwenxu/anaconda3/lib/python3.11/site-packages/airflow/example_dags/example_task_group.py
[2025-03-24T16:44:58.369-0700] {logging_mixin.py:190} INFO - [2025-03-24T16:44:58.369-0700] {dag.py:3239} INFO - Sync 1 DAGs
[2025-03-24T16:44:58.375-0700] {logging_mixin.py:190} INFO - [2025-03-24T16:44:58.375-0700] {dag.py:4180} INFO - Setting next_dagrun for example_task_group to None, run_after=None
[2025-03-24T16:44:58.385-0700] {processor.py:208} INFO - Processing /Users/jingwenxu/anaconda3/lib/python3.11/site-packages/airflow/example_dags/example_task_group.py took 0.078 seconds
[2025-03-24T16:46:38.106-0700] {processor.py:186} INFO - Started process (PID=5430) to work on /Users/jingwenxu/anaconda3/lib/python3.11/site-packages/airflow/example_dags/example_task_group.py
[2025-03-24T16:46:38.107-0700] {processor.py:914} INFO - Processing file /Users/jingwenxu/anaconda3/lib/python3.11/site-packages/airflow/example_dags/example_task_group.py for tasks to queue
[2025-03-24T16:46:38.107-0700] {logging_mixin.py:190} INFO - [2025-03-24T16:46:38.107-0700] {dagbag.py:588} INFO - Filling up the DagBag from /Users/jingwenxu/anaconda3/lib/python3.11/site-packages/airflow/example_dags/example_task_group.py
[2025-03-24T16:46:38.113-0700] {processor.py:925} INFO - DAG(s) 'example_task_group' retrieved from /Users/jingwenxu/anaconda3/lib/python3.11/site-packages/airflow/example_dags/example_task_group.py
[2025-03-24T16:46:38.162-0700] {logging_mixin.py:190} INFO - [2025-03-24T16:46:38.162-0700] {dag.py:3239} INFO - Sync 1 DAGs
[2025-03-24T16:46:38.167-0700] {logging_mixin.py:190} INFO - [2025-03-24T16:46:38.167-0700] {dag.py:4180} INFO - Setting next_dagrun for example_task_group to None, run_after=None
[2025-03-24T16:46:38.176-0700] {processor.py:208} INFO - Processing /Users/jingwenxu/anaconda3/lib/python3.11/site-packages/airflow/example_dags/example_task_group.py took 0.072 seconds
[2025-03-24T16:48:17.194-0700] {processor.py:186} INFO - Started process (PID=5759) to work on /Users/jingwenxu/anaconda3/lib/python3.11/site-packages/airflow/example_dags/example_task_group.py
[2025-03-24T16:48:17.194-0700] {processor.py:914} INFO - Processing file /Users/jingwenxu/anaconda3/lib/python3.11/site-packages/airflow/example_dags/example_task_group.py for tasks to queue
[2025-03-24T16:48:17.195-0700] {logging_mixin.py:190} INFO - [2025-03-24T16:48:17.195-0700] {dagbag.py:588} INFO - Filling up the DagBag from /Users/jingwenxu/anaconda3/lib/python3.11/site-packages/airflow/example_dags/example_task_group.py
[2025-03-24T16:48:17.201-0700] {processor.py:925} INFO - DAG(s) 'example_task_group' retrieved from /Users/jingwenxu/anaconda3/lib/python3.11/site-packages/airflow/example_dags/example_task_group.py
[2025-03-24T16:48:17.245-0700] {logging_mixin.py:190} INFO - [2025-03-24T16:48:17.244-0700] {dag.py:3239} INFO - Sync 1 DAGs
[2025-03-24T16:48:17.250-0700] {logging_mixin.py:190} INFO - [2025-03-24T16:48:17.249-0700] {dag.py:4180} INFO - Setting next_dagrun for example_task_group to None, run_after=None
[2025-03-24T16:48:17.259-0700] {processor.py:208} INFO - Processing /Users/jingwenxu/anaconda3/lib/python3.11/site-packages/airflow/example_dags/example_task_group.py took 0.067 seconds
[2025-03-24T16:49:56.182-0700] {processor.py:186} INFO - Started process (PID=6133) to work on /Users/jingwenxu/anaconda3/lib/python3.11/site-packages/airflow/example_dags/example_task_group.py
[2025-03-24T16:49:56.183-0700] {processor.py:914} INFO - Processing file /Users/jingwenxu/anaconda3/lib/python3.11/site-packages/airflow/example_dags/example_task_group.py for tasks to queue
[2025-03-24T16:49:56.183-0700] {logging_mixin.py:190} INFO - [2025-03-24T16:49:56.183-0700] {dagbag.py:588} INFO - Filling up the DagBag from /Users/jingwenxu/anaconda3/lib/python3.11/site-packages/airflow/example_dags/example_task_group.py
[2025-03-24T16:49:56.189-0700] {processor.py:925} INFO - DAG(s) 'example_task_group' retrieved from /Users/jingwenxu/anaconda3/lib/python3.11/site-packages/airflow/example_dags/example_task_group.py
[2025-03-24T16:49:56.233-0700] {logging_mixin.py:190} INFO - [2025-03-24T16:49:56.233-0700] {dag.py:3239} INFO - Sync 1 DAGs
[2025-03-24T16:49:56.240-0700] {logging_mixin.py:190} INFO - [2025-03-24T16:49:56.240-0700] {dag.py:4180} INFO - Setting next_dagrun for example_task_group to None, run_after=None
[2025-03-24T16:49:56.250-0700] {processor.py:208} INFO - Processing /Users/jingwenxu/anaconda3/lib/python3.11/site-packages/airflow/example_dags/example_task_group.py took 0.070 seconds
[2025-03-24T16:51:36.623-0700] {processor.py:186} INFO - Started process (PID=6466) to work on /Users/jingwenxu/anaconda3/lib/python3.11/site-packages/airflow/example_dags/example_task_group.py
[2025-03-24T16:51:36.624-0700] {processor.py:914} INFO - Processing file /Users/jingwenxu/anaconda3/lib/python3.11/site-packages/airflow/example_dags/example_task_group.py for tasks to queue
[2025-03-24T16:51:36.625-0700] {logging_mixin.py:190} INFO - [2025-03-24T16:51:36.625-0700] {dagbag.py:588} INFO - Filling up the DagBag from /Users/jingwenxu/anaconda3/lib/python3.11/site-packages/airflow/example_dags/example_task_group.py
[2025-03-24T16:51:36.631-0700] {processor.py:925} INFO - DAG(s) 'example_task_group' retrieved from /Users/jingwenxu/anaconda3/lib/python3.11/site-packages/airflow/example_dags/example_task_group.py
[2025-03-24T16:51:36.679-0700] {logging_mixin.py:190} INFO - [2025-03-24T16:51:36.679-0700] {dag.py:3239} INFO - Sync 1 DAGs
[2025-03-24T16:51:36.685-0700] {logging_mixin.py:190} INFO - [2025-03-24T16:51:36.685-0700] {dag.py:4180} INFO - Setting next_dagrun for example_task_group to None, run_after=None
[2025-03-24T16:51:36.695-0700] {processor.py:208} INFO - Processing /Users/jingwenxu/anaconda3/lib/python3.11/site-packages/airflow/example_dags/example_task_group.py took 0.074 seconds
[2025-03-24T16:53:14.499-0700] {processor.py:186} INFO - Started process (PID=6788) to work on /Users/jingwenxu/anaconda3/lib/python3.11/site-packages/airflow/example_dags/example_task_group.py
[2025-03-24T16:53:14.500-0700] {processor.py:914} INFO - Processing file /Users/jingwenxu/anaconda3/lib/python3.11/site-packages/airflow/example_dags/example_task_group.py for tasks to queue
[2025-03-24T16:53:14.501-0700] {logging_mixin.py:190} INFO - [2025-03-24T16:53:14.501-0700] {dagbag.py:588} INFO - Filling up the DagBag from /Users/jingwenxu/anaconda3/lib/python3.11/site-packages/airflow/example_dags/example_task_group.py
[2025-03-24T16:53:14.507-0700] {processor.py:925} INFO - DAG(s) 'example_task_group' retrieved from /Users/jingwenxu/anaconda3/lib/python3.11/site-packages/airflow/example_dags/example_task_group.py
[2025-03-24T16:53:14.555-0700] {logging_mixin.py:190} INFO - [2025-03-24T16:53:14.555-0700] {dag.py:3239} INFO - Sync 1 DAGs
[2025-03-24T16:53:14.561-0700] {logging_mixin.py:190} INFO - [2025-03-24T16:53:14.561-0700] {dag.py:4180} INFO - Setting next_dagrun for example_task_group to None, run_after=None
[2025-03-24T16:53:14.570-0700] {processor.py:208} INFO - Processing /Users/jingwenxu/anaconda3/lib/python3.11/site-packages/airflow/example_dags/example_task_group.py took 0.073 seconds
