[2025-03-24T16:35:01.881-0700] {processor.py:186} INFO - Started process (PID=2950) to work on /Users/jingwenxu/anaconda3/lib/python3.11/site-packages/airflow/example_dags/example_params_ui_tutorial.py
[2025-03-24T16:35:01.881-0700] {processor.py:914} INFO - Processing file /Users/jingwenxu/anaconda3/lib/python3.11/site-packages/airflow/example_dags/example_params_ui_tutorial.py for tasks to queue
[2025-03-24T16:35:01.882-0700] {logging_mixin.py:190} INFO - [2025-03-24T16:35:01.882-0700] {dagbag.py:588} INFO - Filling up the DagBag from /Users/jingwenxu/anaconda3/lib/python3.11/site-packages/airflow/example_dags/example_params_ui_tutorial.py
[2025-03-24T16:35:01.902-0700] {processor.py:925} INFO - DAG(s) 'example_params_ui_tutorial' retrieved from /Users/jingwenxu/anaconda3/lib/python3.11/site-packages/airflow/example_dags/example_params_ui_tutorial.py
[2025-03-24T16:35:01.996-0700] {logging_mixin.py:190} INFO - [2025-03-24T16:35:01.995-0700] {override.py:1930} INFO - Created Permission View: can read on DAG:example_params_ui_tutorial
[2025-03-24T16:35:02.000-0700] {logging_mixin.py:190} INFO - [2025-03-24T16:35:02.000-0700] {override.py:1930} INFO - Created Permission View: can edit on DAG:example_params_ui_tutorial
[2025-03-24T16:35:02.003-0700] {logging_mixin.py:190} INFO - [2025-03-24T16:35:02.003-0700] {override.py:1930} INFO - Created Permission View: can delete on DAG:example_params_ui_tutorial
[2025-03-24T16:35:02.007-0700] {logging_mixin.py:190} INFO - [2025-03-24T16:35:02.007-0700] {override.py:1930} INFO - Created Permission View: can read on DAG Run:example_params_ui_tutorial
[2025-03-24T16:35:02.010-0700] {logging_mixin.py:190} INFO - [2025-03-24T16:35:02.009-0700] {override.py:1930} INFO - Created Permission View: menu access on DAG Run:example_params_ui_tutorial
[2025-03-24T16:35:02.012-0700] {logging_mixin.py:190} INFO - [2025-03-24T16:35:02.012-0700] {override.py:1930} INFO - Created Permission View: can delete on DAG Run:example_params_ui_tutorial
[2025-03-24T16:35:02.014-0700] {logging_mixin.py:190} INFO - [2025-03-24T16:35:02.014-0700] {override.py:1930} INFO - Created Permission View: can create on DAG Run:example_params_ui_tutorial
[2025-03-24T16:35:02.014-0700] {logging_mixin.py:190} INFO - [2025-03-24T16:35:02.014-0700] {dag.py:3239} INFO - Sync 1 DAGs
[2025-03-24T16:35:02.020-0700] {logging_mixin.py:190} INFO - [2025-03-24T16:35:02.020-0700] {dag.py:3262} INFO - Creating ORM DAG for example_params_ui_tutorial
[2025-03-24T16:35:02.020-0700] {logging_mixin.py:190} INFO - [2025-03-24T16:35:02.020-0700] {dag.py:4180} INFO - Setting next_dagrun for example_params_ui_tutorial to None, run_after=None
[2025-03-24T16:35:02.027-0700] {processor.py:208} INFO - Processing /Users/jingwenxu/anaconda3/lib/python3.11/site-packages/airflow/example_dags/example_params_ui_tutorial.py took 0.148 seconds
[2025-03-24T16:37:14.076-0700] {processor.py:186} INFO - Started process (PID=3425) to work on /Users/jingwenxu/anaconda3/lib/python3.11/site-packages/airflow/example_dags/example_params_ui_tutorial.py
[2025-03-24T16:37:14.078-0700] {processor.py:914} INFO - Processing file /Users/jingwenxu/anaconda3/lib/python3.11/site-packages/airflow/example_dags/example_params_ui_tutorial.py for tasks to queue
[2025-03-24T16:37:14.079-0700] {logging_mixin.py:190} INFO - [2025-03-24T16:37:14.079-0700] {dagbag.py:588} INFO - Filling up the DagBag from /Users/jingwenxu/anaconda3/lib/python3.11/site-packages/airflow/example_dags/example_params_ui_tutorial.py
[2025-03-24T16:37:14.098-0700] {processor.py:925} INFO - DAG(s) 'example_params_ui_tutorial' retrieved from /Users/jingwenxu/anaconda3/lib/python3.11/site-packages/airflow/example_dags/example_params_ui_tutorial.py
[2025-03-24T16:37:14.150-0700] {logging_mixin.py:190} INFO - [2025-03-24T16:37:14.150-0700] {dag.py:3239} INFO - Sync 1 DAGs
[2025-03-24T16:37:14.155-0700] {logging_mixin.py:190} INFO - [2025-03-24T16:37:14.154-0700] {dag.py:4180} INFO - Setting next_dagrun for example_params_ui_tutorial to None, run_after=None
[2025-03-24T16:37:14.165-0700] {processor.py:208} INFO - Processing /Users/jingwenxu/anaconda3/lib/python3.11/site-packages/airflow/example_dags/example_params_ui_tutorial.py took 0.090 seconds
[2025-03-24T16:40:27.821-0700] {processor.py:186} INFO - Started process (PID=4164) to work on /Users/jingwenxu/anaconda3/lib/python3.11/site-packages/airflow/example_dags/example_params_ui_tutorial.py
[2025-03-24T16:40:27.822-0700] {processor.py:914} INFO - Processing file /Users/jingwenxu/anaconda3/lib/python3.11/site-packages/airflow/example_dags/example_params_ui_tutorial.py for tasks to queue
[2025-03-24T16:40:27.823-0700] {logging_mixin.py:190} INFO - [2025-03-24T16:40:27.823-0700] {dagbag.py:588} INFO - Filling up the DagBag from /Users/jingwenxu/anaconda3/lib/python3.11/site-packages/airflow/example_dags/example_params_ui_tutorial.py
[2025-03-24T16:40:27.843-0700] {processor.py:925} INFO - DAG(s) 'example_params_ui_tutorial' retrieved from /Users/jingwenxu/anaconda3/lib/python3.11/site-packages/airflow/example_dags/example_params_ui_tutorial.py
[2025-03-24T16:40:27.895-0700] {logging_mixin.py:190} INFO - [2025-03-24T16:40:27.895-0700] {dag.py:3239} INFO - Sync 1 DAGs
[2025-03-24T16:40:27.900-0700] {logging_mixin.py:190} INFO - [2025-03-24T16:40:27.900-0700] {dag.py:4180} INFO - Setting next_dagrun for example_params_ui_tutorial to None, run_after=None
[2025-03-24T16:40:27.909-0700] {processor.py:208} INFO - Processing /Users/jingwenxu/anaconda3/lib/python3.11/site-packages/airflow/example_dags/example_params_ui_tutorial.py took 0.090 seconds
[2025-03-24T16:43:46.406-0700] {processor.py:186} INFO - Started process (PID=4844) to work on /Users/jingwenxu/anaconda3/lib/python3.11/site-packages/airflow/example_dags/example_params_ui_tutorial.py
[2025-03-24T16:43:46.406-0700] {processor.py:914} INFO - Processing file /Users/jingwenxu/anaconda3/lib/python3.11/site-packages/airflow/example_dags/example_params_ui_tutorial.py for tasks to queue
[2025-03-24T16:43:46.407-0700] {logging_mixin.py:190} INFO - [2025-03-24T16:43:46.407-0700] {dagbag.py:588} INFO - Filling up the DagBag from /Users/jingwenxu/anaconda3/lib/python3.11/site-packages/airflow/example_dags/example_params_ui_tutorial.py
[2025-03-24T16:43:46.426-0700] {processor.py:925} INFO - DAG(s) 'example_params_ui_tutorial' retrieved from /Users/jingwenxu/anaconda3/lib/python3.11/site-packages/airflow/example_dags/example_params_ui_tutorial.py
[2025-03-24T16:43:46.477-0700] {logging_mixin.py:190} INFO - [2025-03-24T16:43:46.477-0700] {dag.py:3239} INFO - Sync 1 DAGs
[2025-03-24T16:43:46.482-0700] {logging_mixin.py:190} INFO - [2025-03-24T16:43:46.482-0700] {dag.py:4180} INFO - Setting next_dagrun for example_params_ui_tutorial to None, run_after=None
[2025-03-24T16:43:46.491-0700] {processor.py:208} INFO - Processing /Users/jingwenxu/anaconda3/lib/python3.11/site-packages/airflow/example_dags/example_params_ui_tutorial.py took 0.088 seconds
[2025-03-24T16:47:04.950-0700] {processor.py:186} INFO - Started process (PID=5520) to work on /Users/jingwenxu/anaconda3/lib/python3.11/site-packages/airflow/example_dags/example_params_ui_tutorial.py
[2025-03-24T16:47:04.951-0700] {processor.py:914} INFO - Processing file /Users/jingwenxu/anaconda3/lib/python3.11/site-packages/airflow/example_dags/example_params_ui_tutorial.py for tasks to queue
[2025-03-24T16:47:04.954-0700] {logging_mixin.py:190} INFO - [2025-03-24T16:47:04.954-0700] {dagbag.py:588} INFO - Filling up the DagBag from /Users/jingwenxu/anaconda3/lib/python3.11/site-packages/airflow/example_dags/example_params_ui_tutorial.py
[2025-03-24T16:47:04.979-0700] {processor.py:925} INFO - DAG(s) 'example_params_ui_tutorial' retrieved from /Users/jingwenxu/anaconda3/lib/python3.11/site-packages/airflow/example_dags/example_params_ui_tutorial.py
[2025-03-24T16:47:05.030-0700] {logging_mixin.py:190} INFO - [2025-03-24T16:47:05.030-0700] {dag.py:3239} INFO - Sync 1 DAGs
[2025-03-24T16:47:05.034-0700] {logging_mixin.py:190} INFO - [2025-03-24T16:47:05.034-0700] {dag.py:4180} INFO - Setting next_dagrun for example_params_ui_tutorial to None, run_after=None
[2025-03-24T16:47:05.043-0700] {processor.py:208} INFO - Processing /Users/jingwenxu/anaconda3/lib/python3.11/site-packages/airflow/example_dags/example_params_ui_tutorial.py took 0.109 seconds
[2025-03-24T16:50:25.433-0700] {processor.py:186} INFO - Started process (PID=6233) to work on /Users/jingwenxu/anaconda3/lib/python3.11/site-packages/airflow/example_dags/example_params_ui_tutorial.py
[2025-03-24T16:50:25.435-0700] {processor.py:914} INFO - Processing file /Users/jingwenxu/anaconda3/lib/python3.11/site-packages/airflow/example_dags/example_params_ui_tutorial.py for tasks to queue
[2025-03-24T16:50:25.435-0700] {logging_mixin.py:190} INFO - [2025-03-24T16:50:25.435-0700] {dagbag.py:588} INFO - Filling up the DagBag from /Users/jingwenxu/anaconda3/lib/python3.11/site-packages/airflow/example_dags/example_params_ui_tutorial.py
[2025-03-24T16:50:25.456-0700] {processor.py:925} INFO - DAG(s) 'example_params_ui_tutorial' retrieved from /Users/jingwenxu/anaconda3/lib/python3.11/site-packages/airflow/example_dags/example_params_ui_tutorial.py
[2025-03-24T16:50:25.508-0700] {logging_mixin.py:190} INFO - [2025-03-24T16:50:25.508-0700] {dag.py:3239} INFO - Sync 1 DAGs
[2025-03-24T16:50:25.512-0700] {logging_mixin.py:190} INFO - [2025-03-24T16:50:25.512-0700] {dag.py:4180} INFO - Setting next_dagrun for example_params_ui_tutorial to None, run_after=None
[2025-03-24T16:50:25.523-0700] {processor.py:208} INFO - Processing /Users/jingwenxu/anaconda3/lib/python3.11/site-packages/airflow/example_dags/example_params_ui_tutorial.py took 0.092 seconds
