[2025-03-24T16:35:39.222-0700] {processor.py:186} INFO - Started process (PID=3078) to work on /Users/jingwenxu/anaconda3/lib/python3.11/site-packages/airflow/example_dags/example_dataset_alias.py
[2025-03-24T16:35:39.222-0700] {processor.py:914} INFO - Processing file /Users/jingwenxu/anaconda3/lib/python3.11/site-packages/airflow/example_dags/example_dataset_alias.py for tasks to queue
[2025-03-24T16:35:39.223-0700] {logging_mixin.py:190} INFO - [2025-03-24T16:35:39.223-0700] {dagbag.py:588} INFO - Filling up the DagBag from /Users/jingwenxu/anaconda3/lib/python3.11/site-packages/airflow/example_dags/example_dataset_alias.py
[2025-03-24T16:35:39.301-0700] {processor.py:925} INFO - DAG(s) 'dataset_alias_example_alias_producer', 'dataset_s3_bucket_producer', 'dataset_alias_example_alias_consumer', 'dataset_s3_bucket_consumer' retrieved from /Users/jingwenxu/anaconda3/lib/python3.11/site-packages/airflow/example_dags/example_dataset_alias.py
[2025-03-24T16:35:39.348-0700] {logging_mixin.py:190} INFO - [2025-03-24T16:35:39.348-0700] {override.py:1930} INFO - Created Permission View: can read on DAG:dataset_alias_example_alias_producer
[2025-03-24T16:35:39.352-0700] {logging_mixin.py:190} INFO - [2025-03-24T16:35:39.352-0700] {override.py:1930} INFO - Created Permission View: can delete on DAG:dataset_alias_example_alias_producer
[2025-03-24T16:35:39.355-0700] {logging_mixin.py:190} INFO - [2025-03-24T16:35:39.354-0700] {override.py:1930} INFO - Created Permission View: can edit on DAG:dataset_alias_example_alias_producer
[2025-03-24T16:35:39.358-0700] {logging_mixin.py:190} INFO - [2025-03-24T16:35:39.358-0700] {override.py:1930} INFO - Created Permission View: can read on DAG Run:dataset_alias_example_alias_producer
[2025-03-24T16:35:39.360-0700] {logging_mixin.py:190} INFO - [2025-03-24T16:35:39.360-0700] {override.py:1930} INFO - Created Permission View: menu access on DAG Run:dataset_alias_example_alias_producer
[2025-03-24T16:35:39.362-0700] {logging_mixin.py:190} INFO - [2025-03-24T16:35:39.362-0700] {override.py:1930} INFO - Created Permission View: can delete on DAG Run:dataset_alias_example_alias_producer
[2025-03-24T16:35:39.365-0700] {logging_mixin.py:190} INFO - [2025-03-24T16:35:39.364-0700] {override.py:1930} INFO - Created Permission View: can create on DAG Run:dataset_alias_example_alias_producer
[2025-03-24T16:35:39.369-0700] {logging_mixin.py:190} INFO - [2025-03-24T16:35:39.369-0700] {override.py:1930} INFO - Created Permission View: can read on DAG:dataset_s3_bucket_producer
[2025-03-24T16:35:39.372-0700] {logging_mixin.py:190} INFO - [2025-03-24T16:35:39.372-0700] {override.py:1930} INFO - Created Permission View: can delete on DAG:dataset_s3_bucket_producer
[2025-03-24T16:35:39.374-0700] {logging_mixin.py:190} INFO - [2025-03-24T16:35:39.374-0700] {override.py:1930} INFO - Created Permission View: can edit on DAG:dataset_s3_bucket_producer
[2025-03-24T16:35:39.377-0700] {logging_mixin.py:190} INFO - [2025-03-24T16:35:39.377-0700] {override.py:1930} INFO - Created Permission View: can read on DAG Run:dataset_s3_bucket_producer
[2025-03-24T16:35:39.379-0700] {logging_mixin.py:190} INFO - [2025-03-24T16:35:39.379-0700] {override.py:1930} INFO - Created Permission View: menu access on DAG Run:dataset_s3_bucket_producer
[2025-03-24T16:35:39.381-0700] {logging_mixin.py:190} INFO - [2025-03-24T16:35:39.381-0700] {override.py:1930} INFO - Created Permission View: can delete on DAG Run:dataset_s3_bucket_producer
[2025-03-24T16:35:39.383-0700] {logging_mixin.py:190} INFO - [2025-03-24T16:35:39.383-0700] {override.py:1930} INFO - Created Permission View: can create on DAG Run:dataset_s3_bucket_producer
[2025-03-24T16:35:39.388-0700] {logging_mixin.py:190} INFO - [2025-03-24T16:35:39.388-0700] {override.py:1930} INFO - Created Permission View: can read on DAG:dataset_alias_example_alias_consumer
[2025-03-24T16:35:39.390-0700] {logging_mixin.py:190} INFO - [2025-03-24T16:35:39.390-0700] {override.py:1930} INFO - Created Permission View: can delete on DAG:dataset_alias_example_alias_consumer
[2025-03-24T16:35:39.392-0700] {logging_mixin.py:190} INFO - [2025-03-24T16:35:39.392-0700] {override.py:1930} INFO - Created Permission View: can edit on DAG:dataset_alias_example_alias_consumer
[2025-03-24T16:35:39.395-0700] {logging_mixin.py:190} INFO - [2025-03-24T16:35:39.395-0700] {override.py:1930} INFO - Created Permission View: can read on DAG Run:dataset_alias_example_alias_consumer
[2025-03-24T16:35:39.397-0700] {logging_mixin.py:190} INFO - [2025-03-24T16:35:39.397-0700] {override.py:1930} INFO - Created Permission View: menu access on DAG Run:dataset_alias_example_alias_consumer
[2025-03-24T16:35:39.399-0700] {logging_mixin.py:190} INFO - [2025-03-24T16:35:39.399-0700] {override.py:1930} INFO - Created Permission View: can delete on DAG Run:dataset_alias_example_alias_consumer
[2025-03-24T16:35:39.401-0700] {logging_mixin.py:190} INFO - [2025-03-24T16:35:39.401-0700] {override.py:1930} INFO - Created Permission View: can create on DAG Run:dataset_alias_example_alias_consumer
[2025-03-24T16:35:39.406-0700] {logging_mixin.py:190} INFO - [2025-03-24T16:35:39.406-0700] {override.py:1930} INFO - Created Permission View: can read on DAG:dataset_s3_bucket_consumer
[2025-03-24T16:35:39.408-0700] {logging_mixin.py:190} INFO - [2025-03-24T16:35:39.408-0700] {override.py:1930} INFO - Created Permission View: can delete on DAG:dataset_s3_bucket_consumer
[2025-03-24T16:35:39.410-0700] {logging_mixin.py:190} INFO - [2025-03-24T16:35:39.410-0700] {override.py:1930} INFO - Created Permission View: can edit on DAG:dataset_s3_bucket_consumer
[2025-03-24T16:35:39.416-0700] {logging_mixin.py:190} INFO - [2025-03-24T16:35:39.416-0700] {override.py:1930} INFO - Created Permission View: can read on DAG Run:dataset_s3_bucket_consumer
[2025-03-24T16:35:39.420-0700] {logging_mixin.py:190} INFO - [2025-03-24T16:35:39.420-0700] {override.py:1930} INFO - Created Permission View: menu access on DAG Run:dataset_s3_bucket_consumer
[2025-03-24T16:35:39.422-0700] {logging_mixin.py:190} INFO - [2025-03-24T16:35:39.422-0700] {override.py:1930} INFO - Created Permission View: can delete on DAG Run:dataset_s3_bucket_consumer
[2025-03-24T16:35:39.424-0700] {logging_mixin.py:190} INFO - [2025-03-24T16:35:39.424-0700] {override.py:1930} INFO - Created Permission View: can create on DAG Run:dataset_s3_bucket_consumer
[2025-03-24T16:35:39.424-0700] {logging_mixin.py:190} INFO - [2025-03-24T16:35:39.424-0700] {dag.py:3239} INFO - Sync 4 DAGs
[2025-03-24T16:35:39.430-0700] {logging_mixin.py:190} INFO - [2025-03-24T16:35:39.429-0700] {dag.py:3262} INFO - Creating ORM DAG for dataset_s3_bucket_producer
[2025-03-24T16:35:39.430-0700] {logging_mixin.py:190} INFO - [2025-03-24T16:35:39.430-0700] {dag.py:3262} INFO - Creating ORM DAG for dataset_alias_example_alias_producer
[2025-03-24T16:35:39.430-0700] {logging_mixin.py:190} INFO - [2025-03-24T16:35:39.430-0700] {dag.py:3262} INFO - Creating ORM DAG for dataset_alias_example_alias_consumer
[2025-03-24T16:35:39.430-0700] {logging_mixin.py:190} INFO - [2025-03-24T16:35:39.430-0700] {dag.py:3262} INFO - Creating ORM DAG for dataset_s3_bucket_consumer
[2025-03-24T16:35:39.434-0700] {logging_mixin.py:190} INFO - [2025-03-24T16:35:39.434-0700] {dag.py:4180} INFO - Setting next_dagrun for dataset_alias_example_alias_consumer to None, run_after=None
[2025-03-24T16:35:39.435-0700] {logging_mixin.py:190} INFO - [2025-03-24T16:35:39.435-0700] {dag.py:4180} INFO - Setting next_dagrun for dataset_alias_example_alias_producer to None, run_after=None
[2025-03-24T16:35:39.435-0700] {logging_mixin.py:190} INFO - [2025-03-24T16:35:39.435-0700] {dag.py:4180} INFO - Setting next_dagrun for dataset_s3_bucket_consumer to None, run_after=None
[2025-03-24T16:35:39.435-0700] {logging_mixin.py:190} INFO - [2025-03-24T16:35:39.435-0700] {dag.py:4180} INFO - Setting next_dagrun for dataset_s3_bucket_producer to None, run_after=None
[2025-03-24T16:35:39.652-0700] {logging_mixin.py:190} INFO - [2025-03-24T16:35:39.651-0700] {utils.py:161} INFO - NumExpr defaulting to 10 threads.
[2025-03-24T16:35:39.772-0700] {processor.py:208} INFO - Processing /Users/jingwenxu/anaconda3/lib/python3.11/site-packages/airflow/example_dags/example_dataset_alias.py took 0.552 seconds
[2025-03-24T16:38:55.923-0700] {processor.py:186} INFO - Started process (PID=3787) to work on /Users/jingwenxu/anaconda3/lib/python3.11/site-packages/airflow/example_dags/example_dataset_alias.py
[2025-03-24T16:38:55.924-0700] {processor.py:914} INFO - Processing file /Users/jingwenxu/anaconda3/lib/python3.11/site-packages/airflow/example_dags/example_dataset_alias.py for tasks to queue
[2025-03-24T16:38:55.925-0700] {logging_mixin.py:190} INFO - [2025-03-24T16:38:55.925-0700] {dagbag.py:588} INFO - Filling up the DagBag from /Users/jingwenxu/anaconda3/lib/python3.11/site-packages/airflow/example_dags/example_dataset_alias.py
[2025-03-24T16:38:56.004-0700] {processor.py:925} INFO - DAG(s) 'dataset_alias_example_alias_consumer', 'dataset_alias_example_alias_producer', 'dataset_s3_bucket_consumer', 'dataset_s3_bucket_producer' retrieved from /Users/jingwenxu/anaconda3/lib/python3.11/site-packages/airflow/example_dags/example_dataset_alias.py
[2025-03-24T16:38:56.014-0700] {logging_mixin.py:190} INFO - [2025-03-24T16:38:56.014-0700] {dag.py:3239} INFO - Sync 4 DAGs
[2025-03-24T16:38:56.022-0700] {logging_mixin.py:190} INFO - [2025-03-24T16:38:56.022-0700] {dag.py:4180} INFO - Setting next_dagrun for dataset_alias_example_alias_consumer to None, run_after=None
[2025-03-24T16:38:56.023-0700] {logging_mixin.py:190} INFO - [2025-03-24T16:38:56.023-0700] {dag.py:4180} INFO - Setting next_dagrun for dataset_alias_example_alias_producer to None, run_after=None
[2025-03-24T16:38:56.024-0700] {logging_mixin.py:190} INFO - [2025-03-24T16:38:56.024-0700] {dag.py:4180} INFO - Setting next_dagrun for dataset_s3_bucket_consumer to None, run_after=None
[2025-03-24T16:38:56.024-0700] {logging_mixin.py:190} INFO - [2025-03-24T16:38:56.024-0700] {dag.py:4180} INFO - Setting next_dagrun for dataset_s3_bucket_producer to None, run_after=None
[2025-03-24T16:38:56.033-0700] {processor.py:208} INFO - Processing /Users/jingwenxu/anaconda3/lib/python3.11/site-packages/airflow/example_dags/example_dataset_alias.py took 0.112 seconds
[2025-03-24T16:42:10.405-0700] {processor.py:186} INFO - Started process (PID=4506) to work on /Users/jingwenxu/anaconda3/lib/python3.11/site-packages/airflow/example_dags/example_dataset_alias.py
[2025-03-24T16:42:10.406-0700] {processor.py:914} INFO - Processing file /Users/jingwenxu/anaconda3/lib/python3.11/site-packages/airflow/example_dags/example_dataset_alias.py for tasks to queue
[2025-03-24T16:42:10.407-0700] {logging_mixin.py:190} INFO - [2025-03-24T16:42:10.406-0700] {dagbag.py:588} INFO - Filling up the DagBag from /Users/jingwenxu/anaconda3/lib/python3.11/site-packages/airflow/example_dags/example_dataset_alias.py
[2025-03-24T16:42:10.491-0700] {processor.py:925} INFO - DAG(s) 'dataset_s3_bucket_consumer', 'dataset_s3_bucket_producer', 'dataset_alias_example_alias_consumer', 'dataset_alias_example_alias_producer' retrieved from /Users/jingwenxu/anaconda3/lib/python3.11/site-packages/airflow/example_dags/example_dataset_alias.py
[2025-03-24T16:42:10.503-0700] {logging_mixin.py:190} INFO - [2025-03-24T16:42:10.502-0700] {dag.py:3239} INFO - Sync 4 DAGs
[2025-03-24T16:42:10.511-0700] {logging_mixin.py:190} INFO - [2025-03-24T16:42:10.511-0700] {dag.py:4180} INFO - Setting next_dagrun for dataset_alias_example_alias_consumer to None, run_after=None
[2025-03-24T16:42:10.512-0700] {logging_mixin.py:190} INFO - [2025-03-24T16:42:10.512-0700] {dag.py:4180} INFO - Setting next_dagrun for dataset_alias_example_alias_producer to None, run_after=None
[2025-03-24T16:42:10.512-0700] {logging_mixin.py:190} INFO - [2025-03-24T16:42:10.512-0700] {dag.py:4180} INFO - Setting next_dagrun for dataset_s3_bucket_consumer to None, run_after=None
[2025-03-24T16:42:10.513-0700] {logging_mixin.py:190} INFO - [2025-03-24T16:42:10.513-0700] {dag.py:4180} INFO - Setting next_dagrun for dataset_s3_bucket_producer to None, run_after=None
[2025-03-24T16:42:10.522-0700] {processor.py:208} INFO - Processing /Users/jingwenxu/anaconda3/lib/python3.11/site-packages/airflow/example_dags/example_dataset_alias.py took 0.119 seconds
[2025-03-24T16:45:31.923-0700] {processor.py:186} INFO - Started process (PID=5190) to work on /Users/jingwenxu/anaconda3/lib/python3.11/site-packages/airflow/example_dags/example_dataset_alias.py
[2025-03-24T16:45:31.924-0700] {processor.py:914} INFO - Processing file /Users/jingwenxu/anaconda3/lib/python3.11/site-packages/airflow/example_dags/example_dataset_alias.py for tasks to queue
[2025-03-24T16:45:31.925-0700] {logging_mixin.py:190} INFO - [2025-03-24T16:45:31.925-0700] {dagbag.py:588} INFO - Filling up the DagBag from /Users/jingwenxu/anaconda3/lib/python3.11/site-packages/airflow/example_dags/example_dataset_alias.py
[2025-03-24T16:45:32.006-0700] {processor.py:925} INFO - DAG(s) 'dataset_s3_bucket_producer', 'dataset_alias_example_alias_consumer', 'dataset_s3_bucket_consumer', 'dataset_alias_example_alias_producer' retrieved from /Users/jingwenxu/anaconda3/lib/python3.11/site-packages/airflow/example_dags/example_dataset_alias.py
[2025-03-24T16:45:32.020-0700] {logging_mixin.py:190} INFO - [2025-03-24T16:45:32.020-0700] {dag.py:3239} INFO - Sync 4 DAGs
[2025-03-24T16:45:32.028-0700] {logging_mixin.py:190} INFO - [2025-03-24T16:45:32.028-0700] {dag.py:4180} INFO - Setting next_dagrun for dataset_alias_example_alias_consumer to None, run_after=None
[2025-03-24T16:45:32.029-0700] {logging_mixin.py:190} INFO - [2025-03-24T16:45:32.029-0700] {dag.py:4180} INFO - Setting next_dagrun for dataset_alias_example_alias_producer to None, run_after=None
[2025-03-24T16:45:32.029-0700] {logging_mixin.py:190} INFO - [2025-03-24T16:45:32.029-0700] {dag.py:4180} INFO - Setting next_dagrun for dataset_s3_bucket_consumer to None, run_after=None
[2025-03-24T16:45:32.030-0700] {logging_mixin.py:190} INFO - [2025-03-24T16:45:32.030-0700] {dag.py:4180} INFO - Setting next_dagrun for dataset_s3_bucket_producer to None, run_after=None
[2025-03-24T16:45:32.039-0700] {processor.py:208} INFO - Processing /Users/jingwenxu/anaconda3/lib/python3.11/site-packages/airflow/example_dags/example_dataset_alias.py took 0.118 seconds
[2025-03-24T16:48:49.247-0700] {processor.py:186} INFO - Started process (PID=5884) to work on /Users/jingwenxu/anaconda3/lib/python3.11/site-packages/airflow/example_dags/example_dataset_alias.py
[2025-03-24T16:48:49.247-0700] {processor.py:914} INFO - Processing file /Users/jingwenxu/anaconda3/lib/python3.11/site-packages/airflow/example_dags/example_dataset_alias.py for tasks to queue
[2025-03-24T16:48:49.248-0700] {logging_mixin.py:190} INFO - [2025-03-24T16:48:49.248-0700] {dagbag.py:588} INFO - Filling up the DagBag from /Users/jingwenxu/anaconda3/lib/python3.11/site-packages/airflow/example_dags/example_dataset_alias.py
[2025-03-24T16:48:49.331-0700] {processor.py:925} INFO - DAG(s) 'dataset_s3_bucket_producer', 'dataset_s3_bucket_consumer', 'dataset_alias_example_alias_consumer', 'dataset_alias_example_alias_producer' retrieved from /Users/jingwenxu/anaconda3/lib/python3.11/site-packages/airflow/example_dags/example_dataset_alias.py
[2025-03-24T16:48:49.343-0700] {logging_mixin.py:190} INFO - [2025-03-24T16:48:49.343-0700] {dag.py:3239} INFO - Sync 4 DAGs
[2025-03-24T16:48:49.352-0700] {logging_mixin.py:190} INFO - [2025-03-24T16:48:49.352-0700] {dag.py:4180} INFO - Setting next_dagrun for dataset_alias_example_alias_consumer to None, run_after=None
[2025-03-24T16:48:49.353-0700] {logging_mixin.py:190} INFO - [2025-03-24T16:48:49.353-0700] {dag.py:4180} INFO - Setting next_dagrun for dataset_alias_example_alias_producer to None, run_after=None
[2025-03-24T16:48:49.354-0700] {logging_mixin.py:190} INFO - [2025-03-24T16:48:49.354-0700] {dag.py:4180} INFO - Setting next_dagrun for dataset_s3_bucket_consumer to None, run_after=None
[2025-03-24T16:48:49.354-0700] {logging_mixin.py:190} INFO - [2025-03-24T16:48:49.354-0700] {dag.py:4180} INFO - Setting next_dagrun for dataset_s3_bucket_producer to None, run_after=None
[2025-03-24T16:48:49.364-0700] {processor.py:208} INFO - Processing /Users/jingwenxu/anaconda3/lib/python3.11/site-packages/airflow/example_dags/example_dataset_alias.py took 0.120 seconds
[2025-03-24T16:52:10.563-0700] {processor.py:186} INFO - Started process (PID=6574) to work on /Users/jingwenxu/anaconda3/lib/python3.11/site-packages/airflow/example_dags/example_dataset_alias.py
[2025-03-24T16:52:10.565-0700] {processor.py:914} INFO - Processing file /Users/jingwenxu/anaconda3/lib/python3.11/site-packages/airflow/example_dags/example_dataset_alias.py for tasks to queue
[2025-03-24T16:52:10.565-0700] {logging_mixin.py:190} INFO - [2025-03-24T16:52:10.565-0700] {dagbag.py:588} INFO - Filling up the DagBag from /Users/jingwenxu/anaconda3/lib/python3.11/site-packages/airflow/example_dags/example_dataset_alias.py
[2025-03-24T16:52:10.645-0700] {processor.py:925} INFO - DAG(s) 'dataset_alias_example_alias_consumer', 'dataset_alias_example_alias_producer', 'dataset_s3_bucket_producer', 'dataset_s3_bucket_consumer' retrieved from /Users/jingwenxu/anaconda3/lib/python3.11/site-packages/airflow/example_dags/example_dataset_alias.py
[2025-03-24T16:52:10.655-0700] {logging_mixin.py:190} INFO - [2025-03-24T16:52:10.655-0700] {dag.py:3239} INFO - Sync 4 DAGs
[2025-03-24T16:52:10.664-0700] {logging_mixin.py:190} INFO - [2025-03-24T16:52:10.663-0700] {dag.py:4180} INFO - Setting next_dagrun for dataset_alias_example_alias_consumer to None, run_after=None
[2025-03-24T16:52:10.664-0700] {logging_mixin.py:190} INFO - [2025-03-24T16:52:10.664-0700] {dag.py:4180} INFO - Setting next_dagrun for dataset_alias_example_alias_producer to None, run_after=None
[2025-03-24T16:52:10.665-0700] {logging_mixin.py:190} INFO - [2025-03-24T16:52:10.665-0700] {dag.py:4180} INFO - Setting next_dagrun for dataset_s3_bucket_consumer to None, run_after=None
[2025-03-24T16:52:10.665-0700] {logging_mixin.py:190} INFO - [2025-03-24T16:52:10.665-0700] {dag.py:4180} INFO - Setting next_dagrun for dataset_s3_bucket_producer to None, run_after=None
[2025-03-24T16:52:10.674-0700] {processor.py:208} INFO - Processing /Users/jingwenxu/anaconda3/lib/python3.11/site-packages/airflow/example_dags/example_dataset_alias.py took 0.113 seconds
