[2025-03-24T16:35:04.126-0700] {processor.py:186} INFO - Started process (PID=2957) to work on /Users/jingwenxu/anaconda3/lib/python3.11/site-packages/airflow/example_dags/example_params_trigger_ui.py
[2025-03-24T16:35:04.127-0700] {processor.py:914} INFO - Processing file /Users/jingwenxu/anaconda3/lib/python3.11/site-packages/airflow/example_dags/example_params_trigger_ui.py for tasks to queue
[2025-03-24T16:35:04.127-0700] {logging_mixin.py:190} INFO - [2025-03-24T16:35:04.127-0700] {dagbag.py:588} INFO - Filling up the DagBag from /Users/jingwenxu/anaconda3/lib/python3.11/site-packages/airflow/example_dags/example_params_trigger_ui.py
[2025-03-24T16:35:04.147-0700] {processor.py:925} INFO - DAG(s) 'example_params_trigger_ui' retrieved from /Users/jingwenxu/anaconda3/lib/python3.11/site-packages/airflow/example_dags/example_params_trigger_ui.py
[2025-03-24T16:35:04.238-0700] {logging_mixin.py:190} INFO - [2025-03-24T16:35:04.237-0700] {override.py:1930} INFO - Created Permission View: can read on DAG:example_params_trigger_ui
[2025-03-24T16:35:04.242-0700] {logging_mixin.py:190} INFO - [2025-03-24T16:35:04.242-0700] {override.py:1930} INFO - Created Permission View: can delete on DAG:example_params_trigger_ui
[2025-03-24T16:35:04.244-0700] {logging_mixin.py:190} INFO - [2025-03-24T16:35:04.244-0700] {override.py:1930} INFO - Created Permission View: can edit on DAG:example_params_trigger_ui
[2025-03-24T16:35:04.247-0700] {logging_mixin.py:190} INFO - [2025-03-24T16:35:04.247-0700] {override.py:1930} INFO - Created Permission View: can read on DAG Run:example_params_trigger_ui
[2025-03-24T16:35:04.250-0700] {logging_mixin.py:190} INFO - [2025-03-24T16:35:04.250-0700] {override.py:1930} INFO - Created Permission View: can delete on DAG Run:example_params_trigger_ui
[2025-03-24T16:35:04.252-0700] {logging_mixin.py:190} INFO - [2025-03-24T16:35:04.252-0700] {override.py:1930} INFO - Created Permission View: menu access on DAG Run:example_params_trigger_ui
[2025-03-24T16:35:04.254-0700] {logging_mixin.py:190} INFO - [2025-03-24T16:35:04.254-0700] {override.py:1930} INFO - Created Permission View: can create on DAG Run:example_params_trigger_ui
[2025-03-24T16:35:04.254-0700] {logging_mixin.py:190} INFO - [2025-03-24T16:35:04.254-0700] {dag.py:3239} INFO - Sync 1 DAGs
[2025-03-24T16:35:04.259-0700] {logging_mixin.py:190} INFO - [2025-03-24T16:35:04.259-0700] {dag.py:3262} INFO - Creating ORM DAG for example_params_trigger_ui
[2025-03-24T16:35:04.259-0700] {logging_mixin.py:190} INFO - [2025-03-24T16:35:04.259-0700] {dag.py:4180} INFO - Setting next_dagrun for example_params_trigger_ui to None, run_after=None
[2025-03-24T16:35:04.266-0700] {processor.py:208} INFO - Processing /Users/jingwenxu/anaconda3/lib/python3.11/site-packages/airflow/example_dags/example_params_trigger_ui.py took 0.142 seconds
[2025-03-24T16:37:16.389-0700] {processor.py:186} INFO - Started process (PID=3432) to work on /Users/jingwenxu/anaconda3/lib/python3.11/site-packages/airflow/example_dags/example_params_trigger_ui.py
[2025-03-24T16:37:16.391-0700] {processor.py:914} INFO - Processing file /Users/jingwenxu/anaconda3/lib/python3.11/site-packages/airflow/example_dags/example_params_trigger_ui.py for tasks to queue
[2025-03-24T16:37:16.391-0700] {logging_mixin.py:190} INFO - [2025-03-24T16:37:16.391-0700] {dagbag.py:588} INFO - Filling up the DagBag from /Users/jingwenxu/anaconda3/lib/python3.11/site-packages/airflow/example_dags/example_params_trigger_ui.py
[2025-03-24T16:37:16.411-0700] {processor.py:925} INFO - DAG(s) 'example_params_trigger_ui' retrieved from /Users/jingwenxu/anaconda3/lib/python3.11/site-packages/airflow/example_dags/example_params_trigger_ui.py
[2025-03-24T16:37:16.462-0700] {logging_mixin.py:190} INFO - [2025-03-24T16:37:16.462-0700] {dag.py:3239} INFO - Sync 1 DAGs
[2025-03-24T16:37:16.467-0700] {logging_mixin.py:190} INFO - [2025-03-24T16:37:16.467-0700] {dag.py:4180} INFO - Setting next_dagrun for example_params_trigger_ui to None, run_after=None
[2025-03-24T16:37:16.476-0700] {processor.py:208} INFO - Processing /Users/jingwenxu/anaconda3/lib/python3.11/site-packages/airflow/example_dags/example_params_trigger_ui.py took 0.089 seconds
[2025-03-24T16:40:30.228-0700] {processor.py:186} INFO - Started process (PID=4171) to work on /Users/jingwenxu/anaconda3/lib/python3.11/site-packages/airflow/example_dags/example_params_trigger_ui.py
[2025-03-24T16:40:30.230-0700] {processor.py:914} INFO - Processing file /Users/jingwenxu/anaconda3/lib/python3.11/site-packages/airflow/example_dags/example_params_trigger_ui.py for tasks to queue
[2025-03-24T16:40:30.231-0700] {logging_mixin.py:190} INFO - [2025-03-24T16:40:30.230-0700] {dagbag.py:588} INFO - Filling up the DagBag from /Users/jingwenxu/anaconda3/lib/python3.11/site-packages/airflow/example_dags/example_params_trigger_ui.py
[2025-03-24T16:40:30.251-0700] {processor.py:925} INFO - DAG(s) 'example_params_trigger_ui' retrieved from /Users/jingwenxu/anaconda3/lib/python3.11/site-packages/airflow/example_dags/example_params_trigger_ui.py
[2025-03-24T16:40:30.301-0700] {logging_mixin.py:190} INFO - [2025-03-24T16:40:30.301-0700] {dag.py:3239} INFO - Sync 1 DAGs
[2025-03-24T16:40:30.306-0700] {logging_mixin.py:190} INFO - [2025-03-24T16:40:30.306-0700] {dag.py:4180} INFO - Setting next_dagrun for example_params_trigger_ui to None, run_after=None
[2025-03-24T16:40:30.316-0700] {processor.py:208} INFO - Processing /Users/jingwenxu/anaconda3/lib/python3.11/site-packages/airflow/example_dags/example_params_trigger_ui.py took 0.089 seconds
[2025-03-24T16:43:48.811-0700] {processor.py:186} INFO - Started process (PID=4851) to work on /Users/jingwenxu/anaconda3/lib/python3.11/site-packages/airflow/example_dags/example_params_trigger_ui.py
[2025-03-24T16:43:48.812-0700] {processor.py:914} INFO - Processing file /Users/jingwenxu/anaconda3/lib/python3.11/site-packages/airflow/example_dags/example_params_trigger_ui.py for tasks to queue
[2025-03-24T16:43:48.812-0700] {logging_mixin.py:190} INFO - [2025-03-24T16:43:48.812-0700] {dagbag.py:588} INFO - Filling up the DagBag from /Users/jingwenxu/anaconda3/lib/python3.11/site-packages/airflow/example_dags/example_params_trigger_ui.py
[2025-03-24T16:43:48.833-0700] {processor.py:925} INFO - DAG(s) 'example_params_trigger_ui' retrieved from /Users/jingwenxu/anaconda3/lib/python3.11/site-packages/airflow/example_dags/example_params_trigger_ui.py
[2025-03-24T16:43:48.886-0700] {logging_mixin.py:190} INFO - [2025-03-24T16:43:48.886-0700] {dag.py:3239} INFO - Sync 1 DAGs
[2025-03-24T16:43:48.891-0700] {logging_mixin.py:190} INFO - [2025-03-24T16:43:48.891-0700] {dag.py:4180} INFO - Setting next_dagrun for example_params_trigger_ui to None, run_after=None
[2025-03-24T16:43:48.900-0700] {processor.py:208} INFO - Processing /Users/jingwenxu/anaconda3/lib/python3.11/site-packages/airflow/example_dags/example_params_trigger_ui.py took 0.092 seconds
[2025-03-24T16:47:07.276-0700] {processor.py:186} INFO - Started process (PID=5527) to work on /Users/jingwenxu/anaconda3/lib/python3.11/site-packages/airflow/example_dags/example_params_trigger_ui.py
[2025-03-24T16:47:07.277-0700] {processor.py:914} INFO - Processing file /Users/jingwenxu/anaconda3/lib/python3.11/site-packages/airflow/example_dags/example_params_trigger_ui.py for tasks to queue
[2025-03-24T16:47:07.277-0700] {logging_mixin.py:190} INFO - [2025-03-24T16:47:07.277-0700] {dagbag.py:588} INFO - Filling up the DagBag from /Users/jingwenxu/anaconda3/lib/python3.11/site-packages/airflow/example_dags/example_params_trigger_ui.py
[2025-03-24T16:47:07.296-0700] {processor.py:925} INFO - DAG(s) 'example_params_trigger_ui' retrieved from /Users/jingwenxu/anaconda3/lib/python3.11/site-packages/airflow/example_dags/example_params_trigger_ui.py
[2025-03-24T16:47:07.347-0700] {logging_mixin.py:190} INFO - [2025-03-24T16:47:07.347-0700] {dag.py:3239} INFO - Sync 1 DAGs
[2025-03-24T16:47:07.351-0700] {logging_mixin.py:190} INFO - [2025-03-24T16:47:07.351-0700] {dag.py:4180} INFO - Setting next_dagrun for example_params_trigger_ui to None, run_after=None
[2025-03-24T16:47:07.361-0700] {processor.py:208} INFO - Processing /Users/jingwenxu/anaconda3/lib/python3.11/site-packages/airflow/example_dags/example_params_trigger_ui.py took 0.086 seconds
[2025-03-24T16:50:27.799-0700] {processor.py:186} INFO - Started process (PID=6240) to work on /Users/jingwenxu/anaconda3/lib/python3.11/site-packages/airflow/example_dags/example_params_trigger_ui.py
[2025-03-24T16:50:27.800-0700] {processor.py:914} INFO - Processing file /Users/jingwenxu/anaconda3/lib/python3.11/site-packages/airflow/example_dags/example_params_trigger_ui.py for tasks to queue
[2025-03-24T16:50:27.801-0700] {logging_mixin.py:190} INFO - [2025-03-24T16:50:27.801-0700] {dagbag.py:588} INFO - Filling up the DagBag from /Users/jingwenxu/anaconda3/lib/python3.11/site-packages/airflow/example_dags/example_params_trigger_ui.py
[2025-03-24T16:50:27.821-0700] {processor.py:925} INFO - DAG(s) 'example_params_trigger_ui' retrieved from /Users/jingwenxu/anaconda3/lib/python3.11/site-packages/airflow/example_dags/example_params_trigger_ui.py
[2025-03-24T16:50:27.871-0700] {logging_mixin.py:190} INFO - [2025-03-24T16:50:27.871-0700] {dag.py:3239} INFO - Sync 1 DAGs
[2025-03-24T16:50:27.876-0700] {logging_mixin.py:190} INFO - [2025-03-24T16:50:27.876-0700] {dag.py:4180} INFO - Setting next_dagrun for example_params_trigger_ui to None, run_after=None
[2025-03-24T16:50:27.885-0700] {processor.py:208} INFO - Processing /Users/jingwenxu/anaconda3/lib/python3.11/site-packages/airflow/example_dags/example_params_trigger_ui.py took 0.089 seconds
