[2025-03-24T16:35:13.504-0700] {processor.py:186} INFO - Started process (PID=2991) to work on /Users/jingwenxu/anaconda3/lib/python3.11/site-packages/airflow/example_dags/example_latest_only_with_trigger.py
[2025-03-24T16:35:13.505-0700] {processor.py:914} INFO - Processing file /Users/jingwenxu/anaconda3/lib/python3.11/site-packages/airflow/example_dags/example_latest_only_with_trigger.py for tasks to queue
[2025-03-24T16:35:13.506-0700] {logging_mixin.py:190} INFO - [2025-03-24T16:35:13.505-0700] {dagbag.py:588} INFO - Filling up the DagBag from /Users/jingwenxu/anaconda3/lib/python3.11/site-packages/airflow/example_dags/example_latest_only_with_trigger.py
[2025-03-24T16:35:13.510-0700] {processor.py:925} INFO - DAG(s) 'latest_only_with_trigger' retrieved from /Users/jingwenxu/anaconda3/lib/python3.11/site-packages/airflow/example_dags/example_latest_only_with_trigger.py
[2025-03-24T16:35:13.598-0700] {logging_mixin.py:190} INFO - [2025-03-24T16:35:13.597-0700] {override.py:1930} INFO - Created Permission View: can edit on DAG:latest_only_with_trigger
[2025-03-24T16:35:13.602-0700] {logging_mixin.py:190} INFO - [2025-03-24T16:35:13.602-0700] {override.py:1930} INFO - Created Permission View: can delete on DAG:latest_only_with_trigger
[2025-03-24T16:35:13.604-0700] {logging_mixin.py:190} INFO - [2025-03-24T16:35:13.604-0700] {override.py:1930} INFO - Created Permission View: can read on DAG:latest_only_with_trigger
[2025-03-24T16:35:13.608-0700] {logging_mixin.py:190} INFO - [2025-03-24T16:35:13.607-0700] {override.py:1930} INFO - Created Permission View: menu access on DAG Run:latest_only_with_trigger
[2025-03-24T16:35:13.610-0700] {logging_mixin.py:190} INFO - [2025-03-24T16:35:13.610-0700] {override.py:1930} INFO - Created Permission View: can delete on DAG Run:latest_only_with_trigger
[2025-03-24T16:35:13.612-0700] {logging_mixin.py:190} INFO - [2025-03-24T16:35:13.612-0700] {override.py:1930} INFO - Created Permission View: can create on DAG Run:latest_only_with_trigger
[2025-03-24T16:35:13.614-0700] {logging_mixin.py:190} INFO - [2025-03-24T16:35:13.614-0700] {override.py:1930} INFO - Created Permission View: can read on DAG Run:latest_only_with_trigger
[2025-03-24T16:35:13.615-0700] {logging_mixin.py:190} INFO - [2025-03-24T16:35:13.614-0700] {dag.py:3239} INFO - Sync 1 DAGs
[2025-03-24T16:35:13.620-0700] {logging_mixin.py:190} INFO - [2025-03-24T16:35:13.619-0700] {dag.py:3262} INFO - Creating ORM DAG for latest_only_with_trigger
[2025-03-24T16:35:13.623-0700] {logging_mixin.py:190} INFO - [2025-03-24T16:35:13.623-0700] {dag.py:4180} INFO - Setting next_dagrun for latest_only_with_trigger to 2025-03-24 16:00:00+00:00, run_after=2025-03-24 20:00:00+00:00
[2025-03-24T16:35:13.631-0700] {processor.py:208} INFO - Processing /Users/jingwenxu/anaconda3/lib/python3.11/site-packages/airflow/example_dags/example_latest_only_with_trigger.py took 0.128 seconds
[2025-03-24T16:37:24.781-0700] {processor.py:186} INFO - Started process (PID=3460) to work on /Users/jingwenxu/anaconda3/lib/python3.11/site-packages/airflow/example_dags/example_latest_only_with_trigger.py
[2025-03-24T16:37:24.783-0700] {processor.py:914} INFO - Processing file /Users/jingwenxu/anaconda3/lib/python3.11/site-packages/airflow/example_dags/example_latest_only_with_trigger.py for tasks to queue
[2025-03-24T16:37:24.783-0700] {logging_mixin.py:190} INFO - [2025-03-24T16:37:24.783-0700] {dagbag.py:588} INFO - Filling up the DagBag from /Users/jingwenxu/anaconda3/lib/python3.11/site-packages/airflow/example_dags/example_latest_only_with_trigger.py
[2025-03-24T16:37:24.788-0700] {processor.py:925} INFO - DAG(s) 'latest_only_with_trigger' retrieved from /Users/jingwenxu/anaconda3/lib/python3.11/site-packages/airflow/example_dags/example_latest_only_with_trigger.py
[2025-03-24T16:37:24.832-0700] {logging_mixin.py:190} INFO - [2025-03-24T16:37:24.831-0700] {dag.py:3239} INFO - Sync 1 DAGs
[2025-03-24T16:37:24.841-0700] {logging_mixin.py:190} INFO - [2025-03-24T16:37:24.841-0700] {dag.py:4180} INFO - Setting next_dagrun for latest_only_with_trigger to 2025-03-24 16:00:00+00:00, run_after=2025-03-24 20:00:00+00:00
[2025-03-24T16:37:24.849-0700] {processor.py:208} INFO - Processing /Users/jingwenxu/anaconda3/lib/python3.11/site-packages/airflow/example_dags/example_latest_only_with_trigger.py took 0.070 seconds
[2025-03-24T16:40:39.027-0700] {processor.py:186} INFO - Started process (PID=4206) to work on /Users/jingwenxu/anaconda3/lib/python3.11/site-packages/airflow/example_dags/example_latest_only_with_trigger.py
[2025-03-24T16:40:39.028-0700] {processor.py:914} INFO - Processing file /Users/jingwenxu/anaconda3/lib/python3.11/site-packages/airflow/example_dags/example_latest_only_with_trigger.py for tasks to queue
[2025-03-24T16:40:39.029-0700] {logging_mixin.py:190} INFO - [2025-03-24T16:40:39.029-0700] {dagbag.py:588} INFO - Filling up the DagBag from /Users/jingwenxu/anaconda3/lib/python3.11/site-packages/airflow/example_dags/example_latest_only_with_trigger.py
[2025-03-24T16:40:39.034-0700] {processor.py:925} INFO - DAG(s) 'latest_only_with_trigger' retrieved from /Users/jingwenxu/anaconda3/lib/python3.11/site-packages/airflow/example_dags/example_latest_only_with_trigger.py
[2025-03-24T16:40:39.078-0700] {logging_mixin.py:190} INFO - [2025-03-24T16:40:39.078-0700] {dag.py:3239} INFO - Sync 1 DAGs
[2025-03-24T16:40:39.086-0700] {logging_mixin.py:190} INFO - [2025-03-24T16:40:39.086-0700] {dag.py:4180} INFO - Setting next_dagrun for latest_only_with_trigger to 2025-03-24 16:00:00+00:00, run_after=2025-03-24 20:00:00+00:00
[2025-03-24T16:40:39.094-0700] {processor.py:208} INFO - Processing /Users/jingwenxu/anaconda3/lib/python3.11/site-packages/airflow/example_dags/example_latest_only_with_trigger.py took 0.070 seconds
[2025-03-24T16:43:57.518-0700] {processor.py:186} INFO - Started process (PID=4879) to work on /Users/jingwenxu/anaconda3/lib/python3.11/site-packages/airflow/example_dags/example_latest_only_with_trigger.py
[2025-03-24T16:43:57.520-0700] {processor.py:914} INFO - Processing file /Users/jingwenxu/anaconda3/lib/python3.11/site-packages/airflow/example_dags/example_latest_only_with_trigger.py for tasks to queue
[2025-03-24T16:43:57.520-0700] {logging_mixin.py:190} INFO - [2025-03-24T16:43:57.520-0700] {dagbag.py:588} INFO - Filling up the DagBag from /Users/jingwenxu/anaconda3/lib/python3.11/site-packages/airflow/example_dags/example_latest_only_with_trigger.py
[2025-03-24T16:43:57.526-0700] {processor.py:925} INFO - DAG(s) 'latest_only_with_trigger' retrieved from /Users/jingwenxu/anaconda3/lib/python3.11/site-packages/airflow/example_dags/example_latest_only_with_trigger.py
[2025-03-24T16:43:57.570-0700] {logging_mixin.py:190} INFO - [2025-03-24T16:43:57.570-0700] {dag.py:3239} INFO - Sync 1 DAGs
[2025-03-24T16:43:57.578-0700] {logging_mixin.py:190} INFO - [2025-03-24T16:43:57.578-0700] {dag.py:4180} INFO - Setting next_dagrun for latest_only_with_trigger to 2025-03-24 16:00:00+00:00, run_after=2025-03-24 20:00:00+00:00
[2025-03-24T16:43:57.586-0700] {processor.py:208} INFO - Processing /Users/jingwenxu/anaconda3/lib/python3.11/site-packages/airflow/example_dags/example_latest_only_with_trigger.py took 0.069 seconds
[2025-03-24T16:47:16.140-0700] {processor.py:186} INFO - Started process (PID=5557) to work on /Users/jingwenxu/anaconda3/lib/python3.11/site-packages/airflow/example_dags/example_latest_only_with_trigger.py
[2025-03-24T16:47:16.140-0700] {processor.py:914} INFO - Processing file /Users/jingwenxu/anaconda3/lib/python3.11/site-packages/airflow/example_dags/example_latest_only_with_trigger.py for tasks to queue
[2025-03-24T16:47:16.141-0700] {logging_mixin.py:190} INFO - [2025-03-24T16:47:16.141-0700] {dagbag.py:588} INFO - Filling up the DagBag from /Users/jingwenxu/anaconda3/lib/python3.11/site-packages/airflow/example_dags/example_latest_only_with_trigger.py
[2025-03-24T16:47:16.147-0700] {processor.py:925} INFO - DAG(s) 'latest_only_with_trigger' retrieved from /Users/jingwenxu/anaconda3/lib/python3.11/site-packages/airflow/example_dags/example_latest_only_with_trigger.py
[2025-03-24T16:47:16.197-0700] {logging_mixin.py:190} INFO - [2025-03-24T16:47:16.197-0700] {dag.py:3239} INFO - Sync 1 DAGs
[2025-03-24T16:47:16.206-0700] {logging_mixin.py:190} INFO - [2025-03-24T16:47:16.206-0700] {dag.py:4180} INFO - Setting next_dagrun for latest_only_with_trigger to 2025-03-24 16:00:00+00:00, run_after=2025-03-24 20:00:00+00:00
[2025-03-24T16:47:16.215-0700] {processor.py:208} INFO - Processing /Users/jingwenxu/anaconda3/lib/python3.11/site-packages/airflow/example_dags/example_latest_only_with_trigger.py took 0.077 seconds
[2025-03-24T16:50:35.854-0700] {processor.py:186} INFO - Started process (PID=6270) to work on /Users/jingwenxu/anaconda3/lib/python3.11/site-packages/airflow/example_dags/example_latest_only_with_trigger.py
[2025-03-24T16:50:35.856-0700] {processor.py:914} INFO - Processing file /Users/jingwenxu/anaconda3/lib/python3.11/site-packages/airflow/example_dags/example_latest_only_with_trigger.py for tasks to queue
[2025-03-24T16:50:35.856-0700] {logging_mixin.py:190} INFO - [2025-03-24T16:50:35.856-0700] {dagbag.py:588} INFO - Filling up the DagBag from /Users/jingwenxu/anaconda3/lib/python3.11/site-packages/airflow/example_dags/example_latest_only_with_trigger.py
[2025-03-24T16:50:35.861-0700] {processor.py:925} INFO - DAG(s) 'latest_only_with_trigger' retrieved from /Users/jingwenxu/anaconda3/lib/python3.11/site-packages/airflow/example_dags/example_latest_only_with_trigger.py
[2025-03-24T16:50:35.905-0700] {logging_mixin.py:190} INFO - [2025-03-24T16:50:35.905-0700] {dag.py:3239} INFO - Sync 1 DAGs
[2025-03-24T16:50:35.914-0700] {logging_mixin.py:190} INFO - [2025-03-24T16:50:35.914-0700] {dag.py:4180} INFO - Setting next_dagrun for latest_only_with_trigger to 2025-03-24 16:00:00+00:00, run_after=2025-03-24 20:00:00+00:00
[2025-03-24T16:50:35.924-0700] {processor.py:208} INFO - Processing /Users/jingwenxu/anaconda3/lib/python3.11/site-packages/airflow/example_dags/example_latest_only_with_trigger.py took 0.072 seconds
