[2025-03-24T16:34:25.818-0700] {processor.py:186} INFO - Started process (PID=2826) to work on /Users/jingwenxu/anaconda3/lib/python3.11/site-packages/airflow/example_dags/example_time_delta_sensor_async.py
[2025-03-24T16:34:25.819-0700] {processor.py:914} INFO - Processing file /Users/jingwenxu/anaconda3/lib/python3.11/site-packages/airflow/example_dags/example_time_delta_sensor_async.py for tasks to queue
[2025-03-24T16:34:25.820-0700] {logging_mixin.py:190} INFO - [2025-03-24T16:34:25.820-0700] {dagbag.py:588} INFO - Filling up the DagBag from /Users/jingwenxu/anaconda3/lib/python3.11/site-packages/airflow/example_dags/example_time_delta_sensor_async.py
[2025-03-24T16:34:25.824-0700] {processor.py:925} INFO - DAG(s) 'example_time_delta_sensor_async' retrieved from /Users/jingwenxu/anaconda3/lib/python3.11/site-packages/airflow/example_dags/example_time_delta_sensor_async.py
[2025-03-24T16:34:26.126-0700] {logging_mixin.py:190} INFO - [2025-03-24T16:34:26.126-0700] {utils.py:161} INFO - NumExpr defaulting to 10 threads.
[2025-03-24T16:34:26.382-0700] {logging_mixin.py:190} INFO - [2025-03-24T16:34:26.382-0700] {override.py:1930} INFO - Created Permission View: can read on DAG:example_time_delta_sensor_async
[2025-03-24T16:34:26.387-0700] {logging_mixin.py:190} INFO - [2025-03-24T16:34:26.387-0700] {override.py:1930} INFO - Created Permission View: can delete on DAG:example_time_delta_sensor_async
[2025-03-24T16:34:26.391-0700] {logging_mixin.py:190} INFO - [2025-03-24T16:34:26.390-0700] {override.py:1930} INFO - Created Permission View: can edit on DAG:example_time_delta_sensor_async
[2025-03-24T16:34:26.395-0700] {logging_mixin.py:190} INFO - [2025-03-24T16:34:26.394-0700] {override.py:1930} INFO - Created Permission View: can create on DAG Run:example_time_delta_sensor_async
[2025-03-24T16:34:26.397-0700] {logging_mixin.py:190} INFO - [2025-03-24T16:34:26.397-0700] {override.py:1930} INFO - Created Permission View: can read on DAG Run:example_time_delta_sensor_async
[2025-03-24T16:34:26.400-0700] {logging_mixin.py:190} INFO - [2025-03-24T16:34:26.400-0700] {override.py:1930} INFO - Created Permission View: menu access on DAG Run:example_time_delta_sensor_async
[2025-03-24T16:34:26.403-0700] {logging_mixin.py:190} INFO - [2025-03-24T16:34:26.403-0700] {override.py:1930} INFO - Created Permission View: can delete on DAG Run:example_time_delta_sensor_async
[2025-03-24T16:34:26.404-0700] {logging_mixin.py:190} INFO - [2025-03-24T16:34:26.403-0700] {dag.py:3239} INFO - Sync 1 DAGs
[2025-03-24T16:34:26.409-0700] {logging_mixin.py:190} INFO - [2025-03-24T16:34:26.408-0700] {dag.py:3262} INFO - Creating ORM DAG for example_time_delta_sensor_async
[2025-03-24T16:34:26.409-0700] {logging_mixin.py:190} INFO - [2025-03-24T16:34:26.409-0700] {dag.py:4180} INFO - Setting next_dagrun for example_time_delta_sensor_async to None, run_after=None
[2025-03-24T16:34:26.417-0700] {processor.py:208} INFO - Processing /Users/jingwenxu/anaconda3/lib/python3.11/site-packages/airflow/example_dags/example_time_delta_sensor_async.py took 0.600 seconds
[2025-03-24T16:36:40.043-0700] {processor.py:186} INFO - Started process (PID=3306) to work on /Users/jingwenxu/anaconda3/lib/python3.11/site-packages/airflow/example_dags/example_time_delta_sensor_async.py
[2025-03-24T16:36:40.045-0700] {processor.py:914} INFO - Processing file /Users/jingwenxu/anaconda3/lib/python3.11/site-packages/airflow/example_dags/example_time_delta_sensor_async.py for tasks to queue
[2025-03-24T16:36:40.045-0700] {logging_mixin.py:190} INFO - [2025-03-24T16:36:40.045-0700] {dagbag.py:588} INFO - Filling up the DagBag from /Users/jingwenxu/anaconda3/lib/python3.11/site-packages/airflow/example_dags/example_time_delta_sensor_async.py
[2025-03-24T16:36:40.050-0700] {processor.py:925} INFO - DAG(s) 'example_time_delta_sensor_async' retrieved from /Users/jingwenxu/anaconda3/lib/python3.11/site-packages/airflow/example_dags/example_time_delta_sensor_async.py
[2025-03-24T16:36:40.276-0700] {logging_mixin.py:190} INFO - [2025-03-24T16:36:40.276-0700] {utils.py:161} INFO - NumExpr defaulting to 10 threads.
[2025-03-24T16:36:40.454-0700] {logging_mixin.py:190} INFO - [2025-03-24T16:36:40.454-0700] {dag.py:3239} INFO - Sync 1 DAGs
[2025-03-24T16:36:40.459-0700] {logging_mixin.py:190} INFO - [2025-03-24T16:36:40.459-0700] {dag.py:4180} INFO - Setting next_dagrun for example_time_delta_sensor_async to None, run_after=None
[2025-03-24T16:36:40.467-0700] {processor.py:208} INFO - Processing /Users/jingwenxu/anaconda3/lib/python3.11/site-packages/airflow/example_dags/example_time_delta_sensor_async.py took 0.426 seconds
[2025-03-24T16:38:19.205-0700] {processor.py:186} INFO - Started process (PID=3643) to work on /Users/jingwenxu/anaconda3/lib/python3.11/site-packages/airflow/example_dags/example_time_delta_sensor_async.py
[2025-03-24T16:38:19.206-0700] {processor.py:914} INFO - Processing file /Users/jingwenxu/anaconda3/lib/python3.11/site-packages/airflow/example_dags/example_time_delta_sensor_async.py for tasks to queue
[2025-03-24T16:38:19.207-0700] {logging_mixin.py:190} INFO - [2025-03-24T16:38:19.207-0700] {dagbag.py:588} INFO - Filling up the DagBag from /Users/jingwenxu/anaconda3/lib/python3.11/site-packages/airflow/example_dags/example_time_delta_sensor_async.py
[2025-03-24T16:38:19.212-0700] {processor.py:925} INFO - DAG(s) 'example_time_delta_sensor_async' retrieved from /Users/jingwenxu/anaconda3/lib/python3.11/site-packages/airflow/example_dags/example_time_delta_sensor_async.py
[2025-03-24T16:38:19.478-0700] {logging_mixin.py:190} INFO - [2025-03-24T16:38:19.478-0700] {utils.py:161} INFO - NumExpr defaulting to 10 threads.
[2025-03-24T16:38:19.713-0700] {logging_mixin.py:190} INFO - [2025-03-24T16:38:19.713-0700] {dag.py:3239} INFO - Sync 1 DAGs
[2025-03-24T16:38:19.718-0700] {logging_mixin.py:190} INFO - [2025-03-24T16:38:19.718-0700] {dag.py:4180} INFO - Setting next_dagrun for example_time_delta_sensor_async to None, run_after=None
[2025-03-24T16:38:19.727-0700] {processor.py:208} INFO - Processing /Users/jingwenxu/anaconda3/lib/python3.11/site-packages/airflow/example_dags/example_time_delta_sensor_async.py took 0.525 seconds
[2025-03-24T16:39:56.147-0700] {processor.py:186} INFO - Started process (PID=4010) to work on /Users/jingwenxu/anaconda3/lib/python3.11/site-packages/airflow/example_dags/example_time_delta_sensor_async.py
[2025-03-24T16:39:56.148-0700] {processor.py:914} INFO - Processing file /Users/jingwenxu/anaconda3/lib/python3.11/site-packages/airflow/example_dags/example_time_delta_sensor_async.py for tasks to queue
[2025-03-24T16:39:56.148-0700] {logging_mixin.py:190} INFO - [2025-03-24T16:39:56.148-0700] {dagbag.py:588} INFO - Filling up the DagBag from /Users/jingwenxu/anaconda3/lib/python3.11/site-packages/airflow/example_dags/example_time_delta_sensor_async.py
[2025-03-24T16:39:56.153-0700] {processor.py:925} INFO - DAG(s) 'example_time_delta_sensor_async' retrieved from /Users/jingwenxu/anaconda3/lib/python3.11/site-packages/airflow/example_dags/example_time_delta_sensor_async.py
[2025-03-24T16:39:56.382-0700] {logging_mixin.py:190} INFO - [2025-03-24T16:39:56.382-0700] {utils.py:161} INFO - NumExpr defaulting to 10 threads.
[2025-03-24T16:39:56.593-0700] {logging_mixin.py:190} INFO - [2025-03-24T16:39:56.593-0700] {dag.py:3239} INFO - Sync 1 DAGs
[2025-03-24T16:39:56.598-0700] {logging_mixin.py:190} INFO - [2025-03-24T16:39:56.598-0700] {dag.py:4180} INFO - Setting next_dagrun for example_time_delta_sensor_async to None, run_after=None
[2025-03-24T16:39:56.606-0700] {processor.py:208} INFO - Processing /Users/jingwenxu/anaconda3/lib/python3.11/site-packages/airflow/example_dags/example_time_delta_sensor_async.py took 0.461 seconds
[2025-03-24T16:41:33.401-0700] {processor.py:186} INFO - Started process (PID=4389) to work on /Users/jingwenxu/anaconda3/lib/python3.11/site-packages/airflow/example_dags/example_time_delta_sensor_async.py
[2025-03-24T16:41:33.402-0700] {processor.py:914} INFO - Processing file /Users/jingwenxu/anaconda3/lib/python3.11/site-packages/airflow/example_dags/example_time_delta_sensor_async.py for tasks to queue
[2025-03-24T16:41:33.403-0700] {logging_mixin.py:190} INFO - [2025-03-24T16:41:33.403-0700] {dagbag.py:588} INFO - Filling up the DagBag from /Users/jingwenxu/anaconda3/lib/python3.11/site-packages/airflow/example_dags/example_time_delta_sensor_async.py
[2025-03-24T16:41:33.409-0700] {processor.py:925} INFO - DAG(s) 'example_time_delta_sensor_async' retrieved from /Users/jingwenxu/anaconda3/lib/python3.11/site-packages/airflow/example_dags/example_time_delta_sensor_async.py
[2025-03-24T16:41:33.665-0700] {logging_mixin.py:190} INFO - [2025-03-24T16:41:33.665-0700] {utils.py:161} INFO - NumExpr defaulting to 10 threads.
[2025-03-24T16:41:33.868-0700] {logging_mixin.py:190} INFO - [2025-03-24T16:41:33.868-0700] {dag.py:3239} INFO - Sync 1 DAGs
[2025-03-24T16:41:33.873-0700] {logging_mixin.py:190} INFO - [2025-03-24T16:41:33.873-0700] {dag.py:4180} INFO - Setting next_dagrun for example_time_delta_sensor_async to None, run_after=None
[2025-03-24T16:41:33.881-0700] {processor.py:208} INFO - Processing /Users/jingwenxu/anaconda3/lib/python3.11/site-packages/airflow/example_dags/example_time_delta_sensor_async.py took 0.482 seconds
[2025-03-24T16:43:14.158-0700] {processor.py:186} INFO - Started process (PID=4735) to work on /Users/jingwenxu/anaconda3/lib/python3.11/site-packages/airflow/example_dags/example_time_delta_sensor_async.py
[2025-03-24T16:43:14.159-0700] {processor.py:914} INFO - Processing file /Users/jingwenxu/anaconda3/lib/python3.11/site-packages/airflow/example_dags/example_time_delta_sensor_async.py for tasks to queue
[2025-03-24T16:43:14.160-0700] {logging_mixin.py:190} INFO - [2025-03-24T16:43:14.160-0700] {dagbag.py:588} INFO - Filling up the DagBag from /Users/jingwenxu/anaconda3/lib/python3.11/site-packages/airflow/example_dags/example_time_delta_sensor_async.py
[2025-03-24T16:43:14.165-0700] {processor.py:925} INFO - DAG(s) 'example_time_delta_sensor_async' retrieved from /Users/jingwenxu/anaconda3/lib/python3.11/site-packages/airflow/example_dags/example_time_delta_sensor_async.py
[2025-03-24T16:43:14.401-0700] {logging_mixin.py:190} INFO - [2025-03-24T16:43:14.401-0700] {utils.py:161} INFO - NumExpr defaulting to 10 threads.
[2025-03-24T16:43:14.573-0700] {logging_mixin.py:190} INFO - [2025-03-24T16:43:14.573-0700] {dag.py:3239} INFO - Sync 1 DAGs
[2025-03-24T16:43:14.578-0700] {logging_mixin.py:190} INFO - [2025-03-24T16:43:14.578-0700] {dag.py:4180} INFO - Setting next_dagrun for example_time_delta_sensor_async to None, run_after=None
[2025-03-24T16:43:14.587-0700] {processor.py:208} INFO - Processing /Users/jingwenxu/anaconda3/lib/python3.11/site-packages/airflow/example_dags/example_time_delta_sensor_async.py took 0.430 seconds
[2025-03-24T16:44:53.354-0700] {processor.py:186} INFO - Started process (PID=5060) to work on /Users/jingwenxu/anaconda3/lib/python3.11/site-packages/airflow/example_dags/example_time_delta_sensor_async.py
[2025-03-24T16:44:53.355-0700] {processor.py:914} INFO - Processing file /Users/jingwenxu/anaconda3/lib/python3.11/site-packages/airflow/example_dags/example_time_delta_sensor_async.py for tasks to queue
[2025-03-24T16:44:53.356-0700] {logging_mixin.py:190} INFO - [2025-03-24T16:44:53.356-0700] {dagbag.py:588} INFO - Filling up the DagBag from /Users/jingwenxu/anaconda3/lib/python3.11/site-packages/airflow/example_dags/example_time_delta_sensor_async.py
[2025-03-24T16:44:53.362-0700] {processor.py:925} INFO - DAG(s) 'example_time_delta_sensor_async' retrieved from /Users/jingwenxu/anaconda3/lib/python3.11/site-packages/airflow/example_dags/example_time_delta_sensor_async.py
[2025-03-24T16:44:53.594-0700] {logging_mixin.py:190} INFO - [2025-03-24T16:44:53.594-0700] {utils.py:161} INFO - NumExpr defaulting to 10 threads.
[2025-03-24T16:44:53.803-0700] {logging_mixin.py:190} INFO - [2025-03-24T16:44:53.802-0700] {dag.py:3239} INFO - Sync 1 DAGs
[2025-03-24T16:44:53.808-0700] {logging_mixin.py:190} INFO - [2025-03-24T16:44:53.807-0700] {dag.py:4180} INFO - Setting next_dagrun for example_time_delta_sensor_async to None, run_after=None
[2025-03-24T16:44:53.817-0700] {processor.py:208} INFO - Processing /Users/jingwenxu/anaconda3/lib/python3.11/site-packages/airflow/example_dags/example_time_delta_sensor_async.py took 0.465 seconds
[2025-03-24T16:46:33.111-0700] {processor.py:186} INFO - Started process (PID=5416) to work on /Users/jingwenxu/anaconda3/lib/python3.11/site-packages/airflow/example_dags/example_time_delta_sensor_async.py
[2025-03-24T16:46:33.112-0700] {processor.py:914} INFO - Processing file /Users/jingwenxu/anaconda3/lib/python3.11/site-packages/airflow/example_dags/example_time_delta_sensor_async.py for tasks to queue
[2025-03-24T16:46:33.113-0700] {logging_mixin.py:190} INFO - [2025-03-24T16:46:33.113-0700] {dagbag.py:588} INFO - Filling up the DagBag from /Users/jingwenxu/anaconda3/lib/python3.11/site-packages/airflow/example_dags/example_time_delta_sensor_async.py
[2025-03-24T16:46:33.119-0700] {processor.py:925} INFO - DAG(s) 'example_time_delta_sensor_async' retrieved from /Users/jingwenxu/anaconda3/lib/python3.11/site-packages/airflow/example_dags/example_time_delta_sensor_async.py
[2025-03-24T16:46:33.336-0700] {logging_mixin.py:190} INFO - [2025-03-24T16:46:33.336-0700] {utils.py:161} INFO - NumExpr defaulting to 10 threads.
[2025-03-24T16:46:33.525-0700] {logging_mixin.py:190} INFO - [2025-03-24T16:46:33.525-0700] {dag.py:3239} INFO - Sync 1 DAGs
[2025-03-24T16:46:33.530-0700] {logging_mixin.py:190} INFO - [2025-03-24T16:46:33.530-0700] {dag.py:4180} INFO - Setting next_dagrun for example_time_delta_sensor_async to None, run_after=None
[2025-03-24T16:46:33.539-0700] {processor.py:208} INFO - Processing /Users/jingwenxu/anaconda3/lib/python3.11/site-packages/airflow/example_dags/example_time_delta_sensor_async.py took 0.430 seconds
[2025-03-24T16:48:11.964-0700] {processor.py:186} INFO - Started process (PID=5739) to work on /Users/jingwenxu/anaconda3/lib/python3.11/site-packages/airflow/example_dags/example_time_delta_sensor_async.py
[2025-03-24T16:48:11.965-0700] {processor.py:914} INFO - Processing file /Users/jingwenxu/anaconda3/lib/python3.11/site-packages/airflow/example_dags/example_time_delta_sensor_async.py for tasks to queue
[2025-03-24T16:48:11.966-0700] {logging_mixin.py:190} INFO - [2025-03-24T16:48:11.966-0700] {dagbag.py:588} INFO - Filling up the DagBag from /Users/jingwenxu/anaconda3/lib/python3.11/site-packages/airflow/example_dags/example_time_delta_sensor_async.py
[2025-03-24T16:48:11.972-0700] {processor.py:925} INFO - DAG(s) 'example_time_delta_sensor_async' retrieved from /Users/jingwenxu/anaconda3/lib/python3.11/site-packages/airflow/example_dags/example_time_delta_sensor_async.py
[2025-03-24T16:48:12.195-0700] {logging_mixin.py:190} INFO - [2025-03-24T16:48:12.195-0700] {utils.py:161} INFO - NumExpr defaulting to 10 threads.
[2025-03-24T16:48:12.401-0700] {logging_mixin.py:190} INFO - [2025-03-24T16:48:12.401-0700] {dag.py:3239} INFO - Sync 1 DAGs
[2025-03-24T16:48:12.406-0700] {logging_mixin.py:190} INFO - [2025-03-24T16:48:12.406-0700] {dag.py:4180} INFO - Setting next_dagrun for example_time_delta_sensor_async to None, run_after=None
[2025-03-24T16:48:12.414-0700] {processor.py:208} INFO - Processing /Users/jingwenxu/anaconda3/lib/python3.11/site-packages/airflow/example_dags/example_time_delta_sensor_async.py took 0.452 seconds
[2025-03-24T16:49:51.164-0700] {processor.py:186} INFO - Started process (PID=6115) to work on /Users/jingwenxu/anaconda3/lib/python3.11/site-packages/airflow/example_dags/example_time_delta_sensor_async.py
[2025-03-24T16:49:51.165-0700] {processor.py:914} INFO - Processing file /Users/jingwenxu/anaconda3/lib/python3.11/site-packages/airflow/example_dags/example_time_delta_sensor_async.py for tasks to queue
[2025-03-24T16:49:51.166-0700] {logging_mixin.py:190} INFO - [2025-03-24T16:49:51.166-0700] {dagbag.py:588} INFO - Filling up the DagBag from /Users/jingwenxu/anaconda3/lib/python3.11/site-packages/airflow/example_dags/example_time_delta_sensor_async.py
[2025-03-24T16:49:51.171-0700] {processor.py:925} INFO - DAG(s) 'example_time_delta_sensor_async' retrieved from /Users/jingwenxu/anaconda3/lib/python3.11/site-packages/airflow/example_dags/example_time_delta_sensor_async.py
[2025-03-24T16:49:51.376-0700] {logging_mixin.py:190} INFO - [2025-03-24T16:49:51.376-0700] {utils.py:161} INFO - NumExpr defaulting to 10 threads.
[2025-03-24T16:49:51.584-0700] {logging_mixin.py:190} INFO - [2025-03-24T16:49:51.584-0700] {dag.py:3239} INFO - Sync 1 DAGs
[2025-03-24T16:49:51.589-0700] {logging_mixin.py:190} INFO - [2025-03-24T16:49:51.589-0700] {dag.py:4180} INFO - Setting next_dagrun for example_time_delta_sensor_async to None, run_after=None
[2025-03-24T16:49:51.598-0700] {processor.py:208} INFO - Processing /Users/jingwenxu/anaconda3/lib/python3.11/site-packages/airflow/example_dags/example_time_delta_sensor_async.py took 0.436 seconds
[2025-03-24T16:51:31.365-0700] {processor.py:186} INFO - Started process (PID=6452) to work on /Users/jingwenxu/anaconda3/lib/python3.11/site-packages/airflow/example_dags/example_time_delta_sensor_async.py
[2025-03-24T16:51:31.366-0700] {processor.py:914} INFO - Processing file /Users/jingwenxu/anaconda3/lib/python3.11/site-packages/airflow/example_dags/example_time_delta_sensor_async.py for tasks to queue
[2025-03-24T16:51:31.367-0700] {logging_mixin.py:190} INFO - [2025-03-24T16:51:31.367-0700] {dagbag.py:588} INFO - Filling up the DagBag from /Users/jingwenxu/anaconda3/lib/python3.11/site-packages/airflow/example_dags/example_time_delta_sensor_async.py
[2025-03-24T16:51:31.372-0700] {processor.py:925} INFO - DAG(s) 'example_time_delta_sensor_async' retrieved from /Users/jingwenxu/anaconda3/lib/python3.11/site-packages/airflow/example_dags/example_time_delta_sensor_async.py
[2025-03-24T16:51:31.593-0700] {logging_mixin.py:190} INFO - [2025-03-24T16:51:31.593-0700] {utils.py:161} INFO - NumExpr defaulting to 10 threads.
[2025-03-24T16:51:31.781-0700] {logging_mixin.py:190} INFO - [2025-03-24T16:51:31.781-0700] {dag.py:3239} INFO - Sync 1 DAGs
[2025-03-24T16:51:31.786-0700] {logging_mixin.py:190} INFO - [2025-03-24T16:51:31.786-0700] {dag.py:4180} INFO - Setting next_dagrun for example_time_delta_sensor_async to None, run_after=None
[2025-03-24T16:51:31.795-0700] {processor.py:208} INFO - Processing /Users/jingwenxu/anaconda3/lib/python3.11/site-packages/airflow/example_dags/example_time_delta_sensor_async.py took 0.432 seconds
[2025-03-24T16:53:09.342-0700] {processor.py:186} INFO - Started process (PID=6773) to work on /Users/jingwenxu/anaconda3/lib/python3.11/site-packages/airflow/example_dags/example_time_delta_sensor_async.py
[2025-03-24T16:53:09.344-0700] {processor.py:914} INFO - Processing file /Users/jingwenxu/anaconda3/lib/python3.11/site-packages/airflow/example_dags/example_time_delta_sensor_async.py for tasks to queue
[2025-03-24T16:53:09.345-0700] {logging_mixin.py:190} INFO - [2025-03-24T16:53:09.345-0700] {dagbag.py:588} INFO - Filling up the DagBag from /Users/jingwenxu/anaconda3/lib/python3.11/site-packages/airflow/example_dags/example_time_delta_sensor_async.py
[2025-03-24T16:53:09.349-0700] {processor.py:925} INFO - DAG(s) 'example_time_delta_sensor_async' retrieved from /Users/jingwenxu/anaconda3/lib/python3.11/site-packages/airflow/example_dags/example_time_delta_sensor_async.py
[2025-03-24T16:53:09.565-0700] {logging_mixin.py:190} INFO - [2025-03-24T16:53:09.565-0700] {utils.py:161} INFO - NumExpr defaulting to 10 threads.
[2025-03-24T16:53:09.752-0700] {logging_mixin.py:190} INFO - [2025-03-24T16:53:09.752-0700] {dag.py:3239} INFO - Sync 1 DAGs
[2025-03-24T16:53:09.757-0700] {logging_mixin.py:190} INFO - [2025-03-24T16:53:09.757-0700] {dag.py:4180} INFO - Setting next_dagrun for example_time_delta_sensor_async to None, run_after=None
[2025-03-24T16:53:09.766-0700] {processor.py:208} INFO - Processing /Users/jingwenxu/anaconda3/lib/python3.11/site-packages/airflow/example_dags/example_time_delta_sensor_async.py took 0.425 seconds
