[2025-03-24T16:35:25.482-0700] {processor.py:186} INFO - Started process (PID=3026) to work on /Users/jingwenxu/anaconda3/lib/python3.11/site-packages/airflow/example_dags/example_dynamic_task_mapping_with_no_taskflow_operators.py
[2025-03-24T16:35:25.483-0700] {processor.py:914} INFO - Processing file /Users/jingwenxu/anaconda3/lib/python3.11/site-packages/airflow/example_dags/example_dynamic_task_mapping_with_no_taskflow_operators.py for tasks to queue
[2025-03-24T16:35:25.483-0700] {logging_mixin.py:190} INFO - [2025-03-24T16:35:25.483-0700] {dagbag.py:588} INFO - Filling up the DagBag from /Users/jingwenxu/anaconda3/lib/python3.11/site-packages/airflow/example_dags/example_dynamic_task_mapping_with_no_taskflow_operators.py
[2025-03-24T16:35:25.490-0700] {processor.py:925} INFO - DAG(s) 'example_dynamic_task_mapping_with_no_taskflow_operators' retrieved from /Users/jingwenxu/anaconda3/lib/python3.11/site-packages/airflow/example_dags/example_dynamic_task_mapping_with_no_taskflow_operators.py
[2025-03-24T16:35:25.586-0700] {logging_mixin.py:190} INFO - [2025-03-24T16:35:25.586-0700] {override.py:1930} INFO - Created Permission View: can delete on DAG:example_dynamic_task_mapping_with_no_taskflow_operators
[2025-03-24T16:35:25.591-0700] {logging_mixin.py:190} INFO - [2025-03-24T16:35:25.590-0700] {override.py:1930} INFO - Created Permission View: can edit on DAG:example_dynamic_task_mapping_with_no_taskflow_operators
[2025-03-24T16:35:25.594-0700] {logging_mixin.py:190} INFO - [2025-03-24T16:35:25.593-0700] {override.py:1930} INFO - Created Permission View: can read on DAG:example_dynamic_task_mapping_with_no_taskflow_operators
[2025-03-24T16:35:25.598-0700] {logging_mixin.py:190} INFO - [2025-03-24T16:35:25.598-0700] {override.py:1930} INFO - Created Permission View: can delete on DAG Run:example_dynamic_task_mapping_with_no_taskflow_operators
[2025-03-24T16:35:25.601-0700] {logging_mixin.py:190} INFO - [2025-03-24T16:35:25.601-0700] {override.py:1930} INFO - Created Permission View: can create on DAG Run:example_dynamic_task_mapping_with_no_taskflow_operators
[2025-03-24T16:35:25.603-0700] {logging_mixin.py:190} INFO - [2025-03-24T16:35:25.603-0700] {override.py:1930} INFO - Created Permission View: menu access on DAG Run:example_dynamic_task_mapping_with_no_taskflow_operators
[2025-03-24T16:35:25.606-0700] {logging_mixin.py:190} INFO - [2025-03-24T16:35:25.606-0700] {override.py:1930} INFO - Created Permission View: can read on DAG Run:example_dynamic_task_mapping_with_no_taskflow_operators
[2025-03-24T16:35:25.606-0700] {logging_mixin.py:190} INFO - [2025-03-24T16:35:25.606-0700] {dag.py:3239} INFO - Sync 1 DAGs
[2025-03-24T16:35:25.611-0700] {logging_mixin.py:190} INFO - [2025-03-24T16:35:25.611-0700] {dag.py:3262} INFO - Creating ORM DAG for example_dynamic_task_mapping_with_no_taskflow_operators
[2025-03-24T16:35:25.611-0700] {logging_mixin.py:190} INFO - [2025-03-24T16:35:25.611-0700] {dag.py:4180} INFO - Setting next_dagrun for example_dynamic_task_mapping_with_no_taskflow_operators to None, run_after=None
[2025-03-24T16:35:25.620-0700] {processor.py:208} INFO - Processing /Users/jingwenxu/anaconda3/lib/python3.11/site-packages/airflow/example_dags/example_dynamic_task_mapping_with_no_taskflow_operators.py took 0.140 seconds
[2025-03-24T16:37:36.125-0700] {processor.py:186} INFO - Started process (PID=3500) to work on /Users/jingwenxu/anaconda3/lib/python3.11/site-packages/airflow/example_dags/example_dynamic_task_mapping_with_no_taskflow_operators.py
[2025-03-24T16:37:36.126-0700] {processor.py:914} INFO - Processing file /Users/jingwenxu/anaconda3/lib/python3.11/site-packages/airflow/example_dags/example_dynamic_task_mapping_with_no_taskflow_operators.py for tasks to queue
[2025-03-24T16:37:36.127-0700] {logging_mixin.py:190} INFO - [2025-03-24T16:37:36.127-0700] {dagbag.py:588} INFO - Filling up the DagBag from /Users/jingwenxu/anaconda3/lib/python3.11/site-packages/airflow/example_dags/example_dynamic_task_mapping_with_no_taskflow_operators.py
[2025-03-24T16:37:36.131-0700] {processor.py:925} INFO - DAG(s) 'example_dynamic_task_mapping_with_no_taskflow_operators' retrieved from /Users/jingwenxu/anaconda3/lib/python3.11/site-packages/airflow/example_dags/example_dynamic_task_mapping_with_no_taskflow_operators.py
[2025-03-24T16:37:36.174-0700] {logging_mixin.py:190} INFO - [2025-03-24T16:37:36.173-0700] {dag.py:3239} INFO - Sync 1 DAGs
[2025-03-24T16:37:36.179-0700] {logging_mixin.py:190} INFO - [2025-03-24T16:37:36.179-0700] {dag.py:4180} INFO - Setting next_dagrun for example_dynamic_task_mapping_with_no_taskflow_operators to None, run_after=None
[2025-03-24T16:37:36.187-0700] {processor.py:208} INFO - Processing /Users/jingwenxu/anaconda3/lib/python3.11/site-packages/airflow/example_dags/example_dynamic_task_mapping_with_no_taskflow_operators.py took 0.064 seconds
[2025-03-24T16:40:50.133-0700] {processor.py:186} INFO - Started process (PID=4241) to work on /Users/jingwenxu/anaconda3/lib/python3.11/site-packages/airflow/example_dags/example_dynamic_task_mapping_with_no_taskflow_operators.py
[2025-03-24T16:40:50.134-0700] {processor.py:914} INFO - Processing file /Users/jingwenxu/anaconda3/lib/python3.11/site-packages/airflow/example_dags/example_dynamic_task_mapping_with_no_taskflow_operators.py for tasks to queue
[2025-03-24T16:40:50.135-0700] {logging_mixin.py:190} INFO - [2025-03-24T16:40:50.135-0700] {dagbag.py:588} INFO - Filling up the DagBag from /Users/jingwenxu/anaconda3/lib/python3.11/site-packages/airflow/example_dags/example_dynamic_task_mapping_with_no_taskflow_operators.py
[2025-03-24T16:40:50.141-0700] {processor.py:925} INFO - DAG(s) 'example_dynamic_task_mapping_with_no_taskflow_operators' retrieved from /Users/jingwenxu/anaconda3/lib/python3.11/site-packages/airflow/example_dags/example_dynamic_task_mapping_with_no_taskflow_operators.py
[2025-03-24T16:40:50.188-0700] {logging_mixin.py:190} INFO - [2025-03-24T16:40:50.187-0700] {dag.py:3239} INFO - Sync 1 DAGs
[2025-03-24T16:40:50.193-0700] {logging_mixin.py:190} INFO - [2025-03-24T16:40:50.193-0700] {dag.py:4180} INFO - Setting next_dagrun for example_dynamic_task_mapping_with_no_taskflow_operators to None, run_after=None
[2025-03-24T16:40:50.201-0700] {processor.py:208} INFO - Processing /Users/jingwenxu/anaconda3/lib/python3.11/site-packages/airflow/example_dags/example_dynamic_task_mapping_with_no_taskflow_operators.py took 0.072 seconds
[2025-03-24T16:44:09.432-0700] {processor.py:186} INFO - Started process (PID=4914) to work on /Users/jingwenxu/anaconda3/lib/python3.11/site-packages/airflow/example_dags/example_dynamic_task_mapping_with_no_taskflow_operators.py
[2025-03-24T16:44:09.432-0700] {processor.py:914} INFO - Processing file /Users/jingwenxu/anaconda3/lib/python3.11/site-packages/airflow/example_dags/example_dynamic_task_mapping_with_no_taskflow_operators.py for tasks to queue
[2025-03-24T16:44:09.433-0700] {logging_mixin.py:190} INFO - [2025-03-24T16:44:09.433-0700] {dagbag.py:588} INFO - Filling up the DagBag from /Users/jingwenxu/anaconda3/lib/python3.11/site-packages/airflow/example_dags/example_dynamic_task_mapping_with_no_taskflow_operators.py
[2025-03-24T16:44:09.438-0700] {processor.py:925} INFO - DAG(s) 'example_dynamic_task_mapping_with_no_taskflow_operators' retrieved from /Users/jingwenxu/anaconda3/lib/python3.11/site-packages/airflow/example_dags/example_dynamic_task_mapping_with_no_taskflow_operators.py
[2025-03-24T16:44:09.511-0700] {logging_mixin.py:190} INFO - [2025-03-24T16:44:09.510-0700] {dag.py:3239} INFO - Sync 1 DAGs
[2025-03-24T16:44:09.516-0700] {logging_mixin.py:190} INFO - [2025-03-24T16:44:09.516-0700] {dag.py:4180} INFO - Setting next_dagrun for example_dynamic_task_mapping_with_no_taskflow_operators to None, run_after=None
[2025-03-24T16:44:09.531-0700] {processor.py:208} INFO - Processing /Users/jingwenxu/anaconda3/lib/python3.11/site-packages/airflow/example_dags/example_dynamic_task_mapping_with_no_taskflow_operators.py took 0.102 seconds
[2025-03-24T16:47:27.005-0700] {processor.py:186} INFO - Started process (PID=5592) to work on /Users/jingwenxu/anaconda3/lib/python3.11/site-packages/airflow/example_dags/example_dynamic_task_mapping_with_no_taskflow_operators.py
[2025-03-24T16:47:27.006-0700] {processor.py:914} INFO - Processing file /Users/jingwenxu/anaconda3/lib/python3.11/site-packages/airflow/example_dags/example_dynamic_task_mapping_with_no_taskflow_operators.py for tasks to queue
[2025-03-24T16:47:27.006-0700] {logging_mixin.py:190} INFO - [2025-03-24T16:47:27.006-0700] {dagbag.py:588} INFO - Filling up the DagBag from /Users/jingwenxu/anaconda3/lib/python3.11/site-packages/airflow/example_dags/example_dynamic_task_mapping_with_no_taskflow_operators.py
[2025-03-24T16:47:27.011-0700] {processor.py:925} INFO - DAG(s) 'example_dynamic_task_mapping_with_no_taskflow_operators' retrieved from /Users/jingwenxu/anaconda3/lib/python3.11/site-packages/airflow/example_dags/example_dynamic_task_mapping_with_no_taskflow_operators.py
[2025-03-24T16:47:27.054-0700] {logging_mixin.py:190} INFO - [2025-03-24T16:47:27.054-0700] {dag.py:3239} INFO - Sync 1 DAGs
[2025-03-24T16:47:27.059-0700] {logging_mixin.py:190} INFO - [2025-03-24T16:47:27.059-0700] {dag.py:4180} INFO - Setting next_dagrun for example_dynamic_task_mapping_with_no_taskflow_operators to None, run_after=None
[2025-03-24T16:47:27.067-0700] {processor.py:208} INFO - Processing /Users/jingwenxu/anaconda3/lib/python3.11/site-packages/airflow/example_dags/example_dynamic_task_mapping_with_no_taskflow_operators.py took 0.065 seconds
[2025-03-24T16:50:47.557-0700] {processor.py:186} INFO - Started process (PID=6305) to work on /Users/jingwenxu/anaconda3/lib/python3.11/site-packages/airflow/example_dags/example_dynamic_task_mapping_with_no_taskflow_operators.py
[2025-03-24T16:50:47.558-0700] {processor.py:914} INFO - Processing file /Users/jingwenxu/anaconda3/lib/python3.11/site-packages/airflow/example_dags/example_dynamic_task_mapping_with_no_taskflow_operators.py for tasks to queue
[2025-03-24T16:50:47.559-0700] {logging_mixin.py:190} INFO - [2025-03-24T16:50:47.559-0700] {dagbag.py:588} INFO - Filling up the DagBag from /Users/jingwenxu/anaconda3/lib/python3.11/site-packages/airflow/example_dags/example_dynamic_task_mapping_with_no_taskflow_operators.py
[2025-03-24T16:50:47.563-0700] {processor.py:925} INFO - DAG(s) 'example_dynamic_task_mapping_with_no_taskflow_operators' retrieved from /Users/jingwenxu/anaconda3/lib/python3.11/site-packages/airflow/example_dags/example_dynamic_task_mapping_with_no_taskflow_operators.py
[2025-03-24T16:50:47.606-0700] {logging_mixin.py:190} INFO - [2025-03-24T16:50:47.606-0700] {dag.py:3239} INFO - Sync 1 DAGs
[2025-03-24T16:50:47.611-0700] {logging_mixin.py:190} INFO - [2025-03-24T16:50:47.611-0700] {dag.py:4180} INFO - Setting next_dagrun for example_dynamic_task_mapping_with_no_taskflow_operators to None, run_after=None
[2025-03-24T16:50:47.619-0700] {processor.py:208} INFO - Processing /Users/jingwenxu/anaconda3/lib/python3.11/site-packages/airflow/example_dags/example_dynamic_task_mapping_with_no_taskflow_operators.py took 0.064 seconds
