[2025-03-24T16:35:48.823-0700] {processor.py:186} INFO - Started process (PID=3114) to work on /Users/jingwenxu/anaconda3/lib/python3.11/site-packages/airflow/example_dags/example_branch_operator_decorator.py
[2025-03-24T16:35:48.823-0700] {processor.py:914} INFO - Processing file /Users/jingwenxu/anaconda3/lib/python3.11/site-packages/airflow/example_dags/example_branch_operator_decorator.py for tasks to queue
[2025-03-24T16:35:48.824-0700] {logging_mixin.py:190} INFO - [2025-03-24T16:35:48.824-0700] {dagbag.py:588} INFO - Filling up the DagBag from /Users/jingwenxu/anaconda3/lib/python3.11/site-packages/airflow/example_dags/example_branch_operator_decorator.py
[2025-03-24T16:35:48.851-0700] {processor.py:925} INFO - DAG(s) 'example_branch_python_operator_decorator' retrieved from /Users/jingwenxu/anaconda3/lib/python3.11/site-packages/airflow/example_dags/example_branch_operator_decorator.py
[2025-03-24T16:35:48.949-0700] {logging_mixin.py:190} INFO - [2025-03-24T16:35:48.948-0700] {override.py:1930} INFO - Created Permission View: can delete on DAG:example_branch_python_operator_decorator
[2025-03-24T16:35:48.953-0700] {logging_mixin.py:190} INFO - [2025-03-24T16:35:48.953-0700] {override.py:1930} INFO - Created Permission View: can read on DAG:example_branch_python_operator_decorator
[2025-03-24T16:35:48.956-0700] {logging_mixin.py:190} INFO - [2025-03-24T16:35:48.956-0700] {override.py:1930} INFO - Created Permission View: can edit on DAG:example_branch_python_operator_decorator
[2025-03-24T16:35:48.960-0700] {logging_mixin.py:190} INFO - [2025-03-24T16:35:48.960-0700] {override.py:1930} INFO - Created Permission View: can delete on DAG Run:example_branch_python_operator_decorator
[2025-03-24T16:35:48.963-0700] {logging_mixin.py:190} INFO - [2025-03-24T16:35:48.963-0700] {override.py:1930} INFO - Created Permission View: menu access on DAG Run:example_branch_python_operator_decorator
[2025-03-24T16:35:48.965-0700] {logging_mixin.py:190} INFO - [2025-03-24T16:35:48.965-0700] {override.py:1930} INFO - Created Permission View: can read on DAG Run:example_branch_python_operator_decorator
[2025-03-24T16:35:48.968-0700] {logging_mixin.py:190} INFO - [2025-03-24T16:35:48.968-0700] {override.py:1930} INFO - Created Permission View: can create on DAG Run:example_branch_python_operator_decorator
[2025-03-24T16:35:48.968-0700] {logging_mixin.py:190} INFO - [2025-03-24T16:35:48.968-0700] {dag.py:3239} INFO - Sync 1 DAGs
[2025-03-24T16:35:48.974-0700] {logging_mixin.py:190} INFO - [2025-03-24T16:35:48.974-0700] {dag.py:3262} INFO - Creating ORM DAG for example_branch_python_operator_decorator
[2025-03-24T16:35:48.978-0700] {logging_mixin.py:190} INFO - [2025-03-24T16:35:48.978-0700] {dag.py:4180} INFO - Setting next_dagrun for example_branch_python_operator_decorator to 2025-03-23 00:00:00+00:00, run_after=2025-03-24 00:00:00+00:00
[2025-03-24T16:35:48.986-0700] {processor.py:208} INFO - Processing /Users/jingwenxu/anaconda3/lib/python3.11/site-packages/airflow/example_dags/example_branch_operator_decorator.py took 0.165 seconds
[2025-03-24T16:39:04.388-0700] {processor.py:186} INFO - Started process (PID=3815) to work on /Users/jingwenxu/anaconda3/lib/python3.11/site-packages/airflow/example_dags/example_branch_operator_decorator.py
[2025-03-24T16:39:04.390-0700] {processor.py:914} INFO - Processing file /Users/jingwenxu/anaconda3/lib/python3.11/site-packages/airflow/example_dags/example_branch_operator_decorator.py for tasks to queue
[2025-03-24T16:39:04.390-0700] {logging_mixin.py:190} INFO - [2025-03-24T16:39:04.390-0700] {dagbag.py:588} INFO - Filling up the DagBag from /Users/jingwenxu/anaconda3/lib/python3.11/site-packages/airflow/example_dags/example_branch_operator_decorator.py
[2025-03-24T16:39:04.414-0700] {processor.py:925} INFO - DAG(s) 'example_branch_python_operator_decorator' retrieved from /Users/jingwenxu/anaconda3/lib/python3.11/site-packages/airflow/example_dags/example_branch_operator_decorator.py
[2025-03-24T16:39:04.500-0700] {logging_mixin.py:190} INFO - [2025-03-24T16:39:04.500-0700] {dag.py:3239} INFO - Sync 1 DAGs
[2025-03-24T16:39:04.508-0700] {logging_mixin.py:190} INFO - [2025-03-24T16:39:04.508-0700] {dag.py:4180} INFO - Setting next_dagrun for example_branch_python_operator_decorator to 2025-03-23 00:00:00+00:00, run_after=2025-03-24 00:00:00+00:00
[2025-03-24T16:39:04.517-0700] {processor.py:208} INFO - Processing /Users/jingwenxu/anaconda3/lib/python3.11/site-packages/airflow/example_dags/example_branch_operator_decorator.py took 0.130 seconds
[2025-03-24T16:42:18.646-0700] {processor.py:186} INFO - Started process (PID=4535) to work on /Users/jingwenxu/anaconda3/lib/python3.11/site-packages/airflow/example_dags/example_branch_operator_decorator.py
[2025-03-24T16:42:18.647-0700] {processor.py:914} INFO - Processing file /Users/jingwenxu/anaconda3/lib/python3.11/site-packages/airflow/example_dags/example_branch_operator_decorator.py for tasks to queue
[2025-03-24T16:42:18.648-0700] {logging_mixin.py:190} INFO - [2025-03-24T16:42:18.647-0700] {dagbag.py:588} INFO - Filling up the DagBag from /Users/jingwenxu/anaconda3/lib/python3.11/site-packages/airflow/example_dags/example_branch_operator_decorator.py
[2025-03-24T16:42:18.672-0700] {processor.py:925} INFO - DAG(s) 'example_branch_python_operator_decorator' retrieved from /Users/jingwenxu/anaconda3/lib/python3.11/site-packages/airflow/example_dags/example_branch_operator_decorator.py
[2025-03-24T16:42:18.756-0700] {logging_mixin.py:190} INFO - [2025-03-24T16:42:18.756-0700] {dag.py:3239} INFO - Sync 1 DAGs
[2025-03-24T16:42:18.764-0700] {logging_mixin.py:190} INFO - [2025-03-24T16:42:18.764-0700] {dag.py:4180} INFO - Setting next_dagrun for example_branch_python_operator_decorator to 2025-03-23 00:00:00+00:00, run_after=2025-03-24 00:00:00+00:00
[2025-03-24T16:42:18.773-0700] {processor.py:208} INFO - Processing /Users/jingwenxu/anaconda3/lib/python3.11/site-packages/airflow/example_dags/example_branch_operator_decorator.py took 0.129 seconds
[2025-03-24T16:45:42.019-0700] {processor.py:186} INFO - Started process (PID=5228) to work on /Users/jingwenxu/anaconda3/lib/python3.11/site-packages/airflow/example_dags/example_branch_operator_decorator.py
[2025-03-24T16:45:42.020-0700] {processor.py:914} INFO - Processing file /Users/jingwenxu/anaconda3/lib/python3.11/site-packages/airflow/example_dags/example_branch_operator_decorator.py for tasks to queue
[2025-03-24T16:45:42.021-0700] {logging_mixin.py:190} INFO - [2025-03-24T16:45:42.021-0700] {dagbag.py:588} INFO - Filling up the DagBag from /Users/jingwenxu/anaconda3/lib/python3.11/site-packages/airflow/example_dags/example_branch_operator_decorator.py
[2025-03-24T16:45:42.046-0700] {processor.py:925} INFO - DAG(s) 'example_branch_python_operator_decorator' retrieved from /Users/jingwenxu/anaconda3/lib/python3.11/site-packages/airflow/example_dags/example_branch_operator_decorator.py
[2025-03-24T16:45:42.149-0700] {logging_mixin.py:190} INFO - [2025-03-24T16:45:42.149-0700] {dag.py:3239} INFO - Sync 1 DAGs
[2025-03-24T16:45:42.157-0700] {logging_mixin.py:190} INFO - [2025-03-24T16:45:42.157-0700] {dag.py:4180} INFO - Setting next_dagrun for example_branch_python_operator_decorator to 2025-03-23 00:00:00+00:00, run_after=2025-03-24 00:00:00+00:00
[2025-03-24T16:45:42.166-0700] {processor.py:208} INFO - Processing /Users/jingwenxu/anaconda3/lib/python3.11/site-packages/airflow/example_dags/example_branch_operator_decorator.py took 0.149 seconds
[2025-03-24T16:48:58.226-0700] {processor.py:186} INFO - Started process (PID=5917) to work on /Users/jingwenxu/anaconda3/lib/python3.11/site-packages/airflow/example_dags/example_branch_operator_decorator.py
[2025-03-24T16:48:58.227-0700] {processor.py:914} INFO - Processing file /Users/jingwenxu/anaconda3/lib/python3.11/site-packages/airflow/example_dags/example_branch_operator_decorator.py for tasks to queue
[2025-03-24T16:48:58.228-0700] {logging_mixin.py:190} INFO - [2025-03-24T16:48:58.228-0700] {dagbag.py:588} INFO - Filling up the DagBag from /Users/jingwenxu/anaconda3/lib/python3.11/site-packages/airflow/example_dags/example_branch_operator_decorator.py
[2025-03-24T16:48:58.254-0700] {processor.py:925} INFO - DAG(s) 'example_branch_python_operator_decorator' retrieved from /Users/jingwenxu/anaconda3/lib/python3.11/site-packages/airflow/example_dags/example_branch_operator_decorator.py
[2025-03-24T16:48:58.387-0700] {logging_mixin.py:190} INFO - [2025-03-24T16:48:58.386-0700] {dag.py:3239} INFO - Sync 1 DAGs
[2025-03-24T16:48:58.395-0700] {logging_mixin.py:190} INFO - [2025-03-24T16:48:58.395-0700] {dag.py:4180} INFO - Setting next_dagrun for example_branch_python_operator_decorator to 2025-03-23 00:00:00+00:00, run_after=2025-03-24 00:00:00+00:00
[2025-03-24T16:48:58.405-0700] {processor.py:208} INFO - Processing /Users/jingwenxu/anaconda3/lib/python3.11/site-packages/airflow/example_dags/example_branch_operator_decorator.py took 0.180 seconds
[2025-03-24T16:52:18.565-0700] {processor.py:186} INFO - Started process (PID=6602) to work on /Users/jingwenxu/anaconda3/lib/python3.11/site-packages/airflow/example_dags/example_branch_operator_decorator.py
[2025-03-24T16:52:18.566-0700] {processor.py:914} INFO - Processing file /Users/jingwenxu/anaconda3/lib/python3.11/site-packages/airflow/example_dags/example_branch_operator_decorator.py for tasks to queue
[2025-03-24T16:52:18.567-0700] {logging_mixin.py:190} INFO - [2025-03-24T16:52:18.567-0700] {dagbag.py:588} INFO - Filling up the DagBag from /Users/jingwenxu/anaconda3/lib/python3.11/site-packages/airflow/example_dags/example_branch_operator_decorator.py
[2025-03-24T16:52:18.591-0700] {processor.py:925} INFO - DAG(s) 'example_branch_python_operator_decorator' retrieved from /Users/jingwenxu/anaconda3/lib/python3.11/site-packages/airflow/example_dags/example_branch_operator_decorator.py
[2025-03-24T16:52:18.680-0700] {logging_mixin.py:190} INFO - [2025-03-24T16:52:18.679-0700] {dag.py:3239} INFO - Sync 1 DAGs
[2025-03-24T16:52:18.687-0700] {logging_mixin.py:190} INFO - [2025-03-24T16:52:18.687-0700] {dag.py:4180} INFO - Setting next_dagrun for example_branch_python_operator_decorator to 2025-03-23 00:00:00+00:00, run_after=2025-03-24 00:00:00+00:00
[2025-03-24T16:52:18.696-0700] {processor.py:208} INFO - Processing /Users/jingwenxu/anaconda3/lib/python3.11/site-packages/airflow/example_dags/example_branch_operator_decorator.py took 0.133 seconds
