[2025-03-24T16:34:28.842-0700] {processor.py:186} INFO - Started process (PID=2838) to work on /Users/jingwenxu/anaconda3/lib/python3.11/site-packages/airflow/example_dags/example_task_group_decorator.py
[2025-03-24T16:34:28.842-0700] {processor.py:914} INFO - Processing file /Users/jingwenxu/anaconda3/lib/python3.11/site-packages/airflow/example_dags/example_task_group_decorator.py for tasks to queue
[2025-03-24T16:34:28.843-0700] {logging_mixin.py:190} INFO - [2025-03-24T16:34:28.843-0700] {dagbag.py:588} INFO - Filling up the DagBag from /Users/jingwenxu/anaconda3/lib/python3.11/site-packages/airflow/example_dags/example_task_group_decorator.py
[2025-03-24T16:34:28.866-0700] {processor.py:925} INFO - DAG(s) 'example_task_group_decorator' retrieved from /Users/jingwenxu/anaconda3/lib/python3.11/site-packages/airflow/example_dags/example_task_group_decorator.py
[2025-03-24T16:34:28.955-0700] {logging_mixin.py:190} INFO - [2025-03-24T16:34:28.955-0700] {override.py:1930} INFO - Created Permission View: can edit on DAG:example_task_group_decorator
[2025-03-24T16:34:28.959-0700] {logging_mixin.py:190} INFO - [2025-03-24T16:34:28.959-0700] {override.py:1930} INFO - Created Permission View: can delete on DAG:example_task_group_decorator
[2025-03-24T16:34:28.961-0700] {logging_mixin.py:190} INFO - [2025-03-24T16:34:28.961-0700] {override.py:1930} INFO - Created Permission View: can read on DAG:example_task_group_decorator
[2025-03-24T16:34:28.965-0700] {logging_mixin.py:190} INFO - [2025-03-24T16:34:28.965-0700] {override.py:1930} INFO - Created Permission View: can create on DAG Run:example_task_group_decorator
[2025-03-24T16:34:28.967-0700] {logging_mixin.py:190} INFO - [2025-03-24T16:34:28.967-0700] {override.py:1930} INFO - Created Permission View: can delete on DAG Run:example_task_group_decorator
[2025-03-24T16:34:28.969-0700] {logging_mixin.py:190} INFO - [2025-03-24T16:34:28.969-0700] {override.py:1930} INFO - Created Permission View: menu access on DAG Run:example_task_group_decorator
[2025-03-24T16:34:28.971-0700] {logging_mixin.py:190} INFO - [2025-03-24T16:34:28.971-0700] {override.py:1930} INFO - Created Permission View: can read on DAG Run:example_task_group_decorator
[2025-03-24T16:34:28.972-0700] {logging_mixin.py:190} INFO - [2025-03-24T16:34:28.972-0700] {dag.py:3239} INFO - Sync 1 DAGs
[2025-03-24T16:34:28.976-0700] {logging_mixin.py:190} INFO - [2025-03-24T16:34:28.976-0700] {dag.py:3262} INFO - Creating ORM DAG for example_task_group_decorator
[2025-03-24T16:34:28.977-0700] {logging_mixin.py:190} INFO - [2025-03-24T16:34:28.977-0700] {dag.py:4180} INFO - Setting next_dagrun for example_task_group_decorator to None, run_after=None
[2025-03-24T16:34:28.983-0700] {processor.py:208} INFO - Processing /Users/jingwenxu/anaconda3/lib/python3.11/site-packages/airflow/example_dags/example_task_group_decorator.py took 0.143 seconds
[2025-03-24T16:36:42.770-0700] {processor.py:186} INFO - Started process (PID=3318) to work on /Users/jingwenxu/anaconda3/lib/python3.11/site-packages/airflow/example_dags/example_task_group_decorator.py
[2025-03-24T16:36:42.772-0700] {processor.py:914} INFO - Processing file /Users/jingwenxu/anaconda3/lib/python3.11/site-packages/airflow/example_dags/example_task_group_decorator.py for tasks to queue
[2025-03-24T16:36:42.773-0700] {logging_mixin.py:190} INFO - [2025-03-24T16:36:42.772-0700] {dagbag.py:588} INFO - Filling up the DagBag from /Users/jingwenxu/anaconda3/lib/python3.11/site-packages/airflow/example_dags/example_task_group_decorator.py
[2025-03-24T16:36:42.795-0700] {processor.py:925} INFO - DAG(s) 'example_task_group_decorator' retrieved from /Users/jingwenxu/anaconda3/lib/python3.11/site-packages/airflow/example_dags/example_task_group_decorator.py
[2025-03-24T16:36:42.845-0700] {logging_mixin.py:190} INFO - [2025-03-24T16:36:42.845-0700] {dag.py:3239} INFO - Sync 1 DAGs
[2025-03-24T16:36:42.850-0700] {logging_mixin.py:190} INFO - [2025-03-24T16:36:42.850-0700] {dag.py:4180} INFO - Setting next_dagrun for example_task_group_decorator to None, run_after=None
[2025-03-24T16:36:42.860-0700] {processor.py:208} INFO - Processing /Users/jingwenxu/anaconda3/lib/python3.11/site-packages/airflow/example_dags/example_task_group_decorator.py took 0.092 seconds
[2025-03-24T16:38:22.116-0700] {processor.py:186} INFO - Started process (PID=3651) to work on /Users/jingwenxu/anaconda3/lib/python3.11/site-packages/airflow/example_dags/example_task_group_decorator.py
[2025-03-24T16:38:22.116-0700] {processor.py:914} INFO - Processing file /Users/jingwenxu/anaconda3/lib/python3.11/site-packages/airflow/example_dags/example_task_group_decorator.py for tasks to queue
[2025-03-24T16:38:22.117-0700] {logging_mixin.py:190} INFO - [2025-03-24T16:38:22.117-0700] {dagbag.py:588} INFO - Filling up the DagBag from /Users/jingwenxu/anaconda3/lib/python3.11/site-packages/airflow/example_dags/example_task_group_decorator.py
[2025-03-24T16:38:22.140-0700] {processor.py:925} INFO - DAG(s) 'example_task_group_decorator' retrieved from /Users/jingwenxu/anaconda3/lib/python3.11/site-packages/airflow/example_dags/example_task_group_decorator.py
[2025-03-24T16:38:22.197-0700] {logging_mixin.py:190} INFO - [2025-03-24T16:38:22.197-0700] {dag.py:3239} INFO - Sync 1 DAGs
[2025-03-24T16:38:22.203-0700] {logging_mixin.py:190} INFO - [2025-03-24T16:38:22.203-0700] {dag.py:4180} INFO - Setting next_dagrun for example_task_group_decorator to None, run_after=None
[2025-03-24T16:38:22.213-0700] {processor.py:208} INFO - Processing /Users/jingwenxu/anaconda3/lib/python3.11/site-packages/airflow/example_dags/example_task_group_decorator.py took 0.099 seconds
[2025-03-24T16:39:59.010-0700] {processor.py:186} INFO - Started process (PID=4025) to work on /Users/jingwenxu/anaconda3/lib/python3.11/site-packages/airflow/example_dags/example_task_group_decorator.py
[2025-03-24T16:39:59.011-0700] {processor.py:914} INFO - Processing file /Users/jingwenxu/anaconda3/lib/python3.11/site-packages/airflow/example_dags/example_task_group_decorator.py for tasks to queue
[2025-03-24T16:39:59.012-0700] {logging_mixin.py:190} INFO - [2025-03-24T16:39:59.012-0700] {dagbag.py:588} INFO - Filling up the DagBag from /Users/jingwenxu/anaconda3/lib/python3.11/site-packages/airflow/example_dags/example_task_group_decorator.py
[2025-03-24T16:39:59.036-0700] {processor.py:925} INFO - DAG(s) 'example_task_group_decorator' retrieved from /Users/jingwenxu/anaconda3/lib/python3.11/site-packages/airflow/example_dags/example_task_group_decorator.py
[2025-03-24T16:39:59.088-0700] {logging_mixin.py:190} INFO - [2025-03-24T16:39:59.088-0700] {dag.py:3239} INFO - Sync 1 DAGs
[2025-03-24T16:39:59.093-0700] {logging_mixin.py:190} INFO - [2025-03-24T16:39:59.092-0700] {dag.py:4180} INFO - Setting next_dagrun for example_task_group_decorator to None, run_after=None
[2025-03-24T16:39:59.108-0700] {processor.py:208} INFO - Processing /Users/jingwenxu/anaconda3/lib/python3.11/site-packages/airflow/example_dags/example_task_group_decorator.py took 0.099 seconds
[2025-03-24T16:41:36.338-0700] {processor.py:186} INFO - Started process (PID=4396) to work on /Users/jingwenxu/anaconda3/lib/python3.11/site-packages/airflow/example_dags/example_task_group_decorator.py
[2025-03-24T16:41:36.339-0700] {processor.py:914} INFO - Processing file /Users/jingwenxu/anaconda3/lib/python3.11/site-packages/airflow/example_dags/example_task_group_decorator.py for tasks to queue
[2025-03-24T16:41:36.340-0700] {logging_mixin.py:190} INFO - [2025-03-24T16:41:36.340-0700] {dagbag.py:588} INFO - Filling up the DagBag from /Users/jingwenxu/anaconda3/lib/python3.11/site-packages/airflow/example_dags/example_task_group_decorator.py
[2025-03-24T16:41:36.365-0700] {processor.py:925} INFO - DAG(s) 'example_task_group_decorator' retrieved from /Users/jingwenxu/anaconda3/lib/python3.11/site-packages/airflow/example_dags/example_task_group_decorator.py
[2025-03-24T16:41:36.416-0700] {logging_mixin.py:190} INFO - [2025-03-24T16:41:36.416-0700] {dag.py:3239} INFO - Sync 1 DAGs
[2025-03-24T16:41:36.421-0700] {logging_mixin.py:190} INFO - [2025-03-24T16:41:36.421-0700] {dag.py:4180} INFO - Setting next_dagrun for example_task_group_decorator to None, run_after=None
[2025-03-24T16:41:36.431-0700] {processor.py:208} INFO - Processing /Users/jingwenxu/anaconda3/lib/python3.11/site-packages/airflow/example_dags/example_task_group_decorator.py took 0.095 seconds
[2025-03-24T16:43:17.014-0700] {processor.py:186} INFO - Started process (PID=4747) to work on /Users/jingwenxu/anaconda3/lib/python3.11/site-packages/airflow/example_dags/example_task_group_decorator.py
[2025-03-24T16:43:17.015-0700] {processor.py:914} INFO - Processing file /Users/jingwenxu/anaconda3/lib/python3.11/site-packages/airflow/example_dags/example_task_group_decorator.py for tasks to queue
[2025-03-24T16:43:17.016-0700] {logging_mixin.py:190} INFO - [2025-03-24T16:43:17.016-0700] {dagbag.py:588} INFO - Filling up the DagBag from /Users/jingwenxu/anaconda3/lib/python3.11/site-packages/airflow/example_dags/example_task_group_decorator.py
[2025-03-24T16:43:17.040-0700] {processor.py:925} INFO - DAG(s) 'example_task_group_decorator' retrieved from /Users/jingwenxu/anaconda3/lib/python3.11/site-packages/airflow/example_dags/example_task_group_decorator.py
[2025-03-24T16:43:17.088-0700] {logging_mixin.py:190} INFO - [2025-03-24T16:43:17.088-0700] {dag.py:3239} INFO - Sync 1 DAGs
[2025-03-24T16:43:17.094-0700] {logging_mixin.py:190} INFO - [2025-03-24T16:43:17.093-0700] {dag.py:4180} INFO - Setting next_dagrun for example_task_group_decorator to None, run_after=None
[2025-03-24T16:43:17.104-0700] {processor.py:208} INFO - Processing /Users/jingwenxu/anaconda3/lib/python3.11/site-packages/airflow/example_dags/example_task_group_decorator.py took 0.092 seconds
[2025-03-24T16:44:56.178-0700] {processor.py:186} INFO - Started process (PID=5067) to work on /Users/jingwenxu/anaconda3/lib/python3.11/site-packages/airflow/example_dags/example_task_group_decorator.py
[2025-03-24T16:44:56.179-0700] {processor.py:914} INFO - Processing file /Users/jingwenxu/anaconda3/lib/python3.11/site-packages/airflow/example_dags/example_task_group_decorator.py for tasks to queue
[2025-03-24T16:44:56.180-0700] {logging_mixin.py:190} INFO - [2025-03-24T16:44:56.179-0700] {dagbag.py:588} INFO - Filling up the DagBag from /Users/jingwenxu/anaconda3/lib/python3.11/site-packages/airflow/example_dags/example_task_group_decorator.py
[2025-03-24T16:44:56.202-0700] {processor.py:925} INFO - DAG(s) 'example_task_group_decorator' retrieved from /Users/jingwenxu/anaconda3/lib/python3.11/site-packages/airflow/example_dags/example_task_group_decorator.py
[2025-03-24T16:44:56.246-0700] {logging_mixin.py:190} INFO - [2025-03-24T16:44:56.245-0700] {dag.py:3239} INFO - Sync 1 DAGs
[2025-03-24T16:44:56.250-0700] {logging_mixin.py:190} INFO - [2025-03-24T16:44:56.250-0700] {dag.py:4180} INFO - Setting next_dagrun for example_task_group_decorator to None, run_after=None
[2025-03-24T16:44:56.259-0700] {processor.py:208} INFO - Processing /Users/jingwenxu/anaconda3/lib/python3.11/site-packages/airflow/example_dags/example_task_group_decorator.py took 0.083 seconds
[2025-03-24T16:46:35.960-0700] {processor.py:186} INFO - Started process (PID=5423) to work on /Users/jingwenxu/anaconda3/lib/python3.11/site-packages/airflow/example_dags/example_task_group_decorator.py
[2025-03-24T16:46:35.961-0700] {processor.py:914} INFO - Processing file /Users/jingwenxu/anaconda3/lib/python3.11/site-packages/airflow/example_dags/example_task_group_decorator.py for tasks to queue
[2025-03-24T16:46:35.961-0700] {logging_mixin.py:190} INFO - [2025-03-24T16:46:35.961-0700] {dagbag.py:588} INFO - Filling up the DagBag from /Users/jingwenxu/anaconda3/lib/python3.11/site-packages/airflow/example_dags/example_task_group_decorator.py
[2025-03-24T16:46:35.984-0700] {processor.py:925} INFO - DAG(s) 'example_task_group_decorator' retrieved from /Users/jingwenxu/anaconda3/lib/python3.11/site-packages/airflow/example_dags/example_task_group_decorator.py
[2025-03-24T16:46:36.033-0700] {logging_mixin.py:190} INFO - [2025-03-24T16:46:36.033-0700] {dag.py:3239} INFO - Sync 1 DAGs
[2025-03-24T16:46:36.038-0700] {logging_mixin.py:190} INFO - [2025-03-24T16:46:36.038-0700] {dag.py:4180} INFO - Setting next_dagrun for example_task_group_decorator to None, run_after=None
[2025-03-24T16:46:36.049-0700] {processor.py:208} INFO - Processing /Users/jingwenxu/anaconda3/lib/python3.11/site-packages/airflow/example_dags/example_task_group_decorator.py took 0.091 seconds
[2025-03-24T16:48:14.761-0700] {processor.py:186} INFO - Started process (PID=5751) to work on /Users/jingwenxu/anaconda3/lib/python3.11/site-packages/airflow/example_dags/example_task_group_decorator.py
[2025-03-24T16:48:14.762-0700] {processor.py:914} INFO - Processing file /Users/jingwenxu/anaconda3/lib/python3.11/site-packages/airflow/example_dags/example_task_group_decorator.py for tasks to queue
[2025-03-24T16:48:14.763-0700] {logging_mixin.py:190} INFO - [2025-03-24T16:48:14.762-0700] {dagbag.py:588} INFO - Filling up the DagBag from /Users/jingwenxu/anaconda3/lib/python3.11/site-packages/airflow/example_dags/example_task_group_decorator.py
[2025-03-24T16:48:14.785-0700] {processor.py:925} INFO - DAG(s) 'example_task_group_decorator' retrieved from /Users/jingwenxu/anaconda3/lib/python3.11/site-packages/airflow/example_dags/example_task_group_decorator.py
[2025-03-24T16:48:14.834-0700] {logging_mixin.py:190} INFO - [2025-03-24T16:48:14.834-0700] {dag.py:3239} INFO - Sync 1 DAGs
[2025-03-24T16:48:14.839-0700] {logging_mixin.py:190} INFO - [2025-03-24T16:48:14.839-0700] {dag.py:4180} INFO - Setting next_dagrun for example_task_group_decorator to None, run_after=None
[2025-03-24T16:48:14.849-0700] {processor.py:208} INFO - Processing /Users/jingwenxu/anaconda3/lib/python3.11/site-packages/airflow/example_dags/example_task_group_decorator.py took 0.090 seconds
[2025-03-24T16:49:53.969-0700] {processor.py:186} INFO - Started process (PID=6126) to work on /Users/jingwenxu/anaconda3/lib/python3.11/site-packages/airflow/example_dags/example_task_group_decorator.py
[2025-03-24T16:49:53.970-0700] {processor.py:914} INFO - Processing file /Users/jingwenxu/anaconda3/lib/python3.11/site-packages/airflow/example_dags/example_task_group_decorator.py for tasks to queue
[2025-03-24T16:49:53.971-0700] {logging_mixin.py:190} INFO - [2025-03-24T16:49:53.971-0700] {dagbag.py:588} INFO - Filling up the DagBag from /Users/jingwenxu/anaconda3/lib/python3.11/site-packages/airflow/example_dags/example_task_group_decorator.py
[2025-03-24T16:49:53.994-0700] {processor.py:925} INFO - DAG(s) 'example_task_group_decorator' retrieved from /Users/jingwenxu/anaconda3/lib/python3.11/site-packages/airflow/example_dags/example_task_group_decorator.py
[2025-03-24T16:49:54.041-0700] {logging_mixin.py:190} INFO - [2025-03-24T16:49:54.041-0700] {dag.py:3239} INFO - Sync 1 DAGs
[2025-03-24T16:49:54.046-0700] {logging_mixin.py:190} INFO - [2025-03-24T16:49:54.046-0700] {dag.py:4180} INFO - Setting next_dagrun for example_task_group_decorator to None, run_after=None
[2025-03-24T16:49:54.056-0700] {processor.py:208} INFO - Processing /Users/jingwenxu/anaconda3/lib/python3.11/site-packages/airflow/example_dags/example_task_group_decorator.py took 0.089 seconds
[2025-03-24T16:51:34.181-0700] {processor.py:186} INFO - Started process (PID=6459) to work on /Users/jingwenxu/anaconda3/lib/python3.11/site-packages/airflow/example_dags/example_task_group_decorator.py
[2025-03-24T16:51:34.181-0700] {processor.py:914} INFO - Processing file /Users/jingwenxu/anaconda3/lib/python3.11/site-packages/airflow/example_dags/example_task_group_decorator.py for tasks to queue
[2025-03-24T16:51:34.182-0700] {logging_mixin.py:190} INFO - [2025-03-24T16:51:34.182-0700] {dagbag.py:588} INFO - Filling up the DagBag from /Users/jingwenxu/anaconda3/lib/python3.11/site-packages/airflow/example_dags/example_task_group_decorator.py
[2025-03-24T16:51:34.205-0700] {processor.py:925} INFO - DAG(s) 'example_task_group_decorator' retrieved from /Users/jingwenxu/anaconda3/lib/python3.11/site-packages/airflow/example_dags/example_task_group_decorator.py
[2025-03-24T16:51:34.255-0700] {logging_mixin.py:190} INFO - [2025-03-24T16:51:34.255-0700] {dag.py:3239} INFO - Sync 1 DAGs
[2025-03-24T16:51:34.260-0700] {logging_mixin.py:190} INFO - [2025-03-24T16:51:34.260-0700] {dag.py:4180} INFO - Setting next_dagrun for example_task_group_decorator to None, run_after=None
[2025-03-24T16:51:34.270-0700] {processor.py:208} INFO - Processing /Users/jingwenxu/anaconda3/lib/python3.11/site-packages/airflow/example_dags/example_task_group_decorator.py took 0.091 seconds
[2025-03-24T16:53:12.088-0700] {processor.py:186} INFO - Started process (PID=6780) to work on /Users/jingwenxu/anaconda3/lib/python3.11/site-packages/airflow/example_dags/example_task_group_decorator.py
[2025-03-24T16:53:12.088-0700] {processor.py:914} INFO - Processing file /Users/jingwenxu/anaconda3/lib/python3.11/site-packages/airflow/example_dags/example_task_group_decorator.py for tasks to queue
[2025-03-24T16:53:12.089-0700] {logging_mixin.py:190} INFO - [2025-03-24T16:53:12.089-0700] {dagbag.py:588} INFO - Filling up the DagBag from /Users/jingwenxu/anaconda3/lib/python3.11/site-packages/airflow/example_dags/example_task_group_decorator.py
[2025-03-24T16:53:12.137-0700] {processor.py:925} INFO - DAG(s) 'example_task_group_decorator' retrieved from /Users/jingwenxu/anaconda3/lib/python3.11/site-packages/airflow/example_dags/example_task_group_decorator.py
[2025-03-24T16:53:12.192-0700] {logging_mixin.py:190} INFO - [2025-03-24T16:53:12.192-0700] {dag.py:3239} INFO - Sync 1 DAGs
[2025-03-24T16:53:12.197-0700] {logging_mixin.py:190} INFO - [2025-03-24T16:53:12.197-0700] {dag.py:4180} INFO - Setting next_dagrun for example_task_group_decorator to None, run_after=None
[2025-03-24T16:53:12.206-0700] {processor.py:208} INFO - Processing /Users/jingwenxu/anaconda3/lib/python3.11/site-packages/airflow/example_dags/example_task_group_decorator.py took 0.121 seconds
