[2025-03-24T16:35:15.944-0700] {processor.py:186} INFO - Started process (PID=2998) to work on /Users/jingwenxu/anaconda3/lib/python3.11/site-packages/airflow/example_dags/example_latest_only.py
[2025-03-24T16:35:15.945-0700] {processor.py:914} INFO - Processing file /Users/jingwenxu/anaconda3/lib/python3.11/site-packages/airflow/example_dags/example_latest_only.py for tasks to queue
[2025-03-24T16:35:15.945-0700] {logging_mixin.py:190} INFO - [2025-03-24T16:35:15.945-0700] {dagbag.py:588} INFO - Filling up the DagBag from /Users/jingwenxu/anaconda3/lib/python3.11/site-packages/airflow/example_dags/example_latest_only.py
[2025-03-24T16:35:15.950-0700] {processor.py:925} INFO - DAG(s) 'latest_only' retrieved from /Users/jingwenxu/anaconda3/lib/python3.11/site-packages/airflow/example_dags/example_latest_only.py
[2025-03-24T16:35:16.034-0700] {logging_mixin.py:190} INFO - [2025-03-24T16:35:16.034-0700] {override.py:1930} INFO - Created Permission View: can read on DAG:latest_only
[2025-03-24T16:35:16.038-0700] {logging_mixin.py:190} INFO - [2025-03-24T16:35:16.038-0700] {override.py:1930} INFO - Created Permission View: can edit on DAG:latest_only
[2025-03-24T16:35:16.040-0700] {logging_mixin.py:190} INFO - [2025-03-24T16:35:16.040-0700] {override.py:1930} INFO - Created Permission View: can delete on DAG:latest_only
[2025-03-24T16:35:16.043-0700] {logging_mixin.py:190} INFO - [2025-03-24T16:35:16.043-0700] {override.py:1930} INFO - Created Permission View: can read on DAG Run:latest_only
[2025-03-24T16:35:16.046-0700] {logging_mixin.py:190} INFO - [2025-03-24T16:35:16.045-0700] {override.py:1930} INFO - Created Permission View: can create on DAG Run:latest_only
[2025-03-24T16:35:16.048-0700] {logging_mixin.py:190} INFO - [2025-03-24T16:35:16.048-0700] {override.py:1930} INFO - Created Permission View: menu access on DAG Run:latest_only
[2025-03-24T16:35:16.050-0700] {logging_mixin.py:190} INFO - [2025-03-24T16:35:16.050-0700] {override.py:1930} INFO - Created Permission View: can delete on DAG Run:latest_only
[2025-03-24T16:35:16.050-0700] {logging_mixin.py:190} INFO - [2025-03-24T16:35:16.050-0700] {dag.py:3239} INFO - Sync 1 DAGs
[2025-03-24T16:35:16.055-0700] {logging_mixin.py:190} INFO - [2025-03-24T16:35:16.055-0700] {dag.py:3262} INFO - Creating ORM DAG for latest_only
[2025-03-24T16:35:16.058-0700] {logging_mixin.py:190} INFO - [2025-03-24T16:35:16.058-0700] {dag.py:4180} INFO - Setting next_dagrun for latest_only to 2025-03-24 16:00:00+00:00, run_after=2025-03-24 20:00:00+00:00
[2025-03-24T16:35:16.066-0700] {processor.py:208} INFO - Processing /Users/jingwenxu/anaconda3/lib/python3.11/site-packages/airflow/example_dags/example_latest_only.py took 0.123 seconds
[2025-03-24T16:37:27.087-0700] {processor.py:186} INFO - Started process (PID=3467) to work on /Users/jingwenxu/anaconda3/lib/python3.11/site-packages/airflow/example_dags/example_latest_only.py
[2025-03-24T16:37:27.088-0700] {processor.py:914} INFO - Processing file /Users/jingwenxu/anaconda3/lib/python3.11/site-packages/airflow/example_dags/example_latest_only.py for tasks to queue
[2025-03-24T16:37:27.089-0700] {logging_mixin.py:190} INFO - [2025-03-24T16:37:27.089-0700] {dagbag.py:588} INFO - Filling up the DagBag from /Users/jingwenxu/anaconda3/lib/python3.11/site-packages/airflow/example_dags/example_latest_only.py
[2025-03-24T16:37:27.093-0700] {processor.py:925} INFO - DAG(s) 'latest_only' retrieved from /Users/jingwenxu/anaconda3/lib/python3.11/site-packages/airflow/example_dags/example_latest_only.py
[2025-03-24T16:37:27.136-0700] {logging_mixin.py:190} INFO - [2025-03-24T16:37:27.136-0700] {dag.py:3239} INFO - Sync 1 DAGs
[2025-03-24T16:37:27.145-0700] {logging_mixin.py:190} INFO - [2025-03-24T16:37:27.145-0700] {dag.py:4180} INFO - Setting next_dagrun for latest_only to 2025-03-24 16:00:00+00:00, run_after=2025-03-24 20:00:00+00:00
[2025-03-24T16:37:27.153-0700] {processor.py:208} INFO - Processing /Users/jingwenxu/anaconda3/lib/python3.11/site-packages/airflow/example_dags/example_latest_only.py took 0.068 seconds
[2025-03-24T16:40:40.535-0700] {processor.py:186} INFO - Started process (PID=4208) to work on /Users/jingwenxu/anaconda3/lib/python3.11/site-packages/airflow/example_dags/example_latest_only.py
[2025-03-24T16:40:40.536-0700] {processor.py:914} INFO - Processing file /Users/jingwenxu/anaconda3/lib/python3.11/site-packages/airflow/example_dags/example_latest_only.py for tasks to queue
[2025-03-24T16:40:40.537-0700] {logging_mixin.py:190} INFO - [2025-03-24T16:40:40.537-0700] {dagbag.py:588} INFO - Filling up the DagBag from /Users/jingwenxu/anaconda3/lib/python3.11/site-packages/airflow/example_dags/example_latest_only.py
[2025-03-24T16:40:40.542-0700] {processor.py:925} INFO - DAG(s) 'latest_only' retrieved from /Users/jingwenxu/anaconda3/lib/python3.11/site-packages/airflow/example_dags/example_latest_only.py
[2025-03-24T16:40:40.585-0700] {logging_mixin.py:190} INFO - [2025-03-24T16:40:40.585-0700] {dag.py:3239} INFO - Sync 1 DAGs
[2025-03-24T16:40:40.592-0700] {logging_mixin.py:190} INFO - [2025-03-24T16:40:40.592-0700] {dag.py:4180} INFO - Setting next_dagrun for latest_only to 2025-03-24 16:00:00+00:00, run_after=2025-03-24 20:00:00+00:00
[2025-03-24T16:40:40.601-0700] {processor.py:208} INFO - Processing /Users/jingwenxu/anaconda3/lib/python3.11/site-packages/airflow/example_dags/example_latest_only.py took 0.067 seconds
[2025-03-24T16:43:59.111-0700] {processor.py:186} INFO - Started process (PID=4886) to work on /Users/jingwenxu/anaconda3/lib/python3.11/site-packages/airflow/example_dags/example_latest_only.py
[2025-03-24T16:43:59.112-0700] {processor.py:914} INFO - Processing file /Users/jingwenxu/anaconda3/lib/python3.11/site-packages/airflow/example_dags/example_latest_only.py for tasks to queue
[2025-03-24T16:43:59.113-0700] {logging_mixin.py:190} INFO - [2025-03-24T16:43:59.113-0700] {dagbag.py:588} INFO - Filling up the DagBag from /Users/jingwenxu/anaconda3/lib/python3.11/site-packages/airflow/example_dags/example_latest_only.py
[2025-03-24T16:43:59.118-0700] {processor.py:925} INFO - DAG(s) 'latest_only' retrieved from /Users/jingwenxu/anaconda3/lib/python3.11/site-packages/airflow/example_dags/example_latest_only.py
[2025-03-24T16:43:59.161-0700] {logging_mixin.py:190} INFO - [2025-03-24T16:43:59.161-0700] {dag.py:3239} INFO - Sync 1 DAGs
[2025-03-24T16:43:59.168-0700] {logging_mixin.py:190} INFO - [2025-03-24T16:43:59.168-0700] {dag.py:4180} INFO - Setting next_dagrun for latest_only to 2025-03-24 16:00:00+00:00, run_after=2025-03-24 20:00:00+00:00
[2025-03-24T16:43:59.177-0700] {processor.py:208} INFO - Processing /Users/jingwenxu/anaconda3/lib/python3.11/site-packages/airflow/example_dags/example_latest_only.py took 0.068 seconds
[2025-03-24T16:47:17.710-0700] {processor.py:186} INFO - Started process (PID=5564) to work on /Users/jingwenxu/anaconda3/lib/python3.11/site-packages/airflow/example_dags/example_latest_only.py
[2025-03-24T16:47:17.712-0700] {processor.py:914} INFO - Processing file /Users/jingwenxu/anaconda3/lib/python3.11/site-packages/airflow/example_dags/example_latest_only.py for tasks to queue
[2025-03-24T16:47:17.712-0700] {logging_mixin.py:190} INFO - [2025-03-24T16:47:17.712-0700] {dagbag.py:588} INFO - Filling up the DagBag from /Users/jingwenxu/anaconda3/lib/python3.11/site-packages/airflow/example_dags/example_latest_only.py
[2025-03-24T16:47:17.717-0700] {processor.py:925} INFO - DAG(s) 'latest_only' retrieved from /Users/jingwenxu/anaconda3/lib/python3.11/site-packages/airflow/example_dags/example_latest_only.py
[2025-03-24T16:47:17.760-0700] {logging_mixin.py:190} INFO - [2025-03-24T16:47:17.760-0700] {dag.py:3239} INFO - Sync 1 DAGs
[2025-03-24T16:47:17.768-0700] {logging_mixin.py:190} INFO - [2025-03-24T16:47:17.768-0700] {dag.py:4180} INFO - Setting next_dagrun for latest_only to 2025-03-24 16:00:00+00:00, run_after=2025-03-24 20:00:00+00:00
[2025-03-24T16:47:17.777-0700] {processor.py:208} INFO - Processing /Users/jingwenxu/anaconda3/lib/python3.11/site-packages/airflow/example_dags/example_latest_only.py took 0.068 seconds
[2025-03-24T16:50:37.513-0700] {processor.py:186} INFO - Started process (PID=6277) to work on /Users/jingwenxu/anaconda3/lib/python3.11/site-packages/airflow/example_dags/example_latest_only.py
[2025-03-24T16:50:37.514-0700] {processor.py:914} INFO - Processing file /Users/jingwenxu/anaconda3/lib/python3.11/site-packages/airflow/example_dags/example_latest_only.py for tasks to queue
[2025-03-24T16:50:37.514-0700] {logging_mixin.py:190} INFO - [2025-03-24T16:50:37.514-0700] {dagbag.py:588} INFO - Filling up the DagBag from /Users/jingwenxu/anaconda3/lib/python3.11/site-packages/airflow/example_dags/example_latest_only.py
[2025-03-24T16:50:37.518-0700] {processor.py:925} INFO - DAG(s) 'latest_only' retrieved from /Users/jingwenxu/anaconda3/lib/python3.11/site-packages/airflow/example_dags/example_latest_only.py
[2025-03-24T16:50:37.565-0700] {logging_mixin.py:190} INFO - [2025-03-24T16:50:37.564-0700] {dag.py:3239} INFO - Sync 1 DAGs
[2025-03-24T16:50:37.574-0700] {logging_mixin.py:190} INFO - [2025-03-24T16:50:37.574-0700] {dag.py:4180} INFO - Setting next_dagrun for latest_only to 2025-03-24 16:00:00+00:00, run_after=2025-03-24 20:00:00+00:00
[2025-03-24T16:50:37.582-0700] {processor.py:208} INFO - Processing /Users/jingwenxu/anaconda3/lib/python3.11/site-packages/airflow/example_dags/example_latest_only.py took 0.072 seconds
