[2025-03-24T16:35:22.445-0700] {processor.py:186} INFO - Started process (PID=3019) to work on /Users/jingwenxu/anaconda3/lib/python3.11/site-packages/airflow/example_dags/example_external_task_marker_dag.py
[2025-03-24T16:35:22.446-0700] {processor.py:914} INFO - Processing file /Users/jingwenxu/anaconda3/lib/python3.11/site-packages/airflow/example_dags/example_external_task_marker_dag.py for tasks to queue
[2025-03-24T16:35:22.447-0700] {logging_mixin.py:190} INFO - [2025-03-24T16:35:22.447-0700] {dagbag.py:588} INFO - Filling up the DagBag from /Users/jingwenxu/anaconda3/lib/python3.11/site-packages/airflow/example_dags/example_external_task_marker_dag.py
[2025-03-24T16:35:22.456-0700] {processor.py:925} INFO - DAG(s) 'example_external_task_marker_child', 'example_external_task_marker_parent' retrieved from /Users/jingwenxu/anaconda3/lib/python3.11/site-packages/airflow/example_dags/example_external_task_marker_dag.py
[2025-03-24T16:35:22.722-0700] {logging_mixin.py:190} INFO - [2025-03-24T16:35:22.722-0700] {utils.py:161} INFO - NumExpr defaulting to 10 threads.
[2025-03-24T16:35:22.994-0700] {logging_mixin.py:190} INFO - [2025-03-24T16:35:22.993-0700] {override.py:1930} INFO - Created Permission View: can edit on DAG:example_external_task_marker_child
[2025-03-24T16:35:22.998-0700] {logging_mixin.py:190} INFO - [2025-03-24T16:35:22.997-0700] {override.py:1930} INFO - Created Permission View: can read on DAG:example_external_task_marker_child
[2025-03-24T16:35:23.000-0700] {logging_mixin.py:190} INFO - [2025-03-24T16:35:23.000-0700] {override.py:1930} INFO - Created Permission View: can delete on DAG:example_external_task_marker_child
[2025-03-24T16:35:23.004-0700] {logging_mixin.py:190} INFO - [2025-03-24T16:35:23.004-0700] {override.py:1930} INFO - Created Permission View: can create on DAG Run:example_external_task_marker_child
[2025-03-24T16:35:23.007-0700] {logging_mixin.py:190} INFO - [2025-03-24T16:35:23.007-0700] {override.py:1930} INFO - Created Permission View: can read on DAG Run:example_external_task_marker_child
[2025-03-24T16:35:23.010-0700] {logging_mixin.py:190} INFO - [2025-03-24T16:35:23.010-0700] {override.py:1930} INFO - Created Permission View: can delete on DAG Run:example_external_task_marker_child
[2025-03-24T16:35:23.013-0700] {logging_mixin.py:190} INFO - [2025-03-24T16:35:23.013-0700] {override.py:1930} INFO - Created Permission View: menu access on DAG Run:example_external_task_marker_child
[2025-03-24T16:35:23.019-0700] {logging_mixin.py:190} INFO - [2025-03-24T16:35:23.019-0700] {override.py:1930} INFO - Created Permission View: can edit on DAG:example_external_task_marker_parent
[2025-03-24T16:35:23.022-0700] {logging_mixin.py:190} INFO - [2025-03-24T16:35:23.022-0700] {override.py:1930} INFO - Created Permission View: can read on DAG:example_external_task_marker_parent
[2025-03-24T16:35:23.024-0700] {logging_mixin.py:190} INFO - [2025-03-24T16:35:23.024-0700] {override.py:1930} INFO - Created Permission View: can delete on DAG:example_external_task_marker_parent
[2025-03-24T16:35:23.027-0700] {logging_mixin.py:190} INFO - [2025-03-24T16:35:23.027-0700] {override.py:1930} INFO - Created Permission View: can create on DAG Run:example_external_task_marker_parent
[2025-03-24T16:35:23.029-0700] {logging_mixin.py:190} INFO - [2025-03-24T16:35:23.029-0700] {override.py:1930} INFO - Created Permission View: can read on DAG Run:example_external_task_marker_parent
[2025-03-24T16:35:23.032-0700] {logging_mixin.py:190} INFO - [2025-03-24T16:35:23.032-0700] {override.py:1930} INFO - Created Permission View: can delete on DAG Run:example_external_task_marker_parent
[2025-03-24T16:35:23.034-0700] {logging_mixin.py:190} INFO - [2025-03-24T16:35:23.034-0700] {override.py:1930} INFO - Created Permission View: menu access on DAG Run:example_external_task_marker_parent
[2025-03-24T16:35:23.034-0700] {logging_mixin.py:190} INFO - [2025-03-24T16:35:23.034-0700] {dag.py:3239} INFO - Sync 2 DAGs
[2025-03-24T16:35:23.039-0700] {logging_mixin.py:190} INFO - [2025-03-24T16:35:23.039-0700] {dag.py:3262} INFO - Creating ORM DAG for example_external_task_marker_child
[2025-03-24T16:35:23.039-0700] {logging_mixin.py:190} INFO - [2025-03-24T16:35:23.039-0700] {dag.py:3262} INFO - Creating ORM DAG for example_external_task_marker_parent
[2025-03-24T16:35:23.040-0700] {logging_mixin.py:190} INFO - [2025-03-24T16:35:23.040-0700] {dag.py:4180} INFO - Setting next_dagrun for example_external_task_marker_child to None, run_after=None
[2025-03-24T16:35:23.040-0700] {logging_mixin.py:190} INFO - [2025-03-24T16:35:23.040-0700] {dag.py:4180} INFO - Setting next_dagrun for example_external_task_marker_parent to None, run_after=None
[2025-03-24T16:35:23.048-0700] {processor.py:208} INFO - Processing /Users/jingwenxu/anaconda3/lib/python3.11/site-packages/airflow/example_dags/example_external_task_marker_dag.py took 0.604 seconds
[2025-03-24T16:37:33.447-0700] {processor.py:186} INFO - Started process (PID=3488) to work on /Users/jingwenxu/anaconda3/lib/python3.11/site-packages/airflow/example_dags/example_external_task_marker_dag.py
[2025-03-24T16:37:33.448-0700] {processor.py:914} INFO - Processing file /Users/jingwenxu/anaconda3/lib/python3.11/site-packages/airflow/example_dags/example_external_task_marker_dag.py for tasks to queue
[2025-03-24T16:37:33.449-0700] {logging_mixin.py:190} INFO - [2025-03-24T16:37:33.449-0700] {dagbag.py:588} INFO - Filling up the DagBag from /Users/jingwenxu/anaconda3/lib/python3.11/site-packages/airflow/example_dags/example_external_task_marker_dag.py
[2025-03-24T16:37:33.456-0700] {processor.py:925} INFO - DAG(s) 'example_external_task_marker_parent', 'example_external_task_marker_child' retrieved from /Users/jingwenxu/anaconda3/lib/python3.11/site-packages/airflow/example_dags/example_external_task_marker_dag.py
[2025-03-24T16:37:33.701-0700] {logging_mixin.py:190} INFO - [2025-03-24T16:37:33.701-0700] {utils.py:161} INFO - NumExpr defaulting to 10 threads.
[2025-03-24T16:37:33.902-0700] {logging_mixin.py:190} INFO - [2025-03-24T16:37:33.902-0700] {dag.py:3239} INFO - Sync 2 DAGs
[2025-03-24T16:37:33.907-0700] {logging_mixin.py:190} INFO - [2025-03-24T16:37:33.907-0700] {dag.py:4180} INFO - Setting next_dagrun for example_external_task_marker_child to None, run_after=None
[2025-03-24T16:37:33.909-0700] {logging_mixin.py:190} INFO - [2025-03-24T16:37:33.909-0700] {dag.py:4180} INFO - Setting next_dagrun for example_external_task_marker_parent to None, run_after=None
[2025-03-24T16:37:33.916-0700] {processor.py:208} INFO - Processing /Users/jingwenxu/anaconda3/lib/python3.11/site-packages/airflow/example_dags/example_external_task_marker_dag.py took 0.471 seconds
[2025-03-24T16:40:47.001-0700] {processor.py:186} INFO - Started process (PID=4229) to work on /Users/jingwenxu/anaconda3/lib/python3.11/site-packages/airflow/example_dags/example_external_task_marker_dag.py
[2025-03-24T16:40:47.002-0700] {processor.py:914} INFO - Processing file /Users/jingwenxu/anaconda3/lib/python3.11/site-packages/airflow/example_dags/example_external_task_marker_dag.py for tasks to queue
[2025-03-24T16:40:47.002-0700] {logging_mixin.py:190} INFO - [2025-03-24T16:40:47.002-0700] {dagbag.py:588} INFO - Filling up the DagBag from /Users/jingwenxu/anaconda3/lib/python3.11/site-packages/airflow/example_dags/example_external_task_marker_dag.py
[2025-03-24T16:40:47.010-0700] {processor.py:925} INFO - DAG(s) 'example_external_task_marker_child', 'example_external_task_marker_parent' retrieved from /Users/jingwenxu/anaconda3/lib/python3.11/site-packages/airflow/example_dags/example_external_task_marker_dag.py
[2025-03-24T16:40:47.372-0700] {logging_mixin.py:190} INFO - [2025-03-24T16:40:47.372-0700] {utils.py:161} INFO - NumExpr defaulting to 10 threads.
[2025-03-24T16:40:47.587-0700] {logging_mixin.py:190} INFO - [2025-03-24T16:40:47.587-0700] {dag.py:3239} INFO - Sync 2 DAGs
[2025-03-24T16:40:47.593-0700] {logging_mixin.py:190} INFO - [2025-03-24T16:40:47.592-0700] {dag.py:4180} INFO - Setting next_dagrun for example_external_task_marker_child to None, run_after=None
[2025-03-24T16:40:47.594-0700] {logging_mixin.py:190} INFO - [2025-03-24T16:40:47.594-0700] {dag.py:4180} INFO - Setting next_dagrun for example_external_task_marker_parent to None, run_after=None
[2025-03-24T16:40:47.602-0700] {processor.py:208} INFO - Processing /Users/jingwenxu/anaconda3/lib/python3.11/site-packages/airflow/example_dags/example_external_task_marker_dag.py took 0.603 seconds
[2025-03-24T16:44:06.515-0700] {processor.py:186} INFO - Started process (PID=4907) to work on /Users/jingwenxu/anaconda3/lib/python3.11/site-packages/airflow/example_dags/example_external_task_marker_dag.py
[2025-03-24T16:44:06.516-0700] {processor.py:914} INFO - Processing file /Users/jingwenxu/anaconda3/lib/python3.11/site-packages/airflow/example_dags/example_external_task_marker_dag.py for tasks to queue
[2025-03-24T16:44:06.517-0700] {logging_mixin.py:190} INFO - [2025-03-24T16:44:06.517-0700] {dagbag.py:588} INFO - Filling up the DagBag from /Users/jingwenxu/anaconda3/lib/python3.11/site-packages/airflow/example_dags/example_external_task_marker_dag.py
[2025-03-24T16:44:06.524-0700] {processor.py:925} INFO - DAG(s) 'example_external_task_marker_child', 'example_external_task_marker_parent' retrieved from /Users/jingwenxu/anaconda3/lib/python3.11/site-packages/airflow/example_dags/example_external_task_marker_dag.py
[2025-03-24T16:44:06.737-0700] {logging_mixin.py:190} INFO - [2025-03-24T16:44:06.737-0700] {utils.py:161} INFO - NumExpr defaulting to 10 threads.
[2025-03-24T16:44:06.947-0700] {logging_mixin.py:190} INFO - [2025-03-24T16:44:06.946-0700] {dag.py:3239} INFO - Sync 2 DAGs
[2025-03-24T16:44:06.952-0700] {logging_mixin.py:190} INFO - [2025-03-24T16:44:06.952-0700] {dag.py:4180} INFO - Setting next_dagrun for example_external_task_marker_child to None, run_after=None
[2025-03-24T16:44:06.954-0700] {logging_mixin.py:190} INFO - [2025-03-24T16:44:06.954-0700] {dag.py:4180} INFO - Setting next_dagrun for example_external_task_marker_parent to None, run_after=None
[2025-03-24T16:44:06.962-0700] {processor.py:208} INFO - Processing /Users/jingwenxu/anaconda3/lib/python3.11/site-packages/airflow/example_dags/example_external_task_marker_dag.py took 0.449 seconds
[2025-03-24T16:47:24.129-0700] {processor.py:186} INFO - Started process (PID=5585) to work on /Users/jingwenxu/anaconda3/lib/python3.11/site-packages/airflow/example_dags/example_external_task_marker_dag.py
[2025-03-24T16:47:24.130-0700] {processor.py:914} INFO - Processing file /Users/jingwenxu/anaconda3/lib/python3.11/site-packages/airflow/example_dags/example_external_task_marker_dag.py for tasks to queue
[2025-03-24T16:47:24.131-0700] {logging_mixin.py:190} INFO - [2025-03-24T16:47:24.131-0700] {dagbag.py:588} INFO - Filling up the DagBag from /Users/jingwenxu/anaconda3/lib/python3.11/site-packages/airflow/example_dags/example_external_task_marker_dag.py
[2025-03-24T16:47:24.139-0700] {processor.py:925} INFO - DAG(s) 'example_external_task_marker_child', 'example_external_task_marker_parent' retrieved from /Users/jingwenxu/anaconda3/lib/python3.11/site-packages/airflow/example_dags/example_external_task_marker_dag.py
[2025-03-24T16:47:24.452-0700] {logging_mixin.py:190} INFO - [2025-03-24T16:47:24.452-0700] {utils.py:161} INFO - NumExpr defaulting to 10 threads.
[2025-03-24T16:47:24.659-0700] {logging_mixin.py:190} INFO - [2025-03-24T16:47:24.658-0700] {dag.py:3239} INFO - Sync 2 DAGs
[2025-03-24T16:47:24.664-0700] {logging_mixin.py:190} INFO - [2025-03-24T16:47:24.664-0700] {dag.py:4180} INFO - Setting next_dagrun for example_external_task_marker_child to None, run_after=None
[2025-03-24T16:47:24.666-0700] {logging_mixin.py:190} INFO - [2025-03-24T16:47:24.666-0700] {dag.py:4180} INFO - Setting next_dagrun for example_external_task_marker_parent to None, run_after=None
[2025-03-24T16:47:24.675-0700] {processor.py:208} INFO - Processing /Users/jingwenxu/anaconda3/lib/python3.11/site-packages/airflow/example_dags/example_external_task_marker_dag.py took 0.548 seconds
[2025-03-24T16:50:44.713-0700] {processor.py:186} INFO - Started process (PID=6298) to work on /Users/jingwenxu/anaconda3/lib/python3.11/site-packages/airflow/example_dags/example_external_task_marker_dag.py
[2025-03-24T16:50:44.715-0700] {processor.py:914} INFO - Processing file /Users/jingwenxu/anaconda3/lib/python3.11/site-packages/airflow/example_dags/example_external_task_marker_dag.py for tasks to queue
[2025-03-24T16:50:44.715-0700] {logging_mixin.py:190} INFO - [2025-03-24T16:50:44.715-0700] {dagbag.py:588} INFO - Filling up the DagBag from /Users/jingwenxu/anaconda3/lib/python3.11/site-packages/airflow/example_dags/example_external_task_marker_dag.py
[2025-03-24T16:50:44.723-0700] {processor.py:925} INFO - DAG(s) 'example_external_task_marker_parent', 'example_external_task_marker_child' retrieved from /Users/jingwenxu/anaconda3/lib/python3.11/site-packages/airflow/example_dags/example_external_task_marker_dag.py
[2025-03-24T16:50:44.950-0700] {logging_mixin.py:190} INFO - [2025-03-24T16:50:44.950-0700] {utils.py:161} INFO - NumExpr defaulting to 10 threads.
[2025-03-24T16:50:45.153-0700] {logging_mixin.py:190} INFO - [2025-03-24T16:50:45.153-0700] {dag.py:3239} INFO - Sync 2 DAGs
[2025-03-24T16:50:45.158-0700] {logging_mixin.py:190} INFO - [2025-03-24T16:50:45.158-0700] {dag.py:4180} INFO - Setting next_dagrun for example_external_task_marker_child to None, run_after=None
[2025-03-24T16:50:45.160-0700] {logging_mixin.py:190} INFO - [2025-03-24T16:50:45.160-0700] {dag.py:4180} INFO - Setting next_dagrun for example_external_task_marker_parent to None, run_after=None
[2025-03-24T16:50:45.168-0700] {processor.py:208} INFO - Processing /Users/jingwenxu/anaconda3/lib/python3.11/site-packages/airflow/example_dags/example_external_task_marker_dag.py took 0.456 seconds
