[2025-03-24T16:34:03.623-0700] {processor.py:186} INFO - Started process (PID=2757) to work on /Users/jingwenxu/anaconda3/lib/python3.11/site-packages/airflow/example_dags/tutorial_taskflow_api.py
[2025-03-24T16:34:03.623-0700] {processor.py:914} INFO - Processing file /Users/jingwenxu/anaconda3/lib/python3.11/site-packages/airflow/example_dags/tutorial_taskflow_api.py for tasks to queue
[2025-03-24T16:34:03.624-0700] {logging_mixin.py:190} INFO - [2025-03-24T16:34:03.624-0700] {dagbag.py:588} INFO - Filling up the DagBag from /Users/jingwenxu/anaconda3/lib/python3.11/site-packages/airflow/example_dags/tutorial_taskflow_api.py
[2025-03-24T16:34:03.644-0700] {processor.py:925} INFO - DAG(s) 'tutorial_taskflow_api' retrieved from /Users/jingwenxu/anaconda3/lib/python3.11/site-packages/airflow/example_dags/tutorial_taskflow_api.py
[2025-03-24T16:34:03.736-0700] {logging_mixin.py:190} INFO - [2025-03-24T16:34:03.735-0700] {override.py:1930} INFO - Created Permission View: can edit on DAG:tutorial_taskflow_api
[2025-03-24T16:34:03.740-0700] {logging_mixin.py:190} INFO - [2025-03-24T16:34:03.740-0700] {override.py:1930} INFO - Created Permission View: can read on DAG:tutorial_taskflow_api
[2025-03-24T16:34:03.743-0700] {logging_mixin.py:190} INFO - [2025-03-24T16:34:03.743-0700] {override.py:1930} INFO - Created Permission View: can delete on DAG:tutorial_taskflow_api
[2025-03-24T16:34:03.746-0700] {logging_mixin.py:190} INFO - [2025-03-24T16:34:03.746-0700] {override.py:1930} INFO - Created Permission View: can read on DAG Run:tutorial_taskflow_api
[2025-03-24T16:34:03.749-0700] {logging_mixin.py:190} INFO - [2025-03-24T16:34:03.748-0700] {override.py:1930} INFO - Created Permission View: can delete on DAG Run:tutorial_taskflow_api
[2025-03-24T16:34:03.751-0700] {logging_mixin.py:190} INFO - [2025-03-24T16:34:03.751-0700] {override.py:1930} INFO - Created Permission View: can create on DAG Run:tutorial_taskflow_api
[2025-03-24T16:34:03.753-0700] {logging_mixin.py:190} INFO - [2025-03-24T16:34:03.753-0700] {override.py:1930} INFO - Created Permission View: menu access on DAG Run:tutorial_taskflow_api
[2025-03-24T16:34:03.753-0700] {logging_mixin.py:190} INFO - [2025-03-24T16:34:03.753-0700] {dag.py:3239} INFO - Sync 1 DAGs
[2025-03-24T16:34:03.758-0700] {logging_mixin.py:190} INFO - [2025-03-24T16:34:03.758-0700] {dag.py:3262} INFO - Creating ORM DAG for tutorial_taskflow_api
[2025-03-24T16:34:03.759-0700] {logging_mixin.py:190} INFO - [2025-03-24T16:34:03.759-0700] {dag.py:4180} INFO - Setting next_dagrun for tutorial_taskflow_api to None, run_after=None
[2025-03-24T16:34:03.766-0700] {processor.py:208} INFO - Processing /Users/jingwenxu/anaconda3/lib/python3.11/site-packages/airflow/example_dags/tutorial_taskflow_api.py took 0.145 seconds
[2025-03-24T16:36:21.145-0700] {processor.py:186} INFO - Started process (PID=3243) to work on /Users/jingwenxu/anaconda3/lib/python3.11/site-packages/airflow/example_dags/tutorial_taskflow_api.py
[2025-03-24T16:36:21.146-0700] {processor.py:914} INFO - Processing file /Users/jingwenxu/anaconda3/lib/python3.11/site-packages/airflow/example_dags/tutorial_taskflow_api.py for tasks to queue
[2025-03-24T16:36:21.147-0700] {logging_mixin.py:190} INFO - [2025-03-24T16:36:21.147-0700] {dagbag.py:588} INFO - Filling up the DagBag from /Users/jingwenxu/anaconda3/lib/python3.11/site-packages/airflow/example_dags/tutorial_taskflow_api.py
[2025-03-24T16:36:21.166-0700] {processor.py:925} INFO - DAG(s) 'tutorial_taskflow_api' retrieved from /Users/jingwenxu/anaconda3/lib/python3.11/site-packages/airflow/example_dags/tutorial_taskflow_api.py
[2025-03-24T16:36:21.208-0700] {logging_mixin.py:190} INFO - [2025-03-24T16:36:21.208-0700] {dag.py:3239} INFO - Sync 1 DAGs
[2025-03-24T16:36:21.213-0700] {logging_mixin.py:190} INFO - [2025-03-24T16:36:21.212-0700] {dag.py:4180} INFO - Setting next_dagrun for tutorial_taskflow_api to None, run_after=None
[2025-03-24T16:36:21.221-0700] {processor.py:208} INFO - Processing /Users/jingwenxu/anaconda3/lib/python3.11/site-packages/airflow/example_dags/tutorial_taskflow_api.py took 0.078 seconds
[2025-03-24T16:37:57.968-0700] {processor.py:186} INFO - Started process (PID=3574) to work on /Users/jingwenxu/anaconda3/lib/python3.11/site-packages/airflow/example_dags/tutorial_taskflow_api.py
[2025-03-24T16:37:57.969-0700] {processor.py:914} INFO - Processing file /Users/jingwenxu/anaconda3/lib/python3.11/site-packages/airflow/example_dags/tutorial_taskflow_api.py for tasks to queue
[2025-03-24T16:37:57.970-0700] {logging_mixin.py:190} INFO - [2025-03-24T16:37:57.970-0700] {dagbag.py:588} INFO - Filling up the DagBag from /Users/jingwenxu/anaconda3/lib/python3.11/site-packages/airflow/example_dags/tutorial_taskflow_api.py
[2025-03-24T16:37:57.991-0700] {processor.py:925} INFO - DAG(s) 'tutorial_taskflow_api' retrieved from /Users/jingwenxu/anaconda3/lib/python3.11/site-packages/airflow/example_dags/tutorial_taskflow_api.py
[2025-03-24T16:37:58.034-0700] {logging_mixin.py:190} INFO - [2025-03-24T16:37:58.034-0700] {dag.py:3239} INFO - Sync 1 DAGs
[2025-03-24T16:37:58.039-0700] {logging_mixin.py:190} INFO - [2025-03-24T16:37:58.039-0700] {dag.py:4180} INFO - Setting next_dagrun for tutorial_taskflow_api to None, run_after=None
[2025-03-24T16:37:58.047-0700] {processor.py:208} INFO - Processing /Users/jingwenxu/anaconda3/lib/python3.11/site-packages/airflow/example_dags/tutorial_taskflow_api.py took 0.081 seconds
[2025-03-24T16:39:36.610-0700] {processor.py:186} INFO - Started process (PID=3921) to work on /Users/jingwenxu/anaconda3/lib/python3.11/site-packages/airflow/example_dags/tutorial_taskflow_api.py
[2025-03-24T16:39:36.612-0700] {processor.py:914} INFO - Processing file /Users/jingwenxu/anaconda3/lib/python3.11/site-packages/airflow/example_dags/tutorial_taskflow_api.py for tasks to queue
[2025-03-24T16:39:36.613-0700] {logging_mixin.py:190} INFO - [2025-03-24T16:39:36.613-0700] {dagbag.py:588} INFO - Filling up the DagBag from /Users/jingwenxu/anaconda3/lib/python3.11/site-packages/airflow/example_dags/tutorial_taskflow_api.py
[2025-03-24T16:39:36.631-0700] {processor.py:925} INFO - DAG(s) 'tutorial_taskflow_api' retrieved from /Users/jingwenxu/anaconda3/lib/python3.11/site-packages/airflow/example_dags/tutorial_taskflow_api.py
[2025-03-24T16:39:36.673-0700] {logging_mixin.py:190} INFO - [2025-03-24T16:39:36.673-0700] {dag.py:3239} INFO - Sync 1 DAGs
[2025-03-24T16:39:36.678-0700] {logging_mixin.py:190} INFO - [2025-03-24T16:39:36.678-0700] {dag.py:4180} INFO - Setting next_dagrun for tutorial_taskflow_api to None, run_after=None
[2025-03-24T16:39:36.686-0700] {processor.py:208} INFO - Processing /Users/jingwenxu/anaconda3/lib/python3.11/site-packages/airflow/example_dags/tutorial_taskflow_api.py took 0.078 seconds
[2025-03-24T16:41:13.396-0700] {processor.py:186} INFO - Started process (PID=4323) to work on /Users/jingwenxu/anaconda3/lib/python3.11/site-packages/airflow/example_dags/tutorial_taskflow_api.py
[2025-03-24T16:41:13.397-0700] {processor.py:914} INFO - Processing file /Users/jingwenxu/anaconda3/lib/python3.11/site-packages/airflow/example_dags/tutorial_taskflow_api.py for tasks to queue
[2025-03-24T16:41:13.398-0700] {logging_mixin.py:190} INFO - [2025-03-24T16:41:13.398-0700] {dagbag.py:588} INFO - Filling up the DagBag from /Users/jingwenxu/anaconda3/lib/python3.11/site-packages/airflow/example_dags/tutorial_taskflow_api.py
[2025-03-24T16:41:13.417-0700] {processor.py:925} INFO - DAG(s) 'tutorial_taskflow_api' retrieved from /Users/jingwenxu/anaconda3/lib/python3.11/site-packages/airflow/example_dags/tutorial_taskflow_api.py
[2025-03-24T16:41:13.460-0700] {logging_mixin.py:190} INFO - [2025-03-24T16:41:13.459-0700] {dag.py:3239} INFO - Sync 1 DAGs
[2025-03-24T16:41:13.464-0700] {logging_mixin.py:190} INFO - [2025-03-24T16:41:13.464-0700] {dag.py:4180} INFO - Setting next_dagrun for tutorial_taskflow_api to None, run_after=None
[2025-03-24T16:41:13.473-0700] {processor.py:208} INFO - Processing /Users/jingwenxu/anaconda3/lib/python3.11/site-packages/airflow/example_dags/tutorial_taskflow_api.py took 0.079 seconds
[2025-03-24T16:42:54.466-0700] {processor.py:186} INFO - Started process (PID=4672) to work on /Users/jingwenxu/anaconda3/lib/python3.11/site-packages/airflow/example_dags/tutorial_taskflow_api.py
[2025-03-24T16:42:54.467-0700] {processor.py:914} INFO - Processing file /Users/jingwenxu/anaconda3/lib/python3.11/site-packages/airflow/example_dags/tutorial_taskflow_api.py for tasks to queue
[2025-03-24T16:42:54.467-0700] {logging_mixin.py:190} INFO - [2025-03-24T16:42:54.467-0700] {dagbag.py:588} INFO - Filling up the DagBag from /Users/jingwenxu/anaconda3/lib/python3.11/site-packages/airflow/example_dags/tutorial_taskflow_api.py
[2025-03-24T16:42:54.487-0700] {processor.py:925} INFO - DAG(s) 'tutorial_taskflow_api' retrieved from /Users/jingwenxu/anaconda3/lib/python3.11/site-packages/airflow/example_dags/tutorial_taskflow_api.py
[2025-03-24T16:42:54.530-0700] {logging_mixin.py:190} INFO - [2025-03-24T16:42:54.530-0700] {dag.py:3239} INFO - Sync 1 DAGs
[2025-03-24T16:42:54.535-0700] {logging_mixin.py:190} INFO - [2025-03-24T16:42:54.534-0700] {dag.py:4180} INFO - Setting next_dagrun for tutorial_taskflow_api to None, run_after=None
[2025-03-24T16:42:54.544-0700] {processor.py:208} INFO - Processing /Users/jingwenxu/anaconda3/lib/python3.11/site-packages/airflow/example_dags/tutorial_taskflow_api.py took 0.080 seconds
[2025-03-24T16:44:33.587-0700] {processor.py:186} INFO - Started process (PID=4997) to work on /Users/jingwenxu/anaconda3/lib/python3.11/site-packages/airflow/example_dags/tutorial_taskflow_api.py
[2025-03-24T16:44:33.588-0700] {processor.py:914} INFO - Processing file /Users/jingwenxu/anaconda3/lib/python3.11/site-packages/airflow/example_dags/tutorial_taskflow_api.py for tasks to queue
[2025-03-24T16:44:33.589-0700] {logging_mixin.py:190} INFO - [2025-03-24T16:44:33.589-0700] {dagbag.py:588} INFO - Filling up the DagBag from /Users/jingwenxu/anaconda3/lib/python3.11/site-packages/airflow/example_dags/tutorial_taskflow_api.py
[2025-03-24T16:44:33.615-0700] {processor.py:925} INFO - DAG(s) 'tutorial_taskflow_api' retrieved from /Users/jingwenxu/anaconda3/lib/python3.11/site-packages/airflow/example_dags/tutorial_taskflow_api.py
[2025-03-24T16:44:33.662-0700] {logging_mixin.py:190} INFO - [2025-03-24T16:44:33.662-0700] {dag.py:3239} INFO - Sync 1 DAGs
[2025-03-24T16:44:33.667-0700] {logging_mixin.py:190} INFO - [2025-03-24T16:44:33.667-0700] {dag.py:4180} INFO - Setting next_dagrun for tutorial_taskflow_api to None, run_after=None
[2025-03-24T16:44:33.677-0700] {processor.py:208} INFO - Processing /Users/jingwenxu/anaconda3/lib/python3.11/site-packages/airflow/example_dags/tutorial_taskflow_api.py took 0.092 seconds
[2025-03-24T16:46:13.155-0700] {processor.py:186} INFO - Started process (PID=5341) to work on /Users/jingwenxu/anaconda3/lib/python3.11/site-packages/airflow/example_dags/tutorial_taskflow_api.py
[2025-03-24T16:46:13.156-0700] {processor.py:914} INFO - Processing file /Users/jingwenxu/anaconda3/lib/python3.11/site-packages/airflow/example_dags/tutorial_taskflow_api.py for tasks to queue
[2025-03-24T16:46:13.156-0700] {logging_mixin.py:190} INFO - [2025-03-24T16:46:13.156-0700] {dagbag.py:588} INFO - Filling up the DagBag from /Users/jingwenxu/anaconda3/lib/python3.11/site-packages/airflow/example_dags/tutorial_taskflow_api.py
[2025-03-24T16:46:13.176-0700] {processor.py:925} INFO - DAG(s) 'tutorial_taskflow_api' retrieved from /Users/jingwenxu/anaconda3/lib/python3.11/site-packages/airflow/example_dags/tutorial_taskflow_api.py
[2025-03-24T16:46:13.222-0700] {logging_mixin.py:190} INFO - [2025-03-24T16:46:13.222-0700] {dag.py:3239} INFO - Sync 1 DAGs
[2025-03-24T16:46:13.227-0700] {logging_mixin.py:190} INFO - [2025-03-24T16:46:13.227-0700] {dag.py:4180} INFO - Setting next_dagrun for tutorial_taskflow_api to None, run_after=None
[2025-03-24T16:46:13.237-0700] {processor.py:208} INFO - Processing /Users/jingwenxu/anaconda3/lib/python3.11/site-packages/airflow/example_dags/tutorial_taskflow_api.py took 0.085 seconds
[2025-03-24T16:47:50.679-0700] {processor.py:186} INFO - Started process (PID=5669) to work on /Users/jingwenxu/anaconda3/lib/python3.11/site-packages/airflow/example_dags/tutorial_taskflow_api.py
[2025-03-24T16:47:50.680-0700] {processor.py:914} INFO - Processing file /Users/jingwenxu/anaconda3/lib/python3.11/site-packages/airflow/example_dags/tutorial_taskflow_api.py for tasks to queue
[2025-03-24T16:47:50.681-0700] {logging_mixin.py:190} INFO - [2025-03-24T16:47:50.681-0700] {dagbag.py:588} INFO - Filling up the DagBag from /Users/jingwenxu/anaconda3/lib/python3.11/site-packages/airflow/example_dags/tutorial_taskflow_api.py
[2025-03-24T16:47:50.700-0700] {processor.py:925} INFO - DAG(s) 'tutorial_taskflow_api' retrieved from /Users/jingwenxu/anaconda3/lib/python3.11/site-packages/airflow/example_dags/tutorial_taskflow_api.py
[2025-03-24T16:47:50.742-0700] {logging_mixin.py:190} INFO - [2025-03-24T16:47:50.741-0700] {dag.py:3239} INFO - Sync 1 DAGs
[2025-03-24T16:47:50.746-0700] {logging_mixin.py:190} INFO - [2025-03-24T16:47:50.746-0700] {dag.py:4180} INFO - Setting next_dagrun for tutorial_taskflow_api to None, run_after=None
[2025-03-24T16:47:50.754-0700] {processor.py:208} INFO - Processing /Users/jingwenxu/anaconda3/lib/python3.11/site-packages/airflow/example_dags/tutorial_taskflow_api.py took 0.077 seconds
[2025-03-24T16:49:31.549-0700] {processor.py:186} INFO - Started process (PID=6033) to work on /Users/jingwenxu/anaconda3/lib/python3.11/site-packages/airflow/example_dags/tutorial_taskflow_api.py
[2025-03-24T16:49:31.549-0700] {processor.py:914} INFO - Processing file /Users/jingwenxu/anaconda3/lib/python3.11/site-packages/airflow/example_dags/tutorial_taskflow_api.py for tasks to queue
[2025-03-24T16:49:31.550-0700] {logging_mixin.py:190} INFO - [2025-03-24T16:49:31.550-0700] {dagbag.py:588} INFO - Filling up the DagBag from /Users/jingwenxu/anaconda3/lib/python3.11/site-packages/airflow/example_dags/tutorial_taskflow_api.py
[2025-03-24T16:49:31.572-0700] {processor.py:925} INFO - DAG(s) 'tutorial_taskflow_api' retrieved from /Users/jingwenxu/anaconda3/lib/python3.11/site-packages/airflow/example_dags/tutorial_taskflow_api.py
[2025-03-24T16:49:31.616-0700] {logging_mixin.py:190} INFO - [2025-03-24T16:49:31.615-0700] {dag.py:3239} INFO - Sync 1 DAGs
[2025-03-24T16:49:31.620-0700] {logging_mixin.py:190} INFO - [2025-03-24T16:49:31.620-0700] {dag.py:4180} INFO - Setting next_dagrun for tutorial_taskflow_api to None, run_after=None
[2025-03-24T16:49:31.629-0700] {processor.py:208} INFO - Processing /Users/jingwenxu/anaconda3/lib/python3.11/site-packages/airflow/example_dags/tutorial_taskflow_api.py took 0.083 seconds
[2025-03-24T16:51:11.793-0700] {processor.py:186} INFO - Started process (PID=6387) to work on /Users/jingwenxu/anaconda3/lib/python3.11/site-packages/airflow/example_dags/tutorial_taskflow_api.py
[2025-03-24T16:51:11.795-0700] {processor.py:914} INFO - Processing file /Users/jingwenxu/anaconda3/lib/python3.11/site-packages/airflow/example_dags/tutorial_taskflow_api.py for tasks to queue
[2025-03-24T16:51:11.795-0700] {logging_mixin.py:190} INFO - [2025-03-24T16:51:11.795-0700] {dagbag.py:588} INFO - Filling up the DagBag from /Users/jingwenxu/anaconda3/lib/python3.11/site-packages/airflow/example_dags/tutorial_taskflow_api.py
[2025-03-24T16:51:11.816-0700] {processor.py:925} INFO - DAG(s) 'tutorial_taskflow_api' retrieved from /Users/jingwenxu/anaconda3/lib/python3.11/site-packages/airflow/example_dags/tutorial_taskflow_api.py
[2025-03-24T16:51:11.862-0700] {logging_mixin.py:190} INFO - [2025-03-24T16:51:11.862-0700] {dag.py:3239} INFO - Sync 1 DAGs
[2025-03-24T16:51:11.867-0700] {logging_mixin.py:190} INFO - [2025-03-24T16:51:11.866-0700] {dag.py:4180} INFO - Setting next_dagrun for tutorial_taskflow_api to None, run_after=None
[2025-03-24T16:51:11.875-0700] {processor.py:208} INFO - Processing /Users/jingwenxu/anaconda3/lib/python3.11/site-packages/airflow/example_dags/tutorial_taskflow_api.py took 0.084 seconds
[2025-03-24T16:52:50.258-0700] {processor.py:186} INFO - Started process (PID=6707) to work on /Users/jingwenxu/anaconda3/lib/python3.11/site-packages/airflow/example_dags/tutorial_taskflow_api.py
[2025-03-24T16:52:50.259-0700] {processor.py:914} INFO - Processing file /Users/jingwenxu/anaconda3/lib/python3.11/site-packages/airflow/example_dags/tutorial_taskflow_api.py for tasks to queue
[2025-03-24T16:52:50.260-0700] {logging_mixin.py:190} INFO - [2025-03-24T16:52:50.260-0700] {dagbag.py:588} INFO - Filling up the DagBag from /Users/jingwenxu/anaconda3/lib/python3.11/site-packages/airflow/example_dags/tutorial_taskflow_api.py
[2025-03-24T16:52:50.279-0700] {processor.py:925} INFO - DAG(s) 'tutorial_taskflow_api' retrieved from /Users/jingwenxu/anaconda3/lib/python3.11/site-packages/airflow/example_dags/tutorial_taskflow_api.py
[2025-03-24T16:52:50.320-0700] {logging_mixin.py:190} INFO - [2025-03-24T16:52:50.320-0700] {dag.py:3239} INFO - Sync 1 DAGs
[2025-03-24T16:52:50.325-0700] {logging_mixin.py:190} INFO - [2025-03-24T16:52:50.325-0700] {dag.py:4180} INFO - Setting next_dagrun for tutorial_taskflow_api to None, run_after=None
[2025-03-24T16:52:50.333-0700] {processor.py:208} INFO - Processing /Users/jingwenxu/anaconda3/lib/python3.11/site-packages/airflow/example_dags/tutorial_taskflow_api.py took 0.078 seconds
