[2025-03-24T16:33:59.500-0700] {processor.py:186} INFO - Started process (PID=2743) to work on /Users/jingwenxu/anaconda3/lib/python3.11/site-packages/airflow/example_dags/tutorial_taskflow_templates.py
[2025-03-24T16:33:59.500-0700] {processor.py:914} INFO - Processing file /Users/jingwenxu/anaconda3/lib/python3.11/site-packages/airflow/example_dags/tutorial_taskflow_templates.py for tasks to queue
[2025-03-24T16:33:59.501-0700] {logging_mixin.py:190} INFO - [2025-03-24T16:33:59.501-0700] {dagbag.py:588} INFO - Filling up the DagBag from /Users/jingwenxu/anaconda3/lib/python3.11/site-packages/airflow/example_dags/tutorial_taskflow_templates.py
[2025-03-24T16:33:59.525-0700] {processor.py:925} INFO - DAG(s) 'tutorial_taskflow_templates' retrieved from /Users/jingwenxu/anaconda3/lib/python3.11/site-packages/airflow/example_dags/tutorial_taskflow_templates.py
[2025-03-24T16:33:59.615-0700] {logging_mixin.py:190} INFO - [2025-03-24T16:33:59.614-0700] {override.py:1930} INFO - Created Permission View: can delete on DAG:tutorial_taskflow_templates
[2025-03-24T16:33:59.618-0700] {logging_mixin.py:190} INFO - [2025-03-24T16:33:59.618-0700] {override.py:1930} INFO - Created Permission View: can edit on DAG:tutorial_taskflow_templates
[2025-03-24T16:33:59.621-0700] {logging_mixin.py:190} INFO - [2025-03-24T16:33:59.621-0700] {override.py:1930} INFO - Created Permission View: can read on DAG:tutorial_taskflow_templates
[2025-03-24T16:33:59.624-0700] {logging_mixin.py:190} INFO - [2025-03-24T16:33:59.624-0700] {override.py:1930} INFO - Created Permission View: can delete on DAG Run:tutorial_taskflow_templates
[2025-03-24T16:33:59.626-0700] {logging_mixin.py:190} INFO - [2025-03-24T16:33:59.626-0700] {override.py:1930} INFO - Created Permission View: can create on DAG Run:tutorial_taskflow_templates
[2025-03-24T16:33:59.628-0700] {logging_mixin.py:190} INFO - [2025-03-24T16:33:59.628-0700] {override.py:1930} INFO - Created Permission View: can read on DAG Run:tutorial_taskflow_templates
[2025-03-24T16:33:59.631-0700] {logging_mixin.py:190} INFO - [2025-03-24T16:33:59.631-0700] {override.py:1930} INFO - Created Permission View: menu access on DAG Run:tutorial_taskflow_templates
[2025-03-24T16:33:59.631-0700] {logging_mixin.py:190} INFO - [2025-03-24T16:33:59.631-0700] {dag.py:3239} INFO - Sync 1 DAGs
[2025-03-24T16:33:59.636-0700] {logging_mixin.py:190} INFO - [2025-03-24T16:33:59.636-0700] {dag.py:3262} INFO - Creating ORM DAG for tutorial_taskflow_templates
[2025-03-24T16:33:59.640-0700] {logging_mixin.py:190} INFO - [2025-03-24T16:33:59.640-0700] {dag.py:4180} INFO - Setting next_dagrun for tutorial_taskflow_templates to 2025-03-23 00:00:00+00:00, run_after=2025-03-24 00:00:00+00:00
[2025-03-24T16:33:59.646-0700] {processor.py:208} INFO - Processing /Users/jingwenxu/anaconda3/lib/python3.11/site-packages/airflow/example_dags/tutorial_taskflow_templates.py took 0.148 seconds
[2025-03-24T16:36:17.149-0700] {processor.py:186} INFO - Started process (PID=3234) to work on /Users/jingwenxu/anaconda3/lib/python3.11/site-packages/airflow/example_dags/tutorial_taskflow_templates.py
[2025-03-24T16:36:17.151-0700] {processor.py:914} INFO - Processing file /Users/jingwenxu/anaconda3/lib/python3.11/site-packages/airflow/example_dags/tutorial_taskflow_templates.py for tasks to queue
[2025-03-24T16:36:17.151-0700] {logging_mixin.py:190} INFO - [2025-03-24T16:36:17.151-0700] {dagbag.py:588} INFO - Filling up the DagBag from /Users/jingwenxu/anaconda3/lib/python3.11/site-packages/airflow/example_dags/tutorial_taskflow_templates.py
[2025-03-24T16:36:17.174-0700] {processor.py:925} INFO - DAG(s) 'tutorial_taskflow_templates' retrieved from /Users/jingwenxu/anaconda3/lib/python3.11/site-packages/airflow/example_dags/tutorial_taskflow_templates.py
[2025-03-24T16:36:17.216-0700] {logging_mixin.py:190} INFO - [2025-03-24T16:36:17.216-0700] {dag.py:3239} INFO - Sync 1 DAGs
[2025-03-24T16:36:17.224-0700] {logging_mixin.py:190} INFO - [2025-03-24T16:36:17.224-0700] {dag.py:4180} INFO - Setting next_dagrun for tutorial_taskflow_templates to 2025-03-23 00:00:00+00:00, run_after=2025-03-24 00:00:00+00:00
[2025-03-24T16:36:17.233-0700] {processor.py:208} INFO - Processing /Users/jingwenxu/anaconda3/lib/python3.11/site-packages/airflow/example_dags/tutorial_taskflow_templates.py took 0.086 seconds
[2025-03-24T16:37:54.849-0700] {processor.py:186} INFO - Started process (PID=3559) to work on /Users/jingwenxu/anaconda3/lib/python3.11/site-packages/airflow/example_dags/tutorial_taskflow_templates.py
[2025-03-24T16:37:54.850-0700] {processor.py:914} INFO - Processing file /Users/jingwenxu/anaconda3/lib/python3.11/site-packages/airflow/example_dags/tutorial_taskflow_templates.py for tasks to queue
[2025-03-24T16:37:54.851-0700] {logging_mixin.py:190} INFO - [2025-03-24T16:37:54.851-0700] {dagbag.py:588} INFO - Filling up the DagBag from /Users/jingwenxu/anaconda3/lib/python3.11/site-packages/airflow/example_dags/tutorial_taskflow_templates.py
[2025-03-24T16:37:54.872-0700] {processor.py:925} INFO - DAG(s) 'tutorial_taskflow_templates' retrieved from /Users/jingwenxu/anaconda3/lib/python3.11/site-packages/airflow/example_dags/tutorial_taskflow_templates.py
[2025-03-24T16:37:54.915-0700] {logging_mixin.py:190} INFO - [2025-03-24T16:37:54.915-0700] {dag.py:3239} INFO - Sync 1 DAGs
[2025-03-24T16:37:54.923-0700] {logging_mixin.py:190} INFO - [2025-03-24T16:37:54.923-0700] {dag.py:4180} INFO - Setting next_dagrun for tutorial_taskflow_templates to 2025-03-23 00:00:00+00:00, run_after=2025-03-24 00:00:00+00:00
[2025-03-24T16:37:54.933-0700] {processor.py:208} INFO - Processing /Users/jingwenxu/anaconda3/lib/python3.11/site-packages/airflow/example_dags/tutorial_taskflow_templates.py took 0.085 seconds
[2025-03-24T16:39:32.629-0700] {processor.py:186} INFO - Started process (PID=3906) to work on /Users/jingwenxu/anaconda3/lib/python3.11/site-packages/airflow/example_dags/tutorial_taskflow_templates.py
[2025-03-24T16:39:32.630-0700] {processor.py:914} INFO - Processing file /Users/jingwenxu/anaconda3/lib/python3.11/site-packages/airflow/example_dags/tutorial_taskflow_templates.py for tasks to queue
[2025-03-24T16:39:32.631-0700] {logging_mixin.py:190} INFO - [2025-03-24T16:39:32.631-0700] {dagbag.py:588} INFO - Filling up the DagBag from /Users/jingwenxu/anaconda3/lib/python3.11/site-packages/airflow/example_dags/tutorial_taskflow_templates.py
[2025-03-24T16:39:32.657-0700] {processor.py:925} INFO - DAG(s) 'tutorial_taskflow_templates' retrieved from /Users/jingwenxu/anaconda3/lib/python3.11/site-packages/airflow/example_dags/tutorial_taskflow_templates.py
[2025-03-24T16:39:32.701-0700] {logging_mixin.py:190} INFO - [2025-03-24T16:39:32.701-0700] {dag.py:3239} INFO - Sync 1 DAGs
[2025-03-24T16:39:32.710-0700] {logging_mixin.py:190} INFO - [2025-03-24T16:39:32.709-0700] {dag.py:4180} INFO - Setting next_dagrun for tutorial_taskflow_templates to 2025-03-23 00:00:00+00:00, run_after=2025-03-24 00:00:00+00:00
[2025-03-24T16:39:32.718-0700] {processor.py:208} INFO - Processing /Users/jingwenxu/anaconda3/lib/python3.11/site-packages/airflow/example_dags/tutorial_taskflow_templates.py took 0.091 seconds
[2025-03-24T16:41:09.368-0700] {processor.py:186} INFO - Started process (PID=4309) to work on /Users/jingwenxu/anaconda3/lib/python3.11/site-packages/airflow/example_dags/tutorial_taskflow_templates.py
[2025-03-24T16:41:09.370-0700] {processor.py:914} INFO - Processing file /Users/jingwenxu/anaconda3/lib/python3.11/site-packages/airflow/example_dags/tutorial_taskflow_templates.py for tasks to queue
[2025-03-24T16:41:09.371-0700] {logging_mixin.py:190} INFO - [2025-03-24T16:41:09.371-0700] {dagbag.py:588} INFO - Filling up the DagBag from /Users/jingwenxu/anaconda3/lib/python3.11/site-packages/airflow/example_dags/tutorial_taskflow_templates.py
[2025-03-24T16:41:09.391-0700] {processor.py:925} INFO - DAG(s) 'tutorial_taskflow_templates' retrieved from /Users/jingwenxu/anaconda3/lib/python3.11/site-packages/airflow/example_dags/tutorial_taskflow_templates.py
[2025-03-24T16:41:09.434-0700] {logging_mixin.py:190} INFO - [2025-03-24T16:41:09.433-0700] {dag.py:3239} INFO - Sync 1 DAGs
[2025-03-24T16:41:09.442-0700] {logging_mixin.py:190} INFO - [2025-03-24T16:41:09.442-0700] {dag.py:4180} INFO - Setting next_dagrun for tutorial_taskflow_templates to 2025-03-23 00:00:00+00:00, run_after=2025-03-24 00:00:00+00:00
[2025-03-24T16:41:09.451-0700] {processor.py:208} INFO - Processing /Users/jingwenxu/anaconda3/lib/python3.11/site-packages/airflow/example_dags/tutorial_taskflow_templates.py took 0.084 seconds
[2025-03-24T16:42:49.122-0700] {processor.py:186} INFO - Started process (PID=4655) to work on /Users/jingwenxu/anaconda3/lib/python3.11/site-packages/airflow/example_dags/tutorial_taskflow_templates.py
[2025-03-24T16:42:49.124-0700] {processor.py:914} INFO - Processing file /Users/jingwenxu/anaconda3/lib/python3.11/site-packages/airflow/example_dags/tutorial_taskflow_templates.py for tasks to queue
[2025-03-24T16:42:49.124-0700] {logging_mixin.py:190} INFO - [2025-03-24T16:42:49.124-0700] {dagbag.py:588} INFO - Filling up the DagBag from /Users/jingwenxu/anaconda3/lib/python3.11/site-packages/airflow/example_dags/tutorial_taskflow_templates.py
[2025-03-24T16:42:49.151-0700] {processor.py:925} INFO - DAG(s) 'tutorial_taskflow_templates' retrieved from /Users/jingwenxu/anaconda3/lib/python3.11/site-packages/airflow/example_dags/tutorial_taskflow_templates.py
[2025-03-24T16:42:49.195-0700] {logging_mixin.py:190} INFO - [2025-03-24T16:42:49.194-0700] {dag.py:3239} INFO - Sync 1 DAGs
[2025-03-24T16:42:49.203-0700] {logging_mixin.py:190} INFO - [2025-03-24T16:42:49.203-0700] {dag.py:4180} INFO - Setting next_dagrun for tutorial_taskflow_templates to 2025-03-23 00:00:00+00:00, run_after=2025-03-24 00:00:00+00:00
[2025-03-24T16:42:49.211-0700] {processor.py:208} INFO - Processing /Users/jingwenxu/anaconda3/lib/python3.11/site-packages/airflow/example_dags/tutorial_taskflow_templates.py took 0.091 seconds
[2025-03-24T16:44:28.544-0700] {processor.py:186} INFO - Started process (PID=4978) to work on /Users/jingwenxu/anaconda3/lib/python3.11/site-packages/airflow/example_dags/tutorial_taskflow_templates.py
[2025-03-24T16:44:28.545-0700] {processor.py:914} INFO - Processing file /Users/jingwenxu/anaconda3/lib/python3.11/site-packages/airflow/example_dags/tutorial_taskflow_templates.py for tasks to queue
[2025-03-24T16:44:28.546-0700] {logging_mixin.py:190} INFO - [2025-03-24T16:44:28.545-0700] {dagbag.py:588} INFO - Filling up the DagBag from /Users/jingwenxu/anaconda3/lib/python3.11/site-packages/airflow/example_dags/tutorial_taskflow_templates.py
[2025-03-24T16:44:28.574-0700] {processor.py:925} INFO - DAG(s) 'tutorial_taskflow_templates' retrieved from /Users/jingwenxu/anaconda3/lib/python3.11/site-packages/airflow/example_dags/tutorial_taskflow_templates.py
[2025-03-24T16:44:28.622-0700] {logging_mixin.py:190} INFO - [2025-03-24T16:44:28.622-0700] {dag.py:3239} INFO - Sync 1 DAGs
[2025-03-24T16:44:28.632-0700] {logging_mixin.py:190} INFO - [2025-03-24T16:44:28.632-0700] {dag.py:4180} INFO - Setting next_dagrun for tutorial_taskflow_templates to 2025-03-23 00:00:00+00:00, run_after=2025-03-24 00:00:00+00:00
[2025-03-24T16:44:28.643-0700] {processor.py:208} INFO - Processing /Users/jingwenxu/anaconda3/lib/python3.11/site-packages/airflow/example_dags/tutorial_taskflow_templates.py took 0.101 seconds
[2025-03-24T16:46:09.079-0700] {processor.py:186} INFO - Started process (PID=5332) to work on /Users/jingwenxu/anaconda3/lib/python3.11/site-packages/airflow/example_dags/tutorial_taskflow_templates.py
[2025-03-24T16:46:09.080-0700] {processor.py:914} INFO - Processing file /Users/jingwenxu/anaconda3/lib/python3.11/site-packages/airflow/example_dags/tutorial_taskflow_templates.py for tasks to queue
[2025-03-24T16:46:09.081-0700] {logging_mixin.py:190} INFO - [2025-03-24T16:46:09.081-0700] {dagbag.py:588} INFO - Filling up the DagBag from /Users/jingwenxu/anaconda3/lib/python3.11/site-packages/airflow/example_dags/tutorial_taskflow_templates.py
[2025-03-24T16:46:09.104-0700] {processor.py:925} INFO - DAG(s) 'tutorial_taskflow_templates' retrieved from /Users/jingwenxu/anaconda3/lib/python3.11/site-packages/airflow/example_dags/tutorial_taskflow_templates.py
[2025-03-24T16:46:09.147-0700] {logging_mixin.py:190} INFO - [2025-03-24T16:46:09.147-0700] {dag.py:3239} INFO - Sync 1 DAGs
[2025-03-24T16:46:09.155-0700] {logging_mixin.py:190} INFO - [2025-03-24T16:46:09.155-0700] {dag.py:4180} INFO - Setting next_dagrun for tutorial_taskflow_templates to 2025-03-23 00:00:00+00:00, run_after=2025-03-24 00:00:00+00:00
[2025-03-24T16:46:09.164-0700] {processor.py:208} INFO - Processing /Users/jingwenxu/anaconda3/lib/python3.11/site-packages/airflow/example_dags/tutorial_taskflow_templates.py took 0.087 seconds
[2025-03-24T16:47:46.631-0700] {processor.py:186} INFO - Started process (PID=5655) to work on /Users/jingwenxu/anaconda3/lib/python3.11/site-packages/airflow/example_dags/tutorial_taskflow_templates.py
[2025-03-24T16:47:46.632-0700] {processor.py:914} INFO - Processing file /Users/jingwenxu/anaconda3/lib/python3.11/site-packages/airflow/example_dags/tutorial_taskflow_templates.py for tasks to queue
[2025-03-24T16:47:46.633-0700] {logging_mixin.py:190} INFO - [2025-03-24T16:47:46.633-0700] {dagbag.py:588} INFO - Filling up the DagBag from /Users/jingwenxu/anaconda3/lib/python3.11/site-packages/airflow/example_dags/tutorial_taskflow_templates.py
[2025-03-24T16:47:46.654-0700] {processor.py:925} INFO - DAG(s) 'tutorial_taskflow_templates' retrieved from /Users/jingwenxu/anaconda3/lib/python3.11/site-packages/airflow/example_dags/tutorial_taskflow_templates.py
[2025-03-24T16:47:46.696-0700] {logging_mixin.py:190} INFO - [2025-03-24T16:47:46.696-0700] {dag.py:3239} INFO - Sync 1 DAGs
[2025-03-24T16:47:46.705-0700] {logging_mixin.py:190} INFO - [2025-03-24T16:47:46.705-0700] {dag.py:4180} INFO - Setting next_dagrun for tutorial_taskflow_templates to 2025-03-23 00:00:00+00:00, run_after=2025-03-24 00:00:00+00:00
[2025-03-24T16:47:46.714-0700] {processor.py:208} INFO - Processing /Users/jingwenxu/anaconda3/lib/python3.11/site-packages/airflow/example_dags/tutorial_taskflow_templates.py took 0.085 seconds
[2025-03-24T16:49:27.560-0700] {processor.py:186} INFO - Started process (PID=6019) to work on /Users/jingwenxu/anaconda3/lib/python3.11/site-packages/airflow/example_dags/tutorial_taskflow_templates.py
[2025-03-24T16:49:27.562-0700] {processor.py:914} INFO - Processing file /Users/jingwenxu/anaconda3/lib/python3.11/site-packages/airflow/example_dags/tutorial_taskflow_templates.py for tasks to queue
[2025-03-24T16:49:27.562-0700] {logging_mixin.py:190} INFO - [2025-03-24T16:49:27.562-0700] {dagbag.py:588} INFO - Filling up the DagBag from /Users/jingwenxu/anaconda3/lib/python3.11/site-packages/airflow/example_dags/tutorial_taskflow_templates.py
[2025-03-24T16:49:27.590-0700] {processor.py:925} INFO - DAG(s) 'tutorial_taskflow_templates' retrieved from /Users/jingwenxu/anaconda3/lib/python3.11/site-packages/airflow/example_dags/tutorial_taskflow_templates.py
[2025-03-24T16:49:27.638-0700] {logging_mixin.py:190} INFO - [2025-03-24T16:49:27.637-0700] {dag.py:3239} INFO - Sync 1 DAGs
[2025-03-24T16:49:27.647-0700] {logging_mixin.py:190} INFO - [2025-03-24T16:49:27.647-0700] {dag.py:4180} INFO - Setting next_dagrun for tutorial_taskflow_templates to 2025-03-23 00:00:00+00:00, run_after=2025-03-24 00:00:00+00:00
[2025-03-24T16:49:27.655-0700] {processor.py:208} INFO - Processing /Users/jingwenxu/anaconda3/lib/python3.11/site-packages/airflow/example_dags/tutorial_taskflow_templates.py took 0.097 seconds
[2025-03-24T16:51:07.719-0700] {processor.py:186} INFO - Started process (PID=6373) to work on /Users/jingwenxu/anaconda3/lib/python3.11/site-packages/airflow/example_dags/tutorial_taskflow_templates.py
[2025-03-24T16:51:07.720-0700] {processor.py:914} INFO - Processing file /Users/jingwenxu/anaconda3/lib/python3.11/site-packages/airflow/example_dags/tutorial_taskflow_templates.py for tasks to queue
[2025-03-24T16:51:07.721-0700] {logging_mixin.py:190} INFO - [2025-03-24T16:51:07.721-0700] {dagbag.py:588} INFO - Filling up the DagBag from /Users/jingwenxu/anaconda3/lib/python3.11/site-packages/airflow/example_dags/tutorial_taskflow_templates.py
[2025-03-24T16:51:07.742-0700] {processor.py:925} INFO - DAG(s) 'tutorial_taskflow_templates' retrieved from /Users/jingwenxu/anaconda3/lib/python3.11/site-packages/airflow/example_dags/tutorial_taskflow_templates.py
[2025-03-24T16:51:07.785-0700] {logging_mixin.py:190} INFO - [2025-03-24T16:51:07.785-0700] {dag.py:3239} INFO - Sync 1 DAGs
[2025-03-24T16:51:07.793-0700] {logging_mixin.py:190} INFO - [2025-03-24T16:51:07.793-0700] {dag.py:4180} INFO - Setting next_dagrun for tutorial_taskflow_templates to 2025-03-23 00:00:00+00:00, run_after=2025-03-24 00:00:00+00:00
[2025-03-24T16:51:07.803-0700] {processor.py:208} INFO - Processing /Users/jingwenxu/anaconda3/lib/python3.11/site-packages/airflow/example_dags/tutorial_taskflow_templates.py took 0.086 seconds
[2025-03-24T16:52:46.251-0700] {processor.py:186} INFO - Started process (PID=6693) to work on /Users/jingwenxu/anaconda3/lib/python3.11/site-packages/airflow/example_dags/tutorial_taskflow_templates.py
[2025-03-24T16:52:46.252-0700] {processor.py:914} INFO - Processing file /Users/jingwenxu/anaconda3/lib/python3.11/site-packages/airflow/example_dags/tutorial_taskflow_templates.py for tasks to queue
[2025-03-24T16:52:46.253-0700] {logging_mixin.py:190} INFO - [2025-03-24T16:52:46.253-0700] {dagbag.py:588} INFO - Filling up the DagBag from /Users/jingwenxu/anaconda3/lib/python3.11/site-packages/airflow/example_dags/tutorial_taskflow_templates.py
[2025-03-24T16:52:46.274-0700] {processor.py:925} INFO - DAG(s) 'tutorial_taskflow_templates' retrieved from /Users/jingwenxu/anaconda3/lib/python3.11/site-packages/airflow/example_dags/tutorial_taskflow_templates.py
[2025-03-24T16:52:46.323-0700] {logging_mixin.py:190} INFO - [2025-03-24T16:52:46.322-0700] {dag.py:3239} INFO - Sync 1 DAGs
[2025-03-24T16:52:46.333-0700] {logging_mixin.py:190} INFO - [2025-03-24T16:52:46.333-0700] {dag.py:4180} INFO - Setting next_dagrun for tutorial_taskflow_templates to 2025-03-23 00:00:00+00:00, run_after=2025-03-24 00:00:00+00:00
[2025-03-24T16:52:46.344-0700] {processor.py:208} INFO - Processing /Users/jingwenxu/anaconda3/lib/python3.11/site-packages/airflow/example_dags/tutorial_taskflow_templates.py took 0.095 seconds
