[2025-03-24T16:34:08.593-0700] {processor.py:186} INFO - Started process (PID=2772) to work on /Users/jingwenxu/anaconda3/lib/python3.11/site-packages/airflow/example_dags/tutorial_dag.py
[2025-03-24T16:34:08.593-0700] {processor.py:914} INFO - Processing file /Users/jingwenxu/anaconda3/lib/python3.11/site-packages/airflow/example_dags/tutorial_dag.py for tasks to queue
[2025-03-24T16:34:08.594-0700] {logging_mixin.py:190} INFO - [2025-03-24T16:34:08.594-0700] {dagbag.py:588} INFO - Filling up the DagBag from /Users/jingwenxu/anaconda3/lib/python3.11/site-packages/airflow/example_dags/tutorial_dag.py
[2025-03-24T16:34:08.608-0700] {processor.py:925} INFO - DAG(s) 'tutorial_dag' retrieved from /Users/jingwenxu/anaconda3/lib/python3.11/site-packages/airflow/example_dags/tutorial_dag.py
[2025-03-24T16:34:08.689-0700] {logging_mixin.py:190} INFO - [2025-03-24T16:34:08.689-0700] {override.py:1930} INFO - Created Permission View: can edit on DAG:tutorial_dag
[2025-03-24T16:34:08.693-0700] {logging_mixin.py:190} INFO - [2025-03-24T16:34:08.693-0700] {override.py:1930} INFO - Created Permission View: can read on DAG:tutorial_dag
[2025-03-24T16:34:08.696-0700] {logging_mixin.py:190} INFO - [2025-03-24T16:34:08.696-0700] {override.py:1930} INFO - Created Permission View: can delete on DAG:tutorial_dag
[2025-03-24T16:34:08.699-0700] {logging_mixin.py:190} INFO - [2025-03-24T16:34:08.699-0700] {override.py:1930} INFO - Created Permission View: menu access on DAG Run:tutorial_dag
[2025-03-24T16:34:08.701-0700] {logging_mixin.py:190} INFO - [2025-03-24T16:34:08.701-0700] {override.py:1930} INFO - Created Permission View: can create on DAG Run:tutorial_dag
[2025-03-24T16:34:08.704-0700] {logging_mixin.py:190} INFO - [2025-03-24T16:34:08.704-0700] {override.py:1930} INFO - Created Permission View: can read on DAG Run:tutorial_dag
[2025-03-24T16:34:08.706-0700] {logging_mixin.py:190} INFO - [2025-03-24T16:34:08.706-0700] {override.py:1930} INFO - Created Permission View: can delete on DAG Run:tutorial_dag
[2025-03-24T16:34:08.706-0700] {logging_mixin.py:190} INFO - [2025-03-24T16:34:08.706-0700] {dag.py:3239} INFO - Sync 1 DAGs
[2025-03-24T16:34:08.712-0700] {logging_mixin.py:190} INFO - [2025-03-24T16:34:08.711-0700] {dag.py:3262} INFO - Creating ORM DAG for tutorial_dag
[2025-03-24T16:34:08.712-0700] {logging_mixin.py:190} INFO - [2025-03-24T16:34:08.712-0700] {dag.py:4180} INFO - Setting next_dagrun for tutorial_dag to None, run_after=None
[2025-03-24T16:34:08.718-0700] {processor.py:208} INFO - Processing /Users/jingwenxu/anaconda3/lib/python3.11/site-packages/airflow/example_dags/tutorial_dag.py took 0.127 seconds
[2025-03-24T16:36:24.840-0700] {processor.py:186} INFO - Started process (PID=3257) to work on /Users/jingwenxu/anaconda3/lib/python3.11/site-packages/airflow/example_dags/tutorial_dag.py
[2025-03-24T16:36:24.842-0700] {processor.py:914} INFO - Processing file /Users/jingwenxu/anaconda3/lib/python3.11/site-packages/airflow/example_dags/tutorial_dag.py for tasks to queue
[2025-03-24T16:36:24.842-0700] {logging_mixin.py:190} INFO - [2025-03-24T16:36:24.842-0700] {dagbag.py:588} INFO - Filling up the DagBag from /Users/jingwenxu/anaconda3/lib/python3.11/site-packages/airflow/example_dags/tutorial_dag.py
[2025-03-24T16:36:24.856-0700] {processor.py:925} INFO - DAG(s) 'tutorial_dag' retrieved from /Users/jingwenxu/anaconda3/lib/python3.11/site-packages/airflow/example_dags/tutorial_dag.py
[2025-03-24T16:36:24.897-0700] {logging_mixin.py:190} INFO - [2025-03-24T16:36:24.897-0700] {dag.py:3239} INFO - Sync 1 DAGs
[2025-03-24T16:36:24.902-0700] {logging_mixin.py:190} INFO - [2025-03-24T16:36:24.902-0700] {dag.py:4180} INFO - Setting next_dagrun for tutorial_dag to None, run_after=None
[2025-03-24T16:36:24.910-0700] {processor.py:208} INFO - Processing /Users/jingwenxu/anaconda3/lib/python3.11/site-packages/airflow/example_dags/tutorial_dag.py took 0.072 seconds
[2025-03-24T16:38:02.604-0700] {processor.py:186} INFO - Started process (PID=3588) to work on /Users/jingwenxu/anaconda3/lib/python3.11/site-packages/airflow/example_dags/tutorial_dag.py
[2025-03-24T16:38:02.605-0700] {processor.py:914} INFO - Processing file /Users/jingwenxu/anaconda3/lib/python3.11/site-packages/airflow/example_dags/tutorial_dag.py for tasks to queue
[2025-03-24T16:38:02.606-0700] {logging_mixin.py:190} INFO - [2025-03-24T16:38:02.606-0700] {dagbag.py:588} INFO - Filling up the DagBag from /Users/jingwenxu/anaconda3/lib/python3.11/site-packages/airflow/example_dags/tutorial_dag.py
[2025-03-24T16:38:02.619-0700] {processor.py:925} INFO - DAG(s) 'tutorial_dag' retrieved from /Users/jingwenxu/anaconda3/lib/python3.11/site-packages/airflow/example_dags/tutorial_dag.py
[2025-03-24T16:38:02.661-0700] {logging_mixin.py:190} INFO - [2025-03-24T16:38:02.661-0700] {dag.py:3239} INFO - Sync 1 DAGs
[2025-03-24T16:38:02.666-0700] {logging_mixin.py:190} INFO - [2025-03-24T16:38:02.666-0700] {dag.py:4180} INFO - Setting next_dagrun for tutorial_dag to None, run_after=None
[2025-03-24T16:38:02.674-0700] {processor.py:208} INFO - Processing /Users/jingwenxu/anaconda3/lib/python3.11/site-packages/airflow/example_dags/tutorial_dag.py took 0.072 seconds
[2025-03-24T16:39:41.220-0700] {processor.py:186} INFO - Started process (PID=3935) to work on /Users/jingwenxu/anaconda3/lib/python3.11/site-packages/airflow/example_dags/tutorial_dag.py
[2025-03-24T16:39:41.222-0700] {processor.py:914} INFO - Processing file /Users/jingwenxu/anaconda3/lib/python3.11/site-packages/airflow/example_dags/tutorial_dag.py for tasks to queue
[2025-03-24T16:39:41.222-0700] {logging_mixin.py:190} INFO - [2025-03-24T16:39:41.222-0700] {dagbag.py:588} INFO - Filling up the DagBag from /Users/jingwenxu/anaconda3/lib/python3.11/site-packages/airflow/example_dags/tutorial_dag.py
[2025-03-24T16:39:41.236-0700] {processor.py:925} INFO - DAG(s) 'tutorial_dag' retrieved from /Users/jingwenxu/anaconda3/lib/python3.11/site-packages/airflow/example_dags/tutorial_dag.py
[2025-03-24T16:39:41.277-0700] {logging_mixin.py:190} INFO - [2025-03-24T16:39:41.277-0700] {dag.py:3239} INFO - Sync 1 DAGs
[2025-03-24T16:39:41.282-0700] {logging_mixin.py:190} INFO - [2025-03-24T16:39:41.282-0700] {dag.py:4180} INFO - Setting next_dagrun for tutorial_dag to None, run_after=None
[2025-03-24T16:39:41.291-0700] {processor.py:208} INFO - Processing /Users/jingwenxu/anaconda3/lib/python3.11/site-packages/airflow/example_dags/tutorial_dag.py took 0.072 seconds
[2025-03-24T16:41:18.227-0700] {processor.py:186} INFO - Started process (PID=4337) to work on /Users/jingwenxu/anaconda3/lib/python3.11/site-packages/airflow/example_dags/tutorial_dag.py
[2025-03-24T16:41:18.228-0700] {processor.py:914} INFO - Processing file /Users/jingwenxu/anaconda3/lib/python3.11/site-packages/airflow/example_dags/tutorial_dag.py for tasks to queue
[2025-03-24T16:41:18.228-0700] {logging_mixin.py:190} INFO - [2025-03-24T16:41:18.228-0700] {dagbag.py:588} INFO - Filling up the DagBag from /Users/jingwenxu/anaconda3/lib/python3.11/site-packages/airflow/example_dags/tutorial_dag.py
[2025-03-24T16:41:18.242-0700] {processor.py:925} INFO - DAG(s) 'tutorial_dag' retrieved from /Users/jingwenxu/anaconda3/lib/python3.11/site-packages/airflow/example_dags/tutorial_dag.py
[2025-03-24T16:41:18.284-0700] {logging_mixin.py:190} INFO - [2025-03-24T16:41:18.283-0700] {dag.py:3239} INFO - Sync 1 DAGs
[2025-03-24T16:41:18.288-0700] {logging_mixin.py:190} INFO - [2025-03-24T16:41:18.288-0700] {dag.py:4180} INFO - Setting next_dagrun for tutorial_dag to None, run_after=None
[2025-03-24T16:41:18.296-0700] {processor.py:208} INFO - Processing /Users/jingwenxu/anaconda3/lib/python3.11/site-packages/airflow/example_dags/tutorial_dag.py took 0.071 seconds
[2025-03-24T16:42:58.917-0700] {processor.py:186} INFO - Started process (PID=4686) to work on /Users/jingwenxu/anaconda3/lib/python3.11/site-packages/airflow/example_dags/tutorial_dag.py
[2025-03-24T16:42:58.918-0700] {processor.py:914} INFO - Processing file /Users/jingwenxu/anaconda3/lib/python3.11/site-packages/airflow/example_dags/tutorial_dag.py for tasks to queue
[2025-03-24T16:42:58.919-0700] {logging_mixin.py:190} INFO - [2025-03-24T16:42:58.919-0700] {dagbag.py:588} INFO - Filling up the DagBag from /Users/jingwenxu/anaconda3/lib/python3.11/site-packages/airflow/example_dags/tutorial_dag.py
[2025-03-24T16:42:58.934-0700] {processor.py:925} INFO - DAG(s) 'tutorial_dag' retrieved from /Users/jingwenxu/anaconda3/lib/python3.11/site-packages/airflow/example_dags/tutorial_dag.py
[2025-03-24T16:42:58.980-0700] {logging_mixin.py:190} INFO - [2025-03-24T16:42:58.980-0700] {dag.py:3239} INFO - Sync 1 DAGs
[2025-03-24T16:42:58.985-0700] {logging_mixin.py:190} INFO - [2025-03-24T16:42:58.985-0700] {dag.py:4180} INFO - Setting next_dagrun for tutorial_dag to None, run_after=None
[2025-03-24T16:42:58.995-0700] {processor.py:208} INFO - Processing /Users/jingwenxu/anaconda3/lib/python3.11/site-packages/airflow/example_dags/tutorial_dag.py took 0.080 seconds
[2025-03-24T16:44:37.463-0700] {processor.py:186} INFO - Started process (PID=5011) to work on /Users/jingwenxu/anaconda3/lib/python3.11/site-packages/airflow/example_dags/tutorial_dag.py
[2025-03-24T16:44:37.464-0700] {processor.py:914} INFO - Processing file /Users/jingwenxu/anaconda3/lib/python3.11/site-packages/airflow/example_dags/tutorial_dag.py for tasks to queue
[2025-03-24T16:44:37.465-0700] {logging_mixin.py:190} INFO - [2025-03-24T16:44:37.465-0700] {dagbag.py:588} INFO - Filling up the DagBag from /Users/jingwenxu/anaconda3/lib/python3.11/site-packages/airflow/example_dags/tutorial_dag.py
[2025-03-24T16:44:37.478-0700] {processor.py:925} INFO - DAG(s) 'tutorial_dag' retrieved from /Users/jingwenxu/anaconda3/lib/python3.11/site-packages/airflow/example_dags/tutorial_dag.py
[2025-03-24T16:44:37.520-0700] {logging_mixin.py:190} INFO - [2025-03-24T16:44:37.519-0700] {dag.py:3239} INFO - Sync 1 DAGs
[2025-03-24T16:44:37.524-0700] {logging_mixin.py:190} INFO - [2025-03-24T16:44:37.524-0700] {dag.py:4180} INFO - Setting next_dagrun for tutorial_dag to None, run_after=None
[2025-03-24T16:44:37.533-0700] {processor.py:208} INFO - Processing /Users/jingwenxu/anaconda3/lib/python3.11/site-packages/airflow/example_dags/tutorial_dag.py took 0.071 seconds
[2025-03-24T16:46:18.034-0700] {processor.py:186} INFO - Started process (PID=5360) to work on /Users/jingwenxu/anaconda3/lib/python3.11/site-packages/airflow/example_dags/tutorial_dag.py
[2025-03-24T16:46:18.034-0700] {processor.py:914} INFO - Processing file /Users/jingwenxu/anaconda3/lib/python3.11/site-packages/airflow/example_dags/tutorial_dag.py for tasks to queue
[2025-03-24T16:46:18.035-0700] {logging_mixin.py:190} INFO - [2025-03-24T16:46:18.035-0700] {dagbag.py:588} INFO - Filling up the DagBag from /Users/jingwenxu/anaconda3/lib/python3.11/site-packages/airflow/example_dags/tutorial_dag.py
[2025-03-24T16:46:18.050-0700] {processor.py:925} INFO - DAG(s) 'tutorial_dag' retrieved from /Users/jingwenxu/anaconda3/lib/python3.11/site-packages/airflow/example_dags/tutorial_dag.py
[2025-03-24T16:46:18.097-0700] {logging_mixin.py:190} INFO - [2025-03-24T16:46:18.097-0700] {dag.py:3239} INFO - Sync 1 DAGs
[2025-03-24T16:46:18.102-0700] {logging_mixin.py:190} INFO - [2025-03-24T16:46:18.102-0700] {dag.py:4180} INFO - Setting next_dagrun for tutorial_dag to None, run_after=None
[2025-03-24T16:46:18.112-0700] {processor.py:208} INFO - Processing /Users/jingwenxu/anaconda3/lib/python3.11/site-packages/airflow/example_dags/tutorial_dag.py took 0.080 seconds
[2025-03-24T16:47:55.769-0700] {processor.py:186} INFO - Started process (PID=5688) to work on /Users/jingwenxu/anaconda3/lib/python3.11/site-packages/airflow/example_dags/tutorial_dag.py
[2025-03-24T16:47:55.769-0700] {processor.py:914} INFO - Processing file /Users/jingwenxu/anaconda3/lib/python3.11/site-packages/airflow/example_dags/tutorial_dag.py for tasks to queue
[2025-03-24T16:47:55.770-0700] {logging_mixin.py:190} INFO - [2025-03-24T16:47:55.770-0700] {dagbag.py:588} INFO - Filling up the DagBag from /Users/jingwenxu/anaconda3/lib/python3.11/site-packages/airflow/example_dags/tutorial_dag.py
[2025-03-24T16:47:55.784-0700] {processor.py:925} INFO - DAG(s) 'tutorial_dag' retrieved from /Users/jingwenxu/anaconda3/lib/python3.11/site-packages/airflow/example_dags/tutorial_dag.py
[2025-03-24T16:47:55.831-0700] {logging_mixin.py:190} INFO - [2025-03-24T16:47:55.831-0700] {dag.py:3239} INFO - Sync 1 DAGs
[2025-03-24T16:47:55.836-0700] {logging_mixin.py:190} INFO - [2025-03-24T16:47:55.836-0700] {dag.py:4180} INFO - Setting next_dagrun for tutorial_dag to None, run_after=None
[2025-03-24T16:47:55.845-0700] {processor.py:208} INFO - Processing /Users/jingwenxu/anaconda3/lib/python3.11/site-packages/airflow/example_dags/tutorial_dag.py took 0.078 seconds
[2025-03-24T16:49:36.400-0700] {processor.py:186} INFO - Started process (PID=6051) to work on /Users/jingwenxu/anaconda3/lib/python3.11/site-packages/airflow/example_dags/tutorial_dag.py
[2025-03-24T16:49:36.402-0700] {processor.py:914} INFO - Processing file /Users/jingwenxu/anaconda3/lib/python3.11/site-packages/airflow/example_dags/tutorial_dag.py for tasks to queue
[2025-03-24T16:49:36.402-0700] {logging_mixin.py:190} INFO - [2025-03-24T16:49:36.402-0700] {dagbag.py:588} INFO - Filling up the DagBag from /Users/jingwenxu/anaconda3/lib/python3.11/site-packages/airflow/example_dags/tutorial_dag.py
[2025-03-24T16:49:36.415-0700] {processor.py:925} INFO - DAG(s) 'tutorial_dag' retrieved from /Users/jingwenxu/anaconda3/lib/python3.11/site-packages/airflow/example_dags/tutorial_dag.py
[2025-03-24T16:49:36.457-0700] {logging_mixin.py:190} INFO - [2025-03-24T16:49:36.456-0700] {dag.py:3239} INFO - Sync 1 DAGs
[2025-03-24T16:49:36.461-0700] {logging_mixin.py:190} INFO - [2025-03-24T16:49:36.461-0700] {dag.py:4180} INFO - Setting next_dagrun for tutorial_dag to None, run_after=None
[2025-03-24T16:49:36.470-0700] {processor.py:208} INFO - Processing /Users/jingwenxu/anaconda3/lib/python3.11/site-packages/airflow/example_dags/tutorial_dag.py took 0.071 seconds
[2025-03-24T16:51:16.670-0700] {processor.py:186} INFO - Started process (PID=6401) to work on /Users/jingwenxu/anaconda3/lib/python3.11/site-packages/airflow/example_dags/tutorial_dag.py
[2025-03-24T16:51:16.672-0700] {processor.py:914} INFO - Processing file /Users/jingwenxu/anaconda3/lib/python3.11/site-packages/airflow/example_dags/tutorial_dag.py for tasks to queue
[2025-03-24T16:51:16.672-0700] {logging_mixin.py:190} INFO - [2025-03-24T16:51:16.672-0700] {dagbag.py:588} INFO - Filling up the DagBag from /Users/jingwenxu/anaconda3/lib/python3.11/site-packages/airflow/example_dags/tutorial_dag.py
[2025-03-24T16:51:16.688-0700] {processor.py:925} INFO - DAG(s) 'tutorial_dag' retrieved from /Users/jingwenxu/anaconda3/lib/python3.11/site-packages/airflow/example_dags/tutorial_dag.py
[2025-03-24T16:51:16.734-0700] {logging_mixin.py:190} INFO - [2025-03-24T16:51:16.734-0700] {dag.py:3239} INFO - Sync 1 DAGs
[2025-03-24T16:51:16.739-0700] {logging_mixin.py:190} INFO - [2025-03-24T16:51:16.739-0700] {dag.py:4180} INFO - Setting next_dagrun for tutorial_dag to None, run_after=None
[2025-03-24T16:51:16.749-0700] {processor.py:208} INFO - Processing /Users/jingwenxu/anaconda3/lib/python3.11/site-packages/airflow/example_dags/tutorial_dag.py took 0.081 seconds
[2025-03-24T16:52:55.122-0700] {processor.py:186} INFO - Started process (PID=6721) to work on /Users/jingwenxu/anaconda3/lib/python3.11/site-packages/airflow/example_dags/tutorial_dag.py
[2025-03-24T16:52:55.123-0700] {processor.py:914} INFO - Processing file /Users/jingwenxu/anaconda3/lib/python3.11/site-packages/airflow/example_dags/tutorial_dag.py for tasks to queue
[2025-03-24T16:52:55.124-0700] {logging_mixin.py:190} INFO - [2025-03-24T16:52:55.124-0700] {dagbag.py:588} INFO - Filling up the DagBag from /Users/jingwenxu/anaconda3/lib/python3.11/site-packages/airflow/example_dags/tutorial_dag.py
[2025-03-24T16:52:55.137-0700] {processor.py:925} INFO - DAG(s) 'tutorial_dag' retrieved from /Users/jingwenxu/anaconda3/lib/python3.11/site-packages/airflow/example_dags/tutorial_dag.py
[2025-03-24T16:52:55.179-0700] {logging_mixin.py:190} INFO - [2025-03-24T16:52:55.179-0700] {dag.py:3239} INFO - Sync 1 DAGs
[2025-03-24T16:52:55.184-0700] {logging_mixin.py:190} INFO - [2025-03-24T16:52:55.184-0700] {dag.py:4180} INFO - Setting next_dagrun for tutorial_dag to None, run_after=None
[2025-03-24T16:52:55.192-0700] {processor.py:208} INFO - Processing /Users/jingwenxu/anaconda3/lib/python3.11/site-packages/airflow/example_dags/tutorial_dag.py took 0.071 seconds
