[2025-03-24T16:34:01.916-0700] {processor.py:186} INFO - Started process (PID=2750) to work on /Users/jingwenxu/anaconda3/lib/python3.11/site-packages/airflow/example_dags/tutorial_taskflow_api_virtualenv.py
[2025-03-24T16:34:01.917-0700] {processor.py:914} INFO - Processing file /Users/jingwenxu/anaconda3/lib/python3.11/site-packages/airflow/example_dags/tutorial_taskflow_api_virtualenv.py for tasks to queue
[2025-03-24T16:34:01.918-0700] {logging_mixin.py:190} INFO - [2025-03-24T16:34:01.918-0700] {dagbag.py:588} INFO - Filling up the DagBag from /Users/jingwenxu/anaconda3/lib/python3.11/site-packages/airflow/example_dags/tutorial_taskflow_api_virtualenv.py
[2025-03-24T16:34:01.939-0700] {processor.py:925} INFO - DAG(s) 'tutorial_taskflow_api_virtualenv' retrieved from /Users/jingwenxu/anaconda3/lib/python3.11/site-packages/airflow/example_dags/tutorial_taskflow_api_virtualenv.py
[2025-03-24T16:34:02.022-0700] {logging_mixin.py:190} INFO - [2025-03-24T16:34:02.022-0700] {override.py:1930} INFO - Created Permission View: can edit on DAG:tutorial_taskflow_api_virtualenv
[2025-03-24T16:34:02.027-0700] {logging_mixin.py:190} INFO - [2025-03-24T16:34:02.027-0700] {override.py:1930} INFO - Created Permission View: can read on DAG:tutorial_taskflow_api_virtualenv
[2025-03-24T16:34:02.030-0700] {logging_mixin.py:190} INFO - [2025-03-24T16:34:02.030-0700] {override.py:1930} INFO - Created Permission View: can delete on DAG:tutorial_taskflow_api_virtualenv
[2025-03-24T16:34:02.038-0700] {logging_mixin.py:190} INFO - [2025-03-24T16:34:02.038-0700] {override.py:1930} INFO - Created Permission View: menu access on DAG Run:tutorial_taskflow_api_virtualenv
[2025-03-24T16:34:02.041-0700] {logging_mixin.py:190} INFO - [2025-03-24T16:34:02.041-0700] {override.py:1930} INFO - Created Permission View: can read on DAG Run:tutorial_taskflow_api_virtualenv
[2025-03-24T16:34:02.044-0700] {logging_mixin.py:190} INFO - [2025-03-24T16:34:02.044-0700] {override.py:1930} INFO - Created Permission View: can delete on DAG Run:tutorial_taskflow_api_virtualenv
[2025-03-24T16:34:02.046-0700] {logging_mixin.py:190} INFO - [2025-03-24T16:34:02.046-0700] {override.py:1930} INFO - Created Permission View: can create on DAG Run:tutorial_taskflow_api_virtualenv
[2025-03-24T16:34:02.046-0700] {logging_mixin.py:190} INFO - [2025-03-24T16:34:02.046-0700] {dag.py:3239} INFO - Sync 1 DAGs
[2025-03-24T16:34:02.052-0700] {logging_mixin.py:190} INFO - [2025-03-24T16:34:02.052-0700] {dag.py:3262} INFO - Creating ORM DAG for tutorial_taskflow_api_virtualenv
[2025-03-24T16:34:02.052-0700] {logging_mixin.py:190} INFO - [2025-03-24T16:34:02.052-0700] {dag.py:4180} INFO - Setting next_dagrun for tutorial_taskflow_api_virtualenv to None, run_after=None
[2025-03-24T16:34:02.059-0700] {processor.py:208} INFO - Processing /Users/jingwenxu/anaconda3/lib/python3.11/site-packages/airflow/example_dags/tutorial_taskflow_api_virtualenv.py took 0.145 seconds
[2025-03-24T16:36:19.661-0700] {processor.py:186} INFO - Started process (PID=3241) to work on /Users/jingwenxu/anaconda3/lib/python3.11/site-packages/airflow/example_dags/tutorial_taskflow_api_virtualenv.py
[2025-03-24T16:36:19.662-0700] {processor.py:914} INFO - Processing file /Users/jingwenxu/anaconda3/lib/python3.11/site-packages/airflow/example_dags/tutorial_taskflow_api_virtualenv.py for tasks to queue
[2025-03-24T16:36:19.663-0700] {logging_mixin.py:190} INFO - [2025-03-24T16:36:19.662-0700] {dagbag.py:588} INFO - Filling up the DagBag from /Users/jingwenxu/anaconda3/lib/python3.11/site-packages/airflow/example_dags/tutorial_taskflow_api_virtualenv.py
[2025-03-24T16:36:19.683-0700] {processor.py:925} INFO - DAG(s) 'tutorial_taskflow_api_virtualenv' retrieved from /Users/jingwenxu/anaconda3/lib/python3.11/site-packages/airflow/example_dags/tutorial_taskflow_api_virtualenv.py
[2025-03-24T16:36:19.776-0700] {logging_mixin.py:190} INFO - [2025-03-24T16:36:19.776-0700] {dag.py:3239} INFO - Sync 1 DAGs
[2025-03-24T16:36:19.781-0700] {logging_mixin.py:190} INFO - [2025-03-24T16:36:19.781-0700] {dag.py:4180} INFO - Setting next_dagrun for tutorial_taskflow_api_virtualenv to None, run_after=None
[2025-03-24T16:36:19.790-0700] {processor.py:208} INFO - Processing /Users/jingwenxu/anaconda3/lib/python3.11/site-packages/airflow/example_dags/tutorial_taskflow_api_virtualenv.py took 0.131 seconds
[2025-03-24T16:37:56.468-0700] {processor.py:186} INFO - Started process (PID=3566) to work on /Users/jingwenxu/anaconda3/lib/python3.11/site-packages/airflow/example_dags/tutorial_taskflow_api_virtualenv.py
[2025-03-24T16:37:56.469-0700] {processor.py:914} INFO - Processing file /Users/jingwenxu/anaconda3/lib/python3.11/site-packages/airflow/example_dags/tutorial_taskflow_api_virtualenv.py for tasks to queue
[2025-03-24T16:37:56.470-0700] {logging_mixin.py:190} INFO - [2025-03-24T16:37:56.470-0700] {dagbag.py:588} INFO - Filling up the DagBag from /Users/jingwenxu/anaconda3/lib/python3.11/site-packages/airflow/example_dags/tutorial_taskflow_api_virtualenv.py
[2025-03-24T16:37:56.491-0700] {processor.py:925} INFO - DAG(s) 'tutorial_taskflow_api_virtualenv' retrieved from /Users/jingwenxu/anaconda3/lib/python3.11/site-packages/airflow/example_dags/tutorial_taskflow_api_virtualenv.py
[2025-03-24T16:37:56.586-0700] {logging_mixin.py:190} INFO - [2025-03-24T16:37:56.585-0700] {dag.py:3239} INFO - Sync 1 DAGs
[2025-03-24T16:37:56.590-0700] {logging_mixin.py:190} INFO - [2025-03-24T16:37:56.590-0700] {dag.py:4180} INFO - Setting next_dagrun for tutorial_taskflow_api_virtualenv to None, run_after=None
[2025-03-24T16:37:56.599-0700] {processor.py:208} INFO - Processing /Users/jingwenxu/anaconda3/lib/python3.11/site-packages/airflow/example_dags/tutorial_taskflow_api_virtualenv.py took 0.133 seconds
[2025-03-24T16:39:34.930-0700] {processor.py:186} INFO - Started process (PID=3919) to work on /Users/jingwenxu/anaconda3/lib/python3.11/site-packages/airflow/example_dags/tutorial_taskflow_api_virtualenv.py
[2025-03-24T16:39:34.931-0700] {processor.py:914} INFO - Processing file /Users/jingwenxu/anaconda3/lib/python3.11/site-packages/airflow/example_dags/tutorial_taskflow_api_virtualenv.py for tasks to queue
[2025-03-24T16:39:34.932-0700] {logging_mixin.py:190} INFO - [2025-03-24T16:39:34.932-0700] {dagbag.py:588} INFO - Filling up the DagBag from /Users/jingwenxu/anaconda3/lib/python3.11/site-packages/airflow/example_dags/tutorial_taskflow_api_virtualenv.py
[2025-03-24T16:39:34.952-0700] {processor.py:925} INFO - DAG(s) 'tutorial_taskflow_api_virtualenv' retrieved from /Users/jingwenxu/anaconda3/lib/python3.11/site-packages/airflow/example_dags/tutorial_taskflow_api_virtualenv.py
[2025-03-24T16:39:35.043-0700] {logging_mixin.py:190} INFO - [2025-03-24T16:39:35.043-0700] {dag.py:3239} INFO - Sync 1 DAGs
[2025-03-24T16:39:35.047-0700] {logging_mixin.py:190} INFO - [2025-03-24T16:39:35.047-0700] {dag.py:4180} INFO - Setting next_dagrun for tutorial_taskflow_api_virtualenv to None, run_after=None
[2025-03-24T16:39:35.055-0700] {processor.py:208} INFO - Processing /Users/jingwenxu/anaconda3/lib/python3.11/site-packages/airflow/example_dags/tutorial_taskflow_api_virtualenv.py took 0.127 seconds
[2025-03-24T16:41:11.710-0700] {processor.py:186} INFO - Started process (PID=4316) to work on /Users/jingwenxu/anaconda3/lib/python3.11/site-packages/airflow/example_dags/tutorial_taskflow_api_virtualenv.py
[2025-03-24T16:41:11.711-0700] {processor.py:914} INFO - Processing file /Users/jingwenxu/anaconda3/lib/python3.11/site-packages/airflow/example_dags/tutorial_taskflow_api_virtualenv.py for tasks to queue
[2025-03-24T16:41:11.712-0700] {logging_mixin.py:190} INFO - [2025-03-24T16:41:11.712-0700] {dagbag.py:588} INFO - Filling up the DagBag from /Users/jingwenxu/anaconda3/lib/python3.11/site-packages/airflow/example_dags/tutorial_taskflow_api_virtualenv.py
[2025-03-24T16:41:11.733-0700] {processor.py:925} INFO - DAG(s) 'tutorial_taskflow_api_virtualenv' retrieved from /Users/jingwenxu/anaconda3/lib/python3.11/site-packages/airflow/example_dags/tutorial_taskflow_api_virtualenv.py
[2025-03-24T16:41:11.829-0700] {logging_mixin.py:190} INFO - [2025-03-24T16:41:11.829-0700] {dag.py:3239} INFO - Sync 1 DAGs
[2025-03-24T16:41:11.833-0700] {logging_mixin.py:190} INFO - [2025-03-24T16:41:11.833-0700] {dag.py:4180} INFO - Setting next_dagrun for tutorial_taskflow_api_virtualenv to None, run_after=None
[2025-03-24T16:41:11.841-0700] {processor.py:208} INFO - Processing /Users/jingwenxu/anaconda3/lib/python3.11/site-packages/airflow/example_dags/tutorial_taskflow_api_virtualenv.py took 0.133 seconds
[2025-03-24T16:42:51.956-0700] {processor.py:186} INFO - Started process (PID=4662) to work on /Users/jingwenxu/anaconda3/lib/python3.11/site-packages/airflow/example_dags/tutorial_taskflow_api_virtualenv.py
[2025-03-24T16:42:51.957-0700] {processor.py:914} INFO - Processing file /Users/jingwenxu/anaconda3/lib/python3.11/site-packages/airflow/example_dags/tutorial_taskflow_api_virtualenv.py for tasks to queue
[2025-03-24T16:42:51.958-0700] {logging_mixin.py:190} INFO - [2025-03-24T16:42:51.957-0700] {dagbag.py:588} INFO - Filling up the DagBag from /Users/jingwenxu/anaconda3/lib/python3.11/site-packages/airflow/example_dags/tutorial_taskflow_api_virtualenv.py
[2025-03-24T16:42:51.987-0700] {processor.py:925} INFO - DAG(s) 'tutorial_taskflow_api_virtualenv' retrieved from /Users/jingwenxu/anaconda3/lib/python3.11/site-packages/airflow/example_dags/tutorial_taskflow_api_virtualenv.py
[2025-03-24T16:42:52.112-0700] {logging_mixin.py:190} INFO - [2025-03-24T16:42:52.112-0700] {dag.py:3239} INFO - Sync 1 DAGs
[2025-03-24T16:42:52.117-0700] {logging_mixin.py:190} INFO - [2025-03-24T16:42:52.117-0700] {dag.py:4180} INFO - Setting next_dagrun for tutorial_taskflow_api_virtualenv to None, run_after=None
[2025-03-24T16:42:52.128-0700] {processor.py:208} INFO - Processing /Users/jingwenxu/anaconda3/lib/python3.11/site-packages/airflow/example_dags/tutorial_taskflow_api_virtualenv.py took 0.174 seconds
[2025-03-24T16:44:31.026-0700] {processor.py:186} INFO - Started process (PID=4990) to work on /Users/jingwenxu/anaconda3/lib/python3.11/site-packages/airflow/example_dags/tutorial_taskflow_api_virtualenv.py
[2025-03-24T16:44:31.028-0700] {processor.py:914} INFO - Processing file /Users/jingwenxu/anaconda3/lib/python3.11/site-packages/airflow/example_dags/tutorial_taskflow_api_virtualenv.py for tasks to queue
[2025-03-24T16:44:31.028-0700] {logging_mixin.py:190} INFO - [2025-03-24T16:44:31.028-0700] {dagbag.py:588} INFO - Filling up the DagBag from /Users/jingwenxu/anaconda3/lib/python3.11/site-packages/airflow/example_dags/tutorial_taskflow_api_virtualenv.py
[2025-03-24T16:44:31.049-0700] {processor.py:925} INFO - DAG(s) 'tutorial_taskflow_api_virtualenv' retrieved from /Users/jingwenxu/anaconda3/lib/python3.11/site-packages/airflow/example_dags/tutorial_taskflow_api_virtualenv.py
[2025-03-24T16:44:31.144-0700] {logging_mixin.py:190} INFO - [2025-03-24T16:44:31.144-0700] {dag.py:3239} INFO - Sync 1 DAGs
[2025-03-24T16:44:31.148-0700] {logging_mixin.py:190} INFO - [2025-03-24T16:44:31.148-0700] {dag.py:4180} INFO - Setting next_dagrun for tutorial_taskflow_api_virtualenv to None, run_after=None
[2025-03-24T16:44:31.156-0700] {processor.py:208} INFO - Processing /Users/jingwenxu/anaconda3/lib/python3.11/site-packages/airflow/example_dags/tutorial_taskflow_api_virtualenv.py took 0.131 seconds
[2025-03-24T16:46:11.462-0700] {processor.py:186} INFO - Started process (PID=5339) to work on /Users/jingwenxu/anaconda3/lib/python3.11/site-packages/airflow/example_dags/tutorial_taskflow_api_virtualenv.py
[2025-03-24T16:46:11.463-0700] {processor.py:914} INFO - Processing file /Users/jingwenxu/anaconda3/lib/python3.11/site-packages/airflow/example_dags/tutorial_taskflow_api_virtualenv.py for tasks to queue
[2025-03-24T16:46:11.464-0700] {logging_mixin.py:190} INFO - [2025-03-24T16:46:11.464-0700] {dagbag.py:588} INFO - Filling up the DagBag from /Users/jingwenxu/anaconda3/lib/python3.11/site-packages/airflow/example_dags/tutorial_taskflow_api_virtualenv.py
[2025-03-24T16:46:11.485-0700] {processor.py:925} INFO - DAG(s) 'tutorial_taskflow_api_virtualenv' retrieved from /Users/jingwenxu/anaconda3/lib/python3.11/site-packages/airflow/example_dags/tutorial_taskflow_api_virtualenv.py
[2025-03-24T16:46:11.570-0700] {logging_mixin.py:190} INFO - [2025-03-24T16:46:11.569-0700] {dag.py:3239} INFO - Sync 1 DAGs
[2025-03-24T16:46:11.574-0700] {logging_mixin.py:190} INFO - [2025-03-24T16:46:11.574-0700] {dag.py:4180} INFO - Setting next_dagrun for tutorial_taskflow_api_virtualenv to None, run_after=None
[2025-03-24T16:46:11.585-0700] {processor.py:208} INFO - Processing /Users/jingwenxu/anaconda3/lib/python3.11/site-packages/airflow/example_dags/tutorial_taskflow_api_virtualenv.py took 0.125 seconds
[2025-03-24T16:47:49.008-0700] {processor.py:186} INFO - Started process (PID=5662) to work on /Users/jingwenxu/anaconda3/lib/python3.11/site-packages/airflow/example_dags/tutorial_taskflow_api_virtualenv.py
[2025-03-24T16:47:49.009-0700] {processor.py:914} INFO - Processing file /Users/jingwenxu/anaconda3/lib/python3.11/site-packages/airflow/example_dags/tutorial_taskflow_api_virtualenv.py for tasks to queue
[2025-03-24T16:47:49.010-0700] {logging_mixin.py:190} INFO - [2025-03-24T16:47:49.010-0700] {dagbag.py:588} INFO - Filling up the DagBag from /Users/jingwenxu/anaconda3/lib/python3.11/site-packages/airflow/example_dags/tutorial_taskflow_api_virtualenv.py
[2025-03-24T16:47:49.031-0700] {processor.py:925} INFO - DAG(s) 'tutorial_taskflow_api_virtualenv' retrieved from /Users/jingwenxu/anaconda3/lib/python3.11/site-packages/airflow/example_dags/tutorial_taskflow_api_virtualenv.py
[2025-03-24T16:47:49.132-0700] {logging_mixin.py:190} INFO - [2025-03-24T16:47:49.131-0700] {dag.py:3239} INFO - Sync 1 DAGs
[2025-03-24T16:47:49.136-0700] {logging_mixin.py:190} INFO - [2025-03-24T16:47:49.136-0700] {dag.py:4180} INFO - Setting next_dagrun for tutorial_taskflow_api_virtualenv to None, run_after=None
[2025-03-24T16:47:49.144-0700] {processor.py:208} INFO - Processing /Users/jingwenxu/anaconda3/lib/python3.11/site-packages/airflow/example_dags/tutorial_taskflow_api_virtualenv.py took 0.137 seconds
[2025-03-24T16:49:30.003-0700] {processor.py:186} INFO - Started process (PID=6026) to work on /Users/jingwenxu/anaconda3/lib/python3.11/site-packages/airflow/example_dags/tutorial_taskflow_api_virtualenv.py
[2025-03-24T16:49:30.005-0700] {processor.py:914} INFO - Processing file /Users/jingwenxu/anaconda3/lib/python3.11/site-packages/airflow/example_dags/tutorial_taskflow_api_virtualenv.py for tasks to queue
[2025-03-24T16:49:30.006-0700] {logging_mixin.py:190} INFO - [2025-03-24T16:49:30.006-0700] {dagbag.py:588} INFO - Filling up the DagBag from /Users/jingwenxu/anaconda3/lib/python3.11/site-packages/airflow/example_dags/tutorial_taskflow_api_virtualenv.py
[2025-03-24T16:49:30.026-0700] {processor.py:925} INFO - DAG(s) 'tutorial_taskflow_api_virtualenv' retrieved from /Users/jingwenxu/anaconda3/lib/python3.11/site-packages/airflow/example_dags/tutorial_taskflow_api_virtualenv.py
[2025-03-24T16:49:30.118-0700] {logging_mixin.py:190} INFO - [2025-03-24T16:49:30.118-0700] {dag.py:3239} INFO - Sync 1 DAGs
[2025-03-24T16:49:30.122-0700] {logging_mixin.py:190} INFO - [2025-03-24T16:49:30.122-0700] {dag.py:4180} INFO - Setting next_dagrun for tutorial_taskflow_api_virtualenv to None, run_after=None
[2025-03-24T16:49:30.130-0700] {processor.py:208} INFO - Processing /Users/jingwenxu/anaconda3/lib/python3.11/site-packages/airflow/example_dags/tutorial_taskflow_api_virtualenv.py took 0.129 seconds
[2025-03-24T16:51:10.114-0700] {processor.py:186} INFO - Started process (PID=6380) to work on /Users/jingwenxu/anaconda3/lib/python3.11/site-packages/airflow/example_dags/tutorial_taskflow_api_virtualenv.py
[2025-03-24T16:51:10.115-0700] {processor.py:914} INFO - Processing file /Users/jingwenxu/anaconda3/lib/python3.11/site-packages/airflow/example_dags/tutorial_taskflow_api_virtualenv.py for tasks to queue
[2025-03-24T16:51:10.116-0700] {logging_mixin.py:190} INFO - [2025-03-24T16:51:10.116-0700] {dagbag.py:588} INFO - Filling up the DagBag from /Users/jingwenxu/anaconda3/lib/python3.11/site-packages/airflow/example_dags/tutorial_taskflow_api_virtualenv.py
[2025-03-24T16:51:10.137-0700] {processor.py:925} INFO - DAG(s) 'tutorial_taskflow_api_virtualenv' retrieved from /Users/jingwenxu/anaconda3/lib/python3.11/site-packages/airflow/example_dags/tutorial_taskflow_api_virtualenv.py
[2025-03-24T16:51:10.230-0700] {logging_mixin.py:190} INFO - [2025-03-24T16:51:10.230-0700] {dag.py:3239} INFO - Sync 1 DAGs
[2025-03-24T16:51:10.234-0700] {logging_mixin.py:190} INFO - [2025-03-24T16:51:10.234-0700] {dag.py:4180} INFO - Setting next_dagrun for tutorial_taskflow_api_virtualenv to None, run_after=None
[2025-03-24T16:51:10.242-0700] {processor.py:208} INFO - Processing /Users/jingwenxu/anaconda3/lib/python3.11/site-packages/airflow/example_dags/tutorial_taskflow_api_virtualenv.py took 0.130 seconds
[2025-03-24T16:52:48.634-0700] {processor.py:186} INFO - Started process (PID=6700) to work on /Users/jingwenxu/anaconda3/lib/python3.11/site-packages/airflow/example_dags/tutorial_taskflow_api_virtualenv.py
[2025-03-24T16:52:48.635-0700] {processor.py:914} INFO - Processing file /Users/jingwenxu/anaconda3/lib/python3.11/site-packages/airflow/example_dags/tutorial_taskflow_api_virtualenv.py for tasks to queue
[2025-03-24T16:52:48.636-0700] {logging_mixin.py:190} INFO - [2025-03-24T16:52:48.636-0700] {dagbag.py:588} INFO - Filling up the DagBag from /Users/jingwenxu/anaconda3/lib/python3.11/site-packages/airflow/example_dags/tutorial_taskflow_api_virtualenv.py
[2025-03-24T16:52:48.656-0700] {processor.py:925} INFO - DAG(s) 'tutorial_taskflow_api_virtualenv' retrieved from /Users/jingwenxu/anaconda3/lib/python3.11/site-packages/airflow/example_dags/tutorial_taskflow_api_virtualenv.py
[2025-03-24T16:52:48.749-0700] {logging_mixin.py:190} INFO - [2025-03-24T16:52:48.749-0700] {dag.py:3239} INFO - Sync 1 DAGs
[2025-03-24T16:52:48.754-0700] {logging_mixin.py:190} INFO - [2025-03-24T16:52:48.754-0700] {dag.py:4180} INFO - Setting next_dagrun for tutorial_taskflow_api_virtualenv to None, run_after=None
[2025-03-24T16:52:48.762-0700] {processor.py:208} INFO - Processing /Users/jingwenxu/anaconda3/lib/python3.11/site-packages/airflow/example_dags/tutorial_taskflow_api_virtualenv.py took 0.130 seconds
